2026-01-04 22:38:02.888 [info]   Determining projects to restore...
2026-01-04 22:38:05.084 [info] /home/dcap/onedev/Creel/src/Creel.ServiceDefaults/Creel.ServiceDefaults.csproj : warning NU1510: PackageReference Microsoft.Extensions.Configuration.Abstractions will not be pruned. Consider removing this package from your dependencies, as it is likely unnecessary. [/home/dcap/onedev/Creel/Creel.slnx]
2026-01-04 22:38:05.095 [info] /home/dcap/onedev/Creel/src/Creel.Api/Creel.Api.csproj : warning NU1510: PackageReference Microsoft.AspNetCore.HttpOverrides will not be pruned. Consider removing this package from your dependencies, as it is likely unnecessary. [/home/dcap/onedev/Creel/Creel.slnx]
2026-01-04 22:38:05.101 [info]   All projects are up-to-date for restore.
2026-01-04 23:22:58.159 [info]   Determining projects to restore...
2026-01-04 23:23:00.234 [info] /home/dcap/onedev/Creel/src/Creel.ServiceDefaults/Creel.ServiceDefaults.csproj : warning NU1510: PackageReference Microsoft.Extensions.Configuration.Abstractions will not be pruned. Consider removing this package from your dependencies, as it is likely unnecessary. [/home/dcap/onedev/Creel/Creel.slnx]
/home/dcap/onedev/Creel/src/Creel.Api/Creel.Api.csproj : warning NU1510: PackageReference Microsoft.AspNetCore.HttpOverrides will not be pruned. Consider removing this package from your dependencies, as it is likely unnecessary. [/home/dcap/onedev/Creel/Creel.slnx]
2026-01-04 23:23:01.171 [info]   Restored /home/dcap/onedev/Creel/src/Creel.Api.MigrationService/Creel.Api.MigrationService.csproj (in 1.17 sec).
2026-01-04 23:23:01.179 [info]   Restored /home/dcap/onedev/Creel/src/Creel.ServiceDefaults/Creel.ServiceDefaults.csproj (in 1.17 sec).
2026-01-04 23:23:01.185 [info]   Restored /home/dcap/onedev/Creel/test/Creel.Api.Tests/Creel.Api.Tests.csproj (in 1.22 sec).
2026-01-04 23:23:01.256 [info]   Restored /home/dcap/onedev/Creel/src/Creel.Api/Creel.Api.csproj (in 1.3 sec).
2026-01-04 23:23:01.261 [info]   5 of 9 projects are up-to-date for restore.
2026-01-04 23:25:37.941 [info]   Determining projects to restore...
2026-01-04 23:25:39.804 [info] /home/dcap/onedev/Creel/src/Creel.ServiceDefaults/Creel.ServiceDefaults.csproj : warning NU1510: PackageReference Microsoft.Extensions.Configuration.Abstractions will not be pruned. Consider removing this package from your dependencies, as it is likely unnecessary. [/home/dcap/onedev/Creel/Creel.slnx]
/home/dcap/onedev/Creel/src/Creel.Api/Creel.Api.csproj : warning NU1510: PackageReference Microsoft.AspNetCore.HttpOverrides will not be pruned. Consider removing this package from your dependencies, as it is likely unnecessary. [/home/dcap/onedev/Creel/Creel.slnx]
2026-01-04 23:25:41.182 [info]   Restored /home/dcap/onedev/Creel/src/Creel.Api/Creel.Api.csproj (in 1.61 sec).
  Restored /home/dcap/onedev/Creel/test/Creel.Api.Tests/Creel.Api.Tests.csproj (in 1.62 sec).
2026-01-04 23:25:41.194 [info]   7 of 9 projects are up-to-date for restore.
2026-01-04 23:26:09.064 [info]   Determining projects to restore...
2026-01-04 23:26:10.818 [info] /home/dcap/onedev/Creel/src/Creel.ServiceDefaults/Creel.ServiceDefaults.csproj : warning NU1510: PackageReference Microsoft.Extensions.Configuration.Abstractions will not be pruned. Consider removing this package from your dependencies, as it is likely unnecessary. [/home/dcap/onedev/Creel/Creel.slnx]
2026-01-04 23:26:10.822 [info] /home/dcap/onedev/Creel/src/Creel.Api/Creel.Api.csproj : warning NU1510: PackageReference Microsoft.AspNetCore.HttpOverrides will not be pruned. Consider removing this package from your dependencies, as it is likely unnecessary. [/home/dcap/onedev/Creel/Creel.slnx]
2026-01-04 23:26:12.321 [info]   Restored /home/dcap/onedev/Creel/test/Creel.Api.Tests/Creel.Api.Tests.csproj (in 1.81 sec).
2026-01-04 23:26:12.343 [info]   Restored /home/dcap/onedev/Creel/src/Creel.Api/Creel.Api.csproj (in 1.84 sec).
2026-01-04 23:26:12.352 [info]   7 of 9 projects are up-to-date for restore.
2026-01-04 23:27:21.634 [info]   Determining projects to restore...
2026-01-04 23:27:22.903 [info] /home/dcap/onedev/Creel/src/Creel.ServiceDefaults/Creel.ServiceDefaults.csproj : warning NU1510: PackageReference Microsoft.Extensions.Configuration.Abstractions will not be pruned. Consider removing this package from your dependencies, as it is likely unnecessary. [/home/dcap/onedev/Creel/Creel.slnx]
/home/dcap/onedev/Creel/src/Creel.Api/Creel.Api.csproj : warning NU1510: PackageReference Microsoft.AspNetCore.HttpOverrides will not be pruned. Consider removing this package from your dependencies, as it is likely unnecessary. [/home/dcap/onedev/Creel/Cr
2026-01-04 23:27:22.903 [info] eel.slnx]
2026-01-04 23:27:23.629 [info]   Restored /home/dcap/onedev/Creel/test/Creel.Api.Tests/Creel.Api.Tests.csproj (in 937 ms).
2026-01-04 23:27:23.640 [info]   Restored /home/dcap/onedev/Creel/src/Creel.Api/Creel.Api.csproj (in 937 ms).
2026-01-04 23:27:23.647 [info]   7 of 9 projects are up-to-date for restore.
2026-01-04 23:28:24.868 [info]   Determining projects to restore...
2026-01-04 23:28:26.359 [info] /home/dcap/onedev/Creel/src/Creel.ServiceDefaults/Creel.ServiceDefaults.csproj : warning NU1510: PackageReference Microsoft.Extensions.Configuration.Abstractions will not be pruned. Consider removing this package from your dependencies, as it is likely unnecessary. [/home/dcap/onedev/Creel/Creel.slnx]
2026-01-04 23:28:26.359 [info] /home/dcap/onedev/Creel/src/Creel.Api/Creel.Api.csproj : warning NU1510: PackageReference Microsoft.AspNetCore.HttpOverrides will not be pruned. Consider removing this package from your dependencies, as it is likely unnecessary. [/home/dcap/onedev/Creel/Creel.slnx]
2026-01-04 23:28:27.162 [info]   Restored /home/dcap/onedev/Creel/test/Creel.Api.Tests/Creel.Api.Tests.csproj (in 976 ms).
2026-01-04 23:28:27.269 [info]   Restored /home/dcap/onedev/Creel/src/Creel.Api/Creel.Api.csproj (in 1.09 sec).
2026-01-04 23:28:27.277 [info]   7 of 9 projects are up-to-date for restore.
2026-01-04 23:28:32.170 [info]   Determining projects to restore...
2026-01-04 23:28:33.170 [info] /home/dcap/onedev/Creel/src/Creel.Api/Creel.Api.csproj : warning NU1510: PackageReference Microsoft.AspNetCore.HttpOverrides will not be pruned. Consider removing this package from your dependencies, as it is likely unnecessary. [/home/dcap/onedev/Creel/Creel.slnx]
/home/dcap/onedev/Creel/src/Creel.ServiceDefaults/Creel.ServiceDefaults.csproj : warning NU1510: PackageReference Microsoft.Extensions.Configuration.Abstractions will not be pruned. Consider removing this package from your dependencies, as it is likely unnecessary. [/home/dcap/onedev/Creel/Creel.slnx]
2026-01-04 23:28:33.723 [info]   Restored /home/dcap/onedev/Creel/test/Creel.Api.Tests/Creel.Api.Tests.csproj (in 688 ms).
2026-01-04 23:28:33.757 [info]   Restored /home/dcap/onedev/Creel/src/Creel.Api/Creel.Api.csproj (in 731 ms).
2026-01-04 23:28:33.762 [info]   7 of 9 projects are up-to-date for restore.
2026-01-06 23:26:08.222 [info]   Determining projects to restore...
2026-01-06 23:26:09.821 [info] /home/dcap/onedev/Creel/src/Creel.ServiceDefaults/Creel.ServiceDefaults.csproj : warning NU1510: PackageReference Microsoft.Extensions.Configuration.Abstractions will not be pruned. Consider removing this package from your dependencies, as it is likely unnecessary. [/home/dcap/onedev/Creel/Creel.slnx]
/home/dcap/onedev/Creel/src/Creel.Api/Creel.Api.csproj : warning NU1510: PackageReference Microsoft.AspNetCore.HttpOverrides will not be pruned. Consider removing this package from your dependencies, as it is likely unnecessary. [/home/dcap/onedev/Creel/Creel.slnx]
2026-01-06 23:26:10.665 [info]   Restored /home/dcap/onedev/Creel/test/Creel.Api.Tests/Creel.Api.Tests.csproj (in 996 ms).
2026-01-06 23:26:10.670 [info]   Restored /home/dcap/onedev/Creel/src/Creel.Api/Creel.Api.csproj (in 1000 ms).
2026-01-06 23:26:10.675 [info]   7 of 9 projects are up-to-date for restore.
2026-01-07 00:01:39.849 [info]   Determining projects to restore...
2026-01-07 00:01:40.891 [info] /home/dcap/onedev/Creel/src/Creel.Api/Creel.Api.csproj : warning NU1510: PackageReference Microsoft.AspNetCore.HttpOverrides will not be pruned. Consider removing this package from your dependencies, as it is likely unnecessary. [/home/dcap/onedev/Creel/Creel.slnx]
/home/dcap/onedev/Creel/src/Creel.ServiceDefaults/Creel.ServiceDefaults.csproj : warning NU1510: PackageReference Microsoft.Extensions.Configuration.Abstractions will not be pruned. Consider removing this package from your dependencies, as it is likely unnecessary. [/home/dcap/onedev/Creel/Creel.slnx]
2026-01-07 00:01:41.560 [info]   Restored /home/dcap/onedev/Creel/test/Creel.Api.Tests/Creel.Api.Tests.csproj (in 765 ms).
2026-01-07 00:01:41.564 [info]   8 of 9 projects are up-to-date for restore.
2026-01-07 00:02:23.824 [info]   Determining projects to restore...
2026-01-07 00:02:24.864 [info] /home/dcap/onedev/Creel/src/Creel.Api/Creel.Api.csproj : warning NU1510: PackageReference Microsoft.AspNetCore.HttpOverrides will not be pruned. Consider removing this package from your dependencies, as it is likely unnecessary. [/home/dcap/onedev/Creel/Creel.slnx]
/home/dcap/onedev/Creel/src/Creel.ServiceDefaults/Creel.ServiceDefaults.csproj : warning NU1510: PackageReference Microsoft.Extensions.Configuration.Abstractions will not be pruned. Consider removing this package from your dependencies, as it is likely unnecessary. [/home/dcap/onedev/Creel/Creel.slnx]
2026-01-07 00:02:25.549 [info]   Restored /home/dcap/onedev/Creel/test/Creel.Api.Tests/Creel.Api.Tests.csproj (in 809 ms).
2026-01-07 00:02:25.556 [info]   8 of 9 projects are up-to-date for restore.
2026-01-07 09:21:03.084 [info]   Determining projects to restore...
2026-01-07 09:21:04.167 [info] /home/dcap/onedev/Creel/src/Creel.Api/Creel.Api.csproj : warning NU1510: PackageReference Microsoft.AspNetCore.HttpOverrides will not be pruned. Consider removing this package from your dependencies, as it is likely unnecessary. [/home/dcap/onedev/Creel/Creel.slnx]
2026-01-07 09:21:04.167 [info] /home/dcap/onedev/Creel/src/Creel.ServiceDefaults/Creel.ServiceDefaults.csproj : warning NU1510: PackageReference Microsoft.Extensions.Configuration.Abstractions will not be pruned. Consider removing this package from your dependencies, as it is likely unnecessary. [/home/dcap/onedev/Creel/Creel.slnx]
2026-01-07 09:21:04.225 [info]   Restored /home/dcap/onedev/Creel/src/Creel.Services/Creel.Services.csproj (in 194 ms).
2026-01-07 09:21:04.230 [info]   9 of 10 projects are up-to-date for restore.
2026-01-07 09:21:21.468 [info]   Determining projects to restore...
2026-01-07 09:21:22.959 [info] /home/dcap/onedev/Creel/src/Creel.ServiceDefaults/Creel.ServiceDefaults.csproj : warning NU1510: PackageReference Microsoft.Extensions.Configuration.Abstractions will not be pruned. Consider removing this package from your dependencies, as it is likely unnecessary. [/home/dcap/onedev/Creel/Creel.slnx]
2026-01-07 09:21:22.959 [info] /home/dcap/onedev/Creel/src/Creel.Api/Creel.Api.csproj : warning NU1510: PackageReference Microsoft.AspNetCore.HttpOverrides will not be pruned. Consider removing this package from your dependencies, as it is likely unnecessary. [/home/dcap/onedev/Creel/Creel.slnx]
2026-01-07 09:21:23.706 [info]   Restored /home/dcap/onedev/Creel/test/Creel.Services.Tests/Creel.Services.Tests.csproj (in 975 ms).
2026-01-07 09:21:23.714 [info]   10 of 11 projects are up-to-date for restore.
2026-01-07 09:28:16.374 [info]   Determining projects to restore...
2026-01-07 09:28:17.313 [info] /home/dcap/onedev/Creel/src/Creel.ServiceDefaults/Creel.ServiceDefaults.csproj : warning NU1510: PackageReference Microsoft.Extensions.Configuration.Abstractions will not be pruned. Consider removing this package from your dependencies, as it is likely unn
2026-01-07 09:28:17.313 [info] ecessary. [/home/dcap/onedev/Creel/Creel.slnx]
2026-01-07 09:28:17.313 [info] /home/dcap/onedev/Creel/src/Creel.Api/Creel.Api.csproj : warning NU1510: PackageReference Microsoft.AspNetCore.HttpOverrides will not be pruned. Consider removing this package from your dependencies, as it is likely unnecessary. [/home/dcap/onedev/Creel/Cr
2026-01-07 09:28:17.313 [info] eel.slnx]
2026-01-07 09:28:18.010 [info]   Restored /home/dcap/onedev/Creel/src/Creel.Services/Creel.Services.csproj (in 857 ms).
2026-01-07 09:28:18.017 [info]   10 of 11 projects are up-to-date for restore.
2026-01-07 09:36:45.091 [info]   Determining projects to restore...
2026-01-07 09:36:45.134 [info] /usr/share/dotnet/sdk/10.0.100/NuGet.targets(1294,5): error MSB4006: There is a circular dependency in the target dependency graph involving target "_GenerateRestoreProjectPathWalk". [/home/dcap/onedev/Creel/src/Creel.Services/Creel.Services.csproj]
2026-01-07 14:22:53.735 [info]   Determining projects to restore...
2026-01-07 14:22:53.838 [info] /usr/share/dotnet/sdk/10.0.100/NuGet.targets(1294,5): error MSB4006: There is a circular dependency in the target dependency graph involving target "_GenerateRestoreProjectPathWalk". [/home/dcap/onedev/Creel/src/Creel.Services/Creel.Services.csproj]
2026-01-07 14:24:43.695 [info]   Determining projects to restore...
2026-01-07 14:24:44.974 [info] /home/dcap/onedev/Creel/src/Creel.ServiceDefaults/Creel.ServiceDefaults.csproj : warning NU1510: PackageReference Microsoft.Extensions.Configuration.Abstractions will not be pruned. Consider removing this package from your dependencies, as it is likely unnecessary. [/home/dcap/onedev/Creel/Creel.slnx]
/home/dcap/onedev/Creel/src/Creel.Api/Creel.Api.csproj : warning NU1510: PackageReference Microsoft.AspNetCore.HttpOverrides will not be pruned. Consider removing this package from your dependencies, as it is likely unnecessary. [/home/dcap/onedev/Creel/Creel.slnx]
2026-01-07 14:24:45.745 [info]   Restored /home/dcap/onedev/Creel/src/Creel.Services/Creel.Services.csproj (in 952 ms).
2026-01-07 14:24:45.800 [info]   Restored /home/dcap/onedev/Creel/test/Creel.Api.Tests/Creel.Api.Tests.csproj (in 1.01 sec).
2026-01-07 14:24:45.853 [info]   Restored /home/dcap/onedev/Creel/src/Creel.Api/Creel.Api.csproj (in 1.07 sec).
2026-01-07 14:24:45.861 [info]   9 of 12 projects are up-to-date for restore.
2026-01-07 14:25:31.071 [info]   Determining projects to restore...
2026-01-07 14:25:31.959 [info] /home/dcap/onedev/Creel/src/Creel.ServiceDefaults/Creel.ServiceDefaults.csproj : warning NU1510: PackageReference Microsoft.Extensions.Configuration.Abstractions will not be pruned. Consider removing this package from your dependencies, as it is likely unnecessary. [/home/dcap/onedev/Creel/Creel.slnx]
/home/dcap/onedev/Creel/src/Creel.Api/Creel.Api.csproj : warning NU1510: PackageReference Microsoft.AspNetCore.HttpOverrides will not be pruned. Consider removing this package from your dependencies, as it is likely unnecessary. [/home/dcap/onedev/Creel/Creel.slnx]
2026-01-07 14:25:32.480 [info]   Restored /home/dcap/onedev/Creel/test/Creel.Api.Tests/Creel.Api.Tests.csproj (in 586 ms).
2026-01-07 14:25:32.515 [info]   Restored /home/dcap/onedev/Creel/src/Creel.Api/Creel.Api.csproj (in 628 ms).
2026-01-07 14:25:32.518 [info]   10 of 12 projects are up-to-date for restore.
2026-01-07 14:28:28.108 [info]   Determining projects to restore...
2026-01-07 14:28:28.914 [info] /home/dcap/onedev/Creel/src/Creel.Api/Creel.Api.csproj : warning NU1510: PackageReference Microsoft.AspNetCore.HttpOverrides will not be pruned. Consider removing this package from your dependencies, as it is likely unnecessary. [/home/dcap/onedev/Creel/Creel.slnx]
/home/dcap/onedev/Creel/src/Creel.ServiceDefaults/Creel.ServiceDefaults.csproj : warning NU1510: PackageReference Microsoft.Extensions.Configuration.Abstractions will not be pruned. Consider removing this package from your dependencies, as it is likely unnecessary. [/home/dcap/onedev/Creel/Creel.slnx]
2026-01-07 14:28:29.216 [info]   Restored /home/dcap/onedev/Creel/src/Creel.Services/Creel.Services.csproj (in 449 ms).
2026-01-07 14:28:29.225 [info]   Restored /home/dcap/onedev/Creel/test/Creel.Api.Tests/Creel.Api.Tests.csproj (in 479 ms).
2026-01-07 14:28:29.251 [info]   Restored /home/dcap/onedev/Creel/src/Creel.Api/Creel.Api.csproj (in 503 ms).
2026-01-07 14:28:29.255 [info]   9 of 12 projects are up-to-date for restore.
2026-01-07 14:29:24.621 [info]   Determining projects to restore...
2026-01-07 14:29:25.283 [info] /home/dcap/onedev/Creel/src/Creel.Api/Creel.Api.csproj : warning NU1510: PackageReference Microsoft.AspNetCore.HttpOverrides will not be pruned. Consider removing this package from your dependencies, as it is likely unnecessary. [/home/dcap/onedev/Creel/Creel.slnx]
/home/dcap/onedev/Creel/src/Creel.ServiceDefaults/Creel.ServiceDefaults.csproj : warning NU1510: PackageReference Microsoft.Extensions.Configuration.Abstractions will not be pruned. Consider removing this package from your dependencies, as it is likely unnecessary. [/home/dcap/onedev/Creel/Creel.slnx]
2026-01-07 14:29:25.566 [info]   Restored /home/dcap/onedev/Creel/src/Creel.Services/Creel.Services.csproj (in 382 ms).
2026-01-07 14:29:25.594 [info]   Restored /home/dcap/onedev/Creel/test/Creel.Api.Tests/Creel.Api.Tests.csproj (in 423 ms).
2026-01-07 14:29:25.612 [info]   Restored /home/dcap/onedev/Creel/src/Creel.Api/Creel.Api.csproj (in 443 ms).
2026-01-07 14:29:25.615 [info]   9 of 12 projects are up-to-date for restore.
2026-01-07 15:24:36.237 [info]   Determining projects to restore...
2026-01-07 15:24:37.178 [info] /home/dcap/onedev/Creel/src/Creel.Api/Creel.Api.csproj : warning NU1510: PackageReference Microsoft.AspNetCore.HttpOverrides will not be pruned. Consider removing this package from your dependencies, as it is likely unnecessary. [/home/dcap/onedev/Creel/Creel.slnx]
/home/dcap/onedev/Creel/src/Creel.ServiceDefaults/Creel.ServiceDefaults.csproj : warning NU1510: PackageReference Microsoft.Extensions.Configuration.Abstractions will not be pruned. Consider removing this package from your dependencies, as it is likely unnecessary. [/home/dcap/onedev/Creel/Creel.slnx]
2026-01-07 15:24:37.520 [info]   Restored /home/dcap/onedev/Creel/src/Creel.Services/Creel.Services.csproj (in 409 ms).
2026-01-07 15:24:37.526 [info]   Restored /home/dcap/onedev/Creel/test/Creel.Api.Tests/Creel.Api.Tests.csproj (in 429 ms).
2026-01-07 15:24:37.572 [info]   Restored /home/dcap/onedev/Creel/src/Creel.Api/Creel.Api.csproj (in 484 ms).
2026-01-07 15:24:37.575 [info]   9 of 12 projects are up-to-date for restore.
2026-01-07 15:24:42.744 [info]   Determining projects to restore...
2026-01-07 15:24:43.648 [info] /home/dcap/onedev/Creel/src/Creel.Api/Creel.Api.csproj : warning NU1510: PackageReference Microsoft.AspNetCore.HttpOverrides will not be pruned. Consider removing this package from your dependencies, as it is likely unnecessary. [/home/dcap/onedev/Creel/Creel.slnx]
/home/dcap/onedev/Creel/src/Creel.ServiceDefaults/Creel.ServiceDefaults.csproj : warning NU1510: PackageReference Microsoft.Extensions.Configuration.Abstractions will not be pruned. Consider removing this package from your dependencies, as it is likely unnecessary. [/home/dcap/onedev/Creel/Creel.slnx]
2026-01-07 15:24:44.404 [info]   Restored /home/dcap/onedev/Creel/src/Creel.Services/Creel.Services.csproj (in 896 ms).
2026-01-07 15:24:44.471 [info]   Restored /home/dcap/onedev/Creel/test/Creel.Api.Tests/Creel.Api.Tests.csproj (in 985 ms).
2026-01-07 15:24:44.589 [info]   Restored /home/dcap/onedev/Creel/src/Creel.Api/Creel.Api.csproj (in 1.1 sec).
2026-01-07 15:24:44.598 [info]   9 of 12 projects are up-to-date for restore.
2026-01-07 16:46:02.113 [info]   Determining projects to restore...
2026-01-07 16:46:02.934 [info] /home/dcap/onedev/Creel/src/Creel.Api/Creel.Api.csproj : warning NU1510: PackageReference Microsoft.AspNetCore.HttpOverrides will not be pruned. Consider removing this package from your dependencies, as it is likely unnecessary. [/home/dcap/onedev/Creel/Creel.slnx]
/home/dcap/onedev/Creel/src/Creel.ServiceDefaults/Creel.ServiceDefaults.csproj : warning NU1510: PackageReference Microsoft.Extensions.Configuration.Abstractions will not be pruned. Consider removing this package from your dependencies, as it is likely unnecessary. [/home/dcap/onedev/Creel/Creel.slnx]
2026-01-07 16:46:03.171 [info]   Restored /home/dcap/onedev/Creel/test/Creel.Services.Tests/Creel.Services.Tests.csproj (in 303 ms).
2026-01-07 16:46:03.173 [info]   11 of 12 projects are up-to-date for restore.
2026-01-07 16:48:01.337 [info]   Determining projects to restore...
2026-01-07 16:48:02.166 [info] /home/dcap/onedev/Creel/src/Creel.ServiceDefaults/Creel.ServiceDefaults.csproj : warning NU1510: PackageReference Microsoft.Extensions.Configuration.Abstractions will not be pruned. Consider removing this package from your dependencies, as it is likely unnecessary. [/home/dcap/onedev/Creel/Creel.slnx]
2026-01-07 16:48:02.166 [info] /home/dcap/onedev/Creel/src/Creel.Api/Creel.Api.csproj : warning NU1510: PackageReference Microsoft.AspNetCore.HttpOverrides will not be pruned. Consider removing this package from your dependencies, as it is likely unnecessary. [/home/dcap/onedev/Creel/Creel.slnx]
2026-01-07 16:48:02.493 [info]   Restored /home/dcap/onedev/Creel/test/Creel.Services.Tests/Creel.Services.Tests.csproj (in 438 ms).
2026-01-07 16:48:02.498 [info]   11 of 12 projects are up-to-date for restore.
2026-01-07 16:48:13.455 [info]   Determining projects to restore...
2026-01-07 16:48:14.300 [info] /home/dcap/onedev/Creel/src/Creel.ServiceDefaults/Creel.ServiceDefaults.csproj : warning NU1510: PackageReference Microsoft.Extensions.Configuration.Abstractions will not be pruned. Consider removing this package from your dependencies, as it is likely unnecessary. [/home/dcap/onedev/Creel/Creel.slnx]
/home/dcap/onedev/Creel/src/Creel.Api/Creel.Api.csproj : warning NU1510: PackageReference Microsoft.AspNetCore.HttpOverrides will not be pruned. Consider removing this package from your dependencies, as it is likely unnecessary. [/home/dcap/onedev/Creel/Creel.slnx]
2026-01-07 16:48:14.739 [info]   Restored /home/dcap/onedev/Creel/test/Creel.Services.Tests/Creel.Services.Tests.csproj (in 624 ms).
2026-01-07 16:48:14.744 [info]   11 of 12 projects are up-to-date for restore.
2026-01-07 16:48:51.030 [info]   Determining projects to restore...
2026-01-07 16:48:51.832 [info] /home/dcap/onedev/Creel/src/Creel.Api/Creel.Api.csproj : warning NU1510: PackageReference Microsoft.AspNetCore.HttpOverrides will not be pruned. Consider removing this package from your dependencies, as it is likely unnecessary. [/home/dcap/onedev/Creel/Creel.slnx]
/home/dcap/onedev/Creel/src/Creel.ServiceDefaults/Creel.ServiceDefaults.csproj : warning NU1510: PackageReference Microsoft.Extensions.Configuration.Abstractions will not be pruned. Consider removing this package from your dependencies, as it is likely unnecessary. [/home/dcap/onedev/Creel/Creel.slnx]
2026-01-07 16:48:52.133 [info]   Restored /home/dcap/onedev/Creel/src/Creel.Domain/Creel.Domain.csproj (in 393 ms).
2026-01-07 16:48:52.136 [info]   Restored /home/dcap/onedev/Creel/src/Creel.Services/Creel.Services.csproj (in 394 ms).
  Restored /home/dcap/onedev/Creel/test/Creel.Services.Tests/Creel.Services.Tests.csproj (in 397 ms).
2026-01-07 16:48:52.139 [info]   Restored /home/dcap/onedev/Creel/test/Creel.Api.Tests/Creel.Api.Tests.csproj (in 399 ms).
2026-01-07 16:48:52.182 [info]   Restored /home/dcap/onedev/Creel/src/Creel.Api/Creel.Api.csproj (in 458 ms).
2026-01-07 16:48:52.184 [info]   7 of 12 projects are up-to-date for restore.
2026-01-07 19:30:07.288 [info]   Determining projects to restore...
2026-01-07 19:30:08.462 [info] /home/dcap/onedev/Creel/src/Creel.ServiceDefaults/Creel.ServiceDefaults.csproj : warning NU1510: PackageReference Microsoft.Extensions.Configuration.Abstractions will not be pruned. Consider removing this package from your dependencies, as it is likely unnecessary. [/home/dcap/onedev/Creel/Creel.slnx]
2026-01-07 19:30:08.463 [info] /home/dcap/onedev/Creel/src/Creel.Api/Creel.Api.csproj : warning NU1510: PackageReference Microsoft.AspNetCore.HttpOverrides will not be pruned. Consider removing this package from your dependencies, as it is likely unnecessary. [/home/dcap/onedev/Creel/Creel.slnx]
2026-01-07 19:30:08.466 [info]   All projects are up-to-date for restore.
2026-01-07 22:19:20.823 [info]   Determining projects to restore...
2026-01-07 22:19:22.048 [info] /home/dcap/onedev/Creel/src/Creel.ServiceDefaults/Creel.ServiceDefaults.csproj : warning NU1510: PackageReference Microsoft.Extensions.Configuration.Abstractions will not be pruned. Consider removing this package from your dependencies, as it is likely unnecessary. [/home/dcap/onedev/Creel/Creel.slnx]
2026-01-07 22:19:22.049 [info] /home/dcap/onedev/Creel/src/Creel.Api/Creel.Api.csproj : warning NU1510: PackageReference Microsoft.AspNetCore.HttpOverrides will not be pruned. Consider removing this package from your dependencies, as it is likely unnecessary. [/home/dcap/onedev/Creel/Creel.slnx]
2026-01-07 22:19:22.054 [info]   All projects are up-to-date for restore.
2026-01-07 22:50:47.039 [info]   Determining projects to restore...
2026-01-07 22:50:48.281 [info] /home/dcap/onedev/Creel/src/Creel.ServiceDefaults/Creel.ServiceDefaults.csproj : warning NU1510: PackageReference Microsoft.Extensions.Configuration.Abstractions will not be pruned. Consider removing this package from your dependencies, as it is likely unnecessary. [/home/dcap/onedev/Creel/Creel.slnx]
/home/dcap/onedev/Creel/src/Creel.Api/Creel.Api.csproj : warning NU1510: PackageReference Microsoft.AspNetCore.HttpOverrides will not be pruned. Consider removing this package from your dependencies, as it is likely unnecessary. [/home/dcap/onedev/Creel/Creel.slnx]
2026-01-07 22:50:48.819 [info]   Restored /home/dcap/onedev/Creel/test/Creel.Api.Tests/Creel.Api.Tests.csproj (in 676 ms).
2026-01-07 22:50:48.861 [info]   Restored /home/dcap/onedev/Creel/src/Creel.Api/Creel.Api.csproj (in 723 ms).
2026-01-07 22:50:48.865 [info]   9 of 11 projects are up-to-date for restore.
2026-01-07 22:50:52.049 [info]   Determining projects to restore...
2026-01-07 22:50:52.936 [info] /home/dcap/onedev/Creel/src/Creel.ServiceDefaults/Creel.ServiceDefaults.csproj : warning NU1510: PackageReference Microsoft.Extensions.Configuration.Abstractions will not be pruned. Consider removing this package from your dependencies, as it is likely unnecessary. [/home/dcap/onedev/Creel/Creel.slnx]
/home/dcap/onedev/Creel/src/Creel.Api/Creel.Api.csproj : warning NU1510: PackageReference Microsoft.AspNetCore.HttpOverrides will not be pruned. Consider removing this package from your dependencies, as it is likely unnecessary. [/home/dcap/onedev/Creel/Creel.slnx]
2026-01-07 22:50:53.568 [info]   Restored /home/dcap/onedev/Creel/test/Creel.Api.Tests/Creel.Api.Tests.csproj (in 743 ms).
2026-01-07 22:50:53.575 [info]   Restored /home/dcap/onedev/Creel/src/Creel.Api/Creel.Api.csproj (in 769 ms).
2026-01-07 22:50:53.579 [info]   9 of 11 projects are up-to-date for restore.
2026-01-08 22:54:35.706 [info]   Determining projects to restore...
2026-01-08 22:54:42.887 [info]   Restored /home/dcap/onedev/Creel/src/Creel.ServiceDefaults/Creel.ServiceDefaults.csproj (in 3.69 sec).
  Restored /home/dcap/onedev/Creel/src/Creel.Api.MigrationService/Creel.Api.MigrationService.csproj (in 3.69 sec).
2026-01-08 22:54:42.929 [info]   Restored /home/dcap/onedev/Creel/src/Creel.Api/Creel.Api.csproj (in 3.8 sec).
2026-01-08 22:54:43.019 [info]   Restored /home/dcap/onedev/Creel/test/Creel.Api.Tests/Creel.Api.Tests.csproj (in 3.7 sec).
2026-01-08 22:54:43.023 [info]   7 of 11 projects are up-to-date for restore.
2026-01-09 22:19:23.580 [info]   Determining projects to restore...
2026-01-09 22:19:25.762 [info]   Restored /home/dcap/onedev/Creel/src/Creel.Application/Creel.Application.csproj (in 860 ms).
2026-01-09 22:19:26.463 [info]   Restored /home/dcap/onedev/Creel/test/Creel.Api.Tests/Creel.Api.Tests.csproj (in 1.61 sec).
2026-01-09 22:19:26.494 [info]   Restored /home/dcap/onedev/Creel/src/Creel.Api/Creel.Api.csproj (in 1.64 sec).
2026-01-09 22:19:26.497 [info]   8 of 11 projects are up-to-date for restore.
2026-01-09 23:24:40.075 [info]   Determining projects to restore...
2026-01-09 23:24:42.984 [info] /home/dcap/onedev/Creel/src/Creel.ServiceDefaults/Creel.ServiceDefaults.csproj : warning NU1510: PackageReference Microsoft.Extensions.Configuration.Abstractions will not be pruned. Consider removing this package from your dependencies, as it is likely unnecessary. [/home/dcap/onedev/Creel/Creel.slnx]
/home/dcap/onedev/Creel/src/Creel.Api/Creel.Api.csproj : warning NU1510: PackageReference Microsoft.AspNetCore.HttpOverrides will not be pruned. Consider removing this package from your dependencies, as it is likely unnecessary. [/home/dcap/onedev/Creel/Creel.slnx]
2026-01-09 23:24:43.550 [info]   Restored /home/dcap/onedev/Creel/src/Creel.Application/Creel.Application.csproj (in 781 ms).
2026-01-09 23:24:44.563 [info]   Restored /home/dcap/onedev/Creel/src/Creel.Api.MigrationService/Creel.Api.MigrationService.csproj (in 1.83 sec).
2026-01-09 23:24:44.593 [info]   Restored /home/dcap/onedev/Creel/test/Creel.Api.Tests/Creel.Api.Tests.csproj (in 1.86 sec).
2026-01-09 23:24:44.614 [info]   Restored /home/dcap/onedev/Creel/src/Creel.ServiceDefaults/Creel.ServiceDefaults.csproj (in 1.81 sec).
2026-01-09 23:24:44.628 [info]   Restored /home/dcap/onedev/Creel/src/Creel.Api/Creel.Api.csproj (in 1.91 sec).
2026-01-09 23:24:44.636 [info]   6 of 11 projects are up-to-date for restore.
2026-01-09 23:24:46.063 [info]   Determining projects to restore...
2026-01-09 23:24:49.127 [info]   Restored /home/dcap/onedev/Creel/src/Creel.ServiceDefaults/Creel.ServiceDefaults.csproj (in 1.53 sec).
2026-01-09 23:24:49.195 [info]   Restored /home/dcap/onedev/Creel/src/Creel.Api.MigrationService/Creel.Api.MigrationService.csproj (in 1.65 sec).
2026-01-09 23:24:49.258 [info]   Restored /home/dcap/onedev/Creel/test/Creel.Api.Tests/Creel.Api.Tests.csproj (in 1.72 sec).
2026-01-09 23:24:49.480 [info]   Restored /home/dcap/onedev/Creel/src/Creel.Api/Creel.Api.csproj (in 2.01 sec).
2026-01-09 23:24:49.494 [info]   7 of 11 projects are up-to-date for restore.
2026-01-10 09:40:56.985 [info]   Determining projects to restore...
2026-01-10 09:40:58.631 [info]   Restored /home/dcap/onedev/Creel/test/Creel.Api.Tests/Creel.Api.Tests.csproj (in 633 ms).
2026-01-10 09:40:58.635 [info]   10 of 11 projects are up-to-date for restore.
2026-01-10 13:23:22.143 [info]   Determining projects to restore...
2026-01-10 13:23:23.432 [info]   Restored /home/dcap/onedev/Creel/src/Creel.Database/Creel.Database.csproj (in 480 ms).
2026-01-10 13:23:23.432 [info]   Restored /home/dcap/onedev/Creel/src/Creel.ServiceDefaults/Creel.ServiceDefaults.csproj (in 480 ms).
2026-01-10 13:23:23.433 [info]   Restored /home/dcap/onedev/Creel/src/Creel.Api.MigrationService/Creel.Api.MigrationService.csproj (in 480 ms).
2026-01-10 13:23:23.438 [info]   Restored /home/dcap/onedev/Creel/test/Creel.Api.Tests/Creel.Api.Tests.csproj (in 496 ms).
2026-01-10 13:23:23.502 [info]   Restored /home/dcap/onedev/Creel/src/Creel.Api/Creel.Api.csproj (in 567 ms).
2026-01-10 13:23:23.506 [info]   6 of 11 projects are up-to-date for restore.
2026-01-10 13:24:11.838 [info]   Determining projects to restore...
2026-01-10 13:24:13.351 [info]   Restored /home/dcap/onedev/Creel/src/Creel.Database/Creel.Database.csproj (in 767 ms).
2026-01-10 13:24:13.364 [info]   Restored /home/dcap/onedev/Creel/src/Creel.ServiceDefaults/Creel.ServiceDefaults.csproj (in 765 ms).
2026-01-10 13:24:13.369 [info]   Restored /home/dcap/onedev/Creel/src/Creel.Api.MigrationService/Creel.Api.MigrationService.csproj (in 773 ms).
2026-01-10 13:24:13.373 [info]   Restored /home/dcap/onedev/Creel/test/Creel.Api.Tests/Creel.Api.Tests.csproj (in 800 ms).
2026-01-10 13:24:13.423 [info]   Restored /home/dcap/onedev/Creel/src/Creel.Api/Creel.Api.csproj (in 885 ms).
2026-01-10 13:24:13.426 [info]   6 of 11 projects are up-to-date for restore.
2026-01-10 13:24:33.018 [info]   Determining projects to restore...
2026-01-10 13:24:35.732 [info]   Restored /home/dcap/onedev/Creel/src/Creel.Database/Creel.Database.csproj (in 1.84 sec).
  Restored /home/dcap/onedev/Creel/src/Creel.ServiceDefaults/Creel.ServiceDefaults.csproj (in 1.84 sec).
2026-01-10 13:24:35.746 [info]   Restored /home/dcap/onedev/Creel/src/Creel.Api.MigrationService/Creel.Api.MigrationService.csproj (in 1.88 sec).
2026-01-10 13:24:35.757 [info]   Restored /home/dcap/onedev/Creel/src/Creel.Api/Creel.Api.csproj (in 1.97 sec).
2026-01-10 13:24:35.770 [info]   Restored /home/dcap/onedev/Creel/test/Creel.Api.Tests/Creel.Api.Tests.csproj (in 1.95 sec).
2026-01-10 13:24:35.780 [info]   6 of 11 projects are up-to-date for restore.
