01/15/2026 22:05:30 Central European Standard Time : Information : Local timezone is (UTC+01:00) Central European Time (Stockholm)
01/15/2026 22:05:30 Central European Standard Time : Information : Service Hub .NET service module host started. Host id: dotnet.aspireServer$C94B8CFE-E3FD-4BAF-A941-2866DBB566FE. Controller pipe: net.pipe://4289743079. PID: 523563
01/15/2026 22:05:30 Central European Standard Time : Information : hubHostClr read: Content-Length: 116

{"jsonrpc":"2.0","id":2,"method":"InitializeHostAsync","params":[{"HostsRootDirectory":".","AppConfigFallback":""}]}
01/15/2026 22:05:30 Central European Standard Time : Information : hubHostClr write: Content-Length: 92

{"jsonrpc":"2.0","id":2,"result":"dotnet.aspireServer$C94B8CFE-E3FD-4BAF-A941-2866DBB566FE"}
01/15/2026 22:05:30 Central European Standard Time : Information : hubHostClr read: Content-Length: 872

{"jsonrpc":"2.0","id":3,"method":"StartServiceAsync","params":[{"name":"Microsoft.VisualStudio.AspireServer","host":"dotnet.aspireServer","hostId":"C94B8CFE-E3FD-4BAF-A941-2866DBB566FE","serviceBaseDirectory":"/home/dcap/.vscode/extensions/ms-dotnettools.csdevkit-1.90.2-linux-x64/components/WebTools/node_modules/@microsoft/vscode.webtools/Services","entryPoint":{"assemblyPath":"/home/dcap/.vscode/extensions/ms-dotnettools.csdevkit-1.90.2-linux-x64/components/WebTools/node_modules/@microsoft/vscode.webtools/Services/Microsoft.WebTools.AspireServer.dll","fullClassName":"Microsoft.WebTools.AspireServer.ServiceFactory"}},{"ActivationArguments":{"__servicehub__ServiceHubRemoteServiceBrokerPipeName":"/home/dcap/.ServiceHub/3b830276bf/6044fea007","__servicehub__RequestedServiceVersion":"1.0"},"ClientCredentials":{},"ClientCulture":"en-US","ClientUICulture":"en-US"}]}
01/15/2026 22:05:30 Central European Standard Time : Information : CLR host received start request for service 'Microsoft.VisualStudio.AspireServer'
01/15/2026 22:05:30 Central European Standard Time : Information : Loading service module assembly '/home/dcap/.vscode/extensions/ms-dotnettools.csdevkit-1.90.2-linux-x64/components/WebTools/node_modules/@microsoft/vscode.webtools/Services/Microsoft.WebTools.AspireServer.dll' from '/home/dcap/.vscode/extensions/ms-dotnettools.csdevkit-1.90.2-linux-x64/components/WebTools/node_modules/@microsoft/vscode.webtools/Services'
01/15/2026 22:05:30 Central European Standard Time : Information : Starting service module 'Microsoft.VisualStudio.AspireServer'. Class: Microsoft.WebTools.AspireServer.ServiceFactory, Supported Version: 
01/15/2026 22:05:30 Central European Standard Time : Information : Started service 'Microsoft.VisualStudio.AspireServer'. Pipe name: /home/dcap/.ServiceHub/3b830276bf/62c39f560e, Supported Version: 
01/15/2026 22:05:30 Central European Standard Time : Information : hubHostClr write: Content-Length: 80

{"jsonrpc":"2.0","id":3,"result":"/home/dcap/.ServiceHub/3b830276bf/62c39f560e"}
01/15/2026 22:05:30 Central European Standard Time : Information : A new client connected to CLR service module 'Microsoft.VisualStudio.AspireServer'
01/15/2026 22:05:30 Central European Standard Time : Information : hubHostClr write: Content-Length: 123

{"jsonrpc":"2.0","method":"HostServicesStartedAsync","params":["dotnet.aspireServer$C94B8CFE-E3FD-4BAF-A941-2866DBB566FE"]}
01/15/2026 22:05:30 Central European Standard Time : Information : Found FactoryVersion=Version2 for service : Microsoft.VisualStudio.AspireServer.
01/15/2026 22:05:30 Central European Standard Time : Information : Service 'Microsoft.WebTools.AspireServer.ServiceFactory' implements IServiceHubServiceFactory. Creating factory instance and caching it.
01/15/2026 22:05:30 Central European Standard Time : Information : Creating service Microsoft.WebTools.AspireServer.ServiceFactory from factory with FactoryVersion=Version2 and ClientRequestedVersion=1.0.
01/15/2026 22:05:30 Central European Standard Time : Information : Setting up RPC connection for service 'Microsoft.WebTools.AspireServer.ServiceFactory' from factory
01/15/2026 22:05:31 Central European Standard Time : Information : Completed RPC connection setup for service 'Microsoft.WebTools.AspireServer.ServiceFactory' from factory
