01/10/2026 13:32:57 Central European Standard Time : Information : Local timezone is (UTC+01:00) Central European Time (Stockholm)
01/10/2026 13:32:57 Central European Standard Time : Information : VsHubClient-hubController write: Content-Length: 110

{"jsonrpc":"2.0","id":2,"method":"UpdateClientInfoAsync","params":[{"clientName":"VsHubClient","pid":428934}]}
01/10/2026 13:32:57 Central European Standard Time : Information : VsHubClient-hubController read: Content-Length: 505

{"jsonrpc":"2.0","id":2,"result":{"ClientWatchServerName":"net.pipe://4289744A73","ControllerConfig":{"Executable":"/home/dcap/.vscode/extensions/ms-dotnettools.csdevkit-1.90.2-linux-x64/components/vs-green-server/platforms/linux-x64/node_modules/@microsoft/visualstudio-controller.linux-x64/Microsoft.VisualStudio.Code.ServiceController","Args":["3b830276bf"],"PipeName":"3b830276bf"},"HostsConfig":{"AggressiveProcessConsolidation":false,"ServiceHostRedirects":{},"RootDir":".","AppConfigFallback":""}}}
01/10/2026 13:32:57 Central European Standard Time : Information : Connected to Hub Controller's client watch 'net.pipe://4289744A73
01/10/2026 13:32:58 Central European Standard Time : Information : VsHubClient-hubController write: Content-Length: 110

{"jsonrpc":"2.0","id":2,"method":"UpdateClientInfoAsync","params":[{"clientName":"VsHubClient","pid":428934}]}
01/10/2026 13:32:58 Central European Standard Time : Information : VsHubClient-hubController read: Content-Length: 505

{"jsonrpc":"2.0","id":2,"result":{"ClientWatchServerName":"net.pipe://4289744A73","ControllerConfig":{"Executable":"/home/dcap/.vscode/extensions/ms-dotnettools.csdevkit-1.90.2-linux-x64/components/vs-green-server/platforms/linux-x64/node_modules/@microsoft/visualstudio-controller.linux-x64/Microsoft.VisualStudio.Code.ServiceController","Args":["3b830276bf"],"PipeName":"3b830276bf"},"HostsConfig":{"AggressiveProcessConsolidation":false,"ServiceHostRedirects":{},"RootDir":".","AppConfigFallback":""}}}
01/10/2026 13:32:58 Central European Standard Time : Information : VsHubClient-hubController write: Content-Length: 11126


01/10/2026 13:32:58 Central European Standard Time : Information : VsHubClient-hubController write: {"jsonrpc":"2.0","id":3,"method":"RegisterServicesAsync","params":[{"Microsoft.VisualStudio.CpsProjectIconSourceService":{"host":"dotnet.projectSystem","hostId":"C94B8CFE-E3FD-4BAF-A941-2866DBB566FE","serviceBaseDirectory":"/home/dcap/.vscode/extensions/ms-dotnettools.csdevkit-1.90.2-linux-x64/components/CPS/platforms/linux-x64/node_modules/@microsoft/visualstudio-projectsystem-server.linux-x64","entryPoint":{"assemblyPath":"/home/dcap/.vscode/extensions/ms-dotnettools.csdevkit-1.90.2-linux-x64/components/CPS/platforms/linux-x64/node_modules/@microsoft/visualstudio-projectsystem-server.linux-x64/Microsoft.VisualStudio.ProjectSystem.Server.Implementation.dll","fullClassName":"Microsoft.VisualStudio.ProjectSystem.Server.ProjectIconSourceServiceFactory"}},"Microsoft.VisualStudio.LaunchConfigurationService":{"host":"dotnet.projectSystem","hostId":"C94B8CFE-E3FD-4BAF-A941-2866DBB566FE","serviceBaseDirectory":"/home/dcap/.vscode/extensions/ms-dotnettools.csdevkit-1.90.2-linux-x64/components/CPS/platforms/linux-x64/node_modules/@microsoft/visualstudio-projectsystem-server.linux-x64","entryPoint":{"assemblyPath":"/home/dcap/.vscode/extensions/ms-dotnettools.csdevkit-1.90.2-linux-x64/components/CPS/platforms/linux-x64/node_modules/@microsoft/visualstudio-projectsystem-server.linux-x64/Microsoft.VisualStudio.ProjectSystem.Server.Implementation.dll","fullClassName":"Microsoft.VisualStudio.ProjectSystem.Server.LaunchConfigurationServiceFactory"}},"Microsoft.VisualStudio.ProjectSystem.CompositionService":{"host":"dotnet.projectSystem","hostId":"C94B8CFE-E3FD-4BAF-A941-2866DBB566FE","serviceBaseDirectory":"/home/dcap/.vscode/extensions/ms-dotnettools.csdevkit-1.90.2-linux-x64/components/CPS/platforms/linux-x64/node_modules/@microsoft/visualstudio-projectsystem-server.linux-x64","entryPoint":{"assemblyPath":"/home/dcap/.vscode/extensions/ms-dotnettools.csdevkit-1.90.2-linux-x64/components/CPS/platforms/linux-x64/node_modules/@microsoft/visualstudio-projectsystem-server.linux-x64/Microsoft.VisualStudio.ProjectSystem.Server.Implementation.dll","fullClassName":"Microsoft.VisualStudio.ProjectSystem.Server.CompositionServiceFactory"}},"Microsoft.VisualStudio.ProjectSystem.ProjectInitializationStatusService":{"host":"dotnet.projectSystem","hostId":"C94B8CFE-E3FD-4BAF-A941-2866DBB566FE","serviceBaseDirectory":"/home/dcap/.vscode/extensions/ms-dotnettools.csdevkit-1.90.2-linux-x64/components/CPS/platforms/linux-x64/node_modules/@microsoft/visualstudio-projectsystem-server.linux-x64","entryPoint":{"assemblyPath":"/home/dcap/.vscode/extensions/ms-dotnettools.csdevkit-1.90.2-linux-x64/components/CPS/platforms/linux-x64/node_modules/@microsoft/visualstudio-projectsystem-server.linux-x64/Microsoft.VisualStudio.ProjectSystem.Server.Implementation.dll","fullClassName":"Microsoft.VisualStudio.ProjectSystem.Server.ProjectInitializationStatusServiceFactory"}},"Microsoft.VisualStudio.ProjectSystem.ProjectTreeProvider":{"host":"dotnet.projectSystem","hostId":"C94B8CFE-E3FD-4BAF-A941-2866DBB566FE","serviceBaseDirectory":"/home/dcap/.vscode/extensions/ms-dotnettools.csdevkit-1.90.2-linux-x64/components/CPS/platforms/linux-x64/node_modules/@microsoft/visualstudio-projectsystem-server.linux-x64","entryPoint":{"assemblyPath":"/home/dcap/.vscode/extensions/ms-dotnettools.csdevkit-1.90.2-linux-x64/components/CPS/platforms/linux-x64/node_modules/@microsoft/visualstudio-projectsystem-server.linux-x64/Microsoft.VisualStudio.ProjectSystem.Server.Implementation.dll","fullClassName":"Microsoft.VisualStudio.ProjectSystem.Server.ProjectTreeProviderFactory"}},"Microsoft.VisualStudio.ProjectSystem.Query.Remoting.QueryExecutionService":{"host":"dotnet.projectSystem","hostId":"C94B8CFE-E3FD-4BAF-A941-2866DBB566FE","serviceBaseDirectory":"/home/dcap/.vscode/extensions/ms-dotnettools.csdevkit-1.90.2-linux-x64/components/CPS/platforms/linux-x64/node_modules/@microsoft/visualstudio-projectsystem-server.linux-x64","entryPoint":{"assemblyPath":"/home/dcap/.vscode/extensions/ms-dotnettools.csdevkit-1.90.2-linux-x64/components/CPS/platforms/linux-x64/node_modules/@microsoft/visualstudio-projectsystem-server.linux-x64/Microsoft.VisualStudio.ProjectSystem.Server.Implementation.dll","fullClassName":"Microsoft.VisualStudio.ProjectSystem.Server.QueryExecutionServiceFactory"}},"Microsoft.VisualStudio.TestWindow.VSCode.ProjectSystemProvider.Service":{"host":"dotnet","hostId":"C94B8CFE-E3FD-4BAF-A941-2866DBB566FE","serviceBaseDirectory":"/home/dcap/.vscode/extensions/ms-dotnettools.csdevkit-1.90.2-linux-x64/components/VSUnitTesting/platforms/linux-x64/node_modules/@microsoft/visualstudio-testwindow-vscode-service.linux-x64","entryPoint":{"assemblyPath":"/home/dcap/.vscode/extensions/ms-dotnettools.csdevkit-1.90.2-linux-x64/components/VSUnitTesting/platforms/linux-x64/node_modules/@microsoft/visualstudio-testwindow-vscode-service.linux-x64/Microsoft.VisualStudio.TestWindow.VSCode.Service.dll","fullClassName":"Microsoft.VisualStudio.TestWindow.VSCode.ProjectSystemProvider.Service.ProjectSystemProviderServiceFactory"}},"Microsoft.VisualStudio.TestWindow.VSCode.Service":{"host":"dotnet","hostId":"C94B8CFE-E3FD-4BAF-A941-2866DBB566FE","serviceBaseDirectory":"/home/dcap/.vscode/extensions/ms-dotnettools.csdevkit-1.90.2-linux-x64/components/VSUnitTesting/platforms/linux-x64/node_modules/@microsoft/visualstudio-testwindow-vscode-service.linux-x64","entryPoint":{"assemblyPath":"/home/dcap/.vscode/extensions/ms-dotnettools.csdevkit-1.90.2-linux-x64/components/VSUnitTesting/platforms/linux-x64/node_modules/@microsoft/visualstudio-testwindow-vscode-service.linux-x64/Microsoft.VisualStudio.TestWindow.VSCode.Service.dll","fullClassName":"Microsoft.VisualStudio.TestWindow.VSCode.Service.TestWindowVSCodeServiceFactory"}},"Microsoft.VisualStudio.AspireRunSettingService":{"host":"dotnet.projectSystem","hostId":"C94B8CFE-E3FD-4BAF-A941-2866DBB566FE","serviceBaseDirectory":"/home/dcap/.vscode/extensions/ms-dotnettools.csdevkit-1.90.2-linux-x64/components/WebTools/node_modules/@microsoft/vscode.webtools/Services","entryPoint":{"assemblyPath":"/home/dcap/.vscode/extensions/ms-dotnettools.csdevkit-1.90.2-linux-x64/components/WebTools/node_modules/@microsoft/vscode.webtools/Services/Microsoft.WebTools.Aspire.VSCode.Services.dll","fullClassName":"Microsoft.WebTools.Aspire.VSCode.Services.AspireRunSettingServiceFactory"},"friendServices":["Microsoft.VisualStudio.ProjectSystem.CompositionService"]},"Microsoft.VisualStudio.AspireServer":{"host":"dotnet.aspireServer","hostId":"C94B8CFE-E3FD-4BAF-A941-2866DBB566FE","serviceBaseDirectory":"/home/dcap/.vscode/extensions/ms-dotnettools.csdevkit-1.90.2-linux-x64/components/WebTools/node_modules/@microsoft/vscode.webtools/Services","entryPoint":{"assemblyPath":"/home/dcap/.vscode/extensions/ms-dotnettools.csdevkit-1.90.2-linux-x64/components/WebTools/node_modules/@microsoft/vscode.webtools/Services/Microsoft.WebTools.AspireServer.dll","fullClassName":"Microsoft.WebTools.AspireServer.ServiceFactory"}},"Microsoft.VisualStudio.AspireService":{"host":"dotnet.projectSystem","hostId":"C94B8CFE-E3FD-4BAF-A941-2866DBB566FE","serviceBaseDirectory":"/home/dcap/.vscode/extensions/ms-dotnettools.csdevkit-1.90.2-linux-x64/components/WebTools/node_modules/@microsoft/vscode.webtools/Services","entryPoint":{"assemblyPath":"/home/dcap/.vscode/extensions/ms-dotnettools.csdevkit-1.90.2-linux-x64/components/WebTools/node_modules/@microsoft/vscode.webtools/Services/Microsoft.WebTools.Aspire.VSCode.Services.dll","fullClassName":"Microsoft.WebTools.Aspire.VSCode.Services.AspireServiceFactory"},"friendServices":["Microsoft.VisualStudio.ProjectSystem.CompositionService"]},"Microsoft.VisualStudio.Debugger.AspireService":{"host":"dotnet.projectSystem","hostId":"C94B8CFE-E3FD-4BAF-A941-2866DBB566FE","serviceBaseDirectory":"/home/dcap/.vscode/extensions/ms-dotnettools.csdevkit-1.90.2-linux-x64/components/WebTools/node_modules/@microsoft/vscode.webtools/Services","entryPoint":{"assemblyPath":"/home/dcap/.vscode/extensions/ms-dotnettools.csdevkit-1.90.2-linux-x64/components/WebTools/node_modules/@microsoft/vscode.webtools/Services/Microsoft.WebTools.Aspire.VSCode.Services.dll","fullClassName":"Microsoft.WebTools.Aspire.VSCode.Services.AspireDebugServiceFactory"},"friendServices":["Microsoft.VisualStudio.ProjectSystem.CompositionService"]},"Microsoft.VisualStudio.WebTools.CssVisualDiagnosticsService":{"host":"dotnet.projectSystem","hostId":"C94B8CFE-E3FD-4BAF-A941-2866DBB566FE","serviceBaseDirectory":"/home/dcap/.vscode/extensions/ms-dotnettools.csdevkit-1.90.2-linux-x64/components/WebTools/node_modules/@microsoft/vscode.webtools","entryPoint":{"assemblyPath":"/home/dcap/.vscode/extensions/ms-dotnettools.csdevkit-1.90.2-linux-x64/components/WebTools/node_modules/@microsoft/vscode.webtools/Microsoft.WebTools.ProjectSystem.VSCode.dll","fullClassName":"Microsoft.WebTools.ProjectSystem.VSCode.VisualDiagnostics.CssVisualDiagnosticsFactory"},"friendServices":["Microsoft.VisualStudio.ProjectSystem.CompositionService"]},"Microsoft.VisualStudio.ProjectSystem.DebugTargetFrameworkService":{"host":"dotnet.projectSystem","hostId":"C94B8CFE-E3FD-4BAF-A941-2866DBB566FE","serviceBaseDirectory":"/home/dcap/.vscode/extensions/ms-dotnettools.csdevkit-1.90.2-linux-x64/components/dnpsv/platforms/linux-x64/node_modules/@microsoft/vscode.projectsystem.managed.linux-x64/Services","entryPoint":{"assemblyPath":"/home/dcap/.vscode/extensions/ms-dotnettools.csdevkit-1.90.2-linux-x64/components/dnpsv/platforms/linux-x64/node_modules/@microsoft/vscode.projectsystem.managed.linux-x64/Services/Microsoft.ProjectSystem.Managed.VSCode.Services.dll","fullClassName":"Microsoft.VisualStudio.ProjectSystem.Services.DebugTargetFrameworkServiceFactory"},"friendServices":["Microsoft.VisualStudio.ProjectSystem.CompositionService"]},"Microsoft.VisualStudio.ProjectQueryTestService":{"host":"dotnet","hostId":"C94B8CFE-E3FD-4BAF-A941-2866DBB566FE","serviceBaseDirectory":"/home/dcap/.vscode/extensions/ms-dotnettools.csdevkit-1.90.2-linux-x64/components/vs-green-server/platforms/linux-x64/node_modules/@microsoft/visualstudio-server-samples-sayhello.linux-x64","entryPoint":{"assemblyPath":"/home/dcap/.vscode/extensions/ms-dotnettools.csdevkit-1.90.2-linux-x64/components/vs-green-server/platforms/linux-x64/node_modules/@microsoft/visualstudio-server-samples-sayhello.linux-x64/Microsoft.VisualStudio.Samples.SayHello.dll","fullClassName":"Microsoft.VisualStudio.Samples.SayHello.ProjectQueryTestServiceFactory"}},"helloServiceHubDotNetHost":{"host":"dotnet","hostId":"C94B8CFE-E3FD-4BAF-A941-2866DBB566FE","serviceBaseDirectory":"/home/dcap/.vscode/extensions/ms-dotnettools.csdevkit-1.90.2-linux-x64/components/vs-green-server/platforms/linux-x64/node_modules/@microsoft/visualstudio-server-samples-sayhello.linux-x64","entryPoint":{"assemblyPath":"/home/dcap/.vscode/extensions/ms-dotnettools.csdevkit-1.90.2-linux-x64/components/vs-green-server/platforms/linux-x64/node_modules/@microsoft/visualstudio-server-samples-sayhello.linux-x64/Microsoft.VisualStudio.Samples.SayHello.dll","fullClassName":"Microsoft.VisualStudio.Samples.SayHello.HelloWorldFactory"}}}]}
01/10/2026 13:32:58 Central European Standard Time : Information : VsHubClient-hubController read: Content-Length: 38

{"jsonrpc":"2.0","id":3,"result":null}
01/10/2026 13:32:58 Central European Standard Time : Information : VsHubClient-hubController write: Content-Length: 352

{"jsonrpc":"2.0","id":3,"method":"requestServiceChannel","params":[{"Name":"Microsoft.VisualStudio.ProjectSystem.ProjectTreeProvider","Version":"0.1"},{"ActivationArguments":{"__servicehub__ServiceHubRemoteServiceBrokerPipeName":"/home/dcap/.ServiceHub/3b830276bf/9a5223e052"},"ClientCredentials":{},"ClientCulture":"en-US","ClientUICulture":"en-US"}]}
01/10/2026 13:32:58 Central European Standard Time : Information : VsHubClient-hubController write: Content-Length: 344

{"jsonrpc":"2.0","id":4,"method":"requestServiceChannel","params":[{"Name":"Microsoft.VisualStudio.TestWindow.VSCode.Service","Version":"0.1"},{"ActivationArguments":{"__servicehub__ServiceHubRemoteServiceBrokerPipeName":"/home/dcap/.ServiceHub/3b830276bf/501196ed07"},"ClientCredentials":{},"ClientCulture":"en-US","ClientUICulture":"en-US"}]}
01/10/2026 13:32:58 Central European Standard Time : Information : VsHubClient-hubController write: Content-Length: 329

{"jsonrpc":"2.0","id":5,"method":"requestServiceChannel","params":[{"Name":"Microsoft.VisualStudio.LaunchConfigurationService"},{"ActivationArguments":{"__servicehub__ServiceHubRemoteServiceBrokerPipeName":"/home/dcap/.ServiceHub/3b830276bf/c42262acaa"},"ClientCredentials":{},"ClientCulture":"en-US","ClientUICulture":"en-US"}]}
01/10/2026 13:32:58 Central European Standard Time : Information : VsHubClient-hubController write: Content-Length: 367

{"jsonrpc":"2.0","id":6,"method":"requestServiceChannel","params":[{"Name":"Microsoft.VisualStudio.ProjectSystem.ProjectInitializationStatusService","Version":"0.1"},{"ActivationArguments":{"__servicehub__ServiceHubRemoteServiceBrokerPipeName":"/home/dcap/.ServiceHub/3b830276bf/9be47bfede"},"ClientCredentials":{},"ClientCulture":"en-US","ClientUICulture":"en-US"}]}
01/10/2026 13:32:59 Central European Standard Time : Information : VsHubClient-hubController write: Content-Length: 367

{"jsonrpc":"2.0","id":7,"method":"requestServiceChannel","params":[{"Name":"Microsoft.VisualStudio.ProjectSystem.ProjectInitializationStatusService","Version":"0.1"},{"ActivationArguments":{"__servicehub__ServiceHubRemoteServiceBrokerPipeName":"/home/dcap/.ServiceHub/3b830276bf/e247a49503"},"ClientCredentials":{},"ClientCulture":"en-US","ClientUICulture":"en-US"}]}
01/10/2026 13:33:09 Central European Standard Time : Information : VsHubClient-hubController read: Content-Length: 160

{"jsonrpc":"2.0","id":6,"result":{"RequestId":"20e920bd-a290-485e-bf3c-ef47fafcab41","PipeName":"/home/dcap/.ServiceHub/3b830276bf/d5c386adb8","IsEmpty":false}}
01/10/2026 13:33:09 Central European Standard Time : Information : VsHubClient-hubController read: Content-Length: 160

{"jsonrpc":"2.0","id":3,"result":{"RequestId":"54bd2523-3109-4b18-97d5-44948a362f53","PipeName":"/home/dcap/.ServiceHub/3b830276bf/df58e8f97a","IsEmpty":false}}
01/10/2026 13:33:09 Central European Standard Time : Information : VsHubClient-hubController read: Content-Length: 160

{"jsonrpc":"2.0","id":7,"result":{"RequestId":"5d3d7ef9-fa73-4594-9653-118440f1f268","PipeName":"/home/dcap/.ServiceHub/3b830276bf/d9cf4b7058","IsEmpty":false}}
01/10/2026 13:33:09 Central European Standard Time : Information : VsHubClient-hubController read: Content-Length: 160

{"jsonrpc":"2.0","id":5,"result":{"RequestId":"7ed80053-d800-451b-b51f-18d71d17f8a7","PipeName":"/home/dcap/.ServiceHub/3b830276bf/2eda8e48c9","IsEmpty":false}}
01/10/2026 13:33:10 Central European Standard Time : Information : Disposing ServiceBroker server '/home/dcap/.ServiceHub/3b830276bf/9a5223e052'.
01/10/2026 13:33:10 Central European Standard Time : Information : Disposing ServiceBroker server '/home/dcap/.ServiceHub/3b830276bf/9be47bfede'.
01/10/2026 13:33:10 Central European Standard Time : Information : Disposing ServiceBroker server '/home/dcap/.ServiceHub/3b830276bf/e247a49503'.
01/10/2026 13:33:10 Central European Standard Time : Information : Disposing ServiceBroker server '/home/dcap/.ServiceHub/3b830276bf/c42262acaa'.
01/10/2026 13:33:10 Central European Standard Time : Information : Microsoft.VisualStudio.ProjectSystem.ProjectInitializationStatusService-RemoteServiceBrokerServer read: Content-Length: 194

{"jsonrpc":"2.0","id":2,"method":"handshake","params":[{"supportedConnections":"IpcPipe","localServiceHost":{"operatingSystem":1,"processArchitecture":1,"runtime":2,"runtimeVersion":"10.0.0"}}]}
01/10/2026 13:33:10 Central European Standard Time : Information : Microsoft.VisualStudio.ProjectSystem.ProjectTreeProvider-RemoteServiceBrokerServer read: Content-Length: 194

{"jsonrpc":"2.0","id":2,"method":"handshake","params":[{"supportedConnections":"IpcPipe","localServiceHost":{"operatingSystem":1,"processArchitecture":1,"runtime":2,"runtimeVersion":"10.0.0"}}]}
01/10/2026 13:33:10 Central European Standard Time : Information : Microsoft.VisualStudio.ProjectSystem.ProjectInitializationStatusService-RemoteServiceBrokerServer read: Content-Length: 194

{"jsonrpc":"2.0","id":2,"method":"handshake","params":[{"supportedConnections":"IpcPipe","localServiceHost":{"operatingSystem":1,"processArchitecture":1,"runtime":2,"runtimeVersion":"10.0.0"}}]}
01/10/2026 13:33:10 Central European Standard Time : Information : Microsoft.VisualStudio.LaunchConfigurationService-RemoteServiceBrokerServer read: Content-Length: 194

{"jsonrpc":"2.0","id":2,"method":"handshake","params":[{"supportedConnections":"IpcPipe","localServiceHost":{"operatingSystem":1,"processArchitecture":1,"runtime":2,"runtimeVersion":"10.0.0"}}]}
01/10/2026 13:33:11 Central European Standard Time : Information : Microsoft.VisualStudio.ProjectSystem.ProjectTreeProvider-RemoteServiceBrokerServer write: Content-Length: 38

{"jsonrpc":"2.0","id":2,"result":null}
01/10/2026 13:33:11 Central European Standard Time : Information : Microsoft.VisualStudio.ProjectSystem.ProjectInitializationStatusService-RemoteServiceBrokerServer write: Content-Length: 38

{"jsonrpc":"2.0","id":2,"result":null}
01/10/2026 13:33:11 Central European Standard Time : Information : Microsoft.VisualStudio.LaunchConfigurationService-RemoteServiceBrokerServer write: Content-Length: 38

{"jsonrpc":"2.0","id":2,"result":null}
01/10/2026 13:33:11 Central European Standard Time : Information : Microsoft.VisualStudio.ProjectSystem.ProjectInitializationStatusService-RemoteServiceBrokerServer write: Content-Length: 38

{"jsonrpc":"2.0","id":2,"result":null}
01/10/2026 13:33:13 Central European Standard Time : Information : Microsoft.VisualStudio.LaunchConfigurationService-RemoteServiceBrokerServer read: Content-Length: 203

{"jsonrpc":"2.0","id":3,"method":"requestServiceChannel","params":[{"name":"Microsoft.VisualStudio.ProjectSystem.CompositionService","version":"0.1"},{"clientCulture":"en-US","clientUICulture":"en-US"}]}
01/10/2026 13:33:19 Central European Standard Time : Information : VsHubClient-hubController write: Content-Length: 351

{"jsonrpc":"2.0","id":8,"method":"requestServiceChannel","params":[{"Name":"Microsoft.VisualStudio.ProjectSystem.CompositionService","Version":"0.1"},{"ActivationArguments":{"__servicehub__ServiceHubRemoteServiceBrokerPipeName":"/home/dcap/.ServiceHub/3b830276bf/b7888c0268"},"ClientCredentials":{},"ClientCulture":"en-US","ClientUICulture":"en-US"}]}
01/10/2026 13:33:21 Central European Standard Time : Information : VsHubClient-hubController read: Content-Length: 160

{"jsonrpc":"2.0","id":8,"result":{"RequestId":"ccf73151-d60e-4400-b9e0-63d2e30341de","PipeName":"/home/dcap/.ServiceHub/3b830276bf/1416f4b46f","IsEmpty":false}}
01/10/2026 13:33:22 Central European Standard Time : Information : Microsoft.VisualStudio.LaunchConfigurationService-RemoteServiceBrokerServer write: Content-Length: 144

{"jsonrpc":"2.0","id":3,"result":{"requestId":"ccf73151-d60e-4400-b9e0-63d2e30341de","pipeName":"/home/dcap/.ServiceHub/3b830276bf/1416f4b46f"}}
01/10/2026 13:33:22 Central European Standard Time : Information : Disposing ServiceBroker server '/home/dcap/.ServiceHub/3b830276bf/b7888c0268'.
01/10/2026 13:33:23 Central European Standard Time : Information : Microsoft.VisualStudio.ProjectSystem.CompositionService-RemoteServiceBrokerServer read: Content-Length: 194

{"jsonrpc":"2.0","id":2,"method":"handshake","params":[{"supportedConnections":"IpcPipe","localServiceHost":{"operatingSystem":1,"processArchitecture":1,"runtime":2,"runtimeVersion":"10.0.0"}}]}
01/10/2026 13:33:23 Central European Standard Time : Information : Microsoft.VisualStudio.ProjectSystem.CompositionService-RemoteServiceBrokerServer write: Content-Length: 38

{"jsonrpc":"2.0","id":2,"result":null}
01/10/2026 13:33:23 Central European Standard Time : Information : VsHubClient-hubController read: Content-Length: 160

{"jsonrpc":"2.0","id":4,"result":{"RequestId":"2e3ddebc-e772-4138-b69c-dd7abbce2df9","PipeName":"/home/dcap/.ServiceHub/3b830276bf/5c81a87da1","IsEmpty":false}}
01/10/2026 13:33:24 Central European Standard Time : Information : Microsoft.VisualStudio.ProjectSystem.CompositionService-RemoteServiceBrokerServer read: Content-Length: 197

{"jsonrpc":"2.0","id":4,"method":"requestServiceChannel","params":[{"name":"Microsoft.VisualStudio.NoDelay.EnvironmentService","version":"0.1"},{"clientCulture":"en-US","clientUICulture":"en-US"}]}Content-Length: 194

{"jsonrpc":"2.0","id":3,"method":"requestServiceChannel","params":[{"name":"Microsoft.VisualStudio.ComponentExportsService","version":"0.1"},{"clientCulture":"en-US","clientUICulture":"en-US"}]}
01/10/2026 13:33:24 Central European Standard Time : Information : Microsoft.VisualStudio.ProjectSystem.CompositionService-RemoteServiceBrokerServer write: Content-Length: 137

{"jsonrpc":"2.0","id":4,"result":{"requestId":"0667e1ef-b8bb-47a7-a088-93b895d04947","pipeName":"/tmp/29bff98cfb9d427793bb36e959803b07"}}
01/10/2026 13:33:24 Central European Standard Time : Information : Microsoft.VisualStudio.ProjectSystem.CompositionService-RemoteServiceBrokerServer write: Content-Length: 137

{"jsonrpc":"2.0","id":3,"result":{"requestId":"15b8be60-1b30-4faa-bd97-1063779d289e","pipeName":"/tmp/8aed3874d2464f36b232ed2cdb549fe8"}}
01/10/2026 13:33:24 Central European Standard Time : Information : Disposing ServiceBroker server '/home/dcap/.ServiceHub/3b830276bf/501196ed07'.
01/10/2026 13:33:24 Central European Standard Time : Information : Microsoft.VisualStudio.TestWindow.VSCode.Service-RemoteServiceBrokerServer read: Content-Length: 194

{"jsonrpc":"2.0","id":2,"method":"handshake","params":[{"supportedConnections":"IpcPipe","localServiceHost":{"operatingSystem":1,"processArchitecture":1,"runtime":2,"runtimeVersion":"9.0.11"}}]}
01/10/2026 13:33:24 Central European Standard Time : Information : Microsoft.VisualStudio.TestWindow.VSCode.Service-RemoteServiceBrokerServer write: Content-Length: 38

{"jsonrpc":"2.0","id":2,"result":null}
01/10/2026 13:33:26 Central European Standard Time : Information : VsHubClient-hubController write: Content-Length: 369

{"jsonrpc":"2.0","id":9,"method":"requestServiceChannel","params":[{"Name":"Microsoft.VisualStudio.ProjectSystem.Query.Remoting.QueryExecutionService","Version":"0.3"},{"ActivationArguments":{"__servicehub__ServiceHubRemoteServiceBrokerPipeName":"/home/dcap/.ServiceHub/3b830276bf/c2d1c59373"},"ClientCredentials":{},"ClientCulture":"en-US","ClientUICulture":"en-US"}]}
01/10/2026 13:33:26 Central European Standard Time : Information : VsHubClient-hubController read: Content-Length: 160

{"jsonrpc":"2.0","id":9,"result":{"RequestId":"41c4cb63-3312-440b-8103-207cc9f17984","PipeName":"/home/dcap/.ServiceHub/3b830276bf/e649c3ed8d","IsEmpty":false}}
01/10/2026 13:33:26 Central European Standard Time : Information : VsHubClient-hubController write: Content-Length: 347

{"jsonrpc":"2.0","id":10,"method":"requestServiceChannel","params":[{"Name":"Microsoft.VisualStudio.CpsProjectIconSourceService","Version":"0.1"},{"ActivationArguments":{"__servicehub__ServiceHubRemoteServiceBrokerPipeName":"/home/dcap/.ServiceHub/3b830276bf/2b43cef886"},"ClientCredentials":{},"ClientCulture":"en-US","ClientUICulture":"en-US"}]}
01/10/2026 13:33:26 Central European Standard Time : Information : Disposing ServiceBroker server '/home/dcap/.ServiceHub/3b830276bf/c2d1c59373'.
01/10/2026 13:33:26 Central European Standard Time : Information : VsHubClient-hubController read: Content-Length: 161

{"jsonrpc":"2.0","id":10,"result":{"RequestId":"16733a23-2f1e-4650-99f0-a7324330338e","PipeName":"/home/dcap/.ServiceHub/3b830276bf/37578af404","IsEmpty":false}}
01/10/2026 13:33:26 Central European Standard Time : Information : Disposing ServiceBroker server '/home/dcap/.ServiceHub/3b830276bf/2b43cef886'.
01/10/2026 13:33:26 Central European Standard Time : Information : Microsoft.VisualStudio.CpsProjectIconSourceService-RemoteServiceBrokerServer read: Content-Length: 194

{"jsonrpc":"2.0","id":2,"method":"handshake","params":[{"supportedConnections":"IpcPipe","localServiceHost":{"operatingSystem":1,"processArchitecture":1,"runtime":2,"runtimeVersion":"10.0.0"}}]}
01/10/2026 13:33:26 Central European Standard Time : Information : Microsoft.VisualStudio.ProjectSystem.Query.Remoting.QueryExecutionService-RemoteServiceBrokerServer read: Content-Length: 194

{"jsonrpc":"2.0","id":2,"method":"handshake","params":[{"supportedConnections":"IpcPipe","localServiceHost":{"operatingSystem":1,"processArchitecture":1,"runtime":2,"runtimeVersion":"10.0.0"}}]}
01/10/2026 13:33:26 Central European Standard Time : Information : Microsoft.VisualStudio.CpsProjectIconSourceService-RemoteServiceBrokerServer write: Content-Length: 38

{"jsonrpc":"2.0","id":2,"result":null}
01/10/2026 13:33:26 Central European Standard Time : Information : Microsoft.VisualStudio.ProjectSystem.Query.Remoting.QueryExecutionService-RemoteServiceBrokerServer write: Content-Length: 38

{"jsonrpc":"2.0","id":2,"result":null}
01/10/2026 13:33:26 Central European Standard Time : Information : Microsoft.VisualStudio.ProjectSystem.CompositionService-RemoteServiceBrokerServer read: Content-Length: 204

{"jsonrpc":"2.0","id":5,"method":"requestServiceChannel","params":[{"name":"Microsoft.VisualStudio.ActiveDocumentsInformationService","version":"0.1"},{"clientCulture":"en-US","clientUICulture":"en-US"}]}
01/10/2026 13:33:26 Central European Standard Time : Information : Microsoft.VisualStudio.ProjectSystem.CompositionService-RemoteServiceBrokerServer write: Content-Length: 137

{"jsonrpc":"2.0","id":5,"result":{"requestId":"e740f9b0-9459-41e0-847b-a91ef033867a","pipeName":"/tmp/1c90b9a1e4ae429aa05276d18627f45b"}}
01/10/2026 13:33:26 Central European Standard Time : Information : Microsoft.VisualStudio.ProjectSystem.CompositionService-RemoteServiceBrokerServer read: Content-Length: 242

{"jsonrpc":"2.0","id":6,"method":"requestServiceChannel","params":[{"name":"Microsoft.VisualStudio.NuGetSolutionRestoreService","version":"0.1"},{"activationArguments":{"needEvents":"True"},"clientCulture":"en-US","clientUICulture":"en-US"}]}
01/10/2026 13:33:26 Central European Standard Time : Information : Microsoft.VisualStudio.ProjectSystem.CompositionService-RemoteServiceBrokerServer read: Content-Length: 270

{"jsonrpc":"2.0","id":7,"method":"requestServiceChannel","params":[{"name":"Microsoft.VisualStudio.CpsProjectIconSourceService","version":"0.1"},{"clientCulture":"en-US","clientUICulture":"en-US"}],"traceparent":"00-f7fc4ff1f6ddbb4f82c709781bfad71b-4e44269f4633344b-00"}
01/10/2026 13:33:26 Central European Standard Time : Information : Microsoft.VisualStudio.ProjectSystem.CompositionService-RemoteServiceBrokerServer write: Content-Length: 137

{"jsonrpc":"2.0","id":6,"result":{"requestId":"2bd97506-f629-4741-a928-92de33749cfa","pipeName":"/tmp/dc63d65fe86a4080a3948c3bd397dda9"}}
01/10/2026 13:33:26 Central European Standard Time : Information : VsHubClient-hubController write: Content-Length: 347

{"jsonrpc":"2.0","id":11,"method":"requestServiceChannel","params":[{"Name":"Microsoft.VisualStudio.CpsProjectIconSourceService","Version":"0.1"},{"ActivationArguments":{"__servicehub__ServiceHubRemoteServiceBrokerPipeName":"/home/dcap/.ServiceHub/3b830276bf/96fe91b49b"},"ClientCredentials":{},"ClientCulture":"en-US","ClientUICulture":"en-US"}]}
01/10/2026 13:33:26 Central European Standard Time : Information : VsHubClient-hubController read: Content-Length: 161

{"jsonrpc":"2.0","id":11,"result":{"RequestId":"5b168b31-b50f-4c65-82f3-9f8233c018bd","PipeName":"/home/dcap/.ServiceHub/3b830276bf/7ec900a49d","IsEmpty":false}}
01/10/2026 13:33:26 Central European Standard Time : Information : Microsoft.VisualStudio.ProjectSystem.CompositionService-RemoteServiceBrokerServer write: Content-Length: 144

{"jsonrpc":"2.0","id":7,"result":{"requestId":"5b168b31-b50f-4c65-82f3-9f8233c018bd","pipeName":"/home/dcap/.ServiceHub/3b830276bf/7ec900a49d"}}
01/10/2026 13:33:26 Central European Standard Time : Information : Disposing ServiceBroker server '/home/dcap/.ServiceHub/3b830276bf/96fe91b49b'.
01/10/2026 13:33:26 Central European Standard Time : Information : Microsoft.VisualStudio.CpsProjectIconSourceService-RemoteServiceBrokerServer read: Content-Length: 194

{"jsonrpc":"2.0","id":2,"method":"handshake","params":[{"supportedConnections":"IpcPipe","localServiceHost":{"operatingSystem":1,"processArchitecture":1,"runtime":2,"runtimeVersion":"10.0.0"}}]}
01/10/2026 13:33:26 Central European Standard Time : Information : Microsoft.VisualStudio.CpsProjectIconSourceService-RemoteServiceBrokerServer write: Content-Length: 38

{"jsonrpc":"2.0","id":2,"result":null}
01/10/2026 13:33:27 Central European Standard Time : Information : VsHubClient-hubController write: Content-Length: 367

{"jsonrpc":"2.0","id":12,"method":"requestServiceChannel","params":[{"Name":"Microsoft.VisualStudio.TestWindow.VSCode.ProjectSystemProvider.Service","Version":"0.1"},{"ActivationArguments":{"__servicehub__ServiceHubRemoteServiceBrokerPipeName":"/home/dcap/.ServiceHub/3b830276bf/b33a7838b2"},"ClientCredentials":{},"ClientCulture":"en-US","ClientUICulture":"en-US"}]}
01/10/2026 13:33:27 Central European Standard Time : Information : VsHubClient-hubController read: Content-Length: 161

{"jsonrpc":"2.0","id":12,"result":{"RequestId":"0b6ff404-d7c6-4849-8b0d-2e43b2867f27","PipeName":"/home/dcap/.ServiceHub/3b830276bf/f00e6a4a23","IsEmpty":false}}
01/10/2026 13:33:27 Central European Standard Time : Information : Disposing ServiceBroker server '/home/dcap/.ServiceHub/3b830276bf/b33a7838b2'.
01/10/2026 13:33:27 Central European Standard Time : Information : Microsoft.VisualStudio.TestWindow.VSCode.ProjectSystemProvider.Service-RemoteServiceBrokerServer read: Content-Length: 194

{"jsonrpc":"2.0","id":2,"method":"handshake","params":[{"supportedConnections":"IpcPipe","localServiceHost":{"operatingSystem":1,"processArchitecture":1,"runtime":2,"runtimeVersion":"9.0.11"}}]}
01/10/2026 13:33:27 Central European Standard Time : Information : Microsoft.VisualStudio.TestWindow.VSCode.ProjectSystemProvider.Service-RemoteServiceBrokerServer write: Content-Length: 38

{"jsonrpc":"2.0","id":2,"result":null}
01/10/2026 13:33:27 Central European Standard Time : Information : Microsoft.VisualStudio.TestWindow.VSCode.ProjectSystemProvider.Service-RemoteServiceBrokerServer read: Content-Length: 293

{"jsonrpc":"2.0","id":3,"method":"requestServiceChannel","params":[{"name":"Microsoft.VisualStudio.ProjectSystem.Query.Remoting.QueryExecutionService","version":"0.3"},{"clientCulture":"en-US","clientUICulture":"en-US"}],"traceparent":"00-761ab572e266c64b819365043e4b6ef3-ed11813d22a4c04c-00"}
01/10/2026 13:33:27 Central European Standard Time : Information : VsHubClient-hubController write: Content-Length: 370

{"jsonrpc":"2.0","id":13,"method":"requestServiceChannel","params":[{"Name":"Microsoft.VisualStudio.ProjectSystem.Query.Remoting.QueryExecutionService","Version":"0.3"},{"ActivationArguments":{"__servicehub__ServiceHubRemoteServiceBrokerPipeName":"/home/dcap/.ServiceHub/3b830276bf/cb2202879e"},"ClientCredentials":{},"ClientCulture":"en-US","ClientUICulture":"en-US"}]}
01/10/2026 13:33:27 Central European Standard Time : Information : VsHubClient-hubController read: Content-Length: 161

{"jsonrpc":"2.0","id":13,"result":{"RequestId":"4cb1c879-26f3-4ce5-8130-cdd3f788c41d","PipeName":"/home/dcap/.ServiceHub/3b830276bf/ecf6d18bd0","IsEmpty":false}}
01/10/2026 13:33:27 Central European Standard Time : Information : Microsoft.VisualStudio.TestWindow.VSCode.ProjectSystemProvider.Service-RemoteServiceBrokerServer write: Content-Length: 144

{"jsonrpc":"2.0","id":3,"result":{"requestId":"4cb1c879-26f3-4ce5-8130-cdd3f788c41d","pipeName":"/home/dcap/.ServiceHub/3b830276bf/ecf6d18bd0"}}
01/10/2026 13:33:27 Central European Standard Time : Information : Disposing ServiceBroker server '/home/dcap/.ServiceHub/3b830276bf/cb2202879e'.
01/10/2026 13:33:27 Central European Standard Time : Information : Microsoft.VisualStudio.ProjectSystem.Query.Remoting.QueryExecutionService-RemoteServiceBrokerServer read: Content-Length: 194

{"jsonrpc":"2.0","id":2,"method":"handshake","params":[{"supportedConnections":"IpcPipe","localServiceHost":{"operatingSystem":1,"processArchitecture":1,"runtime":2,"runtimeVersion":"10.0.0"}}]}
01/10/2026 13:33:27 Central European Standard Time : Information : Microsoft.VisualStudio.ProjectSystem.Query.Remoting.QueryExecutionService-RemoteServiceBrokerServer write: Content-Length: 38

{"jsonrpc":"2.0","id":2,"result":null}
01/10/2026 13:33:29 Central European Standard Time : Information : Microsoft.VisualStudio.ProjectSystem.CompositionService-RemoteServiceBrokerServer read: Content-Length: 197

{"jsonrpc":"2.0","id":8,"method":"requestServiceChannel","params":[{"name":"Microsoft.VisualStudio.NoDelay.EnvironmentService","version":"0.1"},{"clientCulture":"en-US","clientUICulture":"en-US"}]}
01/10/2026 13:33:29 Central European Standard Time : Information : Microsoft.VisualStudio.ProjectSystem.CompositionService-RemoteServiceBrokerServer write: Content-Length: 137

{"jsonrpc":"2.0","id":8,"result":{"requestId":"01afe961-e4fb-4e48-bc2c-82dd962db6c8","pipeName":"/tmp/747e87b9f4544dbdbf47989164e91e0c"}}
01/10/2026 13:33:30 Central European Standard Time : Information : Microsoft.VisualStudio.ProjectSystem.CompositionService-RemoteServiceBrokerServer read: Content-Length: 197

{"jsonrpc":"2.0","id":9,"method":"requestServiceChannel","params":[{"name":"Microsoft.VisualStudio.NoDelay.EnvironmentService","version":"0.1"},{"clientCulture":"en-US","clientUICulture":"en-US"}]}
01/10/2026 13:33:30 Central European Standard Time : Information : Microsoft.VisualStudio.ProjectSystem.CompositionService-RemoteServiceBrokerServer write: Content-Length: 137

{"jsonrpc":"2.0","id":9,"result":{"requestId":"7d79ba9c-af15-434c-970b-9b9ee952c88c","pipeName":"/tmp/4025c33b55414a7ab60b3c022159a1a6"}}
01/10/2026 13:33:30 Central European Standard Time : Information : Microsoft.VisualStudio.ProjectSystem.CompositionService-RemoteServiceBrokerServer read: Content-Length: 248

{"jsonrpc":"2.0","id":10,"method":"requestServiceChannel","params":[{"name":"Microsoft.VisualStudio.LogOutputChannelService","version":"0.1"},{"activationArguments":{"outputChannelName":"Aspire"},"clientCulture":"en-US","clientUICulture":"en-US"}]}
01/10/2026 13:33:30 Central European Standard Time : Information : Microsoft.VisualStudio.ProjectSystem.CompositionService-RemoteServiceBrokerServer read: Content-Length: 216

{"jsonrpc":"2.0","id":11,"method":"requestServiceChannel","params":[{"name":"Microsoft.VisualStudio.Debugger.HotReloadSessionNotificationService","version":"0.1"},{"clientCulture":"en-US","clientUICulture":"en-US"}]}
01/10/2026 13:33:30 Central European Standard Time : Information : Microsoft.VisualStudio.ProjectSystem.CompositionService-RemoteServiceBrokerServer write: Content-Length: 138

{"jsonrpc":"2.0","id":10,"result":{"requestId":"9db2d114-954c-4b29-a482-385ec3d9144a","pipeName":"/tmp/d0fcaf764a36413581c1edb68312a91e"}}
01/10/2026 13:33:30 Central European Standard Time : Information : Microsoft.VisualStudio.ProjectSystem.CompositionService-RemoteServiceBrokerServer write: Content-Length: 138

{"jsonrpc":"2.0","id":11,"result":{"requestId":"6bc2fddc-5f2a-4010-aa23-0e8999ba7a9f","pipeName":"/tmp/2c2987e4938c4326a8542fb3617d000f"}}
01/10/2026 13:33:30 Central European Standard Time : Information : Microsoft.VisualStudio.ProjectSystem.CompositionService-RemoteServiceBrokerServer read: Content-Length: 203

{"jsonrpc":"2.0","id":12,"method":"requestServiceChannel","params":[{"name":"Microsoft.VisualStudio.LanguageServices.WorkspaceProjectFactoryService"},{"clientCulture":"en-US","clientUICulture":"en-US"}]}
01/10/2026 13:33:30 Central European Standard Time : Information : VsHubClient-hubController write: Content-Length: 368

{"jsonrpc":"2.0","id":14,"method":"requestServiceChannel","params":[{"Name":"Microsoft.VisualStudio.ProjectSystem.ProjectInitializationStatusService","Version":"0.1"},{"ActivationArguments":{"__servicehub__ServiceHubRemoteServiceBrokerPipeName":"/home/dcap/.ServiceHub/3b830276bf/3eacf96c91"},"ClientCredentials":{},"ClientCulture":"en-US","ClientUICulture":"en-US"}]}
01/10/2026 13:33:30 Central European Standard Time : Information : Microsoft.VisualStudio.ProjectSystem.CompositionService-RemoteServiceBrokerServer read: Content-Length: 222

{"jsonrpc":"2.0","id":13,"method":"requestServiceChannel","params":[{"name":"Microsoft.VisualStudio.ProjectSystem.Query.Remoting.QueryExecutionService","version":"0.3"},{"clientCulture":"en-US","clientUICulture":"en-US"}]}Content-Length: 222

{"jsonrpc":"2.0","id":14,"method":"requestServiceChannel","params":[{"name":"Microsoft.VisualStudio.ProjectSystem.Query.Remoting.QueryExecutionService","version":"0.3"},{"clientCulture":"en-US","clientUICulture":"en-US"}]}Content-Length: 222

{"jsonrpc":"2.0","id":15,"method":"requestServiceChannel","params":[{"name":"Microsoft.VisualStudio.ProjectSystem.Query.Remoting.QueryExecutionService","version":"0.3"},{"clientCulture":"en-US","clientUICulture":"en-US"}]}Content-Length: 222

{"jsonrpc":"2.0","id":16,"method":"requestServiceChannel","params":[{"name":"Microsoft.VisualStudio.ProjectSystem.Query.Remoting.QueryExecutionService","version":"0.3"},{"clientCulture":"en-US","clientUICulture":"en-US"}]}Content-Length: 222

{"jsonrpc":"2.0","id":17,"method":"requestServiceChannel","params":[{"name":"Microsoft.VisualStudio.ProjectSystem.Query.Remoting.QueryExecutionService","version":"0.3"},{"clientCulture":"en-US","clientUICulture":"en-US"}]}Content-Length: 222

{"jsonrpc":"2.0","id":18,"method":"requestServiceChannel","params":[{"name":"Microsoft.VisualStudio.ProjectSystem.Query.Remoting.QueryExecutionService","version":"0.3"},{"clientCulture":"en-US","clientUICulture":"en-US"}]}Content-Len
01/10/2026 13:33:30 Central European Standard Time : Information : Microsoft.VisualStudio.ProjectSystem.CompositionService-RemoteServiceBrokerServer read: gth: 222

{"jsonrpc":"2.0","id":19,"method":"requestServiceChannel","params":[{"name":"Microsoft.VisualStudio.ProjectSystem.Query.Remoting.QueryExecutionService","version":"0.3"},{"clientCulture":"en-US","clientUICulture":"en-US"}]}Content-Length: 222

{"jsonrpc":"2.0","id":20,"method":"requestServiceChannel","params":[{"name":"Microsoft.VisualStudio.ProjectSystem.Query.Remoting.QueryExecutionService","version":"0.3"},{"clientCulture":"en-US","clientUICulture":"en-US"}]}Content-Length: 222

{"jsonrpc":"2.0","id":21,"method":"requestServiceChannel","params":[{"name":"Microsoft.VisualStudio.ProjectSystem.Query.Remoting.QueryExecutionService","version":"0.3"},{"clientCulture":"en-US","clientUICulture":"en-US"}]}Content-Length: 222

{"jsonrpc":"2.0","id":22,"method":"requestServiceChannel","params":[{"name":"Microsoft.VisualStudio.ProjectSystem.Query.Remoting.QueryExecutionService","version":"0.3"},{"clientCulture":"en-US","clientUICulture":"en-US"}]}Content-Length: 185

{"jsonrpc":"2.0","id":23,"method":"requestServiceChannel","params":[{"name":"Microsoft.VisualStudio.OptionService","version":"0.1"},{"clientCulture":"en-US","clientUICulture":"en-US"}]}
01/10/2026 13:33:30 Central European Standard Time : Information : Microsoft.VisualStudio.ProjectSystem.CompositionService-RemoteServiceBrokerServer read: Content-Length: 222

{"jsonrpc":"2.0","id":24,"method":"requestServiceChannel","params":[{"name":"Microsoft.VisualStudio.ProjectSystem.Query.Remoting.QueryExecutionService","version":"0.3"},{"clientCulture":"en-US","clientUICulture":"en-US"}]}
01/10/2026 13:33:30 Central European Standard Time : Information : VsHubClient-hubController read: Content-Length: 161

{"jsonrpc":"2.0","id":14,"result":{"RequestId":"9641caa7-0bf7-444f-acae-c373ab9fc35e","PipeName":"/home/dcap/.ServiceHub/3b830276bf/f76de871f1","IsEmpty":false}}
01/10/2026 13:33:30 Central European Standard Time : Information : VsHubClient-hubController write: Content-Length: 370

{"jsonrpc":"2.0","id":15,"method":"requestServiceChannel","params":[{"Name":"Microsoft.VisualStudio.ProjectSystem.Query.Remoting.QueryExecutionService","Version":"0.3"},{"ActivationArguments":{"__servicehub__ServiceHubRemoteServiceBrokerPipeName":"/home/dcap/.ServiceHub/3b830276bf/086b6c864f"},"ClientCredentials":{},"ClientCulture":"en-US","ClientUICulture":"en-US"}]}
01/10/2026 13:33:30 Central European Standard Time : Information : VsHubClient-hubController write: Content-Length: 370

{"jsonrpc":"2.0","id":16,"method":"requestServiceChannel","params":[{"Name":"Microsoft.VisualStudio.ProjectSystem.Query.Remoting.QueryExecutionService","Version":"0.3"},{"ActivationArguments":{"__servicehub__ServiceHubRemoteServiceBrokerPipeName":"/home/dcap/.ServiceHub/3b830276bf/0eb9a7e9cb"},"ClientCredentials":{},"ClientCulture":"en-US","ClientUICulture":"en-US"}]}Content-Length: 370

{"jsonrpc":"2.0","id":17,"method":"requestServiceChannel","params":[{"Name":"Microsoft.VisualStudio.ProjectSystem.Query.Remoting.QueryExecutionService","Version":"0.3"},{"ActivationArguments":{"__servicehub__ServiceHubRemoteServiceBrokerPipeName":"/home/dcap/.ServiceHub/3b830276bf/bd46241f76"},"ClientCredentials":{},"ClientCulture":"en-US","ClientUICulture":"en-US"}]}Content-Length: 370

{"jsonrpc":"2.0","id":18,"method":"requestServiceChannel","params":[{"Name":"Microsoft.VisualStudio.ProjectSystem.Query.Remoting.QueryExecutionService","Version":"0.3"},{"ActivationArguments":{"__servicehub__ServiceHubRemoteServiceBrokerPipeName":"/home/dcap/.ServiceHub/3b830276bf/32581b753a"},"ClientCredentials":{},"ClientCulture":"en-US","ClientUICulture":"en-US"}]}
01/10/2026 13:33:30 Central European Standard Time : Information : Disposing ServiceBroker server '/home/dcap/.ServiceHub/3b830276bf/3eacf96c91'.
01/10/2026 13:33:30 Central European Standard Time : Information : VsHubClient-hubController write: Content-Length: 370

{"jsonrpc":"2.0","id":19,"method":"requestServiceChannel","params":[{"Name":"Microsoft.VisualStudio.ProjectSystem.Query.Remoting.QueryExecutionService","Version":"0.3"},{"ActivationArguments":{"__servicehub__ServiceHubRemoteServiceBrokerPipeName":"/home/dcap/.ServiceHub/3b830276bf/e3e142a6c6"},"ClientCredentials":{},"ClientCulture":"en-US","ClientUICulture":"en-US"}]}
01/10/2026 13:33:30 Central European Standard Time : Information : Microsoft.VisualStudio.ProjectSystem.ProjectInitializationStatusService-RemoteServiceBrokerServer read: Content-Length: 194

{"jsonrpc":"2.0","id":2,"method":"handshake","params":[{"supportedConnections":"IpcPipe","localServiceHost":{"operatingSystem":1,"processArchitecture":1,"runtime":2,"runtimeVersion":"10.0.0"}}]}
01/10/2026 13:33:30 Central European Standard Time : Information : VsHubClient-hubController write: Content-Length: 370

{"jsonrpc":"2.0","id":20,"method":"requestServiceChannel","params":[{"Name":"Microsoft.VisualStudio.ProjectSystem.Query.Remoting.QueryExecutionService","Version":"0.3"},{"ActivationArguments":{"__servicehub__ServiceHubRemoteServiceBrokerPipeName":"/home/dcap/.ServiceHub/3b830276bf/b36a5aaf25"},"ClientCredentials":{},"ClientCulture":"en-US","ClientUICulture":"en-US"}]}Content-Length: 370

{"jsonrpc":"2.0","id":21,"method":"requestServiceChannel","params":[{"Name":"Microsoft.VisualStudio.ProjectSystem.Query.Remoting.QueryExecutionService","Version":"0.3"},{"ActivationArguments":{"__servicehub__ServiceHubRemoteServiceBrokerPipeName":"/home/dcap/.ServiceHub/3b830276bf/89582ba3c9"},"ClientCredentials":{},"ClientCulture":"en-US","ClientUICulture":"en-US"}]}Content-Length: 370

{"jsonrpc":"2.0","id":22,"method":"requestServiceChannel","params":[{"Name":"Microsoft.VisualStudio.ProjectSystem.Query.Remoting.QueryExecutionService","Version":"0.3"},{"ActivationArguments":{"__servicehub__ServiceHubRemoteServiceBrokerPipeName":"/home/dcap/.ServiceHub/3b830276bf/addb58bb19"},"ClientCredentials":{},"ClientCulture":"en-US","ClientUICulture":"en-US"}]}Content-Length: 370

{"jsonrpc":"2.0","id":23,"method":"requestServiceChannel","params":[{"Name":"Microsoft.VisualStudio.ProjectSystem.Query.Remoting.QueryExecutionService","Version":"0.3"},{"ActivationArguments":{"__servicehub__ServiceHubRemoteServiceBrokerPipeName":"/home/dcap/.ServiceHub/3b830276bf/5ffc49783e"},"ClientCredentials":{},"ClientCulture":"en-US","ClientUICulture":"en-US"}]}
01/10/2026 13:33:30 Central European Standard Time : Information : VsHubClient-hubController read: Content-Length: 161

{"jsonrpc":"2.0","id":15,"result":{"RequestId":"8509f141-1229-4467-bc5c-0a5e0d43c63f","PipeName":"/home/dcap/.ServiceHub/3b830276bf/776b150a80","IsEmpty":false}}
01/10/2026 13:33:30 Central European Standard Time : Information : Microsoft.VisualStudio.ProjectSystem.CompositionService-RemoteServiceBrokerServer write: Content-Length: 138

{"jsonrpc":"2.0","id":23,"result":{"requestId":"f2cb3a34-d4c6-4c44-8031-169638429471","pipeName":"/tmp/bfb3e72a59604b598bb4f6b25db5ba88"}}
01/10/2026 13:33:30 Central European Standard Time : Information : Microsoft.VisualStudio.ProjectSystem.CompositionService-RemoteServiceBrokerServer write: Content-Length: 145

{"jsonrpc":"2.0","id":13,"result":{"requestId":"8509f141-1229-4467-bc5c-0a5e0d43c63f","pipeName":"/home/dcap/.ServiceHub/3b830276bf/776b150a80"}}
01/10/2026 13:33:30 Central European Standard Time : Information : VsHubClient-hubController write: Content-Length: 370

{"jsonrpc":"2.0","id":24,"method":"requestServiceChannel","params":[{"Name":"Microsoft.VisualStudio.ProjectSystem.Query.Remoting.QueryExecutionService","Version":"0.3"},{"ActivationArguments":{"__servicehub__ServiceHubRemoteServiceBrokerPipeName":"/home/dcap/.ServiceHub/3b830276bf/9029d3807d"},"ClientCredentials":{},"ClientCulture":"en-US","ClientUICulture":"en-US"}]}
01/10/2026 13:33:30 Central European Standard Time : Information : VsHubClient-hubController read: Content-Length: 161

{"jsonrpc":"2.0","id":16,"result":{"RequestId":"f7e9cbe6-618f-4837-8770-3db2fced7f51","PipeName":"/home/dcap/.ServiceHub/3b830276bf/957be60264","IsEmpty":false}}
01/10/2026 13:33:30 Central European Standard Time : Information : VsHubClient-hubController write: Content-Length: 370

{"jsonrpc":"2.0","id":25,"method":"requestServiceChannel","params":[{"Name":"Microsoft.VisualStudio.ProjectSystem.Query.Remoting.QueryExecutionService","Version":"0.3"},{"ActivationArguments":{"__servicehub__ServiceHubRemoteServiceBrokerPipeName":"/home/dcap/.ServiceHub/3b830276bf/e24280050e"},"ClientCredentials":{},"ClientCulture":"en-US","ClientUICulture":"en-US"}]}
01/10/2026 13:33:30 Central European Standard Time : Information : Microsoft.VisualStudio.ProjectSystem.ProjectInitializationStatusService-RemoteServiceBrokerServer write: Content-Length: 38

{"jsonrpc":"2.0","id":2,"result":null}
01/10/2026 13:33:30 Central European Standard Time : Information : VsHubClient-hubController read: Content-Length: 161

{"jsonrpc":"2.0","id":17,"result":{"RequestId":"4d3017a8-e37f-46e3-ae04-04f48bcf3eb0","PipeName":"/home/dcap/.ServiceHub/3b830276bf/091b2dfe72","IsEmpty":false}}
01/10/2026 13:33:30 Central European Standard Time : Information : Microsoft.VisualStudio.ProjectSystem.CompositionService-RemoteServiceBrokerServer write: Content-Length: 145

{"jsonrpc":"2.0","id":14,"result":{"requestId":"f7e9cbe6-618f-4837-8770-3db2fced7f51","pipeName":"/home/dcap/.ServiceHub/3b830276bf/957be60264"}}Content-Length: 145

{"jsonrpc":"2.0","id":15,"result":{"requestId":"4d3017a8-e37f-46e3-ae04-04f48bcf3eb0","pipeName":"/home/dcap/.ServiceHub/3b830276bf/091b2dfe72"}}
01/10/2026 13:33:30 Central European Standard Time : Information : Disposing ServiceBroker server '/home/dcap/.ServiceHub/3b830276bf/086b6c864f'.
01/10/2026 13:33:30 Central European Standard Time : Information : VsHubClient-hubController read: Content-Length: 161

{"jsonrpc":"2.0","id":18,"result":{"RequestId":"03c254ce-8685-43a7-b21e-e4df5ee1d0c8","PipeName":"/home/dcap/.ServiceHub/3b830276bf/96272d23c0","IsEmpty":false}}Content-Length: 161

{"jsonrpc":"2.0","id":19,"result":{"RequestId":"636aa6ec-cf26-4d21-9541-6c120784531f","PipeName":"/home/dcap/.ServiceHub/3b830276bf/2f5ba1ffa4","IsEmpty":false}}Content-Length: 161

{"jsonrpc":"2.0","id":20,"result":{"RequestId":"ae0718cd-a641-460a-b2e9-f967593a22fa","PipeName":"/home/dcap/.ServiceHub/3b830276bf/0c649166b0","IsEmpty":false}}
01/10/2026 13:33:30 Central European Standard Time : Information : Microsoft.VisualStudio.ProjectSystem.CompositionService-RemoteServiceBrokerServer write: Content-Length: 145

{"jsonrpc":"2.0","id":16,"result":{"requestId":"03c254ce-8685-43a7-b21e-e4df5ee1d0c8","pipeName":"/home/dcap/.ServiceHub/3b830276bf/96272d23c0"}}Content-Length: 145

{"jsonrpc":"2.0","id":17,"result":{"requestId":"636aa6ec-cf26-4d21-9541-6c120784531f","pipeName":"/home/dcap/.ServiceHub/3b830276bf/2f5ba1ffa4"}}Content-Length: 145

{"jsonrpc":"2.0","id":18,"result":{"requestId":"ae0718cd-a641-460a-b2e9-f967593a22fa","pipeName":"/home/dcap/.ServiceHub/3b830276bf/0c649166b0"}}
01/10/2026 13:33:30 Central European Standard Time : Information : Disposing ServiceBroker server '/home/dcap/.ServiceHub/3b830276bf/bd46241f76'.
01/10/2026 13:33:30 Central European Standard Time : Information : Disposing ServiceBroker server '/home/dcap/.ServiceHub/3b830276bf/e3e142a6c6'.
01/10/2026 13:33:30 Central European Standard Time : Information : Disposing ServiceBroker server '/home/dcap/.ServiceHub/3b830276bf/b36a5aaf25'.
01/10/2026 13:33:30 Central European Standard Time : Information : Microsoft.VisualStudio.ProjectSystem.Query.Remoting.QueryExecutionService-RemoteServiceBrokerServer read: Content-Length: 194

{"jsonrpc":"2.0","id":2,"method":"handshake","params":[{"supportedConnections":"IpcPipe","localServiceHost":{"operatingSystem":1,"processArchitecture":1,"runtime":2,"runtimeVersion":"10.0.0"}}]}
01/10/2026 13:33:30 Central European Standard Time : Information : Microsoft.VisualStudio.ProjectSystem.Query.Remoting.QueryExecutionService-RemoteServiceBrokerServer write: Content-Length: 38

{"jsonrpc":"2.0","id":2,"result":null}
01/10/2026 13:33:30 Central European Standard Time : Information : Microsoft.VisualStudio.ProjectSystem.Query.Remoting.QueryExecutionService-RemoteServiceBrokerServer read: Content-Length: 194

{"jsonrpc":"2.0","id":2,"method":"handshake","params":[{"supportedConnections":"IpcPipe","localServiceHost":{"operatingSystem":1,"processArchitecture":1,"runtime":2,"runtimeVersion":"10.0.0"}}]}
01/10/2026 13:33:30 Central European Standard Time : Information : Disposing ServiceBroker server '/home/dcap/.ServiceHub/3b830276bf/0eb9a7e9cb'.
01/10/2026 13:33:30 Central European Standard Time : Information : Microsoft.VisualStudio.ProjectSystem.Query.Remoting.QueryExecutionService-RemoteServiceBrokerServer read: Content-Length: 194

{"jsonrpc":"2.0","id":2,"method":"handshake","params":[{"supportedConnections":"IpcPipe","localServiceHost":{"operatingSystem":1,"processArchitecture":1,"runtime":2,"runtimeVersion":"10.0.0"}}]}
01/10/2026 13:33:30 Central European Standard Time : Information : Microsoft.VisualStudio.ProjectSystem.Query.Remoting.QueryExecutionService-RemoteServiceBrokerServer write: Content-Length: 38

{"jsonrpc":"2.0","id":2,"result":null}
01/10/2026 13:33:30 Central European Standard Time : Information : Microsoft.VisualStudio.ProjectSystem.Query.Remoting.QueryExecutionService-RemoteServiceBrokerServer read: Content-Length: 194

{"jsonrpc":"2.0","id":2,"method":"handshake","params":[{"supportedConnections":"IpcPipe","localServiceHost":{"operatingSystem":1,"processArchitecture":1,"runtime":2,"runtimeVersion":"10.0.0"}}]}
01/10/2026 13:33:30 Central European Standard Time : Information : Disposing ServiceBroker server '/home/dcap/.ServiceHub/3b830276bf/32581b753a'.
01/10/2026 13:33:30 Central European Standard Time : Information : Microsoft.VisualStudio.ProjectSystem.Query.Remoting.QueryExecutionService-RemoteServiceBrokerServer write: Content-Length: 38

{"jsonrpc":"2.0","id":2,"result":null}
01/10/2026 13:33:30 Central European Standard Time : Information : Microsoft.VisualStudio.ProjectSystem.Query.Remoting.QueryExecutionService-RemoteServiceBrokerServer write: Content-Length: 38

{"jsonrpc":"2.0","id":2,"result":null}
01/10/2026 13:33:30 Central European Standard Time : Information : Microsoft.VisualStudio.ProjectSystem.Query.Remoting.QueryExecutionService-RemoteServiceBrokerServer read: Content-Length: 194

{"jsonrpc":"2.0","id":2,"method":"handshake","params":[{"supportedConnections":"IpcPipe","localServiceHost":{"operatingSystem":1,"processArchitecture":1,"runtime":2,"runtimeVersion":"10.0.0"}}]}
01/10/2026 13:33:30 Central European Standard Time : Information : Microsoft.VisualStudio.ProjectSystem.Query.Remoting.QueryExecutionService-RemoteServiceBrokerServer write: Content-Length: 38

{"jsonrpc":"2.0","id":2,"result":null}
01/10/2026 13:33:30 Central European Standard Time : Information : Microsoft.VisualStudio.ProjectSystem.CompositionService-RemoteServiceBrokerServer write: Content-Length: 138

{"jsonrpc":"2.0","id":12,"result":{"requestId":"2e775d05-64ed-49e2-8064-c9885d243c46","pipeName":"/tmp/adf811f257d046a196aa0497ea4d5c1d"}}
01/10/2026 13:33:30 Central European Standard Time : Information : Microsoft.VisualStudio.ProjectSystem.Query.Remoting.QueryExecutionService-RemoteServiceBrokerServer read: Content-Length: 194

{"jsonrpc":"2.0","id":2,"method":"handshake","params":[{"supportedConnections":"IpcPipe","localServiceHost":{"operatingSystem":1,"processArchitecture":1,"runtime":2,"runtimeVersion":"10.0.0"}}]}
01/10/2026 13:33:30 Central European Standard Time : Information : Microsoft.VisualStudio.ProjectSystem.Query.Remoting.QueryExecutionService-RemoteServiceBrokerServer write: Content-Length: 38

{"jsonrpc":"2.0","id":2,"result":null}
01/10/2026 13:33:30 Central European Standard Time : Information : VsHubClient-hubController read: Content-Length: 161

{"jsonrpc":"2.0","id":21,"result":{"RequestId":"a9e7710e-41ec-4b66-921e-90565e8e2a0d","PipeName":"/home/dcap/.ServiceHub/3b830276bf/33930cf809","IsEmpty":false}}Content-Length: 161

{"jsonrpc":"2.0","id":22,"result":{"RequestId":"1012ae9c-b3f1-4e84-9ffc-354efe1e2754","PipeName":"/home/dcap/.ServiceHub/3b830276bf/c8d8703379","IsEmpty":false}}Content-Length: 161

{"jsonrpc":"2.0","id":23,"result":{"RequestId":"71a55fae-a035-42ef-a1b2-aa0c340d3406","PipeName":"/home/dcap/.ServiceHub/3b830276bf/807216d6df","IsEmpty":false}}Content-Length: 161

{"jsonrpc":"2.0","id":24,"result":{"RequestId":"3eab3bcc-49fd-4cec-adaf-29accc389ca4","PipeName":"/home/dcap/.ServiceHub/3b830276bf/b7a62bdeae","IsEmpty":false}}Content-Length: 161

{"jsonrpc":"2.0","id":25,"result":{"RequestId":"999c7c5c-6841-4a6a-acf7-a78859524ac6","PipeName":"/home/dcap/.ServiceHub/3b830276bf/8012378b59","IsEmpty":false}}
01/10/2026 13:33:30 Central European Standard Time : Information : Microsoft.VisualStudio.ProjectSystem.CompositionService-RemoteServiceBrokerServer write: Content-Length: 145

{"jsonrpc":"2.0","id":19,"result":{"requestId":"a9e7710e-41ec-4b66-921e-90565e8e2a0d","pipeName":"/home/dcap/.ServiceHub/3b830276bf/33930cf809"}}Content-Length: 145

{"jsonrpc":"2.0","id":22,"result":{"requestId":"3eab3bcc-49fd-4cec-adaf-29accc389ca4","pipeName":"/home/dcap/.ServiceHub/3b830276bf/b7a62bdeae"}}
01/10/2026 13:33:30 Central European Standard Time : Information : Microsoft.VisualStudio.ProjectSystem.CompositionService-RemoteServiceBrokerServer write: Content-Length: 145

{"jsonrpc":"2.0","id":20,"result":{"requestId":"1012ae9c-b3f1-4e84-9ffc-354efe1e2754","pipeName":"/home/dcap/.ServiceHub/3b830276bf/c8d8703379"}}
01/10/2026 13:33:30 Central European Standard Time : Information : Disposing ServiceBroker server '/home/dcap/.ServiceHub/3b830276bf/9029d3807d'.
01/10/2026 13:33:30 Central European Standard Time : Information : Microsoft.VisualStudio.ProjectSystem.CompositionService-RemoteServiceBrokerServer write: Content-Length: 145

{"jsonrpc":"2.0","id":24,"result":{"requestId":"999c7c5c-6841-4a6a-acf7-a78859524ac6","pipeName":"/home/dcap/.ServiceHub/3b830276bf/8012378b59"}}Content-Length: 145

{"jsonrpc":"2.0","id":21,"result":{"requestId":"71a55fae-a035-42ef-a1b2-aa0c340d3406","pipeName":"/home/dcap/.ServiceHub/3b830276bf/807216d6df"}}
01/10/2026 13:33:30 Central European Standard Time : Information : Disposing ServiceBroker server '/home/dcap/.ServiceHub/3b830276bf/addb58bb19'.
01/10/2026 13:33:30 Central European Standard Time : Information : Disposing ServiceBroker server '/home/dcap/.ServiceHub/3b830276bf/89582ba3c9'.
01/10/2026 13:33:30 Central European Standard Time : Information : Microsoft.VisualStudio.ProjectSystem.Query.Remoting.QueryExecutionService-RemoteServiceBrokerServer read: Content-Length: 194

{"jsonrpc":"2.0","id":2,"method":"handshake","params":[{"supportedConnections":"IpcPipe","localServiceHost":{"operatingSystem":1,"processArchitecture":1,"runtime":2,"runtimeVersion":"10.0.0"}}]}
01/10/2026 13:33:30 Central European Standard Time : Information : Microsoft.VisualStudio.ProjectSystem.Query.Remoting.QueryExecutionService-RemoteServiceBrokerServer write: Content-Length: 38

{"jsonrpc":"2.0","id":2,"result":null}
01/10/2026 13:33:30 Central European Standard Time : Information : Microsoft.VisualStudio.ProjectSystem.Query.Remoting.QueryExecutionService-RemoteServiceBrokerServer read: Content-Length: 194

{"jsonrpc":"2.0","id":2,"method":"handshake","params":[{"supportedConnections":"IpcPipe","localServiceHost":{"operatingSystem":1,"processArchitecture":1,"runtime":2,"runtimeVersion":"10.0.0"}}]}
01/10/2026 13:33:30 Central European Standard Time : Information : Microsoft.VisualStudio.ProjectSystem.Query.Remoting.QueryExecutionService-RemoteServiceBrokerServer write: Content-Length: 38

{"jsonrpc":"2.0","id":2,"result":null}
01/10/2026 13:33:30 Central European Standard Time : Information : Microsoft.VisualStudio.ProjectSystem.Query.Remoting.QueryExecutionService-RemoteServiceBrokerServer read: Content-Length: 194

{"jsonrpc":"2.0","id":2,"method":"handshake","params":[{"supportedConnections":"IpcPipe","localServiceHost":{"operatingSystem":1,"processArchitecture":1,"runtime":2,"runtimeVersion":"10.0.0"}}]}
01/10/2026 13:33:30 Central European Standard Time : Information : Disposing ServiceBroker server '/home/dcap/.ServiceHub/3b830276bf/5ffc49783e'.
01/10/2026 13:33:30 Central European Standard Time : Information : Microsoft.VisualStudio.ProjectSystem.Query.Remoting.QueryExecutionService-RemoteServiceBrokerServer write: Content-Length: 38

{"jsonrpc":"2.0","id":2,"result":null}
01/10/2026 13:33:30 Central European Standard Time : Information : Microsoft.VisualStudio.ProjectSystem.Query.Remoting.QueryExecutionService-RemoteServiceBrokerServer read: Content-Length: 194

{"jsonrpc":"2.0","id":2,"method":"handshake","params":[{"supportedConnections":"IpcPipe","localServiceHost":{"operatingSystem":1,"processArchitecture":1,"runtime":2,"runtimeVersion":"10.0.0"}}]}
01/10/2026 13:33:30 Central European Standard Time : Information : Microsoft.VisualStudio.ProjectSystem.Query.Remoting.QueryExecutionService-RemoteServiceBrokerServer write: Content-Length: 38

{"jsonrpc":"2.0","id":2,"result":null}
01/10/2026 13:33:30 Central European Standard Time : Information : Disposing ServiceBroker server '/home/dcap/.ServiceHub/3b830276bf/e24280050e'.
01/10/2026 13:33:30 Central European Standard Time : Information : Microsoft.VisualStudio.ProjectSystem.Query.Remoting.QueryExecutionService-RemoteServiceBrokerServer read: Content-Length: 194

{"jsonrpc":"2.0","id":2,"method":"handshake","params":[{"supportedConnections":"IpcPipe","localServiceHost":{"operatingSystem":1,"processArchitecture":1,"runtime":2,"runtimeVersion":"10.0.0"}}]}
01/10/2026 13:33:30 Central European Standard Time : Information : Microsoft.VisualStudio.ProjectSystem.Query.Remoting.QueryExecutionService-RemoteServiceBrokerServer write: Content-Length: 38

{"jsonrpc":"2.0","id":2,"result":null}
01/10/2026 13:33:30 Central European Standard Time : Information : Microsoft.VisualStudio.ProjectSystem.CompositionService-RemoteServiceBrokerServer read: Content-Length: 196

{"jsonrpc":"2.0","id":25,"method":"requestServiceChannel","params":[{"name":"Microsoft.VisualStudio.Debugger.HotReloadLogger","version":"0.1"},{"clientCulture":"en-US","clientUICulture":"en-US"}]}
01/10/2026 13:33:30 Central European Standard Time : Information : Microsoft.VisualStudio.ProjectSystem.CompositionService-RemoteServiceBrokerServer write: Content-Length: 138

{"jsonrpc":"2.0","id":25,"result":{"requestId":"5c9ba970-6e9a-4bbe-881e-e42fd5321ee3","pipeName":"/tmp/6a379b7921044e6c9860ac1ec909b27d"}}
01/10/2026 13:33:31 Central European Standard Time : Information : Microsoft.VisualStudio.ProjectSystem.CompositionService-RemoteServiceBrokerServer read: Content-Length: 199

{"jsonrpc":"2.0","id":26,"method":"requestServiceChannel","params":[{"name":"Microsoft.VisualStudio.NuGetSolutionRestoreService","version":"0.1"},{"clientCulture":"en-US","clientUICulture":"en-US"}]}
01/10/2026 13:33:31 Central European Standard Time : Information : Microsoft.VisualStudio.ProjectSystem.CompositionService-RemoteServiceBrokerServer write: Content-Length: 138

{"jsonrpc":"2.0","id":26,"result":{"requestId":"1db454e7-e477-4617-b5ab-fbe14566fc17","pipeName":"/tmp/97acf68971b348869b9cfb74c0929f37"}}
01/10/2026 13:33:32 Central European Standard Time : Information : Microsoft.VisualStudio.ProjectSystem.CompositionService-RemoteServiceBrokerServer read: Content-Length: 250

{"jsonrpc":"2.0","id":27,"method":"requestServiceChannel","params":[{"name":"Microsoft.VisualStudio.LogOutputChannelService","version":"0.1"},{"activationArguments":{"outputChannelName":"Projects"},"clientCulture":"en-US","clientUICulture":"en-US"}]}
01/10/2026 13:33:32 Central European Standard Time : Information : Microsoft.VisualStudio.ProjectSystem.CompositionService-RemoteServiceBrokerServer write: Content-Length: 138

{"jsonrpc":"2.0","id":27,"result":{"requestId":"087b2cd1-d1ae-4668-b0a9-2caf80666d93","pipeName":"/tmp/cac5480686f546afb5cd067270502dc1"}}
01/10/2026 13:33:32 Central European Standard Time : Information : VsHubClient-hubController write: Content-Length: 361

{"jsonrpc":"2.0","id":26,"method":"requestServiceChannel","params":[{"Name":"Microsoft.VisualStudio.ProjectSystem.DebugTargetFrameworkService","Version":"0.1"},{"ActivationArguments":{"__servicehub__ServiceHubRemoteServiceBrokerPipeName":"/home/dcap/.ServiceHub/3b830276bf/7ae6756050"},"ClientCredentials":{},"ClientCulture":"en-US","ClientUICulture":"en-US"}]}
01/10/2026 13:33:32 Central European Standard Time : Information : VsHubClient-hubController read: Content-Length: 161

{"jsonrpc":"2.0","id":26,"result":{"RequestId":"dd7c4c05-3f53-4557-93ff-993e03cc1985","PipeName":"/home/dcap/.ServiceHub/3b830276bf/8c03829310","IsEmpty":false}}
01/10/2026 13:33:32 Central European Standard Time : Information : Disposing ServiceBroker server '/home/dcap/.ServiceHub/3b830276bf/7ae6756050'.
01/10/2026 13:33:33 Central European Standard Time : Information : Microsoft.VisualStudio.ProjectSystem.DebugTargetFrameworkService-RemoteServiceBrokerServer read: Content-Length: 194

{"jsonrpc":"2.0","id":2,"method":"handshake","params":[{"supportedConnections":"IpcPipe","localServiceHost":{"operatingSystem":1,"processArchitecture":1,"runtime":2,"runtimeVersion":"10.0.0"}}]}
01/10/2026 13:33:33 Central European Standard Time : Information : Microsoft.VisualStudio.ProjectSystem.DebugTargetFrameworkService-RemoteServiceBrokerServer write: Content-Length: 38

{"jsonrpc":"2.0","id":2,"result":null}
01/15/2026 22:05:20 Central European Standard Time : Information : VsHubClient-hubController write: Content-Length: 330

{"jsonrpc":"2.0","id":27,"method":"requestServiceChannel","params":[{"Name":"Microsoft.VisualStudio.LaunchConfigurationService"},{"ActivationArguments":{"__servicehub__ServiceHubRemoteServiceBrokerPipeName":"/home/dcap/.ServiceHub/3b830276bf/7e6e5312fb"},"ClientCredentials":{},"ClientCulture":"en-US","ClientUICulture":"en-US"}]}
01/15/2026 22:05:20 Central European Standard Time : Information : VsHubClient-hubController read: Content-Length: 161

{"jsonrpc":"2.0","id":27,"result":{"RequestId":"a08ec99b-45d6-4cd9-b9f7-6cb9df3d3f73","PipeName":"/home/dcap/.ServiceHub/3b830276bf/9cca199ca5","IsEmpty":false}}
01/15/2026 22:05:20 Central European Standard Time : Information : Disposing ServiceBroker server '/home/dcap/.ServiceHub/3b830276bf/7e6e5312fb'.
01/15/2026 22:05:20 Central European Standard Time : Information : Microsoft.VisualStudio.LaunchConfigurationService-RemoteServiceBrokerServer read: Content-Length: 194

{"jsonrpc":"2.0","id":2,"method":"handshake","params":[{"supportedConnections":"IpcPipe","localServiceHost":{"operatingSystem":1,"processArchitecture":1,"runtime":2,"runtimeVersion":"10.0.0"}}]}
01/15/2026 22:05:20 Central European Standard Time : Information : Microsoft.VisualStudio.LaunchConfigurationService-RemoteServiceBrokerServer write: Content-Length: 38

{"jsonrpc":"2.0","id":2,"result":null}
01/15/2026 22:05:20 Central European Standard Time : Information : VsHubClient-hubController write: Content-Length: 368

{"jsonrpc":"2.0","id":28,"method":"requestServiceChannel","params":[{"Name":"Microsoft.VisualStudio.ProjectSystem.ProjectInitializationStatusService","Version":"0.1"},{"ActivationArguments":{"__servicehub__ServiceHubRemoteServiceBrokerPipeName":"/home/dcap/.ServiceHub/3b830276bf/bd1de17f87"},"ClientCredentials":{},"ClientCulture":"en-US","ClientUICulture":"en-US"}]}
01/15/2026 22:05:20 Central European Standard Time : Information : VsHubClient-hubController read: Content-Length: 161

{"jsonrpc":"2.0","id":28,"result":{"RequestId":"66cc28d2-ffc6-4891-a4fa-76e2c96acdd3","PipeName":"/home/dcap/.ServiceHub/3b830276bf/071625bfbb","IsEmpty":false}}
01/15/2026 22:05:20 Central European Standard Time : Information : Disposing ServiceBroker server '/home/dcap/.ServiceHub/3b830276bf/bd1de17f87'.
01/15/2026 22:05:20 Central European Standard Time : Information : Microsoft.VisualStudio.ProjectSystem.ProjectInitializationStatusService-RemoteServiceBrokerServer read: Content-Length: 194

{"jsonrpc":"2.0","id":2,"method":"handshake","params":[{"supportedConnections":"IpcPipe","localServiceHost":{"operatingSystem":1,"processArchitecture":1,"runtime":2,"runtimeVersion":"10.0.0"}}]}
01/15/2026 22:05:20 Central European Standard Time : Information : Microsoft.VisualStudio.ProjectSystem.ProjectInitializationStatusService-RemoteServiceBrokerServer write: Content-Length: 38

{"jsonrpc":"2.0","id":2,"result":null}
01/15/2026 22:05:20 Central European Standard Time : Information : VsHubClient-hubController write: Content-Length: 330

{"jsonrpc":"2.0","id":29,"method":"requestServiceChannel","params":[{"Name":"Microsoft.VisualStudio.LaunchConfigurationService"},{"ActivationArguments":{"__servicehub__ServiceHubRemoteServiceBrokerPipeName":"/home/dcap/.ServiceHub/3b830276bf/c06eea757c"},"ClientCredentials":{},"ClientCulture":"en-US","ClientUICulture":"en-US"}]}
01/15/2026 22:05:20 Central European Standard Time : Information : VsHubClient-hubController read: Content-Length: 161

{"jsonrpc":"2.0","id":29,"result":{"RequestId":"eefd6d5c-7b44-46fd-a3d0-32f5ab4995bc","PipeName":"/home/dcap/.ServiceHub/3b830276bf/44858be9e5","IsEmpty":false}}
01/15/2026 22:05:20 Central European Standard Time : Information : Disposing ServiceBroker server '/home/dcap/.ServiceHub/3b830276bf/c06eea757c'.
01/15/2026 22:05:20 Central European Standard Time : Information : Microsoft.VisualStudio.LaunchConfigurationService-RemoteServiceBrokerServer read: Content-Length: 194

{"jsonrpc":"2.0","id":2,"method":"handshake","params":[{"supportedConnections":"IpcPipe","localServiceHost":{"operatingSystem":1,"processArchitecture":1,"runtime":2,"runtimeVersion":"10.0.0"}}]}
01/15/2026 22:05:20 Central European Standard Time : Information : Microsoft.VisualStudio.LaunchConfigurationService-RemoteServiceBrokerServer write: Content-Length: 38

{"jsonrpc":"2.0","id":2,"result":null}
01/15/2026 22:05:21 Central European Standard Time : Information : VsHubClient-hubController write: Content-Length: 333

{"jsonrpc":"2.0","id":30,"method":"requestServiceChannel","params":[{"Name":"Microsoft.VisualStudio.AspireService","Version":"0.1"},{"ActivationArguments":{"__servicehub__ServiceHubRemoteServiceBrokerPipeName":"/home/dcap/.ServiceHub/3b830276bf/44f147262f"},"ClientCredentials":{},"ClientCulture":"en-US","ClientUICulture":"en-US"}]}
01/15/2026 22:05:21 Central European Standard Time : Information : VsHubClient-hubController read: Content-Length: 161

{"jsonrpc":"2.0","id":30,"result":{"RequestId":"2a46f791-83fe-4eef-9829-e726dfbd89af","PipeName":"/home/dcap/.ServiceHub/3b830276bf/64355e9327","IsEmpty":false}}
01/15/2026 22:05:21 Central European Standard Time : Information : Disposing ServiceBroker server '/home/dcap/.ServiceHub/3b830276bf/44f147262f'.
01/15/2026 22:05:21 Central European Standard Time : Information : Microsoft.VisualStudio.AspireService-RemoteServiceBrokerServer read: Content-Length: 194

{"jsonrpc":"2.0","id":2,"method":"handshake","params":[{"supportedConnections":"IpcPipe","localServiceHost":{"operatingSystem":1,"processArchitecture":1,"runtime":2,"runtimeVersion":"10.0.0"}}]}
01/15/2026 22:05:21 Central European Standard Time : Information : Microsoft.VisualStudio.AspireService-RemoteServiceBrokerServer write: Content-Length: 38

{"jsonrpc":"2.0","id":2,"result":null}
01/15/2026 22:05:21 Central European Standard Time : Information : VsHubClient-hubController write: Content-Length: 333

{"jsonrpc":"2.0","id":31,"method":"requestServiceChannel","params":[{"Name":"Microsoft.VisualStudio.AspireService","Version":"0.1"},{"ActivationArguments":{"__servicehub__ServiceHubRemoteServiceBrokerPipeName":"/home/dcap/.ServiceHub/3b830276bf/5739321ac1"},"ClientCredentials":{},"ClientCulture":"en-US","ClientUICulture":"en-US"}]}
01/15/2026 22:05:21 Central European Standard Time : Information : VsHubClient-hubController read: Content-Length: 161

{"jsonrpc":"2.0","id":31,"result":{"RequestId":"493dd968-8e8c-419d-a247-eaa0d080c4d0","PipeName":"/home/dcap/.ServiceHub/3b830276bf/260b069036","IsEmpty":false}}
01/15/2026 22:05:21 Central European Standard Time : Information : Disposing ServiceBroker server '/home/dcap/.ServiceHub/3b830276bf/5739321ac1'.
01/15/2026 22:05:21 Central European Standard Time : Information : Microsoft.VisualStudio.AspireService-RemoteServiceBrokerServer read: Content-Length: 194

{"jsonrpc":"2.0","id":2,"method":"handshake","params":[{"supportedConnections":"IpcPipe","localServiceHost":{"operatingSystem":1,"processArchitecture":1,"runtime":2,"runtimeVersion":"10.0.0"}}]}
01/15/2026 22:05:21 Central European Standard Time : Information : Microsoft.VisualStudio.AspireService-RemoteServiceBrokerServer write: Content-Length: 38

{"jsonrpc":"2.0","id":2,"result":null}
01/15/2026 22:05:30 Central European Standard Time : Information : Microsoft.VisualStudio.ProjectSystem.CompositionService-RemoteServiceBrokerServer read: Content-Length: 275

{"jsonrpc":"2.0","id":28,"method":"requestServiceChannel","params":[{"name":"Microsoft.VisualStudio.Debugger.HotReloadOptionService","version":"0.1"},{"clientCulture":"en-US","clientUICulture":"en-US"}],"traceparent":"00-23d524a882552642815fe010e6f31c24-4283369116472844-00"}
01/15/2026 22:05:30 Central European Standard Time : Information : Microsoft.VisualStudio.ProjectSystem.CompositionService-RemoteServiceBrokerServer write: Content-Length: 138

{"jsonrpc":"2.0","id":28,"result":{"requestId":"be195de1-156e-466c-a980-74c8b2dcd7a7","pipeName":"/tmp/104c1e699ae146fea59ffccc8c1bdb3f"}}
01/15/2026 22:05:30 Central European Standard Time : Information : Microsoft.VisualStudio.ProjectSystem.CompositionService-RemoteServiceBrokerServer read: Content-Length: 256

{"jsonrpc":"2.0","id":29,"method":"requestServiceChannel","params":[{"name":"Microsoft.VisualStudio.AspireServer","version":"1.0"},{"clientCulture":"en-US","clientUICulture":"en-US"}],"traceparent":"00-23d524a882552642815fe010e6f31c24-e93365944c25404e-00"}
01/15/2026 22:05:30 Central European Standard Time : Information : VsHubClient-hubController write: Content-Length: 332

{"jsonrpc":"2.0","id":32,"method":"requestServiceChannel","params":[{"Name":"Microsoft.VisualStudio.AspireServer","Version":"1.0"},{"ActivationArguments":{"__servicehub__ServiceHubRemoteServiceBrokerPipeName":"/home/dcap/.ServiceHub/3b830276bf/6044fea007"},"ClientCredentials":{},"ClientCulture":"en-US","ClientUICulture":"en-US"}]}
01/15/2026 22:05:30 Central European Standard Time : Information : VsHubClient-hubController read: Content-Length: 161

{"jsonrpc":"2.0","id":32,"result":{"RequestId":"f2a1c253-f098-4734-9033-6d7f2db235ed","PipeName":"/home/dcap/.ServiceHub/3b830276bf/62c39f560e","IsEmpty":false}}
01/15/2026 22:05:30 Central European Standard Time : Information : Microsoft.VisualStudio.ProjectSystem.CompositionService-RemoteServiceBrokerServer write: Content-Length: 145

{"jsonrpc":"2.0","id":29,"result":{"requestId":"f2a1c253-f098-4734-9033-6d7f2db235ed","pipeName":"/home/dcap/.ServiceHub/3b830276bf/62c39f560e"}}
01/15/2026 22:05:30 Central European Standard Time : Information : Disposing ServiceBroker server '/home/dcap/.ServiceHub/3b830276bf/6044fea007'.
01/15/2026 22:05:30 Central European Standard Time : Information : Microsoft.VisualStudio.AspireServer-RemoteServiceBrokerServer read: Content-Length: 194

{"jsonrpc":"2.0","id":2,"method":"handshake","params":[{"supportedConnections":"IpcPipe","localServiceHost":{"operatingSystem":1,"processArchitecture":1,"runtime":2,"runtimeVersion":"9.0.11"}}]}
01/15/2026 22:05:30 Central European Standard Time : Information : Microsoft.VisualStudio.AspireServer-RemoteServiceBrokerServer write: Content-Length: 38

{"jsonrpc":"2.0","id":2,"result":null}
01/15/2026 22:05:53 Central European Standard Time : Information : VsHubClient-hubController write: Content-Length: 333

{"jsonrpc":"2.0","id":33,"method":"requestServiceChannel","params":[{"Name":"Microsoft.VisualStudio.AspireService","Version":"0.1"},{"ActivationArguments":{"__servicehub__ServiceHubRemoteServiceBrokerPipeName":"/home/dcap/.ServiceHub/3b830276bf/38fa48a98c"},"ClientCredentials":{},"ClientCulture":"en-US","ClientUICulture":"en-US"}]}
01/15/2026 22:05:53 Central European Standard Time : Information : VsHubClient-hubController read: Content-Length: 161

{"jsonrpc":"2.0","id":33,"result":{"RequestId":"b400be85-ca2c-4b44-b5db-abf424e9d0b3","PipeName":"/home/dcap/.ServiceHub/3b830276bf/d8f3e55e3c","IsEmpty":false}}
01/15/2026 22:05:53 Central European Standard Time : Information : Disposing ServiceBroker server '/home/dcap/.ServiceHub/3b830276bf/38fa48a98c'.
01/15/2026 22:05:53 Central European Standard Time : Information : Microsoft.VisualStudio.AspireService-RemoteServiceBrokerServer read: Content-Length: 194

{"jsonrpc":"2.0","id":2,"method":"handshake","params":[{"supportedConnections":"IpcPipe","localServiceHost":{"operatingSystem":1,"processArchitecture":1,"runtime":2,"runtimeVersion":"10.0.0"}}]}
01/15/2026 22:05:53 Central European Standard Time : Information : Microsoft.VisualStudio.AspireService-RemoteServiceBrokerServer write: Content-Length: 38

{"jsonrpc":"2.0","id":2,"result":null}
01/15/2026 22:05:53 Central European Standard Time : Information : VsHubClient-hubController write: Content-Length: 333

{"jsonrpc":"2.0","id":34,"method":"requestServiceChannel","params":[{"Name":"Microsoft.VisualStudio.AspireService","Version":"0.1"},{"ActivationArguments":{"__servicehub__ServiceHubRemoteServiceBrokerPipeName":"/home/dcap/.ServiceHub/3b830276bf/709f04def6"},"ClientCredentials":{},"ClientCulture":"en-US","ClientUICulture":"en-US"}]}
01/15/2026 22:05:53 Central European Standard Time : Information : VsHubClient-hubController read: Content-Length: 161

{"jsonrpc":"2.0","id":34,"result":{"RequestId":"20ac17f2-bd02-4fa8-9bb6-49f0c59450d9","PipeName":"/home/dcap/.ServiceHub/3b830276bf/a99322aa35","IsEmpty":false}}
01/15/2026 22:05:53 Central European Standard Time : Information : Disposing ServiceBroker server '/home/dcap/.ServiceHub/3b830276bf/709f04def6'.
01/15/2026 22:05:53 Central European Standard Time : Information : Microsoft.VisualStudio.AspireService-RemoteServiceBrokerServer read: Content-Length: 194

{"jsonrpc":"2.0","id":2,"method":"handshake","params":[{"supportedConnections":"IpcPipe","localServiceHost":{"operatingSystem":1,"processArchitecture":1,"runtime":2,"runtimeVersion":"10.0.0"}}]}
01/15/2026 22:05:53 Central European Standard Time : Information : Microsoft.VisualStudio.AspireService-RemoteServiceBrokerServer write: Content-Length: 38

{"jsonrpc":"2.0","id":2,"result":null}
01/15/2026 22:07:19 Central European Standard Time : Information : VsHubClient-hubController write: Content-Length: 333

{"jsonrpc":"2.0","id":35,"method":"requestServiceChannel","params":[{"Name":"Microsoft.VisualStudio.AspireService","Version":"0.1"},{"ActivationArguments":{"__servicehub__ServiceHubRemoteServiceBrokerPipeName":"/home/dcap/.ServiceHub/3b830276bf/7357ded920"},"ClientCredentials":{},"ClientCulture":"en-US","ClientUICulture":"en-US"}]}
01/15/2026 22:07:19 Central European Standard Time : Information : VsHubClient-hubController read: Content-Length: 161

{"jsonrpc":"2.0","id":35,"result":{"RequestId":"b6bf5a9f-d88a-46e9-b594-e657c17b81c4","PipeName":"/home/dcap/.ServiceHub/3b830276bf/525240c84b","IsEmpty":false}}
01/15/2026 22:07:19 Central European Standard Time : Information : Disposing ServiceBroker server '/home/dcap/.ServiceHub/3b830276bf/7357ded920'.
01/15/2026 22:07:19 Central European Standard Time : Information : Microsoft.VisualStudio.AspireService-RemoteServiceBrokerServer read: Content-Length: 194

{"jsonrpc":"2.0","id":2,"method":"handshake","params":[{"supportedConnections":"IpcPipe","localServiceHost":{"operatingSystem":1,"processArchitecture":1,"runtime":2,"runtimeVersion":"10.0.0"}}]}
01/15/2026 22:07:19 Central European Standard Time : Information : Microsoft.VisualStudio.AspireService-RemoteServiceBrokerServer write: Content-Length: 38

{"jsonrpc":"2.0","id":2,"result":null}
01/15/2026 22:07:19 Central European Standard Time : Information : VsHubClient-hubController write: Content-Length: 333

{"jsonrpc":"2.0","id":36,"method":"requestServiceChannel","params":[{"Name":"Microsoft.VisualStudio.AspireService","Version":"0.1"},{"ActivationArguments":{"__servicehub__ServiceHubRemoteServiceBrokerPipeName":"/home/dcap/.ServiceHub/3b830276bf/8f6fff6f84"},"ClientCredentials":{},"ClientCulture":"en-US","ClientUICulture":"en-US"}]}
01/15/2026 22:07:19 Central European Standard Time : Information : VsHubClient-hubController read: Content-Length: 161

{"jsonrpc":"2.0","id":36,"result":{"RequestId":"317bc30c-cea5-49fc-bf23-ea4bf0c2965f","PipeName":"/home/dcap/.ServiceHub/3b830276bf/b91075907f","IsEmpty":false}}
01/15/2026 22:07:19 Central European Standard Time : Information : Disposing ServiceBroker server '/home/dcap/.ServiceHub/3b830276bf/8f6fff6f84'.
01/15/2026 22:07:19 Central European Standard Time : Information : Microsoft.VisualStudio.AspireService-RemoteServiceBrokerServer read: Content-Length: 194

{"jsonrpc":"2.0","id":2,"method":"handshake","params":[{"supportedConnections":"IpcPipe","localServiceHost":{"operatingSystem":1,"processArchitecture":1,"runtime":2,"runtimeVersion":"10.0.0"}}]}
01/15/2026 22:07:19 Central European Standard Time : Information : Microsoft.VisualStudio.AspireService-RemoteServiceBrokerServer write: Content-Length: 38

{"jsonrpc":"2.0","id":2,"result":null}
