01/10/2026 13:33:00 Central European Standard Time : Information : Local timezone is (UTC+01:00) Central European Time (Stockholm)
01/10/2026 13:33:08 Central European Standard Time : Information : Service Hub .NET service module host started. Host id: dotnet$C94B8CFE-E3FD-4BAF-A941-2866DBB566FE. Controller pipe: net.pipe://4289743079. PID: 429043
01/10/2026 13:33:09 Central European Standard Time : Information : hubHostClr read: Content-Length: 116

{"jsonrpc":"2.0","id":2,"method":"InitializeHostAsync","params":[{"HostsRootDirectory":".","AppConfigFallback":""}]}
01/10/2026 13:33:11 Central European Standard Time : Information : hubHostClr write: Content-Length: 79

{"jsonrpc":"2.0","id":2,"result":"dotnet$C94B8CFE-E3FD-4BAF-A941-2866DBB566FE"}
01/10/2026 13:33:11 Central European Standard Time : Information : hubHostClr read: Content-Length: 1020

{"jsonrpc":"2.0","id":3,"method":"StartServiceAsync","params":[{"name":"Microsoft.VisualStudio.TestWindow.VSCode.Service","host":"dotnet","hostId":"C94B8CFE-E3FD-4BAF-A941-2866DBB566FE","serviceBaseDirectory":"/home/dcap/.vscode/extensions/ms-dotnettools.csdevkit-1.90.2-linux-x64/components/VSUnitTesting/platforms/linux-x64/node_modules/@microsoft/visualstudio-testwindow-vscode-service.linux-x64","entryPoint":{"assemblyPath":"/home/dcap/.vscode/extensions/ms-dotnettools.csdevkit-1.90.2-linux-x64/components/VSUnitTesting/platforms/linux-x64/node_modules/@microsoft/visualstudio-testwindow-vscode-service.linux-x64/Microsoft.VisualStudio.TestWindow.VSCode.Service.dll","fullClassName":"Microsoft.VisualStudio.TestWindow.VSCode.Service.TestWindowVSCodeServiceFactory"}},{"ActivationArguments":{"__servicehub__ServiceHubRemoteServiceBrokerPipeName":"/home/dcap/.ServiceHub/3b830276bf/501196ed07","__servicehub__RequestedServiceVersion":"0.1"},"ClientCredentials":{},"ClientCulture":"en-US","ClientUICulture":"en-US"}]}
01/10/2026 13:33:20 Central European Standard Time : Information : CLR host received start request for service 'Microsoft.VisualStudio.TestWindow.VSCode.Service'
01/10/2026 13:33:22 Central European Standard Time : Information : Loading service module assembly '/home/dcap/.vscode/extensions/ms-dotnettools.csdevkit-1.90.2-linux-x64/components/VSUnitTesting/platforms/linux-x64/node_modules/@microsoft/visualstudio-testwindow-vscode-service.linux-x64/Microsoft.VisualStudio.TestWindow.VSCode.Service.dll' from '/home/dcap/.vscode/extensions/ms-dotnettools.csdevkit-1.90.2-linux-x64/components/VSUnitTesting/platforms/linux-x64/node_modules/@microsoft/visualstudio-testwindow-vscode-service.linux-x64'
01/10/2026 13:33:23 Central European Standard Time : Information : Starting service module 'Microsoft.VisualStudio.TestWindow.VSCode.Service'. Class: Microsoft.VisualStudio.TestWindow.VSCode.Service.TestWindowVSCodeServiceFactory, Supported Version: 
01/10/2026 13:33:23 Central European Standard Time : Information : Started service 'Microsoft.VisualStudio.TestWindow.VSCode.Service'. Pipe name: /home/dcap/.ServiceHub/3b830276bf/5c81a87da1, Supported Version: 
01/10/2026 13:33:23 Central European Standard Time : Information : hubHostClr write: Content-Length: 80

{"jsonrpc":"2.0","id":3,"result":"/home/dcap/.ServiceHub/3b830276bf/5c81a87da1"}
01/10/2026 13:33:23 Central European Standard Time : Information : A new client connected to CLR service module 'Microsoft.VisualStudio.TestWindow.VSCode.Service'
01/10/2026 13:33:24 Central European Standard Time : Information : hubHostClr write: Content-Length: 110

{"jsonrpc":"2.0","method":"HostServicesStartedAsync","params":["dotnet$C94B8CFE-E3FD-4BAF-A941-2866DBB566FE"]}
01/10/2026 13:33:24 Central European Standard Time : Information : Found FactoryVersion=Version2 for service : Microsoft.VisualStudio.TestWindow.VSCode.Service.
01/10/2026 13:33:24 Central European Standard Time : Information : Service 'Microsoft.VisualStudio.TestWindow.VSCode.Service.TestWindowVSCodeServiceFactory' implements IServiceHubServiceFactory. Creating factory instance and caching it.
01/10/2026 13:33:24 Central European Standard Time : Information : Creating service Microsoft.VisualStudio.TestWindow.VSCode.Service.TestWindowVSCodeServiceFactory from factory with FactoryVersion=Version2 and ClientRequestedVersion=0.1.
01/10/2026 13:33:24 Central European Standard Time : Information : Setting up RPC connection for service 'Microsoft.VisualStudio.TestWindow.VSCode.Service.TestWindowVSCodeServiceFactory' from factory
01/10/2026 13:33:24 Central European Standard Time : Information : Completed RPC connection setup for service 'Microsoft.VisualStudio.TestWindow.VSCode.Service.TestWindowVSCodeServiceFactory' from factory
01/10/2026 13:33:27 Central European Standard Time : Information : hubHostClr read: Content-Length: 1069

{"jsonrpc":"2.0","id":4,"method":"StartServiceAsync","params":[{"name":"Microsoft.VisualStudio.TestWindow.VSCode.ProjectSystemProvider.Service","host":"dotnet","hostId":"C94B8CFE-E3FD-4BAF-A941-2866DBB566FE","serviceBaseDirectory":"/home/dcap/.vscode/extensions/ms-dotnettools.csdevkit-1.90.2-linux-x64/components/VSUnitTesting/platforms/linux-x64/node_modules/@microsoft/visualstudio-testwindow-vscode-service.linux-x64","entryPoint":{"assemblyPath":"/home/dcap/.vscode/extensions/ms-dotnettools.csdevkit-1.90.2-linux-x64/components/VSUnitTesting/platforms/linux-x64/node_modules/@microsoft/visualstudio-testwindow-vscode-service.linux-x64/Microsoft.VisualStudio.TestWindow.VSCode.Service.dll","fullClassName":"Microsoft.VisualStudio.TestWindow.VSCode.ProjectSystemProvider.Service.ProjectSystemProviderServiceFactory"}},{"ActivationArguments":{"__servicehub__ServiceHubRemoteServiceBrokerPipeName":"/home/dcap/.ServiceHub/3b830276bf/b33a7838b2","__servicehub__RequestedServiceVersion":"0.1"},"ClientCredentials":{},"ClientCulture":"en-US","ClientUICulture":"en-US"}]}
01/10/2026 13:33:27 Central European Standard Time : Information : CLR host received start request for service 'Microsoft.VisualStudio.TestWindow.VSCode.ProjectSystemProvider.Service'
01/10/2026 13:33:27 Central European Standard Time : Information : Loading service module assembly '/home/dcap/.vscode/extensions/ms-dotnettools.csdevkit-1.90.2-linux-x64/components/VSUnitTesting/platforms/linux-x64/node_modules/@microsoft/visualstudio-testwindow-vscode-service.linux-x64/Microsoft.VisualStudio.TestWindow.VSCode.Service.dll' from '/home/dcap/.vscode/extensions/ms-dotnettools.csdevkit-1.90.2-linux-x64/components/VSUnitTesting/platforms/linux-x64/node_modules/@microsoft/visualstudio-testwindow-vscode-service.linux-x64'
01/10/2026 13:33:27 Central European Standard Time : Information : Starting service module 'Microsoft.VisualStudio.TestWindow.VSCode.ProjectSystemProvider.Service'. Class: Microsoft.VisualStudio.TestWindow.VSCode.ProjectSystemProvider.Service.ProjectSystemProviderServiceFactory, Supported Version: 
01/10/2026 13:33:27 Central European Standard Time : Information : Started service 'Microsoft.VisualStudio.TestWindow.VSCode.ProjectSystemProvider.Service'. Pipe name: /home/dcap/.ServiceHub/3b830276bf/f00e6a4a23, Supported Version: 
01/10/2026 13:33:27 Central European Standard Time : Information : hubHostClr write: Content-Length: 80

{"jsonrpc":"2.0","id":4,"result":"/home/dcap/.ServiceHub/3b830276bf/f00e6a4a23"}
01/10/2026 13:33:27 Central European Standard Time : Information : A new client connected to CLR service module 'Microsoft.VisualStudio.TestWindow.VSCode.ProjectSystemProvider.Service'
01/10/2026 13:33:27 Central European Standard Time : Information : Found FactoryVersion=Version2 for service : Microsoft.VisualStudio.TestWindow.VSCode.ProjectSystemProvider.Service.
01/10/2026 13:33:27 Central European Standard Time : Information : Service 'Microsoft.VisualStudio.TestWindow.VSCode.ProjectSystemProvider.Service.ProjectSystemProviderServiceFactory' implements IServiceHubServiceFactory. Creating factory instance and caching it.
01/10/2026 13:33:27 Central European Standard Time : Information : Creating service Microsoft.VisualStudio.TestWindow.VSCode.ProjectSystemProvider.Service.ProjectSystemProviderServiceFactory from factory with FactoryVersion=Version2 and ClientRequestedVersion=0.1.
01/10/2026 13:33:27 Central European Standard Time : Information : Setting up RPC connection for service 'Microsoft.VisualStudio.TestWindow.VSCode.ProjectSystemProvider.Service.ProjectSystemProviderServiceFactory' from factory
01/10/2026 13:33:27 Central European Standard Time : Information : Completed RPC connection setup for service 'Microsoft.VisualStudio.TestWindow.VSCode.ProjectSystemProvider.Service.ProjectSystemProviderServiceFactory' from factory
