2026-01-25 21:42:06.318 [info] Extension host with pid 549947 started
2026-01-25 21:42:06.318 [info] Skipping acquiring lock for /home/dcap/.config/Code/User/workspaceStorage/2113f182dd59632cd505242417c74a0d.
2026-01-25 21:42:06.454 [info] ExtensionService#_doActivateExtension vscode.github-authentication, startup: false, activationEvent: 'onAuthenticationRequest:github'
2026-01-25 21:42:06.512 [info] ExtensionService#_doActivateExtension vscode.git-base, startup: true, activationEvent: '*', root cause: vscode.git
2026-01-25 21:42:06.516 [info] ExtensionService#_doActivateExtension IgorSbitnev.error-gutters, startup: true, activationEvent: '*'
2026-01-25 21:42:06.552 [info] ExtensionService#_doActivateExtension vscode.git, startup: true, activationEvent: '*'
2026-01-25 21:42:06.623 [info] ExtensionService#_doActivateExtension vscode.github, startup: true, activationEvent: '*'
2026-01-25 21:42:06.652 [info] ExtensionService#_doActivateExtension ms-dotnettools.vscode-dotnet-runtime, startup: true, activationEvent: 'workspaceContains:**/*.csproj', root cause: ms-dotnettools.csdevkit
2026-01-25 21:42:06.849 [info] ExtensionService#_doActivateExtension ms-dotnettools.csdevkit, startup: true, activationEvent: 'workspaceContains:**/*.csproj'
2026-01-25 21:42:07.019 [info] ExtensionService#_doActivateExtension ms-dotnettools.csharp, startup: true, activationEvent: 'workspaceContains:**/*.{csproj,csx,cake}'
2026-01-25 21:42:07.377 [info] ExtensionService#_doActivateExtension vscode.emmet, startup: false, activationEvent: 'onLanguage'
2026-01-25 21:42:07.397 [info] ExtensionService#_doActivateExtension RooVeterinaryInc.roo-cline, startup: false, activationEvent: 'onLanguage'
2026-01-25 21:42:08.830 [info] Eager extensions activated
2026-01-25 21:42:08.902 [info] ExtensionService#_doActivateExtension vscode.debug-auto-launch, startup: false, activationEvent: 'onStartupFinished'
2026-01-25 21:42:08.904 [info] ExtensionService#_doActivateExtension vscode.merge-conflict, startup: false, activationEvent: 'onStartupFinished'
2026-01-25 21:42:08.926 [info] ExtensionService#_doActivateExtension biomejs.biome, startup: false, activationEvent: 'onStartupFinished'
2026-01-25 21:42:08.968 [info] ExtensionService#_doActivateExtension Catppuccin.catppuccin-vsc, startup: false, activationEvent: 'onStartupFinished'
2026-01-25 21:42:08.973 [info] ExtensionService#_doActivateExtension Catppuccin.catppuccin-vsc-icons, startup: false, activationEvent: 'onStartupFinished'
2026-01-25 21:42:09.112 [info] ExtensionService#_doActivateExtension usernamehw.errorlens, startup: false, activationEvent: 'onStartupFinished'
2026-01-25 21:42:09.130 [info] ExtensionService#_doActivateExtension vscode.microsoft-authentication, startup: false, activationEvent: 'onAuthenticationRequest:microsoft'
2026-01-25 21:42:09.506 [info] ExtensionService#_doActivateExtension vscode.configuration-editing, startup: false, activationEvent: 'onLanguage:jsonc'
2026-01-25 21:42:09.517 [info] ExtensionService#_doActivateExtension vscode.json-language-features, startup: false, activationEvent: 'onLanguage:jsonc'
2026-01-25 21:42:09.586 [info] ExtensionService#_doActivateExtension vscode.typescript-language-features, startup: false, activationEvent: 'onLanguage:jsonc'
2026-01-25 21:42:11.677 [warning] DiagnosticCollection with name 'HotReloadDiagnostics' does already exist.
2026-01-25 21:42:11.679 [warning] DiagnosticCollection with name 'XamlDiagnostics' does already exist.
2026-01-25 21:46:35.177 [info] ExtensionService#_doActivateExtension sst-dev.opencode, startup: false, activationEvent: 'onCommand:opencode.openTerminal'
2026-01-25 21:46:35.798 [info] ExtensionService#_doActivateExtension vscode.terminal-suggest, startup: false, activationEvent: 'onTerminalShellIntegration:*'
