2026-01-04 22:37:49.729 [info] update#setState idle
2026-01-04 22:38:19.732 [info] update#setState checking for updates
2026-01-04 22:38:19.764 [info] update#setState idle
2026-01-05 00:08:44.978 [info] update#setState checking for updates
2026-01-05 00:08:45.119 [info] update#setState idle
2026-01-06 10:35:38.033 [info] update#setState checking for updates
2026-01-06 10:35:38.105 [info] update#setState idle
2026-01-06 13:51:35.999 [info] update#setState checking for updates
2026-01-06 13:51:36.066 [info] update#setState idle
2026-01-06 15:33:51.676 [info] update#setState checking for updates
2026-01-06 15:33:51.747 [info] update#setState idle
2026-01-06 19:42:14.391 [info] update#setState checking for updates
2026-01-06 19:42:14.459 [info] update#setState idle
2026-01-06 22:11:25.999 [info] update#setState checking for updates
2026-01-06 22:11:26.064 [info] update#setState idle
2026-01-06 23:11:26.002 [info] update#setState checking for updates
2026-01-06 23:11:26.055 [info] update#setState idle
2026-01-07 00:11:26.005 [info] update#setState checking for updates
2026-01-07 00:11:26.063 [info] update#setState idle
2026-01-07 01:11:26.010 [info] update#setState checking for updates
2026-01-07 01:11:26.055 [info] update#setState idle
2026-01-07 02:11:26.013 [info] update#setState checking for updates
2026-01-07 02:11:26.078 [info] update#setState idle
2026-01-07 03:11:26.014 [info] update#setState checking for updates
2026-01-07 03:11:26.065 [info] update#setState idle
2026-01-07 04:11:26.015 [info] update#setState checking for updates
2026-01-07 04:11:26.070 [info] update#setState idle
2026-01-07 05:11:26.017 [info] update#setState checking for updates
2026-01-07 05:11:26.066 [info] update#setState idle
2026-01-07 06:11:26.019 [info] update#setState checking for updates
2026-01-07 06:11:26.143 [info] update#setState idle
2026-01-07 07:11:26.022 [info] update#setState checking for updates
2026-01-07 07:11:26.076 [info] update#setState idle
2026-01-07 08:11:26.023 [info] update#setState checking for updates
2026-01-07 08:11:26.073 [info] update#setState idle
2026-01-07 09:11:26.025 [info] update#setState checking for updates
2026-01-07 09:11:26.142 [info] update#setState idle
2026-01-07 10:11:26.026 [info] update#setState checking for updates
2026-01-07 10:11:26.078 [info] update#setState idle
2026-01-07 11:11:26.029 [info] update#setState checking for updates
2026-01-07 11:11:26.164 [info] update#setState idle
2026-01-07 12:11:26.030 [info] update#setState checking for updates
2026-01-07 12:11:26.082 [info] update#setState idle
2026-01-07 13:11:26.031 [info] update#setState checking for updates
2026-01-07 13:11:26.083 [info] update#setState idle
2026-01-07 14:11:26.032 [info] update#setState checking for updates
2026-01-07 14:11:26.086 [info] update#setState idle
2026-01-07 15:25:22.858 [info] update#setState checking for updates
2026-01-07 15:25:22.937 [info] update#setState idle
2026-01-07 16:30:44.926 [info] update#setState checking for updates
2026-01-07 16:30:44.995 [info] update#setState idle
2026-01-07 17:33:51.103 [info] update#setState checking for updates
2026-01-07 17:33:51.190 [info] update#setState idle
2026-01-07 22:13:25.876 [info] update#setState checking for updates
2026-01-07 22:13:25.950 [info] update#setState idle
2026-01-07 22:19:13.979 [info] Extension host with pid 1969 exited with code: 0, signal: unknown.
2026-01-07 23:18:59.693 [info] update#setState checking for updates
2026-01-07 23:18:59.762 [info] update#setState idle
2026-01-08 09:28:30.517 [info] update#setState checking for updates
2026-01-08 09:28:30.604 [info] update#setState idle
2026-01-08 13:53:31.881 [info] update#setState checking for updates
2026-01-08 13:53:31.985 [info] update#setState idle
2026-01-08 16:17:06.734 [info] update#setState checking for updates
2026-01-08 16:17:06.807 [info] update#setState idle
2026-01-08 19:56:06.150 [info] update#setState checking for updates
2026-01-08 19:56:06.237 [info] update#setState idle
2026-01-08 21:03:46.523 [info] update#setState checking for updates
2026-01-08 21:03:46.600 [info] update#setState idle
2026-01-08 22:03:46.526 [info] update#setState checking for updates
2026-01-08 22:03:46.590 [info] update#setState idle
2026-01-08 23:03:46.529 [info] update#setState checking for updates
2026-01-08 23:03:46.590 [info] update#setState idle
2026-01-09 09:40:57.850 [info] update#setState checking for updates
2026-01-09 09:40:57.941 [info] update#setState available for download
2026-01-09 15:09:01.721 [warning] No ptyHost heartbeat after 6 seconds
2026-01-10 13:26:47.845 [warning] No ptyHost heartbeat after 6 seconds
2026-01-10 13:26:57.892 [error] CodeWindow: renderer process gone (reason: clean-exit, code: <unknown>)
