2026-01-25 21:42:07.373 [info] [main] Log level: Info
2026-01-25 21:42:07.373 [info] [main] Validating found git in: "git"
2026-01-25 21:42:07.373 [info] [main] Using git "2.52.0" from "git"
2026-01-25 21:42:07.373 [info] [Model][doInitialScan] Initial repository scan started
2026-01-25 21:42:07.373 [info] > git rev-parse --show-toplevel [13ms]
2026-01-25 21:42:07.373 [info] > git rev-parse --git-dir --git-common-dir --show-superproject-working-tree [10ms]
2026-01-25 21:42:07.373 [info] [Model][openRepository] Opened repository (path): /home/dcap/git/Creel
2026-01-25 21:42:07.373 [info] [Model][openRepository] Opened repository (real path): /home/dcap/git/Creel
2026-01-25 21:42:07.373 [info] [Model][openRepository] Opened repository (kind): repository
2026-01-25 21:42:07.374 [info] > git rev-parse --show-toplevel [8ms]
2026-01-25 21:42:07.375 [info] > git config --get commit.template [12ms]
2026-01-25 21:42:08.679 [info] > git check-ignore -v -z --stdin [35ms]
2026-01-25 21:42:08.680 [info] > git rev-parse --show-toplevel [49ms]
2026-01-25 21:42:08.680 [info] [Model][doInitialScan] Initial repository scan completed - repositories (1), closed repositories (0), parent repositories (0), unsafe repositories (0)
2026-01-25 21:42:08.685 [info] > git for-each-ref --format=%(refname)%00%(upstream:short)%00%(objectname)%00%(upstream:track)%00%(upstream:remotename)%00%(upstream:remoteref) refs/heads/main refs/remotes/main [7ms]
2026-01-25 21:42:08.690 [warning] [Git][revParse] Unable to read file: ENOENT: no such file or directory, open '/home/dcap/git/Creel/.git/refs/remotes/origin/main'
2026-01-25 21:42:08.691 [info] > git rev-parse refs/remotes/origin/main [1ms]
2026-01-25 21:42:08.704 [info] > git status -z -uall [7ms]
2026-01-25 21:42:08.706 [info] > git for-each-ref --sort -committerdate --format %(refname)%00%(objectname)%00%(*objectname) [3ms]
2026-01-25 21:42:08.727 [info] > git for-each-ref --format=%(refname)%00%(upstream:short)%00%(objectname)%00%(upstream:track)%00%(upstream:remotename)%00%(upstream:remoteref) refs/heads/main refs/remotes/main [9ms]
2026-01-25 21:42:08.741 [info] > git config --get --local branch.main.vscode-merge-base [7ms]
2026-01-25 21:42:08.747 [info] > git config --get commit.template [19ms]
2026-01-25 21:42:08.748 [info] > git for-each-ref --format=%(refname)%00%(upstream:short)%00%(objectname)%00%(upstream:track)%00%(upstream:remotename)%00%(upstream:remoteref) refs/heads/origin/main refs/remotes/origin/main [2ms]
2026-01-25 21:42:08.762 [info] > git merge-base refs/heads/main refs/remotes/origin/main [8ms]
2026-01-25 21:42:08.768 [info] > git for-each-ref --format=%(refname)%00%(upstream:short)%00%(objectname)%00%(upstream:track)%00%(upstream:remotename)%00%(upstream:remoteref) refs/heads/main refs/remotes/main [6ms]
2026-01-25 21:42:08.772 [warning] [Git][revParse] Unable to read file: ENOENT: no such file or directory, open '/home/dcap/git/Creel/.git/refs/remotes/origin/main'
2026-01-25 21:42:08.773 [info] > git diff --name-status -z --diff-filter=ADMR --find-renames=50% ff6a44c69d6717d15a908c865f1c7df87ceeee89...refs/remotes/origin/main -- [4ms]
2026-01-25 21:42:08.774 [info] > git rev-parse refs/remotes/origin/main [1ms]
2026-01-25 21:42:08.788 [info] > git status -z -uall [9ms]
2026-01-25 21:42:08.845 [info] > git for-each-ref --sort -committerdate --format %(refname)%00%(objectname)%00%(*objectname) [58ms]
2026-01-25 21:42:18.339 [info] > git config --get commit.template [8ms]
2026-01-25 21:42:18.340 [info] > git for-each-ref --format=%(refname)%00%(upstream:short)%00%(objectname)%00%(upstream:track)%00%(upstream:remotename)%00%(upstream:remoteref) refs/heads/main refs/remotes/main [2ms]
2026-01-25 21:42:18.347 [warning] [Git][revParse] Unable to read file: ENOENT: no such file or directory, open '/home/dcap/git/Creel/.git/refs/remotes/origin/main'
2026-01-25 21:42:18.349 [info] > git rev-parse refs/remotes/origin/main [1ms]
2026-01-25 21:42:18.364 [info] > git status -z -uall [8ms]
2026-01-25 21:42:18.366 [info] > git for-each-ref --sort -committerdate --format %(refname)%00%(objectname)%00%(*objectname) [3ms]
2026-01-25 21:42:18.382 [info] > git check-ignore -v -z --stdin [2ms]
2026-01-25 21:42:23.070 [info] > git check-ignore -v -z --stdin [4ms]
2026-01-25 21:42:29.668 [info] > git config --get commit.template [17ms]
2026-01-25 21:42:29.671 [info] > git for-each-ref --format=%(refname)%00%(upstream:short)%00%(objectname)%00%(upstream:track)%00%(upstream:remotename)%00%(upstream:remoteref) refs/heads/main refs/remotes/main [4ms]
2026-01-25 21:42:29.685 [warning] [Git][revParse] Unable to read file: ENOENT: no such file or directory, open '/home/dcap/git/Creel/.git/refs/remotes/origin/main'
2026-01-25 21:42:29.688 [info] > git rev-parse refs/remotes/origin/main [3ms]
2026-01-25 21:42:29.718 [info] > git status -z -uall [14ms]
2026-01-25 21:42:29.719 [info] > git for-each-ref --sort -committerdate --format %(refname)%00%(objectname)%00%(*objectname) [2ms]
2026-01-25 21:43:22.972 [info] > git show --textconv :tests/Creel.Api.Tests/UnitTest1.cs [9ms]
2026-01-25 21:43:22.986 [info] > git hash-object -t tree /dev/null [4ms]
2026-01-25 21:43:22.986 [warning] [GitFileSystemProvider][readFile] File not found - git:/home/dcap/git/Creel/tests/Creel.Api.Tests/UnitTest1.cs.git?%7B%22path%22%3A%22%2Fhome%2Fdcap%2Fgit%2FCreel%2Ftests%2FCreel.Api.Tests%2FUnitTest1.cs%22%2C%22ref%22%3A%22%22%7D
2026-01-25 21:43:22.989 [info] > git ls-files --stage -- tests/Creel.Api.Tests/UnitTest1.cs [16ms]
2026-01-25 21:43:22.989 [warning] [GitFileSystemProvider][stat] File not found - git:/home/dcap/git/Creel/tests/Creel.Api.Tests/UnitTest1.cs.git?%7B%22path%22%3A%22%2Fhome%2Fdcap%2Fgit%2FCreel%2Ftests%2FCreel.Api.Tests%2FUnitTest1.cs%22%2C%22ref%22%3A%22%22%7D
2026-01-25 21:43:24.056 [info] > git config --get commit.template [11ms]
2026-01-25 21:43:24.056 [info] > git for-each-ref --format=%(refname)%00%(upstream:short)%00%(objectname)%00%(upstream:track)%00%(upstream:remotename)%00%(upstream:remoteref) refs/heads/main refs/remotes/main [2ms]
2026-01-25 21:43:24.065 [warning] [Git][revParse] Unable to read file: ENOENT: no such file or directory, open '/home/dcap/git/Creel/.git/refs/remotes/origin/main'
2026-01-25 21:43:24.067 [info] > git rev-parse refs/remotes/origin/main [2ms]
2026-01-25 21:43:24.082 [info] > git status -z -uall [6ms]
2026-01-25 21:43:24.083 [info] > git for-each-ref --sort -committerdate --format %(refname)%00%(objectname)%00%(*objectname) [2ms]
2026-01-25 21:43:29.098 [info] > git config --get commit.template [5ms]
2026-01-25 21:43:29.099 [info] > git for-each-ref --format=%(refname)%00%(upstream:short)%00%(objectname)%00%(upstream:track)%00%(upstream:remotename)%00%(upstream:remoteref) refs/heads/main refs/remotes/main [1ms]
2026-01-25 21:43:29.104 [warning] [Git][revParse] Unable to read file: ENOENT: no such file or directory, open '/home/dcap/git/Creel/.git/refs/remotes/origin/main'
2026-01-25 21:43:29.105 [info] > git rev-parse refs/remotes/origin/main [2ms]
2026-01-25 21:43:29.115 [info] > git status -z -uall [6ms]
2026-01-25 21:43:29.116 [info] > git for-each-ref --sort -committerdate --format %(refname)%00%(objectname)%00%(*objectname) [1ms]
2026-01-25 21:45:31.800 [info] > git log --format=%H%n%aN%n%aE%n%at%n%ct%n%P%n%D%n%B -z --shortstat --diff-merges=first-parent -n50 --skip=0 --topo-order --decorate=full --stdin [1ms]
2026-01-25 21:45:31.963 [info] > git merge-base main origin/main [2ms]
2026-01-25 21:45:32.406 [info] > git check-ignore -v -z --stdin [4ms]
2026-01-25 21:45:37.452 [info] > git check-ignore -v -z --stdin [2ms]
2026-01-25 21:45:43.217 [info] > git config --get commit.template [5ms]
2026-01-25 21:45:43.218 [info] > git for-each-ref --format=%(refname)%00%(upstream:short)%00%(objectname)%00%(upstream:track)%00%(upstream:remotename)%00%(upstream:remoteref) refs/heads/main refs/remotes/main [1ms]
2026-01-25 21:45:43.223 [warning] [Git][revParse] Unable to read file: ENOENT: no such file or directory, open '/home/dcap/git/Creel/.git/refs/remotes/origin/main'
2026-01-25 21:45:43.224 [info] > git rev-parse refs/remotes/origin/main [1ms]
2026-01-25 21:45:43.235 [info] > git status -z -uall [6ms]
2026-01-25 21:45:43.236 [info] > git for-each-ref --sort -committerdate --format %(refname)%00%(objectname)%00%(*objectname) [2ms]
2026-01-25 21:45:51.996 [info] > git config --get commit.template [16ms]
2026-01-25 21:45:51.998 [info] > git for-each-ref --format=%(refname)%00%(upstream:short)%00%(objectname)%00%(upstream:track)%00%(upstream:remotename)%00%(upstream:remoteref) refs/heads/main refs/remotes/main [4ms]
2026-01-25 21:45:52.012 [warning] [Git][revParse] Unable to read file: ENOENT: no such file or directory, open '/home/dcap/git/Creel/.git/refs/remotes/origin/main'
2026-01-25 21:45:52.017 [info] > git rev-parse refs/remotes/origin/main [5ms]
2026-01-25 21:45:52.039 [info] > git status -z -uall [10ms]
2026-01-25 21:45:52.040 [info] > git for-each-ref --sort -committerdate --format %(refname)%00%(objectname)%00%(*objectname) [3ms]
2026-01-25 21:46:37.828 [info] > git config --get commit.template [4ms]
2026-01-25 21:46:37.842 [info] > git for-each-ref --format=%(refname)%00%(upstream:short)%00%(objectname)%00%(upstream:track)%00%(upstream:remotename)%00%(upstream:remoteref) refs/heads/main refs/remotes/main [2ms]
2026-01-25 21:46:37.850 [warning] [Git][revParse] Unable to read file: ENOENT: no such file or directory, open '/home/dcap/git/Creel/.git/refs/remotes/origin/main'
2026-01-25 21:46:37.851 [info] > git rev-parse refs/remotes/origin/main [1ms]
2026-01-25 21:46:37.866 [info] > git status -z -uall [7ms]
2026-01-25 21:46:37.867 [info] > git for-each-ref --sort -committerdate --format %(refname)%00%(objectname)%00%(*objectname) [2ms]
2026-01-25 21:47:49.972 [info] > git check-ignore -v -z --stdin [7ms]
2026-01-25 21:48:01.084 [info] > git config --get commit.template [5ms]
2026-01-25 21:48:01.085 [info] > git for-each-ref --format=%(refname)%00%(upstream:short)%00%(objectname)%00%(upstream:track)%00%(upstream:remotename)%00%(upstream:remoteref) refs/heads/main refs/remotes/main [2ms]
2026-01-25 21:48:01.089 [warning] [Git][revParse] Unable to read file: ENOENT: no such file or directory, open '/home/dcap/git/Creel/.git/refs/remotes/origin/main'
2026-01-25 21:48:01.090 [info] > git rev-parse refs/remotes/origin/main [1ms]
2026-01-25 21:48:01.100 [info] > git status -z -uall [6ms]
2026-01-25 21:48:01.101 [info] > git for-each-ref --sort -committerdate --format %(refname)%00%(objectname)%00%(*objectname) [2ms]
