2026-01-25 21:38:00.520 [info] Reading sessions from keychain...
2026-01-25 21:38:00.520 [info] Getting sessions for all scopes...
2026-01-25 21:38:00.520 [info] Got 0 sessions for ...
2026-01-25 21:38:00.520 [info] Getting sessions for all scopes...
2026-01-25 21:38:00.520 [info] Got 0 sessions for ...
2026-01-25 21:38:00.520 [info] Getting sessions for all scopes...
2026-01-25 21:38:00.520 [info] Got 0 sessions for ...
2026-01-25 21:38:00.520 [info] Getting sessions for all scopes...
2026-01-25 21:38:00.520 [info] Got 0 sessions for ...
2026-01-25 21:38:00.520 [info] Getting sessions for all scopes...
2026-01-25 21:38:00.520 [info] Got 0 sessions for ...
2026-01-25 21:38:00.520 [info] Getting sessions for all scopes...
2026-01-25 21:38:00.520 [info] Got 0 sessions for ...
2026-01-25 21:38:00.520 [info] Getting sessions for all scopes...
2026-01-25 21:38:00.520 [info] Got 0 sessions for ...
2026-01-25 21:38:00.520 [info] Getting sessions for all scopes...
2026-01-25 21:38:00.520 [info] Got 0 sessions for ...
2026-01-25 21:38:00.520 [info] Getting sessions for all scopes...
2026-01-25 21:38:00.520 [info] Got 0 sessions for ...
2026-01-25 21:38:00.520 [info] Getting sessions for all scopes...
2026-01-25 21:38:00.520 [info] Got 0 sessions for ...
2026-01-25 21:38:00.520 [info] Getting sessions for all scopes...
2026-01-25 21:38:00.520 [info] Got 0 sessions for ...
2026-01-25 21:38:00.520 [info] Getting sessions for all scopes...
2026-01-25 21:38:00.520 [info] Got 0 sessions for ...
2026-01-25 21:38:00.520 [info] Getting sessions for all scopes...
2026-01-25 21:38:00.520 [info] Got 0 sessions for ...
2026-01-25 21:38:00.520 [info] Getting sessions for all scopes...
2026-01-25 21:38:00.520 [info] Got 0 sessions for ...
2026-01-25 21:38:00.520 [info] Getting sessions for all scopes...
2026-01-25 21:38:00.520 [info] Got 0 sessions for ...
2026-01-25 21:38:00.520 [info] Getting sessions for all scopes...
2026-01-25 21:38:00.520 [info] Got 0 sessions for ...
2026-01-25 21:38:02.295 [info] Getting sessions for all scopes...
2026-01-25 21:38:02.295 [info] Got 0 sessions for ...
2026-01-25 21:38:04.551 [info] Getting sessions for read:user,repo,user:email,workflow...
2026-01-25 21:38:04.551 [info] Got 0 sessions for read:user,repo,user:email,workflow...
