2026-01-10 13:32:51.765 [info] Extension host with pid 428566 started
2026-01-10 13:32:51.765 [info] Skipping acquiring lock for /home/dcap/.config/Code/User/workspaceStorage/68c390d2924b4106b0677bcf755d4ad4.
2026-01-10 13:32:52.384 [info] ExtensionService#_doActivateExtension vscode.github-authentication, startup: false, activationEvent: 'onAuthenticationRequest:github'
2026-01-10 13:32:52.418 [info] ExtensionService#_doActivateExtension vscode.emmet, startup: false, activationEvent: 'onLanguage'
2026-01-10 13:32:52.439 [info] ExtensionService#_doActivateExtension RooVeterinaryInc.roo-cline, startup: false, activationEvent: 'onLanguage'
2026-01-10 13:32:53.783 [info] ExtensionService#_doActivateExtension vscode.extension-editing, startup: false, activationEvent: 'onLanguage:markdown'
2026-01-10 13:32:53.801 [info] ExtensionService#_doActivateExtension vscode.markdown-language-features, startup: false, activationEvent: 'onLanguage:markdown'
2026-01-10 13:32:53.904 [info] ExtensionService#_doActivateExtension DavidAnson.vscode-markdownlint, startup: false, activationEvent: 'onLanguage:markdown'
2026-01-10 13:32:53.965 [info] ExtensionService#_doActivateExtension yzhang.markdown-all-in-one, startup: false, activationEvent: 'onLanguage:markdown'
2026-01-10 13:32:54.155 [info] ExtensionService#_doActivateExtension vscode.markdown-math, startup: false, activationEvent: 'api', root cause: yzhang.markdown-all-in-one
2026-01-10 13:32:54.165 [info] ExtensionService#_doActivateExtension vscode.git-base, startup: true, activationEvent: '*', root cause: vscode.git
2026-01-10 13:32:54.168 [info] ExtensionService#_doActivateExtension IgorSbitnev.error-gutters, startup: true, activationEvent: '*'
2026-01-10 13:32:54.174 [info] ExtensionService#_doActivateExtension vscode.terminal-suggest, startup: false, activationEvent: 'onTerminalShellIntegration:*'
2026-01-10 13:32:54.291 [info] ExtensionService#_doActivateExtension bierner.markdown-mermaid, startup: false, activationEvent: 'api', root cause: yzhang.markdown-all-in-one
2026-01-10 13:32:54.340 [info] ExtensionService#_doActivateExtension vscode.git, startup: true, activationEvent: '*'
2026-01-10 13:32:54.408 [info] ExtensionService#_doActivateExtension vscode.github, startup: true, activationEvent: '*'
2026-01-10 13:32:54.527 [info] ExtensionService#_doActivateExtension ms-dotnettools.vscode-dotnet-runtime, startup: true, activationEvent: 'workspaceContains:**/*.{csproj,csx,cake}', root cause: ms-dotnettools.csharp
2026-01-10 13:32:54.830 [info] ExtensionService#_doActivateExtension ms-dotnettools.csharp, startup: true, activationEvent: 'workspaceContains:**/*.{csproj,csx,cake}'
2026-01-10 13:32:55.089 [info] ExtensionService#_doActivateExtension ms-dotnettools.csdevkit, startup: true, activationEvent: 'workspaceContains:**/*.csproj'
2026-01-10 13:32:55.587 [info] Eager extensions activated
2026-01-10 13:32:55.628 [info] ExtensionService#_doActivateExtension vscode.debug-auto-launch, startup: false, activationEvent: 'onStartupFinished'
2026-01-10 13:32:55.631 [info] ExtensionService#_doActivateExtension vscode.merge-conflict, startup: false, activationEvent: 'onStartupFinished'
2026-01-10 13:32:55.663 [info] ExtensionService#_doActivateExtension biomejs.biome, startup: false, activationEvent: 'onStartupFinished'
2026-01-10 13:32:55.709 [info] ExtensionService#_doActivateExtension Catppuccin.catppuccin-vsc, startup: false, activationEvent: 'onStartupFinished'
2026-01-10 13:32:55.716 [info] ExtensionService#_doActivateExtension Catppuccin.catppuccin-vsc-icons, startup: false, activationEvent: 'onStartupFinished'
2026-01-10 13:32:55.870 [info] ExtensionService#_doActivateExtension usernamehw.errorlens, startup: false, activationEvent: 'onStartupFinished'
2026-01-10 13:32:55.911 [info] ExtensionService#_doActivateExtension vscode.microsoft-authentication, startup: false, activationEvent: 'onAuthenticationRequest:microsoft'
2026-01-10 13:32:56.363 [info] ExtensionService#_doActivateExtension vscode.configuration-editing, startup: false, activationEvent: 'onLanguage:jsonc'
2026-01-10 13:32:56.372 [info] ExtensionService#_doActivateExtension vscode.json-language-features, startup: false, activationEvent: 'onLanguage:jsonc'
2026-01-10 13:32:56.447 [info] ExtensionService#_doActivateExtension vscode.typescript-language-features, startup: false, activationEvent: 'onLanguage:jsonc'
2026-01-10 13:33:00.330 [warning] DiagnosticCollection with name 'HotReloadDiagnostics' does already exist.
2026-01-10 13:33:00.332 [warning] DiagnosticCollection with name 'XamlDiagnostics' does already exist.
2026-01-11 15:32:20.016 [info] ExtensionService#_doActivateExtension ms-vscode-remote.remote-ssh, startup: false, activationEvent: 'onCommand:opensshremotes.openEmptyWindow'
2026-01-11 15:32:20.186 [info] ExtensionService#_doActivateExtension ms-vscode.remote-explorer, startup: false, activationEvent: 'onCommand:remote-internal.setActiveFolders'
2026-01-12 07:55:25.574 [warning] ms-dotnettools.csharp - Code actions of kind 'quickfix' requested but returned code action is of kind 'refactor'. Code action will be dropped. Please check 'CodeActionContext.only' to only return requested code actions.
2026-01-12 07:55:25.580 [warning] ms-dotnettools.csharp - Code actions of kind 'quickfix' requested but returned code action is of kind 'refactor.extract'. Code action will be dropped. Please check 'CodeActionContext.only' to only return requested code actions.
2026-01-12 07:55:25.580 [warning] ms-dotnettools.csharp - Code actions of kind 'quickfix' requested but returned code action is of kind 'refactor.extract'. Code action will be dropped. Please check 'CodeActionContext.only' to only return requested code actions.
2026-01-12 07:55:37.867 [warning] ms-dotnettools.csharp - Code actions of kind 'quickfix' requested but returned code action is of kind 'refactor'. Code action will be dropped. Please check 'CodeActionContext.only' to only return requested code actions.
2026-01-12 07:55:37.867 [warning] ms-dotnettools.csharp - Code actions of kind 'quickfix' requested but returned code action is of kind 'refactor.extract'. Code action will be dropped. Please check 'CodeActionContext.only' to only return requested code actions.
2026-01-12 07:55:37.867 [warning] ms-dotnettools.csharp - Code actions of kind 'quickfix' requested but returned code action is of kind 'refactor.extract'. Code action will be dropped. Please check 'CodeActionContext.only' to only return requested code actions.
2026-01-12 07:55:54.337 [warning] ms-dotnettools.csharp - Code actions of kind 'quickfix' requested but returned code action is of kind 'refactor'. Code action will be dropped. Please check 'CodeActionContext.only' to only return requested code actions.
2026-01-12 07:55:54.337 [warning] ms-dotnettools.csharp - Code actions of kind 'quickfix' requested but returned code action is of kind 'refactor.extract'. Code action will be dropped. Please check 'CodeActionContext.only' to only return requested code actions.
2026-01-12 07:55:54.337 [warning] ms-dotnettools.csharp - Code actions of kind 'quickfix' requested but returned code action is of kind 'refactor.extract'. Code action will be dropped. Please check 'CodeActionContext.only' to only return requested code actions.
2026-01-12 07:57:00.276 [warning] ms-dotnettools.csharp - Code actions of kind 'quickfix' requested but returned code action is of kind 'refactor'. Code action will be dropped. Please check 'CodeActionContext.only' to only return requested code actions.
2026-01-12 07:57:00.282 [warning] ms-dotnettools.csharp - Code actions of kind 'quickfix' requested but returned code action is of kind 'refactor.extract'. Code action will be dropped. Please check 'CodeActionContext.only' to only return requested code actions.
2026-01-12 07:57:00.282 [warning] ms-dotnettools.csharp - Code actions of kind 'quickfix' requested but returned code action is of kind 'refactor.extract'. Code action will be dropped. Please check 'CodeActionContext.only' to only return requested code actions.
2026-01-12 08:02:47.585 [info] ExtensionService#_doActivateExtension vscode.references-view, startup: false, activationEvent: 'onCommand:editor.action.showReferences'
2026-01-12 20:03:49.481 [warning] ms-dotnettools.csharp - Code actions of kind 'quickfix' requested but returned code action is of kind 'refactor'. Code action will be dropped. Please check 'CodeActionContext.only' to only return requested code actions.
2026-01-12 20:03:49.481 [warning] ms-dotnettools.csharp - Code actions of kind 'quickfix' requested but returned code action is of kind 'refactor'. Code action will be dropped. Please check 'CodeActionContext.only' to only return requested code actions.
2026-01-12 20:03:49.481 [warning] ms-dotnettools.csharp - Code actions of kind 'quickfix' requested but returned code action is of kind 'refactor.extract'. Code action will be dropped. Please check 'CodeActionContext.only' to only return requested code actions.
2026-01-13 20:17:29.366 [warning] ms-dotnettools.csharp - Code actions of kind 'quickfix' requested but returned code action is of kind 'refactor'. Code action will be dropped. Please check 'CodeActionContext.only' to only return requested code actions.
2026-01-13 20:17:29.366 [warning] ms-dotnettools.csharp - Code actions of kind 'quickfix' requested but returned code action is of kind 'refactor'. Code action will be dropped. Please check 'CodeActionContext.only' to only return requested code actions.
2026-01-13 20:17:39.938 [warning] ms-dotnettools.csharp - Code actions of kind 'quickfix' requested but returned code action is of kind 'refactor'. Code action will be dropped. Please check 'CodeActionContext.only' to only return requested code actions.
2026-01-13 20:17:39.938 [warning] ms-dotnettools.csharp - Code actions of kind 'quickfix' requested but returned code action is of kind 'refactor'. Code action will be dropped. Please check 'CodeActionContext.only' to only return requested code actions.
2026-01-13 20:17:41.190 [warning] ms-dotnettools.csharp - Code actions of kind 'quickfix' requested but returned code action is of kind 'refactor'. Code action will be dropped. Please check 'CodeActionContext.only' to only return requested code actions.
2026-01-13 20:17:41.190 [warning] ms-dotnettools.csharp - Code actions of kind 'quickfix' requested but returned code action is of kind 'refactor'. Code action will be dropped. Please check 'CodeActionContext.only' to only return requested code actions.
2026-01-13 20:21:40.772 [info] ExtensionService#_doActivateExtension vscode.html-language-features, startup: false, activationEvent: 'onLanguage:html'
2026-01-15 22:05:20.639 [info] ExtensionService#_doActivateExtension ms-vscode.js-debug, startup: false, activationEvent: 'onDebugDynamicConfigurations'
2026-01-15 22:05:20.927 [info] ExtensionService#_doActivateExtension vscode.debug-server-ready, startup: false, activationEvent: 'onDebugResolve'
2026-01-15 22:05:21.929 [error] Error: Pending response rejected since connection got disposed
	at Object.dispose (/home/dcap/.vscode/extensions/ms-dotnettools.csdevkit-1.90.2-linux-x64/dist/extension.js:2:916486)
	at Proxy.<anonymous> (/home/dcap/.vscode/extensions/ms-dotnettools.csdevkit-1.90.2-linux-x64/dist/extension.js:2:218133)
	at t.Observer.next (/home/dcap/.vscode/extensions/ms-dotnettools.csdevkit-1.90.2-linux-x64/dist/extension.js:2:1099943)
	at t.Observer.onNext (/home/dcap/.vscode/extensions/ms-dotnettools.csdevkit-1.90.2-linux-x64/dist/extension.js:2:243934)
	at /home/dcap/.vscode/extensions/ms-dotnettools.csdevkit-1.90.2-linux-x64/dist/extension.js:2:246124
	at /home/dcap/.vscode/extensions/ms-dotnettools.csdevkit-1.90.2-linux-x64/dist/extension.js:2:908460
	at ne (/home/dcap/.vscode/extensions/ms-dotnettools.csdevkit-1.90.2-linux-x64/dist/extension.js:2:908865)
	at /home/dcap/.vscode/extensions/ms-dotnettools.csdevkit-1.90.2-linux-x64/dist/extension.js:2:904816
	at Immediate.<anonymous> (/home/dcap/.vscode/extensions/ms-dotnettools.csdevkit-1.90.2-linux-x64/dist/extension.js:2:904836)
	at process.processImmediate (node:internal/timers:485:21)
