Creel.AppHost (523626): Loaded '/usr/share/dotnet/shared/Microsoft.NETCore.App/10.0.0/System.Private.CoreLib.dll'. Skipped loading symbols. Module is optimized and the debugger option 'Just My Code' is enabled.
Creel.AppHost (523626): Loaded '/home/dcap/onedev/Creel/src/Creel.AppHost/bin/Debug/net10.0/Creel.AppHost.dll'. Symbols loaded.
Creel.AppHost (523626): Loaded '/usr/share/dotnet/shared/Microsoft.NETCore.App/10.0.0/System.Runtime.dll'. Skipped loading symbols. Module is optimized and the debugger option 'Just My Code' is enabled.
Creel.AppHost (523626): Loaded '/home/dcap/onedev/Creel/src/Creel.AppHost/bin/Debug/net10.0/Aspire.Hosting.dll'. Skipped loading symbols. Module is optimized and the debugger option 'Just My Code' is enabled.
Creel.AppHost (523626): Loaded '/home/dcap/onedev/Creel/src/Creel.AppHost/bin/Debug/net10.0/Aspire.Hosting.PostgreSQL.dll'. Skipped loading symbols. Module is optimized and the debugger option 'Just My Code' is enabled.
Creel.AppHost (523626): Loaded '/home/dcap/onedev/Creel/src/Creel.AppHost/bin/Debug/net10.0/Aspire.Hosting.Valkey.dll'. Skipped loading symbols. Module is optimized and the debugger option 'Just My Code' is enabled.
Creel.AppHost (523626): Loaded '/usr/share/dotnet/shared/Microsoft.NETCore.App/10.0.0/System.Net.Sockets.dll'. Skipped loading symbols. Module is optimized and the debugger option 'Just My Code' is enabled.
Creel.AppHost (523626): Loaded '/usr/share/dotnet/shared/Microsoft.AspNetCore.App/10.0.0/Microsoft.Extensions.Hosting.Abstractions.dll'. Skipped loading symbols. Module is optimized and the debugger option 'Just My Code' is enabled.
Creel.AppHost (523626): Loaded '/usr/share/dotnet/shared/Microsoft.NETCore.App/10.0.0/System.ComponentModel.dll'. Skipped loading symbols. Module is optimized and the debugger option 'Just My Code' is enabled.
Creel.AppHost (523626): Loaded '/usr/share/dotnet/shared/Microsoft.NETCore.App/10.0.0/System.Console.dll'. Skipped loading symbols. Module is optimized and the debugger option 'Just My Code' is enabled.
Creel.AppHost (523626): Loaded '/usr/share/dotnet/shared/Microsoft.NETCore.App/10.0.0/System.Threading.Thread.dll'. Skipped loading symbols. Module is optimized and the debugger option 'Just My Code' is enabled.
Creel.AppHost (523626): Loaded '/usr/share/dotnet/shared/Microsoft.AspNetCore.App/10.0.0/Microsoft.Extensions.Hosting.dll'. Skipped loading symbols. Module is optimized and the debugger option 'Just My Code' is enabled.
Creel.AppHost (523626): Loaded '/usr/share/dotnet/shared/Microsoft.NETCore.App/10.0.0/System.Diagnostics.DiagnosticSource.dll'. Skipped loading symbols. Module is optimized and the debugger option 'Just My Code' is enabled.
Creel.AppHost (523626): Loaded '/usr/share/dotnet/shared/Microsoft.AspNetCore.App/10.0.0/Microsoft.Extensions.Logging.Abstractions.dll'. Skipped loading symbols. Module is optimized and the debugger option 'Just My Code' is enabled.
Creel.AppHost (523626): Loaded '/usr/share/dotnet/shared/Microsoft.AspNetCore.App/10.0.0/Microsoft.Extensions.Diagnostics.Abstractions.dll'. Skipped loading symbols. Module is optimized and the debugger option 'Just My Code' is enabled.
Creel.AppHost (523626): Loaded '/usr/share/dotnet/shared/Microsoft.AspNetCore.App/10.0.0/Microsoft.Extensions.DependencyInjection.Abstractions.dll'. Skipped loading symbols. Module is optimized and the debugger option 'Just My Code' is enabled.
Creel.AppHost (523626): Loaded '/usr/share/dotnet/shared/Microsoft.AspNetCore.App/10.0.0/Microsoft.Extensions.Configuration.Abstractions.dll'. Skipped loading symbols. Module is optimized and the debugger option 'Just My Code' is enabled.
Creel.AppHost (523626): Loaded '/usr/share/dotnet/shared/Microsoft.AspNetCore.App/10.0.0/Microsoft.Extensions.Logging.dll'. Skipped loading symbols. Module is optimized and the debugger option 'Just My Code' is enabled.
Creel.AppHost (523626): Loaded '/usr/share/dotnet/shared/Microsoft.AspNetCore.App/10.0.0/Microsoft.Extensions.Configuration.dll'. Skipped loading symbols. Module is optimized and the debugger option 'Just My Code' is enabled.
Creel.AppHost (523626): Loaded '/usr/share/dotnet/shared/Microsoft.AspNetCore.App/10.0.0/Microsoft.Extensions.Primitives.dll'. Skipped loading symbols. Module is optimized and the debugger option 'Just My Code' is enabled.
Creel.AppHost (523626): Loaded '/usr/share/dotnet/shared/Microsoft.AspNetCore.App/10.0.0/Microsoft.Extensions.Logging.Configuration.dll'. Skipped loading symbols. Module is optimized and the debugger option 'Just My Code' is enabled.
Creel.AppHost (523626): Loaded '/usr/share/dotnet/shared/Microsoft.NETCore.App/10.0.0/System.Collections.dll'. Skipped loading symbols. Module is optimized and the debugger option 'Just My Code' is enabled.
Creel.AppHost (523626): Loaded '/usr/share/dotnet/shared/Microsoft.NETCore.App/10.0.0/System.Security.Cryptography.dll'. Skipped loading symbols. Module is optimized and the debugger option 'Just My Code' is enabled.
Creel.AppHost (523626): Loaded '/usr/share/dotnet/shared/Microsoft.AspNetCore.App/10.0.0/Microsoft.Extensions.Diagnostics.HealthChecks.dll'. Skipped loading symbols. Module is optimized and the debugger option 'Just My Code' is enabled.
Creel.AppHost (523626): Loaded '/usr/share/dotnet/shared/Microsoft.AspNetCore.App/10.0.0/Microsoft.Extensions.Options.dll'. Skipped loading symbols. Module is optimized and the debugger option 'Just My Code' is enabled.
Creel.AppHost (523626): Loaded '/usr/share/dotnet/shared/Microsoft.NETCore.App/10.0.0/System.Collections.Immutable.dll'. Skipped loading symbols. Module is optimized and the debugger option 'Just My Code' is enabled.
Creel.AppHost (523626): Loaded '/home/dcap/onedev/Creel/src/Creel.AppHost/bin/Debug/net10.0/KubernetesClient.dll'. Skipped loading symbols. Module is optimized and the debugger option 'Just My Code' is enabled.
Creel.AppHost (523626): Loaded '/usr/share/dotnet/shared/Microsoft.NETCore.App/10.0.0/System.Collections.Concurrent.dll'. Skipped loading symbols. Module is optimized and the debugger option 'Just My Code' is enabled.
Creel.AppHost (523626): Loaded '/usr/share/dotnet/shared/Microsoft.NETCore.App/10.0.0/System.Threading.dll'. Skipped loading symbols. Module is optimized and the debugger option 'Just My Code' is enabled.
Creel.AppHost (523626): Loaded '/usr/share/dotnet/shared/Microsoft.NETCore.App/10.0.0/System.Diagnostics.Tracing.dll'. Skipped loading symbols. Module is optimized and the debugger option 'Just My Code' is enabled.
Creel.AppHost (523626): Loaded '/usr/share/dotnet/shared/Microsoft.AspNetCore.App/10.0.0/Microsoft.Extensions.Configuration.EnvironmentVariables.dll'. Skipped loading symbols. Module is optimized and the debugger option 'Just My Code' is enabled.
Creel.AppHost (523626): Loaded '/usr/share/dotnet/shared/Microsoft.AspNetCore.App/10.0.0/Microsoft.Extensions.FileProviders.Abstractions.dll'. Skipped loading symbols. Module is optimized and the debugger option 'Just My Code' is enabled.
Creel.AppHost (523626): Loaded '/usr/share/dotnet/shared/Microsoft.AspNetCore.App/10.0.0/Microsoft.Extensions.FileProviders.Physical.dll'. Skipped loading symbols. Module is optimized and the debugger option 'Just My Code' is enabled.
Creel.AppHost (523626): Loaded '/usr/share/dotnet/shared/Microsoft.AspNetCore.App/10.0.0/Microsoft.Extensions.Configuration.FileExtensions.dll'. Skipped loading symbols. Module is optimized and the debugger option 'Just My Code' is enabled.
Creel.AppHost (523626): Loaded '/usr/share/dotnet/shared/Microsoft.AspNetCore.App/10.0.0/Microsoft.Extensions.Diagnostics.dll'. Skipped loading symbols. Module is optimized and the debugger option 'Just My Code' is enabled.
Creel.AppHost (523626): Loaded '/usr/share/dotnet/shared/Microsoft.AspNetCore.App/10.0.0/Microsoft.Extensions.Configuration.Binder.dll'. Skipped loading symbols. Module is optimized and the debugger option 'Just My Code' is enabled.
Creel.AppHost (523626): Loaded '/usr/share/dotnet/shared/Microsoft.AspNetCore.App/10.0.0/Microsoft.Extensions.Configuration.Json.dll'. Skipped loading symbols. Module is optimized and the debugger option 'Just My Code' is enabled.
Creel.AppHost (523626): Loaded '/usr/share/dotnet/shared/Microsoft.NETCore.App/10.0.0/System.Memory.dll'. Skipped loading symbols. Module is optimized and the debugger option 'Just My Code' is enabled.
Creel.AppHost (523626): Loaded '/usr/share/dotnet/shared/Microsoft.NETCore.App/10.0.0/System.Linq.dll'. Skipped loading symbols. Module is optimized and the debugger option 'Just My Code' is enabled.
Creel.AppHost (523626): Loaded '/usr/share/dotnet/shared/Microsoft.NETCore.App/10.0.0/System.IO.FileSystem.Watcher.dll'. Skipped loading symbols. Module is optimized and the debugger option 'Just My Code' is enabled.
Creel.AppHost (523626): Loaded '/usr/share/dotnet/shared/Microsoft.NETCore.App/10.0.0/System.ComponentModel.Primitives.dll'. Skipped loading symbols. Module is optimized and the debugger option 'Just My Code' is enabled.
Creel.AppHost (523626): Loaded '/usr/share/dotnet/shared/Microsoft.NETCore.App/10.0.0/System.Runtime.InteropServices.dll'. Skipped loading symbols. Module is optimized and the debugger option 'Just My Code' is enabled.
Creel.AppHost (523626): Loaded '/usr/share/dotnet/shared/Microsoft.NETCore.App/10.0.0/System.Text.Json.dll'. Skipped loading symbols. Module is optimized and the debugger option 'Just My Code' is enabled.
Creel.AppHost (523626): Loaded '/usr/share/dotnet/shared/Microsoft.NETCore.App/10.0.0/System.Text.Encoding.Extensions.dll'. Skipped loading symbols. Module is optimized and the debugger option 'Just My Code' is enabled.
Creel.AppHost (523626): Loaded '/usr/share/dotnet/shared/Microsoft.NETCore.App/10.0.0/System.IO.Pipelines.dll'. Skipped loading symbols. Module is optimized and the debugger option 'Just My Code' is enabled.
Creel.AppHost (523626): Loaded '/usr/share/dotnet/shared/Microsoft.AspNetCore.App/10.0.0/Microsoft.Extensions.Configuration.UserSecrets.dll'. Skipped loading symbols. Module is optimized and the debugger option 'Just My Code' is enabled.
Creel.AppHost (523626): Loaded '/usr/share/dotnet/shared/Microsoft.AspNetCore.App/10.0.0/Microsoft.Extensions.Options.ConfigurationExtensions.dll'. Skipped loading symbols. Module is optimized and the debugger option 'Just My Code' is enabled.
Creel.AppHost (523626): Loaded '/usr/share/dotnet/shared/Microsoft.AspNetCore.App/10.0.0/Microsoft.Extensions.Logging.Console.dll'. Skipped loading symbols. Module is optimized and the debugger option 'Just My Code' is enabled.
Creel.AppHost (523626): Loaded '/usr/share/dotnet/shared/Microsoft.AspNetCore.App/10.0.0/Microsoft.Extensions.Logging.Debug.dll'. Skipped loading symbols. Module is optimized and the debugger option 'Just My Code' is enabled.
Creel.AppHost (523626): Loaded '/usr/share/dotnet/shared/Microsoft.AspNetCore.App/10.0.0/Microsoft.Extensions.Logging.EventSource.dll'. Skipped loading symbols. Module is optimized and the debugger option 'Just My Code' is enabled.
Creel.AppHost (523626): Loaded '/usr/share/dotnet/shared/Microsoft.AspNetCore.App/10.0.0/Microsoft.Extensions.DependencyInjection.dll'. Skipped loading symbols. Module is optimized and the debugger option 'Just My Code' is enabled.
Creel.AppHost (523626): Loaded '/usr/share/dotnet/shared/Microsoft.AspNetCore.App/10.0.0/Microsoft.Extensions.Configuration.CommandLine.dll'. Skipped loading symbols. Module is optimized and the debugger option 'Just My Code' is enabled.
Creel.AppHost (523626): Loaded '/usr/share/dotnet/shared/Microsoft.AspNetCore.App/10.0.0/Microsoft.Extensions.Diagnostics.HealthChecks.Abstractions.dll'. Skipped loading symbols. Module is optimized and the debugger option 'Just My Code' is enabled.
Creel.AppHost (523626): Loaded '/home/dcap/onedev/Creel/src/Creel.AppHost/bin/Debug/net10.0/Npgsql.dll'. Skipped loading symbols. Module is optimized and the debugger option 'Just My Code' is enabled.
Creel.AppHost (523626): Loaded '/usr/share/dotnet/shared/Microsoft.NETCore.App/10.0.0/System.Data.Common.dll'. Skipped loading symbols. Module is optimized and the debugger option 'Just My Code' is enabled.
Creel.AppHost (523626): Loaded '/usr/share/dotnet/shared/Microsoft.NETCore.App/10.0.0/System.Transactions.Local.dll'. Skipped loading symbols. Module is optimized and the debugger option 'Just My Code' is enabled.
Creel.AppHost (523626): Loaded '/home/dcap/onedev/Creel/src/Creel.AppHost/bin/Debug/net10.0/HealthChecks.NpgSql.dll'. Skipped loading symbols. Module is optimized and the debugger option 'Just My Code' is enabled.
Creel.AppHost (523626): Loaded '/usr/share/dotnet/shared/Microsoft.NETCore.App/10.0.0/System.Text.RegularExpressions.dll'. Skipped loading symbols. Module is optimized and the debugger option 'Just My Code' is enabled.
Creel.AppHost (523626): Loaded '/home/dcap/onedev/Creel/src/Creel.AppHost/bin/Debug/net10.0/HealthChecks.Redis.dll'. Skipped loading symbols. Module is optimized and the debugger option 'Just My Code' is enabled.
Creel.AppHost (523626): Loaded '/usr/share/dotnet/shared/Microsoft.AspNetCore.App/10.0.0/Microsoft.AspNetCore.Http.dll'. Skipped loading symbols. Module is optimized and the debugger option 'Just My Code' is enabled.
Creel.AppHost (523626): Loaded '/usr/share/dotnet/shared/Microsoft.NETCore.App/10.0.0/System.Private.Uri.dll'. Skipped loading symbols. Module is optimized and the debugger option 'Just My Code' is enabled.
Creel.AppHost (523626): Loaded '/usr/share/dotnet/shared/Microsoft.NETCore.App/10.0.0/System.Text.Encodings.Web.dll'. Skipped loading symbols. Module is optimized and the debugger option 'Just My Code' is enabled.
Creel.AppHost (523626): Loaded '/usr/share/dotnet/shared/Microsoft.NETCore.App/10.0.0/System.Numerics.Vectors.dll'. Skipped loading symbols. Module is optimized and the debugger option 'Just My Code' is enabled.
Creel.AppHost (523626): Loaded '/usr/share/dotnet/shared/Microsoft.NETCore.App/10.0.0/System.Threading.Channels.dll'. Skipped loading symbols. Module is optimized and the debugger option 'Just My Code' is enabled.
Creel.AppHost (523626): Loaded '/usr/share/dotnet/shared/Microsoft.NETCore.App/10.0.0/System.Threading.ThreadPool.dll'. Skipped loading symbols. Module is optimized and the debugger option 'Just My Code' is enabled.
Creel.AppHost (523626): Loaded '/usr/share/dotnet/shared/Microsoft.NETCore.App/10.0.0/System.ObjectModel.dll'. Skipped loading symbols. Module is optimized and the debugger option 'Just My Code' is enabled.
Creel.AppHost (523626): Loaded '/usr/share/dotnet/shared/Microsoft.AspNetCore.App/10.0.0/Microsoft.AspNetCore.dll'. Skipped loading symbols. Module is optimized and the debugger option 'Just My Code' is enabled.
Creel.AppHost (523626): Loaded '/usr/share/dotnet/shared/Microsoft.AspNetCore.App/10.0.0/Microsoft.AspNetCore.Http.Abstractions.dll'. Skipped loading symbols. Module is optimized and the debugger option 'Just My Code' is enabled.
Creel.AppHost (523626): Loaded '/usr/share/dotnet/shared/Microsoft.AspNetCore.App/10.0.0/Microsoft.AspNetCore.Routing.dll'. Skipped loading symbols. Module is optimized and the debugger option 'Just My Code' is enabled.
Creel.AppHost (523626): Loaded '/usr/share/dotnet/shared/Microsoft.AspNetCore.App/10.0.0/Microsoft.Extensions.Features.dll'. Skipped loading symbols. Module is optimized and the debugger option 'Just My Code' is enabled.
Creel.AppHost (523626): Loaded '/usr/share/dotnet/shared/Microsoft.AspNetCore.App/10.0.0/Microsoft.AspNetCore.Hosting.Abstractions.dll'. Skipped loading symbols. Module is optimized and the debugger option 'Just My Code' is enabled.
Creel.AppHost (523626): Loaded '/usr/share/dotnet/shared/Microsoft.AspNetCore.App/10.0.0/Microsoft.AspNetCore.Hosting.dll'. Skipped loading symbols. Module is optimized and the debugger option 'Just My Code' is enabled.
Creel.AppHost (523626): Loaded '/usr/share/dotnet/shared/Microsoft.AspNetCore.App/10.0.0/Microsoft.AspNetCore.Server.Kestrel.dll'. Skipped loading symbols. Module is optimized and the debugger option 'Just My Code' is enabled.
Creel.AppHost (523626): Loaded '/usr/share/dotnet/shared/Microsoft.AspNetCore.App/10.0.0/Microsoft.AspNetCore.Authentication.dll'. Skipped loading symbols. Module is optimized and the debugger option 'Just My Code' is enabled.
Creel.AppHost (523626): Loaded '/usr/share/dotnet/shared/Microsoft.AspNetCore.App/10.0.0/Microsoft.AspNetCore.Authentication.Abstractions.dll'. Skipped loading symbols. Module is optimized and the debugger option 'Just My Code' is enabled.
Creel.AppHost (523626): Loaded '/usr/share/dotnet/shared/Microsoft.AspNetCore.App/10.0.0/Microsoft.AspNetCore.Authorization.Policy.dll'. Skipped loading symbols. Module is optimized and the debugger option 'Just My Code' is enabled.
Creel.AppHost (523626): Loaded '/usr/share/dotnet/shared/Microsoft.AspNetCore.App/10.0.0/Microsoft.AspNetCore.Authorization.dll'. Skipped loading symbols. Module is optimized and the debugger option 'Just My Code' is enabled.
Creel.AppHost (523626): Loaded '/home/dcap/onedev/Creel/src/Creel.AppHost/bin/Debug/net10.0/Grpc.AspNetCore.Server.dll'. Skipped loading symbols. Module is optimized and the debugger option 'Just My Code' is enabled.
Creel.AppHost (523626): Loaded '/usr/share/dotnet/shared/Microsoft.AspNetCore.App/10.0.0/Microsoft.AspNetCore.Routing.Abstractions.dll'. Skipped loading symbols. Module is optimized and the debugger option 'Just My Code' is enabled.
Creel.AppHost (523626): Loaded '/usr/share/dotnet/shared/Microsoft.AspNetCore.App/10.0.0/Microsoft.AspNetCore.Server.Kestrel.Core.dll'. Skipped loading symbols. Module is optimized and the debugger option 'Just My Code' is enabled.
Creel.AppHost (523626): Loaded '/home/dcap/onedev/Creel/src/Creel.AppHost/bin/Debug/net10.0/Grpc.Core.Api.dll'. Skipped loading symbols. Module is optimized and the debugger option 'Just My Code' is enabled.
Creel.AppHost (523626): Loaded '/usr/share/dotnet/shared/Microsoft.AspNetCore.App/10.0.0/Microsoft.AspNetCore.Server.Kestrel.Transport.Sockets.dll'. Skipped loading symbols. Module is optimized and the debugger option 'Just My Code' is enabled.
Creel.AppHost (523626): Loaded '/usr/share/dotnet/shared/Microsoft.AspNetCore.App/10.0.0/Microsoft.AspNetCore.Connections.Abstractions.dll'. Skipped loading symbols. Module is optimized and the debugger option 'Just My Code' is enabled.
Creel.AppHost (523626): Loaded '/usr/share/dotnet/shared/Microsoft.NETCore.App/10.0.0/System.Net.Primitives.dll'. Skipped loading symbols. Module is optimized and the debugger option 'Just My Code' is enabled.
Creel.AppHost (523626): Loaded '/usr/share/dotnet/shared/Microsoft.AspNetCore.App/10.0.0/Microsoft.AspNetCore.Hosting.Server.Abstractions.dll'. Skipped loading symbols. Module is optimized and the debugger option 'Just My Code' is enabled.
Creel.AppHost (523626): Loaded '/usr/share/dotnet/shared/Microsoft.AspNetCore.App/10.0.0/Microsoft.AspNetCore.HostFiltering.dll'. Skipped loading symbols. Module is optimized and the debugger option 'Just My Code' is enabled.
Creel.AppHost (523626): Loaded '/usr/share/dotnet/shared/Microsoft.AspNetCore.App/10.0.0/Microsoft.AspNetCore.HttpOverrides.dll'. Skipped loading symbols. Module is optimized and the debugger option 'Just My Code' is enabled.
Creel.AppHost (523626): Loaded '/usr/share/dotnet/shared/Microsoft.AspNetCore.App/10.0.0/Microsoft.Extensions.ObjectPool.dll'. Skipped loading symbols. Module is optimized and the debugger option 'Just My Code' is enabled.
Creel.AppHost (523626): Loaded '/usr/share/dotnet/shared/Microsoft.AspNetCore.App/10.0.0/Microsoft.AspNetCore.Authentication.Core.dll'. Skipped loading symbols. Module is optimized and the debugger option 'Just My Code' is enabled.
Creel.AppHost (523626): Loaded '/usr/share/dotnet/shared/Microsoft.NETCore.App/10.0.0/System.Security.Claims.dll'. Skipped loading symbols. Module is optimized and the debugger option 'Just My Code' is enabled.
Creel.AppHost (523626): Loaded '/usr/share/dotnet/shared/Microsoft.AspNetCore.App/10.0.0/Microsoft.AspNetCore.DataProtection.dll'. Skipped loading symbols. Module is optimized and the debugger option 'Just My Code' is enabled.
Creel.AppHost (523626): Loaded '/usr/share/dotnet/shared/Microsoft.AspNetCore.App/10.0.0/Microsoft.AspNetCore.DataProtection.Abstractions.dll'. Skipped loading symbols. Module is optimized and the debugger option 'Just My Code' is enabled.
Creel.AppHost (523626): Loaded '/usr/share/dotnet/shared/Microsoft.AspNetCore.App/10.0.0/Microsoft.AspNetCore.Cryptography.Internal.dll'. Skipped loading symbols. Module is optimized and the debugger option 'Just My Code' is enabled.
Creel.AppHost (523626): Loaded '/usr/share/dotnet/shared/Microsoft.AspNetCore.App/10.0.0/Microsoft.Extensions.WebEncoders.dll'. Skipped loading symbols. Module is optimized and the debugger option 'Just My Code' is enabled.
Creel.AppHost (523626): Loaded '/usr/share/dotnet/shared/Microsoft.NETCore.App/10.0.0/netstandard.dll'. Skipped loading symbols. Module is optimized and the debugger option 'Just My Code' is enabled.
Creel.AppHost (523626): Loaded '/usr/share/dotnet/shared/Microsoft.NETCore.App/10.0.0/System.IO.Compression.dll'. Skipped loading symbols. Module is optimized and the debugger option 'Just My Code' is enabled.
Creel.AppHost (523626): Loaded '/usr/share/dotnet/shared/Microsoft.NETCore.App/10.0.0/System.Runtime.Intrinsics.dll'. Skipped loading symbols. Module is optimized and the debugger option 'Just My Code' is enabled.
Creel.AppHost (523626): Loaded '/home/dcap/onedev/Creel/src/Creel.AppHost/bin/Debug/net10.0/Grpc.Net.Common.dll'. Skipped loading symbols. Module is optimized and the debugger option 'Just My Code' is enabled.
Creel.AppHost (523626): Loaded '/usr/share/dotnet/shared/Microsoft.AspNetCore.App/10.0.0/Microsoft.AspNetCore.Metadata.dll'. Skipped loading symbols. Module is optimized and the debugger option 'Just My Code' is enabled.
Creel.AppHost (523626): Loaded '/home/dcap/onedev/Creel/src/Creel.AppHost/bin/Debug/net10.0/Google.Protobuf.dll'. Skipped loading symbols. Module is optimized and the debugger option 'Just My Code' is enabled.
Creel.AppHost (523626): Loaded '/usr/share/dotnet/shared/Microsoft.AspNetCore.App/10.0.0/Microsoft.AspNetCore.Http.Extensions.dll'. Skipped loading symbols. Module is optimized and the debugger option 'Just My Code' is enabled.
Creel.AppHost (523626): Loaded '/usr/share/dotnet/shared/Microsoft.NETCore.App/10.0.0/System.Reflection.Emit.Lightweight.dll'. Skipped loading symbols. Module is optimized and the debugger option 'Just My Code' is enabled.
Creel.AppHost (523626): Loaded '/usr/share/dotnet/shared/Microsoft.NETCore.App/10.0.0/System.Reflection.Emit.ILGeneration.dll'. Skipped loading symbols. Module is optimized and the debugger option 'Just My Code' is enabled.
Creel.AppHost (523626): Loaded '/usr/share/dotnet/shared/Microsoft.NETCore.App/10.0.0/System.Reflection.Primitives.dll'. Skipped loading symbols. Module is optimized and the debugger option 'Just My Code' is enabled.
Creel.AppHost (523626): Loaded '/usr/share/dotnet/shared/Microsoft.NETCore.App/10.0.0/System.ComponentModel.TypeConverter.dll'. Skipped loading symbols. Module is optimized and the debugger option 'Just My Code' is enabled.
Creel.AppHost (523626): Loaded '/usr/share/dotnet/shared/Microsoft.NETCore.App/10.0.0/System.Diagnostics.Process.dll'. Skipped loading symbols. Module is optimized and the debugger option 'Just My Code' is enabled.
Creel.AppHost (523626): Loaded '/home/dcap/onedev/Creel/src/Creel.AppHost/bin/Debug/net10.0/Semver.dll'. Skipped loading symbols. Module is optimized and the debugger option 'Just My Code' is enabled.
Creel.AppHost (523626): Loaded '/usr/share/dotnet/shared/Microsoft.NETCore.App/10.0.0/System.Runtime.Numerics.dll'. Skipped loading symbols. Module is optimized and the debugger option 'Just My Code' is enabled.
Creel.AppHost (523626): Loaded '/usr/share/dotnet/shared/Microsoft.NETCore.App/10.0.0/System.Collections.NonGeneric.dll'. Skipped loading symbols. Module is optimized and the debugger option 'Just My Code' is enabled.
Creel.AppHost (523626): Loaded '/usr/share/dotnet/shared/Microsoft.NETCore.App/10.0.0/System.Formats.Asn1.dll'. Skipped loading symbols. Module is optimized and the debugger option 'Just My Code' is enabled.
Creel.AppHost (523626): Loaded '/usr/share/dotnet/shared/Microsoft.NETCore.App/10.0.0/System.IO.MemoryMappedFiles.dll'. Skipped loading symbols. Module is optimized and the debugger option 'Just My Code' is enabled.
Creel.AppHost (523626): Loaded '/home/dcap/onedev/Creel/src/Creel.AppHost/bin/Debug/net10.0/Polly.Core.dll'. Skipped loading symbols. Module is optimized and the debugger option 'Just My Code' is enabled.
Creel.AppHost (523626): Loaded '/usr/share/dotnet/shared/Microsoft.NETCore.App/10.0.0/System.ComponentModel.Annotations.dll'. Skipped loading symbols. Module is optimized and the debugger option 'Just My Code' is enabled.
Creel.AppHost (523626): Loaded '/usr/share/dotnet/shared/Microsoft.NETCore.App/10.0.0/Microsoft.Win32.Primitives.dll'. Skipped loading symbols. Module is optimized and the debugger option 'Just My Code' is enabled.
Creel.AppHost (523626): Loaded '/home/dcap/onedev/Creel/src/Creel.AppHost/bin/Debug/net10.0/StreamJsonRpc.dll'. Skipped loading symbols. Module is optimized and the debugger option 'Just My Code' is enabled.
Creel.AppHost (523626): Loaded '/home/dcap/onedev/Creel/src/Creel.AppHost/bin/Debug/net10.0/Microsoft.VisualStudio.Validation.dll'. Skipped loading symbols. Module is optimized and the debugger option 'Just My Code' is enabled.
Creel.AppHost (523626): Loaded '/usr/share/dotnet/shared/Microsoft.NETCore.App/10.0.0/Microsoft.Win32.Registry.dll'. Skipped loading symbols. Module is optimized and the debugger option 'Just My Code' is enabled.
Creel.AppHost (523626): Loaded '/usr/share/dotnet/shared/Microsoft.NETCore.App/10.0.0/System.Xml.XDocument.dll'. Skipped loading symbols. Module is optimized and the debugger option 'Just My Code' is enabled.
Creel.AppHost (523626): Loaded '/usr/share/dotnet/shared/Microsoft.NETCore.App/10.0.0/System.Private.Xml.Linq.dll'. Skipped loading symbols. Module is optimized and the debugger option 'Just My Code' is enabled.
Creel.AppHost (523626): Loaded '/usr/share/dotnet/shared/Microsoft.NETCore.App/10.0.0/System.Private.Xml.dll'. Skipped loading symbols. Module is optimized and the debugger option 'Just My Code' is enabled.
Creel.AppHost (523626): Loaded '/usr/share/dotnet/shared/Microsoft.NETCore.App/10.0.0/System.IO.Pipes.dll'. Skipped loading symbols. Module is optimized and the debugger option 'Just My Code' is enabled.
Creel.AppHost (523626): Loaded '/usr/share/dotnet/shared/Microsoft.AspNetCore.App/10.0.0/Microsoft.AspNetCore.Diagnostics.dll'. Skipped loading symbols. Module is optimized and the debugger option 'Just My Code' is enabled.
Creel.AppHost (523626): Loaded '/usr/share/dotnet/shared/Microsoft.AspNetCore.App/10.0.0/Microsoft.Extensions.Validation.dll'. Skipped loading symbols. Module is optimized and the debugger option 'Just My Code' is enabled.
Creel.AppHost (523626): Loaded '/usr/share/dotnet/shared/Microsoft.AspNetCore.App/10.0.0/Microsoft.AspNetCore.Diagnostics.Abstractions.dll'. Skipped loading symbols. Module is optimized and the debugger option 'Just My Code' is enabled.
Creel.AppHost (523626): Loaded '/usr/share/dotnet/shared/Microsoft.AspNetCore.App/10.0.0/Microsoft.Net.Http.Headers.dll'. Skipped loading symbols. Module is optimized and the debugger option 'Just My Code' is enabled.
Creel.AppHost (523626): Loaded '/home/dcap/onedev/Creel/src/Creel.AppHost/bin/Debug/net10.0/YamlDotNet.dll'. Skipped loading symbols. Module is optimized and the debugger option 'Just My Code' is enabled.
Creel.AppHost (523626): Loaded '/usr/share/dotnet/shared/Microsoft.NETCore.App/10.0.0/System.Net.Http.dll'. Skipped loading symbols. Module is optimized and the debugger option 'Just My Code' is enabled.
Creel.AppHost (523626): Loaded '/home/dcap/onedev/Creel/src/Creel.AppHost/bin/Debug/net10.0/Fractions.dll'. Skipped loading symbols. Module is optimized and the debugger option 'Just My Code' is enabled.
Creel.AppHost (523626): Loaded '/usr/share/dotnet/shared/Microsoft.NETCore.App/10.0.0/System.Net.WebSockets.dll'. Skipped loading symbols. Module is optimized and the debugger option 'Just My Code' is enabled.
Creel.AppHost (523626): Loaded '/usr/share/dotnet/shared/Microsoft.NETCore.App/10.0.0/System.Net.Security.dll'. Skipped loading symbols. Module is optimized and the debugger option 'Just My Code' is enabled.
Creel.AppHost (523626): Loaded '/usr/share/dotnet/shared/Microsoft.NETCore.App/10.0.0/System.Net.NameResolution.dll'. Skipped loading symbols. Module is optimized and the debugger option 'Just My Code' is enabled.
Creel.AppHost (523626): Loaded '/usr/share/dotnet/shared/Microsoft.NETCore.App/10.0.0/System.Runtime.Serialization.Primitives.dll'. Skipped loading symbols. Module is optimized and the debugger option 'Just My Code' is enabled.
Creel.AppHost (523626): Loaded '/usr/share/dotnet/shared/Microsoft.NETCore.App/10.0.0/System.Runtime.Loader.dll'. Skipped loading symbols. Module is optimized and the debugger option 'Just My Code' is enabled.
Creel.AppHost (523626): Loaded '/home/dcap/onedev/Creel/src/Creel.AppHost/bin/Debug/net10.0/StackExchange.Redis.dll'. Skipped loading symbols. Module is optimized and the debugger option 'Just My Code' is enabled.
Creel.AppHost (523626): Loaded '/home/dcap/onedev/Creel/src/Creel.AppHost/bin/Debug/net10.0/Pipelines.Sockets.Unofficial.dll'. Skipped loading symbols. Module is optimized and the debugger option 'Just My Code' is enabled.
Creel.AppHost (523626): Loaded '/usr/share/dotnet/shared/Microsoft.NETCore.App/10.0.0/System.Runtime.CompilerServices.Unsafe.dll'. Skipped loading symbols. Module is optimized and the debugger option 'Just My Code' is enabled.
Creel.AppHost (523626): Loaded '/usr/share/dotnet/shared/Microsoft.AspNetCore.App/10.0.0/Microsoft.AspNetCore.Http.Features.dll'. Skipped loading symbols. Module is optimized and the debugger option 'Just My Code' is enabled.
Creel.AppHost (523626): Loaded 'Anonymously Hosted DynamicMethods Assembly'. 
Creel.AppHost (523626): Loaded '/usr/share/dotnet/shared/Microsoft.NETCore.App/10.0.0/System.Linq.Expressions.dll'. Skipped loading symbols. Module is optimized and the debugger option 'Just My Code' is enabled.
Creel.AppHost (523626): Loaded '/usr/share/dotnet/shared/Microsoft.NETCore.App/10.0.0/System.Diagnostics.StackTrace.dll'. Skipped loading symbols. Module is optimized and the debugger option 'Just My Code' is enabled.
Creel.AppHost (523626): Loaded '/usr/share/dotnet/shared/Microsoft.NETCore.App/10.0.0/System.Reflection.Metadata.dll'. Skipped loading symbols. Module is optimized and the debugger option 'Just My Code' is enabled.
Creel.AppHost (523626): Loaded '/usr/share/dotnet/shared/Microsoft.NETCore.App/10.0.0/System.Collections.Specialized.dll'. Skipped loading symbols. Module is optimized and the debugger option 'Just My Code' is enabled.
