[07:49:51.314] Log Level: 2
[07:49:51.353] VS Code version: 1.107.1
[07:49:51.359] Remote-SSH version: remote-ssh@0.122.0
[07:49:51.363] linux x64
[07:49:51.705] SSH Resolver called for "ssh-remote+100.64.0.1", attempt 1
[07:49:51.815] remote.SSH.useLocalServer = true
[07:49:51.841] remote.SSH.useExecServer = true
[07:49:51.853] remote.SSH.bindHost = {}
[07:49:51.874] remote.SSH.path = 
[07:49:51.889] remote.SSH.configFile = 
[07:49:51.912] remote.SSH.useFlock = true
[07:49:51.928] remote.SSH.lockfilesInTmp = false
[07:49:51.943] remote.SSH.localServerDownload = auto
[07:49:51.961] remote.SSH.remoteServerListenOnSocket = false
[07:49:51.974] remote.SSH.defaultExtensions = []
[07:49:51.995] remote.SSH.defaultExtensionsIfInstalledLocally = []
[07:49:52.016] remote.SSH.loglevel = 2
[07:49:52.052] remote.SSH.enableDynamicForwarding = true
[07:49:52.073] remote.SSH.enableRemoteCommand = false
[07:49:52.097] remote.SSH.serverPickPortsFromRange = {}
[07:49:52.115] remote.SSH.serverInstallPath = {}
[07:49:52.132] remote.SSH.permitPtyAllocation = false
[07:49:52.141] remote.SSH.preferredLocalPortRange = undefined
[07:49:52.153] remote.SSH.useCurlAndWgetConfigurationFiles = false
[07:49:52.165] remote.SSH.experimental.chat = true
[07:49:52.184] remote.SSH.experimental.enhancedSessionLogs = true
[07:49:52.203] remote.SSH.httpProxy = {"*":""}
[07:49:52.219] remote.SSH.httpsProxy = {"*":""}
[07:49:52.450] SSH Resolver called for host: 100.64.0.1
[07:49:52.451] Setting up SSH remote "100.64.0.1"
[07:49:52.507] Acquiring local install lock: /tmp/vscode-remote-ssh-9c892abf-install.lock
[07:49:52.514] Looking for existing server data file at /home/dcap/.config/Code/User/globalStorage/ms-vscode-remote.remote-ssh/vscode-ssh-host-9c892abf-994fd12f8d3a5aa16f17d42c041e5809167e845a-0.122.0-es/data.json
[07:49:52.518] No existing data file
[07:49:52.521] Using commit id "994fd12f8d3a5aa16f17d42c041e5809167e845a" and quality "stable" for server
[07:49:52.524] Extensions to install: 
[07:49:52.558] Install and start server if needed
[07:49:52.575] PATH: /usr/local/sbin:/usr/local/bin:/usr/bin:/usr/bin/site_perl:/usr/bin/vendor_perl:/usr/bin/core_perl:/usr/lib/rustup/bin
[07:49:52.575] Checking ssh with "ssh -V"
[07:49:52.616] > OpenSSH_10.2p1, OpenSSL 3.6.0 1 Oct 2025

[07:49:52.642] askpass server listening on /run/user/1000/vscode-ssh-askpass-213db652634d7f56bb0758c1fe8d9575618705eb.sock
[07:49:52.643] Spawning local server with {"serverId":1,"ipcHandlePath":"/run/user/1000/vscode-ssh-askpass-800f25cb459ed2f5a254ee08e5c135a9a50da99b.sock","sshCommand":"ssh","sshArgs":["-v","-T","-D","46419","-o","ConnectTimeout=15","100.64.0.1"],"serverDataFolderName":".vscode-server","dataFilePath":"/home/dcap/.config/Code/User/globalStorage/ms-vscode-remote.remote-ssh/vscode-ssh-host-9c892abf-994fd12f8d3a5aa16f17d42c041e5809167e845a-0.122.0-es/data.json"}
[07:49:52.646] Local server env: {"SHELL":"/usr/bin/zsh","DISPLAY":":1","ELECTRON_RUN_AS_NODE":"1","SSH_ASKPASS":"/home/dcap/.vscode/extensions/ms-vscode-remote.remote-ssh-0.122.0/out/local-server/askpass.sh","VSCODE_SSH_ASKPASS_NODE":"/opt/visual-studio-code/code","VSCODE_SSH_ASKPASS_EXTRA_ARGS":"","VSCODE_SSH_ASKPASS_MAIN":"/home/dcap/.vscode/extensions/ms-vscode-remote.remote-ssh-0.122.0/out/askpass-main.js","VSCODE_SSH_ASKPASS_HANDLE":"/run/user/1000/vscode-ssh-askpass-213db652634d7f56bb0758c1fe8d9575618705eb.sock"}
[07:49:52.664] Spawned 487971
[07:49:52.676] Using connect timeout of 17 seconds
[07:49:53.228] Server delay-shutdown request failed: connect ENOENT /run/user/1000/vscode-ssh-askpass-800f25cb459ed2f5a254ee08e5c135a9a50da99b.sock
[07:49:53.560] > local-server-1> Running ssh connection command: ssh -v -T -D 46419 -o ConnectTimeout=15 100.64.0.1
[07:49:53.580] > local-server-1> Spawned ssh, pid=488022
[07:49:53.693] stderr> debug1: Server host key: ssh-ed25519 SHA256:LCIkdURbJUVYZ0RVN6Raii0NkrUhCX/JTpkKTzvHJtQ
[07:49:53.792] stderr> Authenticated to 100.64.0.1 ([100.64.0.1]:1000) using "publickey".
[07:49:53.936] > Welcome to Ubuntu 24.04.3 LTS (GNU/Linux 6.8.0-88-generic x86_64)
> 
>  * Documentation:  https://help.ubuntu.com
>  * Management:     https://landscape.canonical.com
>  * Support:        https://ubuntu.com/pro
> 
>  System information as of Mon Jan 12 06:49:44 AM UTC 2026
> 
>   System load:  0.09              Temperature:             57.9 C
>   Usage of /:   41.2% of 1.79TB   Processes:               362
>   Memory usage: 25%               Users logged in:         0
>   Swap usage:   1%                IPv4 address for enp2s0: 192.168.0.160
> 
> 
> Expanded Security Maintenance for Applications is not enabled.
> 
> 45 updates can be applied immediately.
> To see these additional updates run: apt list --upgradable
> 
> Enable ESM Apps to receive additional future security updates.
> See https://ubuntu.com/esm or run: sudo pro status
> 
> 
> *** System restart required ***
[07:49:53.954] > ready: 6f1f48c0079f
[07:49:53.962] > Linux 6.8.0-88-generic #89-Ubuntu SMP PREEMPT_DYNAMIC Sat Oct 11 01:02:46 UTC 2025
[07:49:53.963] Platform: linux
[07:49:53.976] > /bin/bash
[07:49:53.976] Parent Shell: bash
[07:49:53.977] Parent Shell pid: 487971
[07:49:53.978] Waiting for subshell to start
[07:49:53.985] > 46804
[07:49:53.985] stdout -> '46804'
[07:49:53.985] sub-process detected
[07:49:53.994] > 6f1f48c0079f: running
> Script executing under PID: 46804
[07:49:54.005] > Found existing installation at /home/dcap/.vscode-server...
> Starting VS Code CLI...
[07:49:54.010] > Removing old logfile at /home/dcap/.vscode-server/.cli.994fd12f8d3a5aa16f17d42c041e5809167e845a.log
[07:49:54.014] > Spawned remote CLI: 46822
[07:49:54.018] > Waiting for server log...
[07:49:54.053] > 6f1f48c0079f: start
> listeningOn==127.0.0.1:38959==
> osReleaseId==ubuntu==
> arch==x86_64==
> vscodeArch==x64==
> bitness==64==
> tmpDir==/run/user/1000==
> platform==linux==
> unpackResult====
> didLocalDownload==0==
> downloadTime====
> installTime====
> serverStartTime==43==
> execServerToken==1a11111a-a1a1-1a11-1a11-111aa111aa11==
> platformDownloadPath==cli-alpine-x64==
> SSH_AUTH_SOCK====
> DISPLAY====
> 6f1f48c0079f: end
[07:49:54.054] Received install output: 
listeningOn==127.0.0.1:38959==
osReleaseId==ubuntu==
arch==x86_64==
vscodeArch==x64==
bitness==64==
tmpDir==/run/user/1000==
platform==linux==
unpackResult====
didLocalDownload==0==
downloadTime====
installTime====
serverStartTime==43==
execServerToken==1a11111a-a1a1-1a11-1a11-111aa111aa11==
platformDownloadPath==cli-alpine-x64==
SSH_AUTH_SOCK====
DISPLAY====

[07:49:54.059] Remote server is listening on port 38959
[07:49:54.067] Parsed server configuration: {"serverConfiguration":{"remoteListeningOn":{"port":38959},"osReleaseId":"ubuntu","arch":"x86_64","sshAuthSock":"","display":"","tmpDir":"/run/user/1000","platform":"linux","execServerToken":"1a11111a-a1a1-1a11-1a11-111aa111aa11"},"serverStartTime":43,"installUnpackCode":""}
[07:49:54.098] Persisting server connection details to /home/dcap/.config/Code/User/globalStorage/ms-vscode-remote.remote-ssh/vscode-ssh-host-9c892abf-994fd12f8d3a5aa16f17d42c041e5809167e845a-0.122.0-es/data.json
[07:49:54.133] Starting forwarding server. local port 38635 -> socksPort 46419 -> remotePort 38959
[07:49:54.133] Forwarding server listening on port 38635
[07:49:54.134] Waiting for ssh tunnel to be ready
[07:49:54.149] [Forwarding server port 38635] Got connection 0
[07:49:54.160] Tunneled port 38959 to local port 38635
[07:49:54.161] Resolved "ssh-remote+100.64.0.1" to "port 38635"
[07:49:54.263] Initizing new exec server for ssh-remote+100.64.0.1
[07:49:54.264] Resolving exec server at port 38635
[07:49:54.282] [Forwarding server port 38635] Got connection 1
[07:49:54.479] Exec server for ssh-remote+100.64.0.1 created and cached
[07:49:54.480] Extensions to install: 
[07:49:54.522] ------




[07:49:54.539] No hints found in the recent session.
[07:49:55.048] [server] Checking /home/dcap/.vscode-server/cli/servers/Stable-994fd12f8d3a5aa16f17d42c041e5809167e845a/log.txt and /home/dcap/.vscode-server/cli/servers/Stable-994fd12f8d3a5aa16f17d42c041e5809167e845a/pid.txt for a running server...
[07:49:55.055] [server] Found running server (pid=46625)
[19:57:22.167] Server delay-shutdown request failed: connect ENOENT /run/user/1000/vscode-ssh-askpass-800f25cb459ed2f5a254ee08e5c135a9a50da99b.sock
[19:57:22.198] Exec server for ssh-remote+100.64.0.1 closed (gracefully)
[19:57:22.202] > local-server-1> Timed out
[19:57:22.209] ------




[19:57:22.210] SSH Resolver called for "ssh-remote+100.64.0.1", attempt 2, (Reconnection)
[19:57:22.215] SSH Resolver called for host: 100.64.0.1
[19:57:22.215] Setting up SSH remote "100.64.0.1"
[19:57:22.218] Acquiring local install lock: /tmp/vscode-remote-ssh-9c892abf-install.lock
[19:57:22.221] Looking for existing server data file at /home/dcap/.config/Code/User/globalStorage/ms-vscode-remote.remote-ssh/vscode-ssh-host-9c892abf-994fd12f8d3a5aa16f17d42c041e5809167e845a-0.122.0-es/data.json
[19:57:22.221] No existing data file
[19:57:22.222] Using commit id "994fd12f8d3a5aa16f17d42c041e5809167e845a" and quality "stable" for server
[19:57:22.223] Extensions to install: 
[19:57:22.226] Local server exit: 0
[19:57:22.232] Install and start server if needed
[19:57:22.239] askpass server listening on /run/user/1000/vscode-ssh-askpass-4b7f27ffddaf59587104555fdd9f309aee81da4b.sock
[19:57:22.240] Spawning local server with {"serverId":2,"ipcHandlePath":"/run/user/1000/vscode-ssh-askpass-b58f648e20218722d6822ad12c6de8648c7e6bcc.sock","sshCommand":"ssh","sshArgs":["-v","-T","-D","46479","-o","ConnectTimeout=15","100.64.0.1"],"serverDataFolderName":".vscode-server","dataFilePath":"/home/dcap/.config/Code/User/globalStorage/ms-vscode-remote.remote-ssh/vscode-ssh-host-9c892abf-994fd12f8d3a5aa16f17d42c041e5809167e845a-0.122.0-es/data.json"}
[19:57:22.240] Local server env: {"SHELL":"/usr/bin/zsh","DISPLAY":":1","ELECTRON_RUN_AS_NODE":"1","SSH_ASKPASS":"/home/dcap/.vscode/extensions/ms-vscode-remote.remote-ssh-0.122.0/out/local-server/askpass.sh","VSCODE_SSH_ASKPASS_NODE":"/opt/visual-studio-code/code","VSCODE_SSH_ASKPASS_EXTRA_ARGS":"","VSCODE_SSH_ASKPASS_MAIN":"/home/dcap/.vscode/extensions/ms-vscode-remote.remote-ssh-0.122.0/out/askpass-main.js","VSCODE_SSH_ASKPASS_HANDLE":"/run/user/1000/vscode-ssh-askpass-4b7f27ffddaf59587104555fdd9f309aee81da4b.sock"}
[19:57:22.250] Spawned 489582
[19:57:22.251] Using connect timeout of 17 seconds
[19:57:22.395] > local-server-2> Running ssh connection command: ssh -v -T -D 46479 -o ConnectTimeout=15 100.64.0.1
[19:57:22.400] > local-server-2> Spawned ssh, pid=489618
[19:57:37.420] stderr> ssh: connect to host 100.64.0.1 port 1000: Connection timed out
[19:57:37.426] > local-server-2> ssh child died, shutting down
[19:57:37.438] Local server exit: 0
[19:57:37.439] Received install output: local-server-2> Running ssh connection command: ssh -v -T -D 46479 -o ConnectTimeout=15 100.64.0.1
local-server-2> Spawned ssh, pid=489618
ssh: connect to host 100.64.0.1 port 1000: Connection timed out
local-server-2> ssh child died, shutting down

[19:57:37.440] WARN: $PLATFORM is undefined in installation script output.  Errors may be dropped.
[19:57:37.442] Resolver error: Error: The connection timed out
	at y.Offline (/home/dcap/.vscode/extensions/ms-vscode-remote.remote-ssh-0.122.0/out/extension.js:2:745214)
	at /home/dcap/.vscode/extensions/ms-vscode-remote.remote-ssh-0.122.0/out/extension.js:2:741530
	at t.handleInstallOutput (/home/dcap/.vscode/extensions/ms-vscode-remote.remote-ssh-0.122.0/out/extension.js:2:741845)
	at e (/home/dcap/.vscode/extensions/ms-vscode-remote.remote-ssh-0.122.0/out/extension.js:2:799508)
	at process.processTicksAndRejections (node:internal/process/task_queues:105:5)
	at async /home/dcap/.vscode/extensions/ms-vscode-remote.remote-ssh-0.122.0/out/extension.js:2:824766
	at async t.withShowDetailsEvent (/home/dcap/.vscode/extensions/ms-vscode-remote.remote-ssh-0.122.0/out/extension.js:2:828461)
	at async /home/dcap/.vscode/extensions/ms-vscode-remote.remote-ssh-0.122.0/out/extension.js:2:796220
	at async P (/home/dcap/.vscode/extensions/ms-vscode-remote.remote-ssh-0.122.0/out/extension.js:2:794275)
	at async t.resolveWithLocalServer (/home/dcap/.vscode/extensions/ms-vscode-remote.remote-ssh-0.122.0/out/extension.js:2:795772)
	at async A (/home/dcap/.vscode/extensions/ms-vscode-remote.remote-ssh-0.122.0/out/extension.js:2:821567)
	at async t.resolve (/home/dcap/.vscode/extensions/ms-vscode-remote.remote-ssh-0.122.0/out/extension.js:2:825858)
	at async /home/dcap/.vscode/extensions/ms-vscode-remote.remote-ssh-0.122.0/out/extension.js:2:1117225
[19:57:37.455] ------




[19:57:37.460]  ---------- [Session Summary] ----------- 
[19:57:37.460] [OfflineError]: Error: OfflineError (The connection timed out)
[19:57:37.460]  ---------------------------------------- 
[19:57:42.574] ------




[19:57:42.575] SSH Resolver called for "ssh-remote+100.64.0.1", attempt 3, (Reconnection)
[19:57:42.578] SSH Resolver called for host: 100.64.0.1
[19:57:42.579] Setting up SSH remote "100.64.0.1"
[19:57:42.583] Acquiring local install lock: /tmp/vscode-remote-ssh-9c892abf-install.lock
[19:57:42.585] Looking for existing server data file at /home/dcap/.config/Code/User/globalStorage/ms-vscode-remote.remote-ssh/vscode-ssh-host-9c892abf-994fd12f8d3a5aa16f17d42c041e5809167e845a-0.122.0-es/data.json
[19:57:42.586] No existing data file
[19:57:42.588] Using commit id "994fd12f8d3a5aa16f17d42c041e5809167e845a" and quality "stable" for server
[19:57:42.589] Extensions to install: 
[19:57:42.601] Install and start server if needed
[19:57:42.612] askpass server listening on /run/user/1000/vscode-ssh-askpass-70189cd28eacb8c0178821b36c6bb7b8e24b1f50.sock
[19:57:42.613] Spawning local server with {"serverId":3,"ipcHandlePath":"/run/user/1000/vscode-ssh-askpass-18877adc31bc221f55808a75667011550e2c8c02.sock","sshCommand":"ssh","sshArgs":["-v","-T","-D","33035","-o","ConnectTimeout=15","100.64.0.1"],"serverDataFolderName":".vscode-server","dataFilePath":"/home/dcap/.config/Code/User/globalStorage/ms-vscode-remote.remote-ssh/vscode-ssh-host-9c892abf-994fd12f8d3a5aa16f17d42c041e5809167e845a-0.122.0-es/data.json"}
[19:57:42.613] Local server env: {"SHELL":"/usr/bin/zsh","DISPLAY":":1","ELECTRON_RUN_AS_NODE":"1","SSH_ASKPASS":"/home/dcap/.vscode/extensions/ms-vscode-remote.remote-ssh-0.122.0/out/local-server/askpass.sh","VSCODE_SSH_ASKPASS_NODE":"/opt/visual-studio-code/code","VSCODE_SSH_ASKPASS_EXTRA_ARGS":"","VSCODE_SSH_ASKPASS_MAIN":"/home/dcap/.vscode/extensions/ms-vscode-remote.remote-ssh-0.122.0/out/askpass-main.js","VSCODE_SSH_ASKPASS_HANDLE":"/run/user/1000/vscode-ssh-askpass-70189cd28eacb8c0178821b36c6bb7b8e24b1f50.sock"}
[19:57:42.617] Spawned 489737
[19:57:42.617] Using connect timeout of 17 seconds
[19:57:42.727] > local-server-3> Running ssh connection command: ssh -v -T -D 33035 -o ConnectTimeout=15 100.64.0.1
[19:57:42.731] > local-server-3> Spawned ssh, pid=489745
[19:57:42.787] stderr> debug1: Server host key: ssh-ed25519 SHA256:LCIkdURbJUVYZ0RVN6Raii0NkrUhCX/JTpkKTzvHJtQ
[19:57:42.870] stderr> Authenticated to 100.64.0.1 ([100.64.0.1]:1000) using "publickey".
[19:57:43.568] > Welcome to Ubuntu 24.04.3 LTS (GNU/Linux 6.8.0-88-generic x86_64)
> 
>  * Documentation:  https://help.ubuntu.com
>  * Management:     https://landscape.canonical.com
>  * Support:        https://ubuntu.com/pro
> 
>  System information as of Mon Jan 12 06:57:42 PM UTC 2026
> 
>   System load:  0.13              Temperature:             52.0 C
>   Usage of /:   41.2% of 1.79TB   Processes:               360
>   Memory usage: 26%               Users logged in:         0
>   Swap usage:   1%                IPv4 address for enp2s0: 192.168.0.160
> 
> 
> Expanded Security Maintenance for Applications is not enabled.
> 
> 54 updates can be applied immediately.
> 9 of these updates are standard security updates.
> To see these additional updates run: apt list --upgradable
> 
> Enable ESM Apps to receive additional future security updates.
> See https://ubuntu.com/esm or run: sudo pro status
> 
> 
> *** System restart required ***
[19:57:43.578] > ready: 50621ef77245
[19:57:43.585] > Linux 6.8.0-88-generic #89-Ubuntu SMP PREEMPT_DYNAMIC Sat Oct 11 01:02:46 UTC 2025
[19:57:43.585] Platform: linux
[19:57:43.590] > /bin/bash
[19:57:43.591] Parent Shell: bash
[19:57:43.591] Parent Shell pid: 489737
[19:57:43.592] Waiting for subshell to start
[19:57:43.597] > 496266
[19:57:43.598] stdout -> '496266'
[19:57:43.598] sub-process detected
[19:57:43.604] > 50621ef77245: running
> Script executing under PID: 496266
[19:57:43.612] > Found existing installation at /home/dcap/.vscode-server...
> Starting VS Code CLI...
[19:57:43.614] > Removing old logfile at /home/dcap/.vscode-server/.cli.994fd12f8d3a5aa16f17d42c041e5809167e845a.log
[19:57:43.615] > Spawned remote CLI: 496284
[19:57:43.619] > Waiting for server log...
[19:57:43.652] > Waiting for server log...
[19:57:43.687] > 50621ef77245: start
> listeningOn==127.0.0.1:33097==
> osReleaseId==ubuntu==
> arch==x86_64==
> vscodeArch==x64==
> bitness==64==
> tmpDir==/run/user/1000==
> platform==linux==
> unpackResult====
> didLocalDownload==0==
> downloadTime====
> installTime====
> serverStartTime==74==
> execServerToken==a11a1111-a111-1aa1-a11a-1aa111aaaa11==
> platformDownloadPath==cli-alpine-x64==
> SSH_AUTH_SOCK====
> DISPLAY====
> 50621ef77245: end
[19:57:43.688] Received install output: 
listeningOn==127.0.0.1:33097==
osReleaseId==ubuntu==
arch==x86_64==
vscodeArch==x64==
bitness==64==
tmpDir==/run/user/1000==
platform==linux==
unpackResult====
didLocalDownload==0==
downloadTime====
installTime====
serverStartTime==74==
execServerToken==a11a1111-a111-1aa1-a11a-1aa111aaaa11==
platformDownloadPath==cli-alpine-x64==
SSH_AUTH_SOCK====
DISPLAY====

[19:57:43.689] Remote server is listening on port 33097
[19:57:43.689] Parsed server configuration: {"serverConfiguration":{"remoteListeningOn":{"port":33097},"osReleaseId":"ubuntu","arch":"x86_64","sshAuthSock":"","display":"","tmpDir":"/run/user/1000","platform":"linux","execServerToken":"a11a1111-a111-1aa1-a11a-1aa111aaaa11"},"serverStartTime":74,"installUnpackCode":""}
[19:57:43.691] Persisting server connection details to /home/dcap/.config/Code/User/globalStorage/ms-vscode-remote.remote-ssh/vscode-ssh-host-9c892abf-994fd12f8d3a5aa16f17d42c041e5809167e845a-0.122.0-es/data.json
[19:57:43.695] Starting forwarding server. local port 36197 -> socksPort 33035 -> remotePort 33097
[19:57:43.696] Forwarding server listening on port 36197
[19:57:43.697] Waiting for ssh tunnel to be ready
[19:57:43.699] [Forwarding server port 36197] Got connection 0
[19:57:43.700] Tunneled port 33097 to local port 36197
[19:57:43.701] Resolved "ssh-remote+100.64.0.1" to "port 36197"
[19:57:43.702] Initizing new exec server for ssh-remote+100.64.0.1
[19:57:43.703] Resolving exec server at port 36197
[19:57:43.705] [Forwarding server port 36197] Got connection 1
[19:57:43.764] Exec server for ssh-remote+100.64.0.1 created and cached
[19:57:43.765] Extensions to install: 
[19:57:43.771] ------




[19:57:43.777]  ---------- [Session Summary] ----------- 
[19:57:43.777] [OfflineError]: Error: OfflineError (The connection timed out)
[19:57:43.777]  ---------------------------------------- 
[19:57:43.819] [server] Checking /home/dcap/.vscode-server/cli/servers/Stable-994fd12f8d3a5aa16f17d42c041e5809167e845a/log.txt and /home/dcap/.vscode-server/cli/servers/Stable-994fd12f8d3a5aa16f17d42c041e5809167e845a/pid.txt for a running server...
[19:57:43.819] [server] Installing and setting up Visual Studio Code Server...
[19:57:43.819] [server] Server setup complete
[19:57:43.820] [server] Starting server...
[19:57:43.820] [server] Starting server with command... Command { std: "/home/dcap/.vscode-server/cli/servers/Stable-994fd12f8d3a5aa16f17d42c041e5809167e845a/server/bin/code-server" "--connection-token=remotessh" "--accept-server-license-terms" "--start-server" "--enable-remote-auto-shutdown" "--socket-path=/tmp/code-1e28f35b-3054-4ab7-add9-2b2fec529f8f", kill_on_drop: false }
[19:57:43.921] [server] *
[19:57:43.961] [server] * Visual Studio Code Server
[19:57:43.962] [server] *
[19:57:43.962] [server] * By using the software, you agree to
[19:57:43.962] [server] * the Visual Studio Code Server License Terms (https://aka.ms/vscode-server-license) and
[19:57:43.962] [server] * the Microsoft Privacy Statement (https://privacy.microsoft.com/en-US/privacystatement).
[19:57:43.962] [server] *
[19:57:43.962] [server] Server bound to /tmp/code-1e28f35b-3054-4ab7-add9-2b2fec529f8f
[19:57:43.962] [server] Extension host agent listening on /tmp/code-1e28f35b-3054-4ab7-add9-2b2fec529f8f
[19:57:43.963] [server] parsed location: "/tmp/code-1e28f35b-3054-4ab7-add9-2b2fec529f8f"
[19:57:43.963] [server] 
[19:57:43.963] [server] Server started
[19:57:43.977] [server] [18:57:43] 
[19:57:44.018] [server] 
[19:57:44.018] [server] 
[19:57:44.018] [server] 
[19:57:44.043] [server] [reconnection-grace-time] No CLI argument provided, using default: 10800000ms (10800s)
[19:57:44.048] [server] [18:57:44] Extension host agent started.
[19:57:44.119] [server] [18:57:44] [<unknown>][0167e309][ExtensionHostConnection] Unknown reconnection token (never seen).
[19:57:44.166] [server] [18:57:44] [<unknown>][57b1b0bb][ManagementConnection] Unknown reconnection token (never seen).
