2026-01-12 07:57:06.884 [info] * Searching for 'System.Private.CoreLib.pdb' on the configured symbol servers.
2026-01-12 07:57:06.984 [info] .
2026-01-12 07:57:07.084 [info] .
2026-01-12 07:57:07.185 [info] .
2026-01-12 07:57:07.285 [info] .
2026-01-12 07:57:07.387 [info] .
2026-01-12 07:57:07.486 [info] .
2026-01-12 07:57:07.586 [info] .
2026-01-12 07:57:07.686 [info] .
2026-01-12 07:57:07.725 [info] 

2026-01-12 07:57:15.409 [info] * Searching for 'Microsoft.AspNetCore.RateLimiting.pdb' on the configured symbol servers.
2026-01-12 07:57:15.510 [info] .
2026-01-12 07:57:15.610 [info] .
2026-01-12 07:57:15.711 [info] .
2026-01-12 07:57:15.811 [info] .
2026-01-12 07:57:15.911 [info] .
2026-01-12 07:57:16.012 [info] .
2026-01-12 07:57:16.112 [info] .
2026-01-12 07:57:16.212 [info] .
2026-01-12 07:57:16.216 [info] 

2026-01-12 07:57:19.278 [info] * Searching for 'Microsoft.AspNetCore.RateLimiting.pdb' on the configured symbol servers.
2026-01-12 07:57:19.380 [info] .
2026-01-12 07:57:19.409 [info] 

2026-01-12 07:57:26.337 [info] * Searching for 'Microsoft.AspNetCore.RateLimiting.pdb' on the configured symbol servers.
2026-01-12 07:57:26.412 [info] * Searching for 'Microsoft.AspNetCore.Routing.pdb' on the configured symbol servers.
2026-01-12 07:57:26.439 [info] .
2026-01-12 07:57:26.503 [info] 

2026-01-12 07:57:26.513 [info] .
2026-01-12 07:57:26.612 [info] .
2026-01-12 07:57:26.714 [info] .
2026-01-12 07:57:26.813 [info] .
2026-01-13 20:20:46.842 [info] * Searching for 'Microsoft.Extensions.Hosting.pdb' on the configured symbol servers.
2026-01-13 20:20:46.943 [info] .
2026-01-13 20:20:47.042 [info] .
2026-01-13 20:20:47.142 [info] .
2026-01-13 20:20:47.244 [info] .
2026-01-13 20:20:47.344 [info] .
2026-01-13 20:20:47.445 [info] .
2026-01-13 20:20:47.545 [info] .
2026-01-13 20:20:47.644 [info] .
2026-01-13 20:20:47.746 [info] .
2026-01-13 20:20:47.847 [info] .
2026-01-13 20:20:47.947 [info] .
2026-01-13 20:20:48.047 [info] .
2026-01-13 20:20:48.148 [info] .
2026-01-13 20:20:48.248 [info] .
2026-01-13 20:20:48.349 [info] .
2026-01-13 20:20:48.449 [info] .
2026-01-13 20:20:48.549 [info] .
2026-01-13 20:20:48.650 [info] .
2026-01-13 20:20:48.749 [info] .
2026-01-13 20:20:48.850 [info] .
2026-01-13 20:20:48.951 [info] .
2026-01-13 20:20:48.953 [info] 

