[15:32:23.061] Log Level: 2
[15:32:23.069] SSH Resolver called for "ssh-remote+100.64.0.1", attempt 1
[15:32:23.076] remote.SSH.useLocalServer = true
[15:32:23.077] remote.SSH.useExecServer = true
[15:32:23.077] remote.SSH.bindHost = {}
[15:32:23.078] remote.SSH.path = 
[15:32:23.079] remote.SSH.configFile = 
[15:32:23.079] remote.SSH.useFlock = true
[15:32:23.080] remote.SSH.lockfilesInTmp = false
[15:32:23.081] remote.SSH.localServerDownload = auto
[15:32:23.081] remote.SSH.remoteServerListenOnSocket = false
[15:32:23.082] remote.SSH.defaultExtensions = []
[15:32:23.082] remote.SSH.defaultExtensionsIfInstalledLocally = []
[15:32:23.084] remote.SSH.loglevel = 2
[15:32:23.085] remote.SSH.enableDynamicForwarding = true
[15:32:23.085] remote.SSH.enableRemoteCommand = false
[15:32:23.086] remote.SSH.serverPickPortsFromRange = {}
[15:32:23.086] remote.SSH.serverInstallPath = {}
[15:32:23.087] remote.SSH.permitPtyAllocation = false
[15:32:23.087] remote.SSH.preferredLocalPortRange = undefined
[15:32:23.088] remote.SSH.useCurlAndWgetConfigurationFiles = false
[15:32:23.088] remote.SSH.experimental.chat = true
[15:32:23.089] remote.SSH.experimental.enhancedSessionLogs = true
[15:32:23.090] remote.SSH.httpProxy = {"*":""}
[15:32:23.090] remote.SSH.httpsProxy = {"*":""}
[15:32:23.102] VS Code version: 1.107.1
[15:32:23.103] Remote-SSH version: remote-ssh@0.122.0
[15:32:23.103] linux x64
[15:32:23.107] SSH Resolver called for host: 100.64.0.1
[15:32:23.107] Setting up SSH remote "100.64.0.1"
[15:32:23.118] Acquiring local install lock: /tmp/vscode-remote-ssh-9c892abf-install.lock
[15:32:23.122] Looking for existing server data file at /home/dcap/.config/Code/User/globalStorage/ms-vscode-remote.remote-ssh/vscode-ssh-host-9c892abf-994fd12f8d3a5aa16f17d42c041e5809167e845a-0.122.0-es/data.json
[15:32:23.122] No existing data file
[15:32:23.123] Using commit id "994fd12f8d3a5aa16f17d42c041e5809167e845a" and quality "stable" for server
[15:32:23.123] Extensions to install: 
[15:32:23.128] Install and start server if needed
[15:32:23.132] PATH: /usr/local/sbin:/usr/local/bin:/usr/bin:/usr/bin/site_perl:/usr/bin/vendor_perl:/usr/bin/core_perl:/usr/lib/rustup/bin
[15:32:23.132] Checking ssh with "ssh -V"
[15:32:23.141] > OpenSSH_10.2p1, OpenSSL 3.6.0 1 Oct 2025

[15:32:23.145] askpass server listening on /run/user/1000/vscode-ssh-askpass-0258e80eb9d841048c66b66f302a51d20d3b4e9c.sock
[15:32:23.145] Spawning local server with {"serverId":1,"ipcHandlePath":"/run/user/1000/vscode-ssh-askpass-377ee08a539c9f24a3353995401975ee13f89b8b.sock","sshCommand":"ssh","sshArgs":["-v","-T","-D","46667","-o","ConnectTimeout=15","100.64.0.1"],"serverDataFolderName":".vscode-server","dataFilePath":"/home/dcap/.config/Code/User/globalStorage/ms-vscode-remote.remote-ssh/vscode-ssh-host-9c892abf-994fd12f8d3a5aa16f17d42c041e5809167e845a-0.122.0-es/data.json"}
[15:32:23.145] Local server env: {"SHELL":"/usr/bin/zsh","DISPLAY":":1","ELECTRON_RUN_AS_NODE":"1","SSH_ASKPASS":"/home/dcap/.vscode/extensions/ms-vscode-remote.remote-ssh-0.122.0/out/local-server/askpass.sh","VSCODE_SSH_ASKPASS_NODE":"/opt/visual-studio-code/code","VSCODE_SSH_ASKPASS_EXTRA_ARGS":"","VSCODE_SSH_ASKPASS_MAIN":"/home/dcap/.vscode/extensions/ms-vscode-remote.remote-ssh-0.122.0/out/askpass-main.js","VSCODE_SSH_ASKPASS_HANDLE":"/run/user/1000/vscode-ssh-askpass-0258e80eb9d841048c66b66f302a51d20d3b4e9c.sock"}
[15:32:23.148] Spawned 481629
[15:32:23.149] Using connect timeout of 17 seconds
[15:32:23.264] > local-server-1> Running ssh connection command: ssh -v -T -D 46667 -o ConnectTimeout=15 100.64.0.1
[15:32:23.267] > local-server-1> Spawned ssh, pid=481637
[15:32:23.502] stderr> debug1: Server host key: ssh-ed25519 SHA256:LCIkdURbJUVYZ0RVN6Raii0NkrUhCX/JTpkKTzvHJtQ
[15:32:23.586] stderr> Authenticated to 100.64.0.1 ([100.64.0.1]:1000) using "publickey".
[15:32:24.279] > Welcome to Ubuntu 24.04.3 LTS (GNU/Linux 6.8.0-88-generic x86_64)
> 
>  * Documentation:  https://help.ubuntu.com
>  * Management:     https://landscape.canonical.com
>  * Support:        https://ubuntu.com/pro
> 
>  System information as of Sun Jan 11 02:32:24 PM UTC 2026
> 
>   System load:  0.27              Temperature:             52.9 C
>   Usage of /:   41.2% of 1.79TB   Processes:               355
>   Memory usage: 21%               Users logged in:         0
>   Swap usage:   52%               IPv4 address for enp2s0: 192.168.0.160
> 
> 
> Expanded Security Maintenance for Applications is not enabled.
> 
> 45 updates can be applied immediately.
> To see these additional updates run: apt list --upgradable
> 
> Enable ESM Apps to receive additional future security updates.
> See https://ubuntu.com/esm or run: sudo pro status
> 
> 
> *** System restart required ***
[15:32:24.291] > ready: 03f65f41a7bc
[15:32:24.296] > Linux 6.8.0-88-generic #89-Ubuntu SMP PREEMPT_DYNAMIC Sat Oct 11 01:02:46 UTC 2025
[15:32:24.296] Platform: linux
[15:32:24.301] > /bin/bash
[15:32:24.301] Parent Shell: bash
[15:32:24.301] Parent Shell pid: 481629
[15:32:24.301] Waiting for subshell to start
[15:32:24.307] > 3619601
[15:32:24.307] stdout -> '3619601'
[15:32:24.307] sub-process detected
[15:32:24.311] > 03f65f41a7bc: running
> Script executing under PID: 3619601
[15:32:24.322] > Found existing installation at /home/dcap/.vscode-server...
> Starting VS Code CLI...
[15:32:24.323] > Removing old logfile at /home/dcap/.vscode-server/.cli.994fd12f8d3a5aa16f17d42c041e5809167e845a.log
[15:32:24.325] > Spawned remote CLI: 3619619
[15:32:24.327] > Waiting for server log...
[15:32:24.361] > Waiting for server log...
[15:32:24.395] > Waiting for server log...
[15:32:24.427] > Waiting for server log...
[15:32:24.460] > Waiting for server log...
[15:32:24.495] > 03f65f41a7bc: start
> listeningOn==127.0.0.1:39963==
> osReleaseId==ubuntu==
> arch==x86_64==
> vscodeArch==x64==
> bitness==64==
> tmpDir==/run/user/1000==
> platform==linux==
> unpackResult====
> didLocalDownload==0==
> downloadTime====
> installTime====
> serverStartTime==172==
> execServerToken==1a1111a1-aaa1-11aa-111a-a1aa1a111111==
> platformDownloadPath==cli-alpine-x64==
> SSH_AUTH_SOCK====
> DISPLAY====
> 03f65f41a7bc: end
[15:32:24.496] Received install output: 
listeningOn==127.0.0.1:39963==
osReleaseId==ubuntu==
arch==x86_64==
vscodeArch==x64==
bitness==64==
tmpDir==/run/user/1000==
platform==linux==
unpackResult====
didLocalDownload==0==
downloadTime====
installTime====
serverStartTime==172==
execServerToken==1a1111a1-aaa1-11aa-111a-a1aa1a111111==
platformDownloadPath==cli-alpine-x64==
SSH_AUTH_SOCK====
DISPLAY====

[15:32:24.499] Remote server is listening on port 39963
[15:32:24.499] Parsed server configuration: {"serverConfiguration":{"remoteListeningOn":{"port":39963},"osReleaseId":"ubuntu","arch":"x86_64","sshAuthSock":"","display":"","tmpDir":"/run/user/1000","platform":"linux","execServerToken":"1a1111a1-aaa1-11aa-111a-a1aa1a111111"},"serverStartTime":172,"installUnpackCode":""}
[15:32:24.501] Persisting server connection details to /home/dcap/.config/Code/User/globalStorage/ms-vscode-remote.remote-ssh/vscode-ssh-host-9c892abf-994fd12f8d3a5aa16f17d42c041e5809167e845a-0.122.0-es/data.json
[15:32:24.509] Starting forwarding server. local port 37427 -> socksPort 46667 -> remotePort 39963
[15:32:24.510] Forwarding server listening on port 37427
[15:32:24.511] Waiting for ssh tunnel to be ready
[15:32:24.515] [Forwarding server port 37427] Got connection 0
[15:32:24.518] Tunneled port 39963 to local port 37427
[15:32:24.519] Resolved "ssh-remote+100.64.0.1" to "port 37427"
[15:32:24.539] Initizing new exec server for ssh-remote+100.64.0.1
[15:32:24.539] Resolving exec server at port 37427
[15:32:24.540] [Forwarding server port 37427] Got connection 1
[15:32:24.602] Exec server for ssh-remote+100.64.0.1 created and cached
[15:32:24.603] Extensions to install: 
[15:32:24.612] ------




[15:32:24.614] No hints found in the recent session.
[15:32:24.745] [server] Checking /home/dcap/.vscode-server/cli/servers/Stable-994fd12f8d3a5aa16f17d42c041e5809167e845a/log.txt and /home/dcap/.vscode-server/cli/servers/Stable-994fd12f8d3a5aa16f17d42c041e5809167e845a/pid.txt for a running server...
[15:32:24.745] [server] Installing and setting up Visual Studio Code Server...
[15:32:24.746] [server] Server setup complete
[15:32:24.747] [server] Starting server...
[15:32:24.747] [server] Starting server with command... Command { std: "/home/dcap/.vscode-server/cli/servers/Stable-994fd12f8d3a5aa16f17d42c041e5809167e845a/server/bin/code-server" "--connection-token=remotessh" "--accept-server-license-terms" "--start-server" "--enable-remote-auto-shutdown" "--socket-path=/tmp/code-142e8dd2-7b46-4651-b81f-0b04dc0d5174", kill_on_drop: false }
[15:32:25.263] [server] *
[15:32:25.263] [server] * Visual Studio Code Server
[15:32:25.263] [server] *
[15:32:25.264] [server] * By using the software, you agree to
[15:32:25.264] [server] * the Visual Studio Code Server License Terms (https://aka.ms/vscode-server-license) and
[15:32:25.264] [server] * the Microsoft Privacy Statement (https://privacy.microsoft.com/en-US/privacystatement).
[15:32:25.265] [server] *
[15:32:25.265] [server] Server bound to /tmp/code-142e8dd2-7b46-4651-b81f-0b04dc0d5174
[15:32:25.265] [server] Extension host agent listening on /tmp/code-142e8dd2-7b46-4651-b81f-0b04dc0d5174
[15:32:25.265] [server] parsed location: "/tmp/code-142e8dd2-7b46-4651-b81f-0b04dc0d5174"
[15:32:25.265] [server] 
[15:32:25.266] [server] Server started
[15:32:25.266] [server] [14:32:25] 
[15:32:25.267] [server] 
[15:32:25.268] [server] 
[15:32:25.268] [server] 
[15:32:25.300] [server] [reconnection-grace-time] No CLI argument provided, using default: 10800000ms (10800s)
[15:32:25.306] [server] [14:32:25] Extension host agent started.
[15:32:25.479] [server] [14:32:25] [<unknown>][eaa58e0d][ManagementConnection] New connection established.
[15:32:25.492] [server] [14:32:25] [<unknown>][5ffcc9af][ExtensionHostConnection] New connection established.
[15:32:25.599] [server] [14:32:26] [<unknown>][5ffcc9af][ExtensionHostConnection] <3619732> Launched Extension Host Process.
[15:32:25.952] [server] [14:32:26] [<unknown>][5ffcc9af][ExtensionHostConnection] <3619732> [reconnection-grace-time] Extension host: read VSCODE_RECONNECTION_GRACE_TIME=10800000ms (10800s)
[15:32:25.952] [server] 
[15:32:28.401] [server] [14:32:28] Getting Manifest... rooveterinaryinc.roo-cline
[15:32:28.444] [server] [14:32:28] Installing extension: rooveterinaryinc.roo-cline {
[15:32:28.445] [server]   productVersion: { version: '1.108.0', date: '2026-01-08T13:56:51.150Z' },
[15:32:28.445] [server]   pinned: false,
[15:32:28.445] [server]   operation: 3,
[15:32:30.325] [server] [14:32:30] Extension signature verification result for rooveterinaryinc.roo-cline: Success. Internal Code: 0. Executed: true. Duration: 1210ms.
[15:32:31.836] [server] [14:32:32] Extracted extension to file:///home/dcap/.vscode-server/extensions/rooveterinaryinc.roo-cline-3.39.3: rooveterinaryinc.roo-cline
[15:32:31.901] [server] [14:32:32] Renamed to /home/dcap/.vscode-server/extensions/rooveterinaryinc.roo-cline-3.39.3
[15:32:31.901] [server] [14:32:32] Marked extension as removed rooveterinaryinc.roo-cline-3.37.1
[15:32:31.902] [server] [14:32:32] Extension installed successfully: rooveterinaryinc.roo-cline file:///home/dcap/.vscode-server/extensions/extensions.json
