2026-01-11 15:32:22.882 [info] Extension host with pid 481600 started
2026-01-11 15:32:22.882 [info] [resolveAuthority(ssh-remote,1)][0ms] activating remote resolvers ssh-remote+100.64.0.1
2026-01-11 15:32:22.882 [info] [resolveAuthority(ssh-remote,1)][0ms] activating resolver for ssh-remote+100.64.0.1...
2026-01-11 15:32:22.897 [info] ExtensionService#_doActivateExtension ms-vscode-remote.remote-ssh, startup: false, activationEvent: 'onResolveRemoteAuthority:ssh-remote'
2026-01-11 15:32:22.964 [error] PendingMigrationError: navigator is now a global in nodejs, please see https://aka.ms/vscode-extensions/navigator for additional info on this error.
    at get (file:///opt/visual-studio-code/resources/app/out/vs/workbench/api/node/extensionHostProcess.js:404:6678)
    at Object.<anonymous> (/home/dcap/.vscode/extensions/ms-vscode-remote.remote-ssh-0.122.0/out/extension.js:2:486236)
    at 19534 (/home/dcap/.vscode/extensions/ms-vscode-remote.remote-ssh-0.122.0/out/extension.js:2:504946)
    at r (/home/dcap/.vscode/extensions/ms-vscode-remote.remote-ssh-0.122.0/out/extension.js:2:1111952)
    at 92839 (/home/dcap/.vscode/extensions/ms-vscode-remote.remote-ssh-0.122.0/out/extension.js:2:467011)
    at r (/home/dcap/.vscode/extensions/ms-vscode-remote.remote-ssh-0.122.0/out/extension.js:2:1111952)
    at 49424 (/home/dcap/.vscode/extensions/ms-vscode-remote.remote-ssh-0.122.0/out/extension.js:2:465868)
    at r (/home/dcap/.vscode/extensions/ms-vscode-remote.remote-ssh-0.122.0/out/extension.js:2:1111952)
    at 17130 (/home/dcap/.vscode/extensions/ms-vscode-remote.remote-ssh-0.122.0/out/extension.js:2:596187)
    at r (/home/dcap/.vscode/extensions/ms-vscode-remote.remote-ssh-0.122.0/out/extension.js:2:1111952)
    at 87631 (/home/dcap/.vscode/extensions/ms-vscode-remote.remote-ssh-0.122.0/out/extension.js:2:576918)
    at r (/home/dcap/.vscode/extensions/ms-vscode-remote.remote-ssh-0.122.0/out/extension.js:2:1111952)
    at 65861 (/home/dcap/.vscode/extensions/ms-vscode-remote.remote-ssh-0.122.0/out/extension.js:2:600757)
    at r (/home/dcap/.vscode/extensions/ms-vscode-remote.remote-ssh-0.122.0/out/extension.js:2:1111952)
    at 91577 (/home/dcap/.vscode/extensions/ms-vscode-remote.remote-ssh-0.122.0/out/extension.js:2:857934)
    at r (/home/dcap/.vscode/extensions/ms-vscode-remote.remote-ssh-0.122.0/out/extension.js:2:1111952)
    at 94111 (/home/dcap/.vscode/extensions/ms-vscode-remote.remote-ssh-0.122.0/out/extension.js:2:820820)
    at r (/home/dcap/.vscode/extensions/ms-vscode-remote.remote-ssh-0.122.0/out/extension.js:2:1111952)
    at 35187 (/home/dcap/.vscode/extensions/ms-vscode-remote.remote-ssh-0.122.0/out/extension.js:2:690379)
    at r (/home/dcap/.vscode/extensions/ms-vscode-remote.remote-ssh-0.122.0/out/extension.js:2:1111952)
    at 64417 (/home/dcap/.vscode/extensions/ms-vscode-remote.remote-ssh-0.122.0/out/extension.js:2:847532)
    at r (/home/dcap/.vscode/extensions/ms-vscode-remote.remote-ssh-0.122.0/out/extension.js:2:1111952)
    at 24847 (/home/dcap/.vscode/extensions/ms-vscode-remote.remote-ssh-0.122.0/out/extension.js:2:829890)
    at r (/home/dcap/.vscode/extensions/ms-vscode-remote.remote-ssh-0.122.0/out/extension.js:2:1111952)
    at 54788 (/home/dcap/.vscode/extensions/ms-vscode-remote.remote-ssh-0.122.0/out/extension.js:2:789192)
    at r (/home/dcap/.vscode/extensions/ms-vscode-remote.remote-ssh-0.122.0/out/extension.js:2:1111952)
    at 30729 (/home/dcap/.vscode/extensions/ms-vscode-remote.remote-ssh-0.122.0/out/extension.js:2:682700)
    at r (/home/dcap/.vscode/extensions/ms-vscode-remote.remote-ssh-0.122.0/out/extension.js:2:1111952)
    at 24430 (/home/dcap/.vscode/extensions/ms-vscode-remote.remote-ssh-0.122.0/out/extension.js:2:838905)
    at r (/home/dcap/.vscode/extensions/ms-vscode-remote.remote-ssh-0.122.0/out/extension.js:2:1111952)
    at 52584 (/home/dcap/.vscode/extensions/ms-vscode-remote.remote-ssh-0.122.0/out/extension.js:2:812208)
    at r (/home/dcap/.vscode/extensions/ms-vscode-remote.remote-ssh-0.122.0/out/extension.js:2:1111952)
    at 69480 (/home/dcap/.vscode/extensions/ms-vscode-remote.remote-ssh-0.122.0/out/extension.js:2:801398)
    at r (/home/dcap/.vscode/extensions/ms-vscode-remote.remote-ssh-0.122.0/out/extension.js:2:1111952)
    at 71535 (/home/dcap/.vscode/extensions/ms-vscode-remote.remote-ssh-0.122.0/out/extension.js:2:680449)
    at r (/home/dcap/.vscode/extensions/ms-vscode-remote.remote-ssh-0.122.0/out/extension.js:2:1111952)
    at /home/dcap/.vscode/extensions/ms-vscode-remote.remote-ssh-0.122.0/out/extension.js:2:1112816
    at /home/dcap/.vscode/extensions/ms-vscode-remote.remote-ssh-0.122.0/out/extension.js:2:1121149
    at Object.<anonymous> (/home/dcap/.vscode/extensions/ms-vscode-remote.remote-ssh-0.122.0/out/extension.js:2:1121255)
    at Module._compile (node:internal/modules/cjs/loader:1714:14)
    at Module._extensions..js (node:internal/modules/cjs/loader:1848:10)
    at Module.load (node:internal/modules/cjs/loader:1448:32)
    at Module._load (node:internal/modules/cjs/loader:1270:12)
    at c._load (node:electron/js2c/node_init:2:17993)
    at e._load (file:///opt/visual-studio-code/resources/app/out/vs/workbench/api/node/extensionHostProcess.js:404:6048)
    at t._load (file:///opt/visual-studio-code/resources/app/out/vs/workbench/api/node/extensionHostProcess.js:222:22598)
    at r._load (file:///opt/visual-studio-code/resources/app/out/vs/workbench/api/node/extensionHostProcess.js:214:24094)
    at TracingChannel.traceSync (node:diagnostics_channel:328:14)
    at wrapModuleLoad (node:internal/modules/cjs/loader:244:24)
    at Module.require (node:internal/modules/cjs/loader:1470:12)
    at require (node:internal/modules/helpers:147:16)
    at HX.Cb (file:///opt/visual-studio-code/resources/app/out/vs/workbench/api/node/extensionHostProcess.js:253:1253)
2026-01-11 15:32:23.068 [info] [resolveAuthority(ssh-remote,1)][189ms] invoking final resolve()...
2026-01-11 15:32:24.069 [info] [resolveAuthority(ssh-remote,1)][1190ms] waiting...
2026-01-11 15:32:24.614 [info] [resolveAuthority(ssh-remote,1)][1735ms] setting tunnel factory...
2026-01-11 15:32:24.615 [info] [resolveAuthority(ssh-remote,1)][1736ms] returned managed authority
2026-01-11 15:32:25.876 [info] Eager extensions activated
2026-01-11 15:32:26.042 [info] ExtensionService#_doActivateExtension Catppuccin.catppuccin-vsc, startup: false, activationEvent: 'onStartupFinished'
2026-01-11 15:32:26.049 [info] ExtensionService#_doActivateExtension Catppuccin.catppuccin-vsc-icons, startup: false, activationEvent: 'onStartupFinished'
2026-01-11 15:32:26.207 [info] ExtensionService#_doActivateExtension usernamehw.errorlens, startup: false, activationEvent: 'onStartupFinished'
2026-01-11 15:32:26.221 [info] ExtensionService#_doActivateExtension vscode.github-authentication, startup: false, activationEvent: 'onAuthenticationRequest:github'
2026-01-11 15:32:43.913 [info] Extension host terminating: renderer closed the MessagePort
2026-01-11 15:32:43.916 [info] Extension host with pid 481600 exiting with code 0
2026-01-11 15:32:45.004 [info] Extension host with pid 481693 started
2026-01-11 15:32:45.004 [info] Skipping acquiring lock for /home/dcap/.config/Code/User/workspaceStorage/844ef7b6af601e4155756e929042a641.
2026-01-11 15:32:45.004 [info] $getCanonicalURI invoked for authority (ssh-remote)
2026-01-11 15:32:45.012 [info] ExtensionService#_doActivateExtension ms-vscode-remote.remote-ssh, startup: false, activationEvent: 'onResolveRemoteAuthority:ssh-remote'
2026-01-11 15:32:45.076 [error] PendingMigrationError: navigator is now a global in nodejs, please see https://aka.ms/vscode-extensions/navigator for additional info on this error.
    at get (file:///opt/visual-studio-code/resources/app/out/vs/workbench/api/node/extensionHostProcess.js:404:6678)
    at Object.<anonymous> (/home/dcap/.vscode/extensions/ms-vscode-remote.remote-ssh-0.122.0/out/extension.js:2:486236)
    at 19534 (/home/dcap/.vscode/extensions/ms-vscode-remote.remote-ssh-0.122.0/out/extension.js:2:504946)
    at r (/home/dcap/.vscode/extensions/ms-vscode-remote.remote-ssh-0.122.0/out/extension.js:2:1111952)
    at 92839 (/home/dcap/.vscode/extensions/ms-vscode-remote.remote-ssh-0.122.0/out/extension.js:2:467011)
    at r (/home/dcap/.vscode/extensions/ms-vscode-remote.remote-ssh-0.122.0/out/extension.js:2:1111952)
    at 49424 (/home/dcap/.vscode/extensions/ms-vscode-remote.remote-ssh-0.122.0/out/extension.js:2:465868)
    at r (/home/dcap/.vscode/extensions/ms-vscode-remote.remote-ssh-0.122.0/out/extension.js:2:1111952)
    at 17130 (/home/dcap/.vscode/extensions/ms-vscode-remote.remote-ssh-0.122.0/out/extension.js:2:596187)
    at r (/home/dcap/.vscode/extensions/ms-vscode-remote.remote-ssh-0.122.0/out/extension.js:2:1111952)
    at 87631 (/home/dcap/.vscode/extensions/ms-vscode-remote.remote-ssh-0.122.0/out/extension.js:2:576918)
    at r (/home/dcap/.vscode/extensions/ms-vscode-remote.remote-ssh-0.122.0/out/extension.js:2:1111952)
    at 65861 (/home/dcap/.vscode/extensions/ms-vscode-remote.remote-ssh-0.122.0/out/extension.js:2:600757)
    at r (/home/dcap/.vscode/extensions/ms-vscode-remote.remote-ssh-0.122.0/out/extension.js:2:1111952)
    at 91577 (/home/dcap/.vscode/extensions/ms-vscode-remote.remote-ssh-0.122.0/out/extension.js:2:857934)
    at r (/home/dcap/.vscode/extensions/ms-vscode-remote.remote-ssh-0.122.0/out/extension.js:2:1111952)
    at 94111 (/home/dcap/.vscode/extensions/ms-vscode-remote.remote-ssh-0.122.0/out/extension.js:2:820820)
    at r (/home/dcap/.vscode/extensions/ms-vscode-remote.remote-ssh-0.122.0/out/extension.js:2:1111952)
    at 35187 (/home/dcap/.vscode/extensions/ms-vscode-remote.remote-ssh-0.122.0/out/extension.js:2:690379)
    at r (/home/dcap/.vscode/extensions/ms-vscode-remote.remote-ssh-0.122.0/out/extension.js:2:1111952)
    at 64417 (/home/dcap/.vscode/extensions/ms-vscode-remote.remote-ssh-0.122.0/out/extension.js:2:847532)
    at r (/home/dcap/.vscode/extensions/ms-vscode-remote.remote-ssh-0.122.0/out/extension.js:2:1111952)
    at 24847 (/home/dcap/.vscode/extensions/ms-vscode-remote.remote-ssh-0.122.0/out/extension.js:2:829890)
    at r (/home/dcap/.vscode/extensions/ms-vscode-remote.remote-ssh-0.122.0/out/extension.js:2:1111952)
    at 54788 (/home/dcap/.vscode/extensions/ms-vscode-remote.remote-ssh-0.122.0/out/extension.js:2:789192)
    at r (/home/dcap/.vscode/extensions/ms-vscode-remote.remote-ssh-0.122.0/out/extension.js:2:1111952)
    at 30729 (/home/dcap/.vscode/extensions/ms-vscode-remote.remote-ssh-0.122.0/out/extension.js:2:682700)
    at r (/home/dcap/.vscode/extensions/ms-vscode-remote.remote-ssh-0.122.0/out/extension.js:2:1111952)
    at 24430 (/home/dcap/.vscode/extensions/ms-vscode-remote.remote-ssh-0.122.0/out/extension.js:2:838905)
    at r (/home/dcap/.vscode/extensions/ms-vscode-remote.remote-ssh-0.122.0/out/extension.js:2:1111952)
    at 52584 (/home/dcap/.vscode/extensions/ms-vscode-remote.remote-ssh-0.122.0/out/extension.js:2:812208)
    at r (/home/dcap/.vscode/extensions/ms-vscode-remote.remote-ssh-0.122.0/out/extension.js:2:1111952)
    at 69480 (/home/dcap/.vscode/extensions/ms-vscode-remote.remote-ssh-0.122.0/out/extension.js:2:801398)
    at r (/home/dcap/.vscode/extensions/ms-vscode-remote.remote-ssh-0.122.0/out/extension.js:2:1111952)
    at 71535 (/home/dcap/.vscode/extensions/ms-vscode-remote.remote-ssh-0.122.0/out/extension.js:2:680449)
    at r (/home/dcap/.vscode/extensions/ms-vscode-remote.remote-ssh-0.122.0/out/extension.js:2:1111952)
    at /home/dcap/.vscode/extensions/ms-vscode-remote.remote-ssh-0.122.0/out/extension.js:2:1112816
    at /home/dcap/.vscode/extensions/ms-vscode-remote.remote-ssh-0.122.0/out/extension.js:2:1121149
    at Object.<anonymous> (/home/dcap/.vscode/extensions/ms-vscode-remote.remote-ssh-0.122.0/out/extension.js:2:1121255)
    at Module._compile (node:internal/modules/cjs/loader:1714:14)
    at Module._extensions..js (node:internal/modules/cjs/loader:1848:10)
    at Module.load (node:internal/modules/cjs/loader:1448:32)
    at Module._load (node:internal/modules/cjs/loader:1270:12)
    at c._load (node:electron/js2c/node_init:2:17993)
    at e._load (file:///opt/visual-studio-code/resources/app/out/vs/workbench/api/node/extensionHostProcess.js:404:6048)
    at t._load (file:///opt/visual-studio-code/resources/app/out/vs/workbench/api/node/extensionHostProcess.js:222:22598)
    at r._load (file:///opt/visual-studio-code/resources/app/out/vs/workbench/api/node/extensionHostProcess.js:214:24094)
    at TracingChannel.traceSync (node:diagnostics_channel:328:14)
    at wrapModuleLoad (node:internal/modules/cjs/loader:244:24)
    at Module.require (node:internal/modules/cjs/loader:1470:12)
    at require (node:internal/modules/helpers:147:16)
    at HX.Cb (file:///opt/visual-studio-code/resources/app/out/vs/workbench/api/node/extensionHostProcess.js:253:1253)
2026-01-11 15:32:45.190 [info] [resolveAuthority(ssh-remote,1)][0ms] activating remote resolvers ssh-remote+100.64.0.1
2026-01-11 15:32:45.190 [info] [resolveAuthority(ssh-remote,1)][0ms] activating resolver for ssh-remote+100.64.0.1...
2026-01-11 15:32:45.191 [info] [resolveAuthority(ssh-remote,1)][1ms] invoking final resolve()...
2026-01-11 15:32:45.305 [info] [resolveAuthority(ssh-remote,1)][115ms] setting tunnel factory...
2026-01-11 15:32:45.305 [info] [resolveAuthority(ssh-remote,1)][115ms] returned managed authority
2026-01-11 15:32:45.828 [info] Eager extensions activated
2026-01-11 15:32:45.903 [info] ExtensionService#_doActivateExtension Catppuccin.catppuccin-vsc, startup: false, activationEvent: 'onStartupFinished'
2026-01-11 15:32:45.908 [info] ExtensionService#_doActivateExtension Catppuccin.catppuccin-vsc-icons, startup: false, activationEvent: 'onStartupFinished'
2026-01-11 15:32:46.042 [info] ExtensionService#_doActivateExtension usernamehw.errorlens, startup: false, activationEvent: 'onStartupFinished'
2026-01-11 15:32:46.049 [info] ExtensionService#_doActivateExtension vscode.github-authentication, startup: false, activationEvent: 'onAuthenticationRequest:github'
2026-01-11 15:32:46.076 [info] ExtensionService#_doActivateExtension ms-vscode.remote-explorer, startup: false, activationEvent: 'onCommand:remote-internal.setActiveFolders'
2026-01-11 17:21:36.704 [info] [resolveAuthority(ssh-remote,2)][1ms] activating remote resolvers ssh-remote+100.64.0.1
2026-01-11 17:21:36.704 [info] [resolveAuthority(ssh-remote,2)][1ms] activating resolver for ssh-remote+100.64.0.1...
2026-01-11 17:21:36.704 [info] [resolveAuthority(ssh-remote,2)][1ms] invoking final resolve()...
2026-01-11 17:21:37.704 [info] [resolveAuthority(ssh-remote,2)][1001ms] waiting...
2026-01-11 17:21:38.705 [info] [resolveAuthority(ssh-remote,2)][2002ms] waiting...
2026-01-11 17:21:39.706 [info] [resolveAuthority(ssh-remote,2)][3003ms] waiting...
2026-01-11 17:21:40.709 [info] [resolveAuthority(ssh-remote,2)][4006ms] waiting...
2026-01-11 17:21:40.847 [info] [resolveAuthority(ssh-remote,2)][4144ms] setting tunnel factory...
2026-01-11 17:21:40.848 [info] [resolveAuthority(ssh-remote,2)][4145ms] returned managed authority
2026-01-11 17:43:49.721 [info] [resolveAuthority(ssh-remote,3)][1ms] activating remote resolvers ssh-remote+100.64.0.1
2026-01-11 17:43:49.721 [info] [resolveAuthority(ssh-remote,3)][1ms] activating resolver for ssh-remote+100.64.0.1...
2026-01-11 17:43:49.721 [info] [resolveAuthority(ssh-remote,3)][1ms] invoking final resolve()...
2026-01-11 17:43:50.685 [info] [resolveAuthority(ssh-remote,3)][965ms] setting tunnel factory...
2026-01-11 17:43:50.685 [info] [resolveAuthority(ssh-remote,3)][965ms] returned managed authority
2026-01-11 18:06:44.662 [info] [resolveAuthority(ssh-remote,4)][0ms] activating remote resolvers ssh-remote+100.64.0.1
2026-01-11 18:06:44.662 [info] [resolveAuthority(ssh-remote,4)][0ms] activating resolver for ssh-remote+100.64.0.1...
2026-01-11 18:06:44.662 [info] [resolveAuthority(ssh-remote,4)][0ms] invoking final resolve()...
2026-01-11 18:06:45.662 [info] [resolveAuthority(ssh-remote,4)][1000ms] waiting...
2026-01-11 18:06:46.663 [info] [resolveAuthority(ssh-remote,4)][2001ms] waiting...
2026-01-11 18:06:47.664 [info] [resolveAuthority(ssh-remote,4)][3001ms] waiting...
2026-01-11 18:06:48.664 [info] [resolveAuthority(ssh-remote,4)][4002ms] waiting...
2026-01-11 18:06:49.664 [info] [resolveAuthority(ssh-remote,4)][5002ms] waiting...
2026-01-11 18:06:50.666 [info] [resolveAuthority(ssh-remote,4)][6004ms] waiting...
2026-01-11 18:06:50.739 [info] [resolveAuthority(ssh-remote,4)][6077ms] setting tunnel factory...
2026-01-11 18:06:50.739 [info] [resolveAuthority(ssh-remote,4)][6077ms] returned managed authority
2026-01-11 19:05:00.536 [info] [resolveAuthority(ssh-remote,5)][0ms] activating remote resolvers ssh-remote+100.64.0.1
2026-01-11 19:05:00.536 [info] [resolveAuthority(ssh-remote,5)][0ms] activating resolver for ssh-remote+100.64.0.1...
2026-01-11 19:05:00.537 [info] [resolveAuthority(ssh-remote,5)][1ms] invoking final resolve()...
2026-01-11 19:05:01.537 [info] [resolveAuthority(ssh-remote,5)][1001ms] waiting...
2026-01-11 19:05:01.580 [info] [resolveAuthority(ssh-remote,5)][1044ms] setting tunnel factory...
2026-01-11 19:05:01.580 [info] [resolveAuthority(ssh-remote,5)][1044ms] returned managed authority
2026-01-12 07:49:23.484 [info] [resolveAuthority(ssh-remote,6)][0ms] activating remote resolvers ssh-remote+100.64.0.1
2026-01-12 07:49:23.484 [info] [resolveAuthority(ssh-remote,6)][0ms] activating resolver for ssh-remote+100.64.0.1...
2026-01-12 07:49:23.484 [info] [resolveAuthority(ssh-remote,6)][0ms] invoking final resolve()...
2026-01-12 07:49:24.484 [info] [resolveAuthority(ssh-remote,6)][1000ms] waiting...
2026-01-12 07:49:25.485 [info] [resolveAuthority(ssh-remote,6)][2001ms] waiting...
2026-01-12 07:49:26.485 [info] [resolveAuthority(ssh-remote,6)][3001ms] waiting...
2026-01-12 07:49:27.487 [info] [resolveAuthority(ssh-remote,6)][4003ms] waiting...
2026-01-12 07:49:28.488 [info] [resolveAuthority(ssh-remote,6)][5004ms] waiting...
2026-01-12 07:49:29.489 [info] [resolveAuthority(ssh-remote,6)][6005ms] waiting...
2026-01-12 07:49:30.490 [info] [resolveAuthority(ssh-remote,6)][7006ms] waiting...
2026-01-12 07:49:31.491 [info] [resolveAuthority(ssh-remote,6)][8007ms] waiting...
2026-01-12 07:49:32.492 [info] [resolveAuthority(ssh-remote,6)][9008ms] waiting...
2026-01-12 07:49:33.493 [info] [resolveAuthority(ssh-remote,6)][10009ms] waiting...
2026-01-12 07:49:34.494 [info] [resolveAuthority(ssh-remote,6)][11010ms] waiting...
2026-01-12 07:49:35.494 [info] [resolveAuthority(ssh-remote,6)][12010ms] waiting...
2026-01-12 07:49:36.495 [info] [resolveAuthority(ssh-remote,6)][13010ms] waiting...
2026-01-12 07:49:37.495 [info] [resolveAuthority(ssh-remote,6)][14011ms] waiting...
2026-01-12 07:49:38.496 [info] [resolveAuthority(ssh-remote,6)][15012ms] waiting...
2026-01-12 07:49:38.706 [error] [resolveAuthority(ssh-remote,6)][15222ms] returned an error The connection timed out
2026-01-12 07:49:43.871 [info] [resolveAuthority(ssh-remote,7)][1ms] activating remote resolvers ssh-remote+100.64.0.1
2026-01-12 07:49:43.871 [info] [resolveAuthority(ssh-remote,7)][1ms] activating resolver for ssh-remote+100.64.0.1...
2026-01-12 07:49:43.871 [info] [resolveAuthority(ssh-remote,7)][1ms] invoking final resolve()...
2026-01-12 07:49:44.872 [info] [resolveAuthority(ssh-remote,7)][1002ms] waiting...
2026-01-12 07:49:45.433 [info] [resolveAuthority(ssh-remote,7)][1563ms] setting tunnel factory...
2026-01-12 07:49:45.433 [info] [resolveAuthority(ssh-remote,7)][1563ms] returned managed authority
2026-01-12 07:49:48.081 [info] Extension host terminating: renderer closed the MessagePort
2026-01-12 07:49:48.086 [info] Extension host with pid 481693 exiting with code 0
2026-01-12 07:49:50.690 [info] Extension host with pid 487761 started
2026-01-12 07:49:50.690 [info] Skipping acquiring lock for /home/dcap/.config/Code/User/workspaceStorage/844ef7b6af601e4155756e929042a641.
2026-01-12 07:49:50.690 [info] $getCanonicalURI invoked for authority (ssh-remote)
2026-01-12 07:49:50.727 [info] ExtensionService#_doActivateExtension ms-vscode-remote.remote-ssh, startup: false, activationEvent: 'onResolveRemoteAuthority:ssh-remote'
2026-01-12 07:49:50.948 [error] PendingMigrationError: navigator is now a global in nodejs, please see https://aka.ms/vscode-extensions/navigator for additional info on this error.
    at get (file:///opt/visual-studio-code/resources/app/out/vs/workbench/api/node/extensionHostProcess.js:404:6678)
    at Object.<anonymous> (/home/dcap/.vscode/extensions/ms-vscode-remote.remote-ssh-0.122.0/out/extension.js:2:486236)
    at 19534 (/home/dcap/.vscode/extensions/ms-vscode-remote.remote-ssh-0.122.0/out/extension.js:2:504946)
    at r (/home/dcap/.vscode/extensions/ms-vscode-remote.remote-ssh-0.122.0/out/extension.js:2:1111952)
    at 92839 (/home/dcap/.vscode/extensions/ms-vscode-remote.remote-ssh-0.122.0/out/extension.js:2:467011)
    at r (/home/dcap/.vscode/extensions/ms-vscode-remote.remote-ssh-0.122.0/out/extension.js:2:1111952)
    at 49424 (/home/dcap/.vscode/extensions/ms-vscode-remote.remote-ssh-0.122.0/out/extension.js:2:465868)
    at r (/home/dcap/.vscode/extensions/ms-vscode-remote.remote-ssh-0.122.0/out/extension.js:2:1111952)
    at 17130 (/home/dcap/.vscode/extensions/ms-vscode-remote.remote-ssh-0.122.0/out/extension.js:2:596187)
    at r (/home/dcap/.vscode/extensions/ms-vscode-remote.remote-ssh-0.122.0/out/extension.js:2:1111952)
    at 87631 (/home/dcap/.vscode/extensions/ms-vscode-remote.remote-ssh-0.122.0/out/extension.js:2:576918)
    at r (/home/dcap/.vscode/extensions/ms-vscode-remote.remote-ssh-0.122.0/out/extension.js:2:1111952)
    at 65861 (/home/dcap/.vscode/extensions/ms-vscode-remote.remote-ssh-0.122.0/out/extension.js:2:600757)
    at r (/home/dcap/.vscode/extensions/ms-vscode-remote.remote-ssh-0.122.0/out/extension.js:2:1111952)
    at 91577 (/home/dcap/.vscode/extensions/ms-vscode-remote.remote-ssh-0.122.0/out/extension.js:2:857934)
    at r (/home/dcap/.vscode/extensions/ms-vscode-remote.remote-ssh-0.122.0/out/extension.js:2:1111952)
    at 94111 (/home/dcap/.vscode/extensions/ms-vscode-remote.remote-ssh-0.122.0/out/extension.js:2:820820)
    at r (/home/dcap/.vscode/extensions/ms-vscode-remote.remote-ssh-0.122.0/out/extension.js:2:1111952)
    at 35187 (/home/dcap/.vscode/extensions/ms-vscode-remote.remote-ssh-0.122.0/out/extension.js:2:690379)
    at r (/home/dcap/.vscode/extensions/ms-vscode-remote.remote-ssh-0.122.0/out/extension.js:2:1111952)
    at 64417 (/home/dcap/.vscode/extensions/ms-vscode-remote.remote-ssh-0.122.0/out/extension.js:2:847532)
    at r (/home/dcap/.vscode/extensions/ms-vscode-remote.remote-ssh-0.122.0/out/extension.js:2:1111952)
    at 24847 (/home/dcap/.vscode/extensions/ms-vscode-remote.remote-ssh-0.122.0/out/extension.js:2:829890)
    at r (/home/dcap/.vscode/extensions/ms-vscode-remote.remote-ssh-0.122.0/out/extension.js:2:1111952)
    at 54788 (/home/dcap/.vscode/extensions/ms-vscode-remote.remote-ssh-0.122.0/out/extension.js:2:789192)
    at r (/home/dcap/.vscode/extensions/ms-vscode-remote.remote-ssh-0.122.0/out/extension.js:2:1111952)
    at 30729 (/home/dcap/.vscode/extensions/ms-vscode-remote.remote-ssh-0.122.0/out/extension.js:2:682700)
    at r (/home/dcap/.vscode/extensions/ms-vscode-remote.remote-ssh-0.122.0/out/extension.js:2:1111952)
    at 24430 (/home/dcap/.vscode/extensions/ms-vscode-remote.remote-ssh-0.122.0/out/extension.js:2:838905)
    at r (/home/dcap/.vscode/extensions/ms-vscode-remote.remote-ssh-0.122.0/out/extension.js:2:1111952)
    at 52584 (/home/dcap/.vscode/extensions/ms-vscode-remote.remote-ssh-0.122.0/out/extension.js:2:812208)
    at r (/home/dcap/.vscode/extensions/ms-vscode-remote.remote-ssh-0.122.0/out/extension.js:2:1111952)
    at 69480 (/home/dcap/.vscode/extensions/ms-vscode-remote.remote-ssh-0.122.0/out/extension.js:2:801398)
    at r (/home/dcap/.vscode/extensions/ms-vscode-remote.remote-ssh-0.122.0/out/extension.js:2:1111952)
    at 71535 (/home/dcap/.vscode/extensions/ms-vscode-remote.remote-ssh-0.122.0/out/extension.js:2:680449)
    at r (/home/dcap/.vscode/extensions/ms-vscode-remote.remote-ssh-0.122.0/out/extension.js:2:1111952)
    at /home/dcap/.vscode/extensions/ms-vscode-remote.remote-ssh-0.122.0/out/extension.js:2:1112816
    at /home/dcap/.vscode/extensions/ms-vscode-remote.remote-ssh-0.122.0/out/extension.js:2:1121149
    at Object.<anonymous> (/home/dcap/.vscode/extensions/ms-vscode-remote.remote-ssh-0.122.0/out/extension.js:2:1121255)
    at Module._compile (node:internal/modules/cjs/loader:1714:14)
    at Module._extensions..js (node:internal/modules/cjs/loader:1848:10)
    at Module.load (node:internal/modules/cjs/loader:1448:32)
    at Module._load (node:internal/modules/cjs/loader:1270:12)
    at c._load (node:electron/js2c/node_init:2:17993)
    at e._load (file:///opt/visual-studio-code/resources/app/out/vs/workbench/api/node/extensionHostProcess.js:404:6048)
    at t._load (file:///opt/visual-studio-code/resources/app/out/vs/workbench/api/node/extensionHostProcess.js:222:22598)
    at r._load (file:///opt/visual-studio-code/resources/app/out/vs/workbench/api/node/extensionHostProcess.js:214:24094)
    at TracingChannel.traceSync (node:diagnostics_channel:328:14)
    at wrapModuleLoad (node:internal/modules/cjs/loader:244:24)
    at Module.require (node:internal/modules/cjs/loader:1470:12)
    at require (node:internal/modules/helpers:147:16)
    at HX.Cb (file:///opt/visual-studio-code/resources/app/out/vs/workbench/api/node/extensionHostProcess.js:253:1253)
2026-01-12 07:49:51.671 [info] [resolveAuthority(ssh-remote,1)][0ms] activating remote resolvers ssh-remote+100.64.0.1
2026-01-12 07:49:51.671 [info] [resolveAuthority(ssh-remote,1)][0ms] activating resolver for ssh-remote+100.64.0.1...
2026-01-12 07:49:51.686 [info] [resolveAuthority(ssh-remote,1)][15ms] invoking final resolve()...
2026-01-12 07:49:52.684 [info] [resolveAuthority(ssh-remote,1)][1013ms] waiting...
2026-01-12 07:49:53.683 [info] [resolveAuthority(ssh-remote,1)][2012ms] waiting...
2026-01-12 07:49:54.552 [info] [resolveAuthority(ssh-remote,1)][2881ms] setting tunnel factory...
2026-01-12 07:49:54.554 [info] [resolveAuthority(ssh-remote,1)][2883ms] returned managed authority
2026-01-12 07:49:56.888 [info] Eager extensions activated
2026-01-12 07:49:57.279 [info] ExtensionService#_doActivateExtension Catppuccin.catppuccin-vsc, startup: false, activationEvent: 'onStartupFinished'
2026-01-12 07:49:57.323 [info] ExtensionService#_doActivateExtension Catppuccin.catppuccin-vsc-icons, startup: false, activationEvent: 'onStartupFinished'
2026-01-12 07:49:58.232 [info] ExtensionService#_doActivateExtension usernamehw.errorlens, startup: false, activationEvent: 'onStartupFinished'
2026-01-12 07:49:58.258 [info] ExtensionService#_doActivateExtension vscode.github-authentication, startup: false, activationEvent: 'onAuthenticationRequest:github'
2026-01-12 07:49:58.350 [info] ExtensionService#_doActivateExtension ms-vscode.remote-explorer, startup: false, activationEvent: 'onCommand:remote-internal.setActiveFolders'
2026-01-12 19:57:22.206 [info] [resolveAuthority(ssh-remote,2)][0ms] activating remote resolvers ssh-remote+100.64.0.1
2026-01-12 19:57:22.209 [info] [resolveAuthority(ssh-remote,2)][3ms] activating resolver for ssh-remote+100.64.0.1...
2026-01-12 19:57:22.209 [info] [resolveAuthority(ssh-remote,2)][3ms] invoking final resolve()...
2026-01-12 19:57:23.210 [info] [resolveAuthority(ssh-remote,2)][1004ms] waiting...
2026-01-12 19:57:24.210 [info] [resolveAuthority(ssh-remote,2)][2004ms] waiting...
2026-01-12 19:57:25.211 [info] [resolveAuthority(ssh-remote,2)][3005ms] waiting...
2026-01-12 19:57:26.211 [info] [resolveAuthority(ssh-remote,2)][4005ms] waiting...
2026-01-12 19:57:27.212 [info] [resolveAuthority(ssh-remote,2)][5006ms] waiting...
2026-01-12 19:57:28.214 [info] [resolveAuthority(ssh-remote,2)][6008ms] waiting...
2026-01-12 19:57:29.215 [info] [resolveAuthority(ssh-remote,2)][7009ms] waiting...
2026-01-12 19:57:30.217 [info] [resolveAuthority(ssh-remote,2)][8011ms] waiting...
2026-01-12 19:57:31.217 [info] [resolveAuthority(ssh-remote,2)][9011ms] waiting...
2026-01-12 19:57:32.219 [info] [resolveAuthority(ssh-remote,2)][10013ms] waiting...
2026-01-12 19:57:33.219 [info] [resolveAuthority(ssh-remote,2)][11013ms] waiting...
2026-01-12 19:57:34.220 [info] [resolveAuthority(ssh-remote,2)][12014ms] waiting...
2026-01-12 19:57:35.221 [info] [resolveAuthority(ssh-remote,2)][13015ms] waiting...
2026-01-12 19:57:36.222 [info] [resolveAuthority(ssh-remote,2)][14016ms] waiting...
2026-01-12 19:57:37.223 [info] [resolveAuthority(ssh-remote,2)][15017ms] waiting...
2026-01-12 19:57:37.462 [error] [resolveAuthority(ssh-remote,2)][15256ms] returned an error The connection timed out
2026-01-12 19:57:42.573 [info] [resolveAuthority(ssh-remote,3)][0ms] activating remote resolvers ssh-remote+100.64.0.1
2026-01-12 19:57:42.573 [info] [resolveAuthority(ssh-remote,3)][1ms] activating resolver for ssh-remote+100.64.0.1...
2026-01-12 19:57:42.573 [info] [resolveAuthority(ssh-remote,3)][1ms] invoking final resolve()...
2026-01-12 19:57:43.573 [info] [resolveAuthority(ssh-remote,3)][1001ms] waiting...
2026-01-12 19:57:43.779 [info] [resolveAuthority(ssh-remote,3)][1207ms] setting tunnel factory...
2026-01-12 19:57:43.780 [info] [resolveAuthority(ssh-remote,3)][1208ms] returned managed authority
2026-01-12 19:58:23.084 [info] Extension host terminating: renderer closed the MessagePort
2026-01-12 19:58:23.086 [info] Extension host with pid 487761 exiting with code 0
2026-01-12 19:58:24.240 [info] Extension host with pid 489766 started
2026-01-12 19:58:24.240 [info] Skipping acquiring lock for /home/dcap/.config/Code/User/workspaceStorage/844ef7b6af601e4155756e929042a641.
2026-01-12 19:58:24.240 [info] $getCanonicalURI invoked for authority (ssh-remote)
2026-01-12 19:58:24.247 [info] ExtensionService#_doActivateExtension ms-vscode-remote.remote-ssh, startup: false, activationEvent: 'onResolveRemoteAuthority:ssh-remote'
2026-01-12 19:58:24.305 [error] PendingMigrationError: navigator is now a global in nodejs, please see https://aka.ms/vscode-extensions/navigator for additional info on this error.
    at get (file:///opt/visual-studio-code/resources/app/out/vs/workbench/api/node/extensionHostProcess.js:404:6678)
    at Object.<anonymous> (/home/dcap/.vscode/extensions/ms-vscode-remote.remote-ssh-0.122.0/out/extension.js:2:486236)
    at 19534 (/home/dcap/.vscode/extensions/ms-vscode-remote.remote-ssh-0.122.0/out/extension.js:2:504946)
    at r (/home/dcap/.vscode/extensions/ms-vscode-remote.remote-ssh-0.122.0/out/extension.js:2:1111952)
    at 92839 (/home/dcap/.vscode/extensions/ms-vscode-remote.remote-ssh-0.122.0/out/extension.js:2:467011)
    at r (/home/dcap/.vscode/extensions/ms-vscode-remote.remote-ssh-0.122.0/out/extension.js:2:1111952)
    at 49424 (/home/dcap/.vscode/extensions/ms-vscode-remote.remote-ssh-0.122.0/out/extension.js:2:465868)
    at r (/home/dcap/.vscode/extensions/ms-vscode-remote.remote-ssh-0.122.0/out/extension.js:2:1111952)
    at 17130 (/home/dcap/.vscode/extensions/ms-vscode-remote.remote-ssh-0.122.0/out/extension.js:2:596187)
    at r (/home/dcap/.vscode/extensions/ms-vscode-remote.remote-ssh-0.122.0/out/extension.js:2:1111952)
    at 87631 (/home/dcap/.vscode/extensions/ms-vscode-remote.remote-ssh-0.122.0/out/extension.js:2:576918)
    at r (/home/dcap/.vscode/extensions/ms-vscode-remote.remote-ssh-0.122.0/out/extension.js:2:1111952)
    at 65861 (/home/dcap/.vscode/extensions/ms-vscode-remote.remote-ssh-0.122.0/out/extension.js:2:600757)
    at r (/home/dcap/.vscode/extensions/ms-vscode-remote.remote-ssh-0.122.0/out/extension.js:2:1111952)
    at 91577 (/home/dcap/.vscode/extensions/ms-vscode-remote.remote-ssh-0.122.0/out/extension.js:2:857934)
    at r (/home/dcap/.vscode/extensions/ms-vscode-remote.remote-ssh-0.122.0/out/extension.js:2:1111952)
    at 94111 (/home/dcap/.vscode/extensions/ms-vscode-remote.remote-ssh-0.122.0/out/extension.js:2:820820)
    at r (/home/dcap/.vscode/extensions/ms-vscode-remote.remote-ssh-0.122.0/out/extension.js:2:1111952)
    at 35187 (/home/dcap/.vscode/extensions/ms-vscode-remote.remote-ssh-0.122.0/out/extension.js:2:690379)
    at r (/home/dcap/.vscode/extensions/ms-vscode-remote.remote-ssh-0.122.0/out/extension.js:2:1111952)
    at 64417 (/home/dcap/.vscode/extensions/ms-vscode-remote.remote-ssh-0.122.0/out/extension.js:2:847532)
    at r (/home/dcap/.vscode/extensions/ms-vscode-remote.remote-ssh-0.122.0/out/extension.js:2:1111952)
    at 24847 (/home/dcap/.vscode/extensions/ms-vscode-remote.remote-ssh-0.122.0/out/extension.js:2:829890)
    at r (/home/dcap/.vscode/extensions/ms-vscode-remote.remote-ssh-0.122.0/out/extension.js:2:1111952)
    at 54788 (/home/dcap/.vscode/extensions/ms-vscode-remote.remote-ssh-0.122.0/out/extension.js:2:789192)
    at r (/home/dcap/.vscode/extensions/ms-vscode-remote.remote-ssh-0.122.0/out/extension.js:2:1111952)
    at 30729 (/home/dcap/.vscode/extensions/ms-vscode-remote.remote-ssh-0.122.0/out/extension.js:2:682700)
    at r (/home/dcap/.vscode/extensions/ms-vscode-remote.remote-ssh-0.122.0/out/extension.js:2:1111952)
    at 24430 (/home/dcap/.vscode/extensions/ms-vscode-remote.remote-ssh-0.122.0/out/extension.js:2:838905)
    at r (/home/dcap/.vscode/extensions/ms-vscode-remote.remote-ssh-0.122.0/out/extension.js:2:1111952)
    at 52584 (/home/dcap/.vscode/extensions/ms-vscode-remote.remote-ssh-0.122.0/out/extension.js:2:812208)
    at r (/home/dcap/.vscode/extensions/ms-vscode-remote.remote-ssh-0.122.0/out/extension.js:2:1111952)
    at 69480 (/home/dcap/.vscode/extensions/ms-vscode-remote.remote-ssh-0.122.0/out/extension.js:2:801398)
    at r (/home/dcap/.vscode/extensions/ms-vscode-remote.remote-ssh-0.122.0/out/extension.js:2:1111952)
    at 71535 (/home/dcap/.vscode/extensions/ms-vscode-remote.remote-ssh-0.122.0/out/extension.js:2:680449)
    at r (/home/dcap/.vscode/extensions/ms-vscode-remote.remote-ssh-0.122.0/out/extension.js:2:1111952)
    at /home/dcap/.vscode/extensions/ms-vscode-remote.remote-ssh-0.122.0/out/extension.js:2:1112816
    at /home/dcap/.vscode/extensions/ms-vscode-remote.remote-ssh-0.122.0/out/extension.js:2:1121149
    at Object.<anonymous> (/home/dcap/.vscode/extensions/ms-vscode-remote.remote-ssh-0.122.0/out/extension.js:2:1121255)
    at Module._compile (node:internal/modules/cjs/loader:1714:14)
    at Module._extensions..js (node:internal/modules/cjs/loader:1848:10)
    at Module.load (node:internal/modules/cjs/loader:1448:32)
    at Module._load (node:internal/modules/cjs/loader:1270:12)
    at c._load (node:electron/js2c/node_init:2:17993)
    at e._load (file:///opt/visual-studio-code/resources/app/out/vs/workbench/api/node/extensionHostProcess.js:404:6048)
    at t._load (file:///opt/visual-studio-code/resources/app/out/vs/workbench/api/node/extensionHostProcess.js:222:22598)
    at r._load (file:///opt/visual-studio-code/resources/app/out/vs/workbench/api/node/extensionHostProcess.js:214:24094)
    at TracingChannel.traceSync (node:diagnostics_channel:328:14)
    at wrapModuleLoad (node:internal/modules/cjs/loader:244:24)
    at Module.require (node:internal/modules/cjs/loader:1470:12)
    at require (node:internal/modules/helpers:147:16)
    at HX.Cb (file:///opt/visual-studio-code/resources/app/out/vs/workbench/api/node/extensionHostProcess.js:253:1253)
2026-01-12 19:58:24.410 [info] [resolveAuthority(ssh-remote,1)][0ms] activating remote resolvers ssh-remote+100.64.0.1
2026-01-12 19:58:24.410 [info] [resolveAuthority(ssh-remote,1)][0ms] activating resolver for ssh-remote+100.64.0.1...
2026-01-12 19:58:24.411 [info] [resolveAuthority(ssh-remote,1)][1ms] invoking final resolve()...
2026-01-12 19:58:24.533 [info] [resolveAuthority(ssh-remote,1)][123ms] setting tunnel factory...
2026-01-12 19:58:24.533 [info] [resolveAuthority(ssh-remote,1)][123ms] returned managed authority
2026-01-12 19:58:24.992 [info] Eager extensions activated
2026-01-12 19:58:25.060 [info] ExtensionService#_doActivateExtension Catppuccin.catppuccin-vsc, startup: false, activationEvent: 'onStartupFinished'
2026-01-12 19:58:25.065 [info] ExtensionService#_doActivateExtension Catppuccin.catppuccin-vsc-icons, startup: false, activationEvent: 'onStartupFinished'
2026-01-12 19:58:25.169 [info] ExtensionService#_doActivateExtension usernamehw.errorlens, startup: false, activationEvent: 'onStartupFinished'
2026-01-12 19:58:25.175 [info] ExtensionService#_doActivateExtension vscode.github-authentication, startup: false, activationEvent: 'onAuthenticationRequest:github'
2026-01-12 19:58:25.203 [info] ExtensionService#_doActivateExtension ms-vscode.remote-explorer, startup: false, activationEvent: 'onCommand:remote-internal.setActiveFolders'
2026-01-12 21:05:47.636 [info] [resolveAuthority(ssh-remote,2)][0ms] activating remote resolvers ssh-remote+100.64.0.1
2026-01-12 21:05:47.636 [info] [resolveAuthority(ssh-remote,2)][0ms] activating resolver for ssh-remote+100.64.0.1...
2026-01-12 21:05:47.637 [info] [resolveAuthority(ssh-remote,2)][1ms] invoking final resolve()...
2026-01-12 21:05:48.632 [info] [resolveAuthority(ssh-remote,2)][996ms] setting tunnel factory...
2026-01-12 21:05:48.633 [info] [resolveAuthority(ssh-remote,2)][997ms] returned managed authority
2026-01-13 20:13:59.199 [info] [resolveAuthority(ssh-remote,3)][0ms] activating remote resolvers ssh-remote+100.64.0.1
2026-01-13 20:13:59.199 [info] [resolveAuthority(ssh-remote,3)][0ms] activating resolver for ssh-remote+100.64.0.1...
2026-01-13 20:13:59.200 [info] [resolveAuthority(ssh-remote,3)][1ms] invoking final resolve()...
2026-01-13 20:14:00.200 [info] [resolveAuthority(ssh-remote,3)][1001ms] waiting...
2026-01-13 20:14:01.200 [info] [resolveAuthority(ssh-remote,3)][2001ms] waiting...
2026-01-13 20:14:02.201 [info] [resolveAuthority(ssh-remote,3)][3002ms] waiting...
2026-01-13 20:14:03.202 [info] [resolveAuthority(ssh-remote,3)][4003ms] waiting...
2026-01-13 20:14:04.202 [info] [resolveAuthority(ssh-remote,3)][5003ms] waiting...
2026-01-13 20:14:05.201 [info] [resolveAuthority(ssh-remote,3)][6002ms] waiting...
2026-01-13 20:14:06.201 [info] [resolveAuthority(ssh-remote,3)][7002ms] waiting...
2026-01-13 20:14:07.202 [info] [resolveAuthority(ssh-remote,3)][8003ms] waiting...
2026-01-13 20:14:08.204 [info] [resolveAuthority(ssh-remote,3)][9005ms] waiting...
2026-01-13 20:14:09.205 [info] [resolveAuthority(ssh-remote,3)][10006ms] waiting...
2026-01-13 20:14:10.206 [info] [resolveAuthority(ssh-remote,3)][11007ms] waiting...
2026-01-13 20:14:11.207 [info] [resolveAuthority(ssh-remote,3)][12008ms] waiting...
2026-01-13 20:14:12.209 [info] [resolveAuthority(ssh-remote,3)][13010ms] waiting...
2026-01-13 20:14:13.209 [info] [resolveAuthority(ssh-remote,3)][14010ms] waiting...
2026-01-13 20:14:14.217 [info] [resolveAuthority(ssh-remote,3)][15015ms] waiting...
2026-01-13 20:14:14.377 [error] [resolveAuthority(ssh-remote,3)][15178ms] returned an error The connection timed out
2026-01-13 20:14:19.520 [info] [resolveAuthority(ssh-remote,4)][0ms] activating remote resolvers ssh-remote+100.64.0.1
2026-01-13 20:14:19.520 [info] [resolveAuthority(ssh-remote,4)][0ms] activating resolver for ssh-remote+100.64.0.1...
2026-01-13 20:14:19.521 [info] [resolveAuthority(ssh-remote,4)][1ms] invoking final resolve()...
2026-01-13 20:14:20.522 [info] [resolveAuthority(ssh-remote,4)][1002ms] waiting...
2026-01-13 20:14:20.695 [info] [resolveAuthority(ssh-remote,4)][1175ms] setting tunnel factory...
2026-01-13 20:14:20.696 [info] [resolveAuthority(ssh-remote,4)][1176ms] returned managed authority
2026-01-13 20:14:27.882 [info] Extension host terminating: renderer closed the MessagePort
2026-01-13 20:14:27.885 [info] Extension host with pid 489766 exiting with code 0
