01/25/2026 21:42:12 Central European Standard Time : Information : Local timezone is (UTC+01:00) Central European Time (Stockholm)
01/25/2026 21:42:12 Central European Standard Time : Information : Service Hub .NET service module host started. Host id: dotnet.projectSystem$C94B8CFE-E3FD-4BAF-A941-2866DBB566FE. Controller pipe: net.pipe://55017510CB. PID: 550228
01/25/2026 21:42:12 Central European Standard Time : Information : hubHostClr read: Content-Length: 116

{"jsonrpc":"2.0","id":2,"method":"InitializeHostAsync","params":[{"HostsRootDirectory":".","AppConfigFallback":""}]}
01/25/2026 21:42:12 Central European Standard Time : Information : hubHostClr write: Content-Length: 93

{"jsonrpc":"2.0","id":2,"result":"dotnet.projectSystem$C94B8CFE-E3FD-4BAF-A941-2866DBB566FE"}
01/25/2026 21:42:12 Central European Standard Time : Information : hubHostClr read: Content-Length: 967

{"jsonrpc":"2.0","id":3,"method":"StartServiceAsync","params":[{"name":"Microsoft.VisualStudio.LaunchConfigurationService","host":"dotnet.projectSystem","hostId":"C94B8CFE-E3FD-4BAF-A941-2866DBB566FE","serviceBaseDirectory":"/home/dcap/.vscode/extensions/ms-dotnettools.csdevkit-1.90.2-linux-x64/components/CPS/platforms/linux-x64/node_modules/@microsoft/visualstudio-projectsystem-server.linux-x64","entryPoint":{"assemblyPath":"/home/dcap/.vscode/extensions/ms-dotnettools.csdevkit-1.90.2-linux-x64/components/CPS/platforms/linux-x64/node_modules/@microsoft/visualstudio-projectsystem-server.linux-x64/Microsoft.VisualStudio.ProjectSystem.Server.Implementation.dll","fullClassName":"Microsoft.VisualStudio.ProjectSystem.Server.LaunchConfigurationServiceFactory"}},{"ActivationArguments":{"__servicehub__ServiceHubRemoteServiceBrokerPipeName":"/home/dcap/.ServiceHub/e413a5bcb1/af2c8a0eb2"},"ClientCredentials":{},"ClientCulture":"en-US","ClientUICulture":"en-US"}]}
01/25/2026 21:42:12 Central European Standard Time : Information : hubHostClr read: Content-Length: 1013

{"jsonrpc":"2.0","id":4,"method":"StartServiceAsync","params":[{"name":"Microsoft.VisualStudio.ProjectSystem.ProjectTreeProvider","host":"dotnet.projectSystem","hostId":"C94B8CFE-E3FD-4BAF-A941-2866DBB566FE","serviceBaseDirectory":"/home/dcap/.vscode/extensions/ms-dotnettools.csdevkit-1.90.2-linux-x64/components/CPS/platforms/linux-x64/node_modules/@microsoft/visualstudio-projectsystem-server.linux-x64","entryPoint":{"assemblyPath":"/home/dcap/.vscode/extensions/ms-dotnettools.csdevkit-1.90.2-linux-x64/components/CPS/platforms/linux-x64/node_modules/@microsoft/visualstudio-projectsystem-server.linux-x64/Microsoft.VisualStudio.ProjectSystem.Server.Implementation.dll","fullClassName":"Microsoft.VisualStudio.ProjectSystem.Server.ProjectTreeProviderFactory"}},{"ActivationArguments":{"__servicehub__ServiceHubRemoteServiceBrokerPipeName":"/home/dcap/.ServiceHub/e413a5bcb1/3c781a5a90","__servicehub__RequestedServiceVersion":"0.1"},"ClientCredentials":{},"ClientCulture":"en-US","ClientUICulture":"en-US"}]}Content-Length: 1043

{"jsonrpc":"2.0","id":6,"method":"StartServiceAsync","params":[{"name":"Microsoft.VisualStudio.ProjectSystem.ProjectInitializationStatusService","host":"dotnet.projectSystem","hostId":"C94B8CFE-E3FD-4BAF-A941-2866DBB566FE","serviceBaseDirectory":"/home/dcap/.vscode/extensions/ms-dotnettools.csdevkit-1.90.2-linux-x64/components/CPS/platforms/linux-x64/node_modules/@microsoft/visualstudio-projectsystem-server.linux-x64","entryPoint":{"assemblyPath":"/home/dcap/.vscode/extensions/ms-dotnettools.csdevkit-1.90.2-linux-x64/components/CPS/platforms/linux-x64/node_modules/@microsoft/visualstudio-projectsystem-server.linux-x64/Microsoft.VisualStudio.ProjectSystem.Server.Implementation.dll","fullClassName":"Microsoft.VisualStudio.ProjectSystem.Server.ProjectInitializationStatusServiceFactory"}},{"ActivationArguments":{"__servicehub__ServiceHubRemoteServiceBrokerPipeName":"/home/dcap/.ServiceHub/e413a5bcb1/c523400528","__servicehub__RequestedServiceVersion":"0.1"},"ClientCredentials":{},"ClientCulture":"en-US","ClientUICulture":"en-US"}]}Content-Length: 1043

{"jsonrpc":"2.0","id":5,"method":"StartServiceAsync","params":[{"name":"Microsoft.VisualStudio.ProjectSystem.ProjectInitializationStatusService","host":"dotnet.projectSystem","hostId":"C94B8CFE-E3FD-4BAF-A941-2866DBB566FE","serviceBaseDirectory":"/home/dcap/.vscode/extensions/ms-dotnettools.csdevkit-1.90.2-linux-x64/components/CPS/platforms/linux-x64/node_modules/@microsoft/visualstudio-projectsystem-server.linux-x64","entryPoint":{"assemblyPath":"/home/dcap/.vscode/extensions/ms-dotnettools.csdevkit-1.90.2-linux-x64/components/CPS/platforms/linux-x64/node_modules/@microsoft/visualstudio-projectsystem-server.linux-x64/Microsoft.VisualStudio.ProjectSystem.Server.Implementation.dll","fullClassName":"Microsoft.VisualStudio.ProjectSystem.Server.ProjectInitializationStatusServiceFactory"}},{"ActivationArguments":{"__servicehub__ServiceHubRemoteServiceBrokerPipeName":"/home/dcap/.ServiceHub/e413a5bcb1/d350196ec0","__servicehub__RequestedServiceVersion":"0.1"},"ClientCredentials":{},"ClientCulture":"en-US","ClientUICulture":"en-US"}]}
01/25/2026 21:42:12 Central European Standard Time : Information : CLR host received start request for service 'Microsoft.VisualStudio.LaunchConfigurationService'
01/25/2026 21:42:12 Central European Standard Time : Information : Loading service module assembly '/home/dcap/.vscode/extensions/ms-dotnettools.csdevkit-1.90.2-linux-x64/components/CPS/platforms/linux-x64/node_modules/@microsoft/visualstudio-projectsystem-server.linux-x64/Microsoft.VisualStudio.ProjectSystem.Server.Implementation.dll' from '/home/dcap/.vscode/extensions/ms-dotnettools.csdevkit-1.90.2-linux-x64/components/CPS/platforms/linux-x64/node_modules/@microsoft/visualstudio-projectsystem-server.linux-x64'
01/25/2026 21:42:12 Central European Standard Time : Information : Starting service module 'Microsoft.VisualStudio.LaunchConfigurationService'. Class: Microsoft.VisualStudio.ProjectSystem.Server.LaunchConfigurationServiceFactory, Supported Version: 
01/25/2026 21:42:12 Central European Standard Time : Information : Started service 'Microsoft.VisualStudio.LaunchConfigurationService'. Pipe name: /home/dcap/.ServiceHub/e413a5bcb1/45aef633f9, Supported Version: 
01/25/2026 21:42:12 Central European Standard Time : Information : hubHostClr write: Content-Length: 80

{"jsonrpc":"2.0","id":3,"result":"/home/dcap/.ServiceHub/e413a5bcb1/45aef633f9"}
01/25/2026 21:42:12 Central European Standard Time : Information : CLR host received start request for service 'Microsoft.VisualStudio.ProjectSystem.ProjectTreeProvider'
01/25/2026 21:42:12 Central European Standard Time : Information : Loading service module assembly '/home/dcap/.vscode/extensions/ms-dotnettools.csdevkit-1.90.2-linux-x64/components/CPS/platforms/linux-x64/node_modules/@microsoft/visualstudio-projectsystem-server.linux-x64/Microsoft.VisualStudio.ProjectSystem.Server.Implementation.dll' from '/home/dcap/.vscode/extensions/ms-dotnettools.csdevkit-1.90.2-linux-x64/components/CPS/platforms/linux-x64/node_modules/@microsoft/visualstudio-projectsystem-server.linux-x64'
01/25/2026 21:42:12 Central European Standard Time : Information : Starting service module 'Microsoft.VisualStudio.ProjectSystem.ProjectTreeProvider'. Class: Microsoft.VisualStudio.ProjectSystem.Server.ProjectTreeProviderFactory, Supported Version: 
01/25/2026 21:42:12 Central European Standard Time : Information : Started service 'Microsoft.VisualStudio.ProjectSystem.ProjectTreeProvider'. Pipe name: /home/dcap/.ServiceHub/e413a5bcb1/05c549c3d0, Supported Version: 
01/25/2026 21:42:12 Central European Standard Time : Information : CLR host received start request for service 'Microsoft.VisualStudio.ProjectSystem.ProjectInitializationStatusService'
01/25/2026 21:42:12 Central European Standard Time : Information : hubHostClr write: Content-Length: 80

{"jsonrpc":"2.0","id":4,"result":"/home/dcap/.ServiceHub/e413a5bcb1/05c549c3d0"}
01/25/2026 21:42:12 Central European Standard Time : Information : Loading service module assembly '/home/dcap/.vscode/extensions/ms-dotnettools.csdevkit-1.90.2-linux-x64/components/CPS/platforms/linux-x64/node_modules/@microsoft/visualstudio-projectsystem-server.linux-x64/Microsoft.VisualStudio.ProjectSystem.Server.Implementation.dll' from '/home/dcap/.vscode/extensions/ms-dotnettools.csdevkit-1.90.2-linux-x64/components/CPS/platforms/linux-x64/node_modules/@microsoft/visualstudio-projectsystem-server.linux-x64'
01/25/2026 21:42:12 Central European Standard Time : Information : Starting service module 'Microsoft.VisualStudio.ProjectSystem.ProjectInitializationStatusService'. Class: Microsoft.VisualStudio.ProjectSystem.Server.ProjectInitializationStatusServiceFactory, Supported Version: 
01/25/2026 21:42:12 Central European Standard Time : Information : Started service 'Microsoft.VisualStudio.ProjectSystem.ProjectInitializationStatusService'. Pipe name: /home/dcap/.ServiceHub/e413a5bcb1/d917d8ffd4, Supported Version: 
01/25/2026 21:42:12 Central European Standard Time : Information : CLR host received start request for service 'Microsoft.VisualStudio.ProjectSystem.ProjectInitializationStatusService'
01/25/2026 21:42:12 Central European Standard Time : Information : hubHostClr write: Content-Length: 80

{"jsonrpc":"2.0","id":6,"result":"/home/dcap/.ServiceHub/e413a5bcb1/d917d8ffd4"}
01/25/2026 21:42:12 Central European Standard Time : Information : Loading service module assembly '/home/dcap/.vscode/extensions/ms-dotnettools.csdevkit-1.90.2-linux-x64/components/CPS/platforms/linux-x64/node_modules/@microsoft/visualstudio-projectsystem-server.linux-x64/Microsoft.VisualStudio.ProjectSystem.Server.Implementation.dll' from '/home/dcap/.vscode/extensions/ms-dotnettools.csdevkit-1.90.2-linux-x64/components/CPS/platforms/linux-x64/node_modules/@microsoft/visualstudio-projectsystem-server.linux-x64'
01/25/2026 21:42:12 Central European Standard Time : Information : Starting service module 'Microsoft.VisualStudio.ProjectSystem.ProjectInitializationStatusService'. Class: Microsoft.VisualStudio.ProjectSystem.Server.ProjectInitializationStatusServiceFactory, Supported Version: 
01/25/2026 21:42:12 Central European Standard Time : Information : Started service 'Microsoft.VisualStudio.ProjectSystem.ProjectInitializationStatusService'. Pipe name: /home/dcap/.ServiceHub/e413a5bcb1/b771c9aef3, Supported Version: 
01/25/2026 21:42:12 Central European Standard Time : Information : hubHostClr write: Content-Length: 80

{"jsonrpc":"2.0","id":5,"result":"/home/dcap/.ServiceHub/e413a5bcb1/b771c9aef3"}
01/25/2026 21:42:12 Central European Standard Time : Information : A new client connected to CLR service module 'Microsoft.VisualStudio.ProjectSystem.ProjectInitializationStatusService'
01/25/2026 21:42:12 Central European Standard Time : Information : A new client connected to CLR service module 'Microsoft.VisualStudio.LaunchConfigurationService'
01/25/2026 21:42:12 Central European Standard Time : Information : A new client connected to CLR service module 'Microsoft.VisualStudio.ProjectSystem.ProjectInitializationStatusService'
01/25/2026 21:42:12 Central European Standard Time : Information : A new client connected to CLR service module 'Microsoft.VisualStudio.ProjectSystem.ProjectTreeProvider'
01/25/2026 21:42:12 Central European Standard Time : Information : hubHostClr write: Content-Length: 124

{"jsonrpc":"2.0","method":"HostServicesStartedAsync","params":["dotnet.projectSystem$C94B8CFE-E3FD-4BAF-A941-2866DBB566FE"]}
01/25/2026 21:42:12 Central European Standard Time : Information : Found FactoryVersion=Version2 for service : Microsoft.VisualStudio.ProjectSystem.ProjectInitializationStatusService.
01/25/2026 21:42:12 Central European Standard Time : Information : Service 'Microsoft.VisualStudio.ProjectSystem.Server.ProjectInitializationStatusServiceFactory' implements IServiceHubServiceFactory. Creating factory instance and caching it.
01/25/2026 21:42:12 Central European Standard Time : Information : Found FactoryVersion=Version2 for service : Microsoft.VisualStudio.LaunchConfigurationService.
01/25/2026 21:42:12 Central European Standard Time : Information : Service 'Microsoft.VisualStudio.ProjectSystem.Server.LaunchConfigurationServiceFactory' implements IServiceHubServiceFactory. Creating factory instance and caching it.
01/25/2026 21:42:12 Central European Standard Time : Information : Found IServiceHubServiceFactory in cache. Creating instance from the factory.
01/25/2026 21:42:12 Central European Standard Time : Information : Found FactoryVersion=Version2 for service : Microsoft.VisualStudio.ProjectSystem.ProjectTreeProvider.
01/25/2026 21:42:12 Central European Standard Time : Information : Service 'Microsoft.VisualStudio.ProjectSystem.Server.ProjectTreeProviderFactory' implements IServiceHubServiceFactory. Creating factory instance and caching it.
01/25/2026 21:42:12 Central European Standard Time : Information : hubHostClr read: Content-Length: 1032

{"jsonrpc":"2.0","id":7,"method":"StartServiceAsync","params":[{"name":"Microsoft.VisualStudio.ProjectSystem.Query.Remoting.QueryExecutionService","host":"dotnet.projectSystem","hostId":"C94B8CFE-E3FD-4BAF-A941-2866DBB566FE","serviceBaseDirectory":"/home/dcap/.vscode/extensions/ms-dotnettools.csdevkit-1.90.2-linux-x64/components/CPS/platforms/linux-x64/node_modules/@microsoft/visualstudio-projectsystem-server.linux-x64","entryPoint":{"assemblyPath":"/home/dcap/.vscode/extensions/ms-dotnettools.csdevkit-1.90.2-linux-x64/components/CPS/platforms/linux-x64/node_modules/@microsoft/visualstudio-projectsystem-server.linux-x64/Microsoft.VisualStudio.ProjectSystem.Server.Implementation.dll","fullClassName":"Microsoft.VisualStudio.ProjectSystem.Server.QueryExecutionServiceFactory"}},{"ActivationArguments":{"__servicehub__ServiceHubRemoteServiceBrokerPipeName":"/home/dcap/.ServiceHub/e413a5bcb1/576cc1920b","__servicehub__RequestedServiceVersion":"0.3"},"ClientCredentials":{},"ClientCulture":"en-US","ClientUICulture":"en-US"}]}
01/25/2026 21:42:12 Central European Standard Time : Information : CLR host received start request for service 'Microsoft.VisualStudio.ProjectSystem.Query.Remoting.QueryExecutionService'
01/25/2026 21:42:12 Central European Standard Time : Information : Loading service module assembly '/home/dcap/.vscode/extensions/ms-dotnettools.csdevkit-1.90.2-linux-x64/components/CPS/platforms/linux-x64/node_modules/@microsoft/visualstudio-projectsystem-server.linux-x64/Microsoft.VisualStudio.ProjectSystem.Server.Implementation.dll' from '/home/dcap/.vscode/extensions/ms-dotnettools.csdevkit-1.90.2-linux-x64/components/CPS/platforms/linux-x64/node_modules/@microsoft/visualstudio-projectsystem-server.linux-x64'
01/25/2026 21:42:12 Central European Standard Time : Information : Starting service module 'Microsoft.VisualStudio.ProjectSystem.Query.Remoting.QueryExecutionService'. Class: Microsoft.VisualStudio.ProjectSystem.Server.QueryExecutionServiceFactory, Supported Version: 
01/25/2026 21:42:12 Central European Standard Time : Information : Started service 'Microsoft.VisualStudio.ProjectSystem.Query.Remoting.QueryExecutionService'. Pipe name: /home/dcap/.ServiceHub/e413a5bcb1/778b78f4c9, Supported Version: 
01/25/2026 21:42:12 Central European Standard Time : Information : hubHostClr write: Content-Length: 80

{"jsonrpc":"2.0","id":7,"result":"/home/dcap/.ServiceHub/e413a5bcb1/778b78f4c9"}
01/25/2026 21:42:12 Central European Standard Time : Information : Creating service Microsoft.VisualStudio.ProjectSystem.Server.ProjectTreeProviderFactory from factory with FactoryVersion=Version2 and ClientRequestedVersion=0.1.
01/25/2026 21:42:12 Central European Standard Time : Information : Creating service Microsoft.VisualStudio.ProjectSystem.Server.ProjectInitializationStatusServiceFactory from factory with FactoryVersion=Version2 and ClientRequestedVersion=0.1.
01/25/2026 21:42:12 Central European Standard Time : Information : Creating service Microsoft.VisualStudio.ProjectSystem.Server.ProjectInitializationStatusServiceFactory from factory with FactoryVersion=Version2 and ClientRequestedVersion=0.1.
01/25/2026 21:42:12 Central European Standard Time : Information : Creating service Microsoft.VisualStudio.ProjectSystem.Server.LaunchConfigurationServiceFactory from factory with FactoryVersion=Version2 and ClientRequestedVersion=.
01/25/2026 21:42:12 Central European Standard Time : Information : Setting up RPC connection for service 'Microsoft.VisualStudio.ProjectSystem.Server.ProjectInitializationStatusServiceFactory' from factory
01/25/2026 21:42:12 Central European Standard Time : Information : Setting up RPC connection for service 'Microsoft.VisualStudio.ProjectSystem.Server.ProjectInitializationStatusServiceFactory' from factory
01/25/2026 21:42:12 Central European Standard Time : Information : Setting up RPC connection for service 'Microsoft.VisualStudio.ProjectSystem.Server.LaunchConfigurationServiceFactory' from factory
01/25/2026 21:42:12 Central European Standard Time : Information : Setting up RPC connection for service 'Microsoft.VisualStudio.ProjectSystem.Server.ProjectTreeProviderFactory' from factory
01/25/2026 21:42:12 Central European Standard Time : Information : A new client connected to CLR service module 'Microsoft.VisualStudio.ProjectSystem.Query.Remoting.QueryExecutionService'
01/25/2026 21:42:12 Central European Standard Time : Information : Found FactoryVersion=Version2 for service : Microsoft.VisualStudio.ProjectSystem.Query.Remoting.QueryExecutionService.
01/25/2026 21:42:12 Central European Standard Time : Information : Service 'Microsoft.VisualStudio.ProjectSystem.Server.QueryExecutionServiceFactory' implements IServiceHubServiceFactory. Creating factory instance and caching it.
01/25/2026 21:42:12 Central European Standard Time : Information : Creating service Microsoft.VisualStudio.ProjectSystem.Server.QueryExecutionServiceFactory from factory with FactoryVersion=Version2 and ClientRequestedVersion=0.3.
01/25/2026 21:42:12 Central European Standard Time : Information : Setting up RPC connection for service 'Microsoft.VisualStudio.ProjectSystem.Server.QueryExecutionServiceFactory' from factory
01/25/2026 21:42:12 Central European Standard Time : Information : hubHostClr read: Content-Length: 1011

{"jsonrpc":"2.0","id":8,"method":"StartServiceAsync","params":[{"name":"Microsoft.VisualStudio.ProjectSystem.CompositionService","host":"dotnet.projectSystem","hostId":"C94B8CFE-E3FD-4BAF-A941-2866DBB566FE","serviceBaseDirectory":"/home/dcap/.vscode/extensions/ms-dotnettools.csdevkit-1.90.2-linux-x64/components/CPS/platforms/linux-x64/node_modules/@microsoft/visualstudio-projectsystem-server.linux-x64","entryPoint":{"assemblyPath":"/home/dcap/.vscode/extensions/ms-dotnettools.csdevkit-1.90.2-linux-x64/components/CPS/platforms/linux-x64/node_modules/@microsoft/visualstudio-projectsystem-server.linux-x64/Microsoft.VisualStudio.ProjectSystem.Server.Implementation.dll","fullClassName":"Microsoft.VisualStudio.ProjectSystem.Server.CompositionServiceFactory"}},{"ActivationArguments":{"__servicehub__ServiceHubRemoteServiceBrokerPipeName":"/home/dcap/.ServiceHub/e413a5bcb1/faec0c09b8","__servicehub__RequestedServiceVersion":"0.1"},"ClientCredentials":{},"ClientCulture":"en-US","ClientUICulture":"en-US"}]}
01/25/2026 21:42:12 Central European Standard Time : Information : CLR host received start request for service 'Microsoft.VisualStudio.ProjectSystem.CompositionService'
01/25/2026 21:42:12 Central European Standard Time : Information : Loading service module assembly '/home/dcap/.vscode/extensions/ms-dotnettools.csdevkit-1.90.2-linux-x64/components/CPS/platforms/linux-x64/node_modules/@microsoft/visualstudio-projectsystem-server.linux-x64/Microsoft.VisualStudio.ProjectSystem.Server.Implementation.dll' from '/home/dcap/.vscode/extensions/ms-dotnettools.csdevkit-1.90.2-linux-x64/components/CPS/platforms/linux-x64/node_modules/@microsoft/visualstudio-projectsystem-server.linux-x64'
01/25/2026 21:42:12 Central European Standard Time : Information : Starting service module 'Microsoft.VisualStudio.ProjectSystem.CompositionService'. Class: Microsoft.VisualStudio.ProjectSystem.Server.CompositionServiceFactory, Supported Version: 
01/25/2026 21:42:12 Central European Standard Time : Information : Started service 'Microsoft.VisualStudio.ProjectSystem.CompositionService'. Pipe name: /home/dcap/.ServiceHub/e413a5bcb1/0f8afa8460, Supported Version: 
01/25/2026 21:42:12 Central European Standard Time : Information : hubHostClr write: Content-Length: 80

{"jsonrpc":"2.0","id":8,"result":"/home/dcap/.ServiceHub/e413a5bcb1/0f8afa8460"}
01/25/2026 21:42:12 Central European Standard Time : Information : A new client connected to CLR service module 'Microsoft.VisualStudio.ProjectSystem.CompositionService'
01/25/2026 21:42:12 Central European Standard Time : Information : Found FactoryVersion=Version2 for service : Microsoft.VisualStudio.ProjectSystem.CompositionService.
01/25/2026 21:42:12 Central European Standard Time : Information : Service 'Microsoft.VisualStudio.ProjectSystem.Server.CompositionServiceFactory' implements IServiceHubServiceFactory. Creating factory instance and caching it.
01/25/2026 21:42:12 Central European Standard Time : Information : Creating service Microsoft.VisualStudio.ProjectSystem.Server.CompositionServiceFactory from factory with FactoryVersion=Version2 and ClientRequestedVersion=0.1.
01/25/2026 21:42:12 Central European Standard Time : Information : Setting up RPC connection for service 'Microsoft.VisualStudio.ProjectSystem.Server.CompositionServiceFactory' from factory
01/25/2026 21:42:13 Central European Standard Time : Information : Completed RPC connection setup for service 'Microsoft.VisualStudio.ProjectSystem.Server.CompositionServiceFactory' from factory
01/25/2026 21:42:13 Central European Standard Time : Information : Completed RPC connection setup for service 'Microsoft.VisualStudio.ProjectSystem.Server.ProjectInitializationStatusServiceFactory' from factory
01/25/2026 21:42:13 Central European Standard Time : Information : Completed RPC connection setup for service 'Microsoft.VisualStudio.ProjectSystem.Server.LaunchConfigurationServiceFactory' from factory
01/25/2026 21:42:13 Central European Standard Time : Information : Completed RPC connection setup for service 'Microsoft.VisualStudio.ProjectSystem.Server.ProjectInitializationStatusServiceFactory' from factory
01/25/2026 21:42:13 Central European Standard Time : Information : Completed RPC connection setup for service 'Microsoft.VisualStudio.ProjectSystem.Server.ProjectTreeProviderFactory' from factory
01/25/2026 21:42:13 Central European Standard Time : Information : Completed RPC connection setup for service 'Microsoft.VisualStudio.ProjectSystem.Server.QueryExecutionServiceFactory' from factory
01/25/2026 21:42:13 Central European Standard Time : Information : hubHostClr read: Content-Length: 1012

{"jsonrpc":"2.0","id":9,"method":"StartServiceAsync","params":[{"name":"Microsoft.VisualStudio.CpsProjectIconSourceService","host":"dotnet.projectSystem","hostId":"C94B8CFE-E3FD-4BAF-A941-2866DBB566FE","serviceBaseDirectory":"/home/dcap/.vscode/extensions/ms-dotnettools.csdevkit-1.90.2-linux-x64/components/CPS/platforms/linux-x64/node_modules/@microsoft/visualstudio-projectsystem-server.linux-x64","entryPoint":{"assemblyPath":"/home/dcap/.vscode/extensions/ms-dotnettools.csdevkit-1.90.2-linux-x64/components/CPS/platforms/linux-x64/node_modules/@microsoft/visualstudio-projectsystem-server.linux-x64/Microsoft.VisualStudio.ProjectSystem.Server.Implementation.dll","fullClassName":"Microsoft.VisualStudio.ProjectSystem.Server.ProjectIconSourceServiceFactory"}},{"ActivationArguments":{"__servicehub__ServiceHubRemoteServiceBrokerPipeName":"/home/dcap/.ServiceHub/e413a5bcb1/b143736eb3","__servicehub__RequestedServiceVersion":"0.1"},"ClientCredentials":{},"ClientCulture":"en-US","ClientUICulture":"en-US"}]}
01/25/2026 21:42:13 Central European Standard Time : Information : CLR host received start request for service 'Microsoft.VisualStudio.CpsProjectIconSourceService'
01/25/2026 21:42:13 Central European Standard Time : Information : Loading service module assembly '/home/dcap/.vscode/extensions/ms-dotnettools.csdevkit-1.90.2-linux-x64/components/CPS/platforms/linux-x64/node_modules/@microsoft/visualstudio-projectsystem-server.linux-x64/Microsoft.VisualStudio.ProjectSystem.Server.Implementation.dll' from '/home/dcap/.vscode/extensions/ms-dotnettools.csdevkit-1.90.2-linux-x64/components/CPS/platforms/linux-x64/node_modules/@microsoft/visualstudio-projectsystem-server.linux-x64'
01/25/2026 21:42:13 Central European Standard Time : Information : Starting service module 'Microsoft.VisualStudio.CpsProjectIconSourceService'. Class: Microsoft.VisualStudio.ProjectSystem.Server.ProjectIconSourceServiceFactory, Supported Version: 
01/25/2026 21:42:13 Central European Standard Time : Information : Started service 'Microsoft.VisualStudio.CpsProjectIconSourceService'. Pipe name: /home/dcap/.ServiceHub/e413a5bcb1/9cf3b34697, Supported Version: 
01/25/2026 21:42:13 Central European Standard Time : Information : hubHostClr write: Content-Length: 80

{"jsonrpc":"2.0","id":9,"result":"/home/dcap/.ServiceHub/e413a5bcb1/9cf3b34697"}
01/25/2026 21:42:13 Central European Standard Time : Information : A new client connected to CLR service module 'Microsoft.VisualStudio.CpsProjectIconSourceService'
01/25/2026 21:42:13 Central European Standard Time : Information : Found FactoryVersion=Version2 for service : Microsoft.VisualStudio.CpsProjectIconSourceService.
01/25/2026 21:42:13 Central European Standard Time : Information : Service 'Microsoft.VisualStudio.ProjectSystem.Server.ProjectIconSourceServiceFactory' implements IServiceHubServiceFactory. Creating factory instance and caching it.
01/25/2026 21:42:13 Central European Standard Time : Information : Creating service Microsoft.VisualStudio.ProjectSystem.Server.ProjectIconSourceServiceFactory from factory with FactoryVersion=Version2 and ClientRequestedVersion=0.1.
01/25/2026 21:42:13 Central European Standard Time : Information : Setting up RPC connection for service 'Microsoft.VisualStudio.ProjectSystem.Server.ProjectIconSourceServiceFactory' from factory
01/25/2026 21:42:13 Central European Standard Time : Information : Completed RPC connection setup for service 'Microsoft.VisualStudio.ProjectSystem.Server.ProjectIconSourceServiceFactory' from factory
01/25/2026 21:42:14 Central European Standard Time : Information : hubHostClr read: Content-Length: 1033

{"jsonrpc":"2.0","id":10,"method":"StartServiceAsync","params":[{"name":"Microsoft.VisualStudio.ProjectSystem.Query.Remoting.QueryExecutionService","host":"dotnet.projectSystem","hostId":"C94B8CFE-E3FD-4BAF-A941-2866DBB566FE","serviceBaseDirectory":"/home/dcap/.vscode/extensions/ms-dotnettools.csdevkit-1.90.2-linux-x64/components/CPS/platforms/linux-x64/node_modules/@microsoft/visualstudio-projectsystem-server.linux-x64","entryPoint":{"assemblyPath":"/home/dcap/.vscode/extensions/ms-dotnettools.csdevkit-1.90.2-linux-x64/components/CPS/platforms/linux-x64/node_modules/@microsoft/visualstudio-projectsystem-server.linux-x64/Microsoft.VisualStudio.ProjectSystem.Server.Implementation.dll","fullClassName":"Microsoft.VisualStudio.ProjectSystem.Server.QueryExecutionServiceFactory"}},{"ActivationArguments":{"__servicehub__ServiceHubRemoteServiceBrokerPipeName":"/home/dcap/.ServiceHub/e413a5bcb1/ee363a518d","__servicehub__RequestedServiceVersion":"0.3"},"ClientCredentials":{},"ClientCulture":"en-US","ClientUICulture":"en-US"}]}
01/25/2026 21:42:14 Central European Standard Time : Information : CLR host received start request for service 'Microsoft.VisualStudio.ProjectSystem.Query.Remoting.QueryExecutionService'
01/25/2026 21:42:14 Central European Standard Time : Information : Loading service module assembly '/home/dcap/.vscode/extensions/ms-dotnettools.csdevkit-1.90.2-linux-x64/components/CPS/platforms/linux-x64/node_modules/@microsoft/visualstudio-projectsystem-server.linux-x64/Microsoft.VisualStudio.ProjectSystem.Server.Implementation.dll' from '/home/dcap/.vscode/extensions/ms-dotnettools.csdevkit-1.90.2-linux-x64/components/CPS/platforms/linux-x64/node_modules/@microsoft/visualstudio-projectsystem-server.linux-x64'
01/25/2026 21:42:14 Central European Standard Time : Information : Starting service module 'Microsoft.VisualStudio.ProjectSystem.Query.Remoting.QueryExecutionService'. Class: Microsoft.VisualStudio.ProjectSystem.Server.QueryExecutionServiceFactory, Supported Version: 
01/25/2026 21:42:14 Central European Standard Time : Information : Started service 'Microsoft.VisualStudio.ProjectSystem.Query.Remoting.QueryExecutionService'. Pipe name: /home/dcap/.ServiceHub/e413a5bcb1/d9f7344388, Supported Version: 
01/25/2026 21:42:14 Central European Standard Time : Information : hubHostClr write: Content-Length: 81

{"jsonrpc":"2.0","id":10,"result":"/home/dcap/.ServiceHub/e413a5bcb1/d9f7344388"}
01/25/2026 21:42:14 Central European Standard Time : Information : A new client connected to CLR service module 'Microsoft.VisualStudio.ProjectSystem.Query.Remoting.QueryExecutionService'
01/25/2026 21:42:14 Central European Standard Time : Information : Found IServiceHubServiceFactory in cache. Creating instance from the factory.
01/25/2026 21:42:14 Central European Standard Time : Information : Creating service Microsoft.VisualStudio.ProjectSystem.Server.QueryExecutionServiceFactory from factory with FactoryVersion=Version2 and ClientRequestedVersion=0.3.
01/25/2026 21:42:14 Central European Standard Time : Information : Setting up RPC connection for service 'Microsoft.VisualStudio.ProjectSystem.Server.QueryExecutionServiceFactory' from factory
01/25/2026 21:42:14 Central European Standard Time : Information : Completed RPC connection setup for service 'Microsoft.VisualStudio.ProjectSystem.Server.QueryExecutionServiceFactory' from factory
01/25/2026 21:42:15 Central European Standard Time : Information : hubHostClr read: Content-Length: 1044

{"jsonrpc":"2.0","id":11,"method":"StartServiceAsync","params":[{"name":"Microsoft.VisualStudio.ProjectSystem.ProjectInitializationStatusService","host":"dotnet.projectSystem","hostId":"C94B8CFE-E3FD-4BAF-A941-2866DBB566FE","serviceBaseDirectory":"/home/dcap/.vscode/extensions/ms-dotnettools.csdevkit-1.90.2-linux-x64/components/CPS/platforms/linux-x64/node_modules/@microsoft/visualstudio-projectsystem-server.linux-x64","entryPoint":{"assemblyPath":"/home/dcap/.vscode/extensions/ms-dotnettools.csdevkit-1.90.2-linux-x64/components/CPS/platforms/linux-x64/node_modules/@microsoft/visualstudio-projectsystem-server.linux-x64/Microsoft.VisualStudio.ProjectSystem.Server.Implementation.dll","fullClassName":"Microsoft.VisualStudio.ProjectSystem.Server.ProjectInitializationStatusServiceFactory"}},{"ActivationArguments":{"__servicehub__ServiceHubRemoteServiceBrokerPipeName":"/home/dcap/.ServiceHub/e413a5bcb1/fbfe8e7d5d","__servicehub__RequestedServiceVersion":"0.1"},"ClientCredentials":{},"ClientCulture":"en-US","ClientUICulture":"en-US"}]}
01/25/2026 21:42:15 Central European Standard Time : Information : CLR host received start request for service 'Microsoft.VisualStudio.ProjectSystem.ProjectInitializationStatusService'
01/25/2026 21:42:15 Central European Standard Time : Information : Loading service module assembly '/home/dcap/.vscode/extensions/ms-dotnettools.csdevkit-1.90.2-linux-x64/components/CPS/platforms/linux-x64/node_modules/@microsoft/visualstudio-projectsystem-server.linux-x64/Microsoft.VisualStudio.ProjectSystem.Server.Implementation.dll' from '/home/dcap/.vscode/extensions/ms-dotnettools.csdevkit-1.90.2-linux-x64/components/CPS/platforms/linux-x64/node_modules/@microsoft/visualstudio-projectsystem-server.linux-x64'
01/25/2026 21:42:15 Central European Standard Time : Information : Starting service module 'Microsoft.VisualStudio.ProjectSystem.ProjectInitializationStatusService'. Class: Microsoft.VisualStudio.ProjectSystem.Server.ProjectInitializationStatusServiceFactory, Supported Version: 
01/25/2026 21:42:15 Central European Standard Time : Information : Started service 'Microsoft.VisualStudio.ProjectSystem.ProjectInitializationStatusService'. Pipe name: /home/dcap/.ServiceHub/e413a5bcb1/74cb7d46f1, Supported Version: 
01/25/2026 21:42:15 Central European Standard Time : Information : hubHostClr write: Content-Length: 81

{"jsonrpc":"2.0","id":11,"result":"/home/dcap/.ServiceHub/e413a5bcb1/74cb7d46f1"}
01/25/2026 21:42:15 Central European Standard Time : Information : A new client connected to CLR service module 'Microsoft.VisualStudio.ProjectSystem.ProjectInitializationStatusService'
01/25/2026 21:42:15 Central European Standard Time : Information : Found IServiceHubServiceFactory in cache. Creating instance from the factory.
01/25/2026 21:42:15 Central European Standard Time : Information : Creating service Microsoft.VisualStudio.ProjectSystem.Server.ProjectInitializationStatusServiceFactory from factory with FactoryVersion=Version2 and ClientRequestedVersion=0.1.
01/25/2026 21:42:15 Central European Standard Time : Information : Setting up RPC connection for service 'Microsoft.VisualStudio.ProjectSystem.Server.ProjectInitializationStatusServiceFactory' from factory
01/25/2026 21:42:15 Central European Standard Time : Information : Completed RPC connection setup for service 'Microsoft.VisualStudio.ProjectSystem.Server.ProjectInitializationStatusServiceFactory' from factory
01/25/2026 21:42:15 Central European Standard Time : Information : hubHostClr read: Content-Length: 1033

{"jsonrpc":"2.0","id":12,"method":"StartServiceAsync","params":[{"name":"Microsoft.VisualStudio.ProjectSystem.Query.Remoting.QueryExecutionService","host":"dotnet.projectSystem","hostId":"C94B8CFE-E3FD-4BAF-A941-2866DBB566FE","serviceBaseDirectory":"/home/dcap/.vscode/extensions/ms-dotnettools.csdevkit-1.90.2-linux-x64/components/CPS/platforms/linux-x64/node_modules/@microsoft/visualstudio-projectsystem-server.linux-x64","entryPoint":{"assemblyPath":"/home/dcap/.vscode/extensions/ms-dotnettools.csdevkit-1.90.2-linux-x64/components/CPS/platforms/linux-x64/node_modules/@microsoft/visualstudio-projectsystem-server.linux-x64/Microsoft.VisualStudio.ProjectSystem.Server.Implementation.dll","fullClassName":"Microsoft.VisualStudio.ProjectSystem.Server.QueryExecutionServiceFactory"}},{"ActivationArguments":{"__servicehub__ServiceHubRemoteServiceBrokerPipeName":"/home/dcap/.ServiceHub/e413a5bcb1/4ce8d0e563","__servicehub__RequestedServiceVersion":"0.3"},"ClientCredentials":{},"ClientCulture":"en-US","ClientUICulture":"en-US"}]}
01/25/2026 21:42:15 Central European Standard Time : Information : CLR host received start request for service 'Microsoft.VisualStudio.ProjectSystem.Query.Remoting.QueryExecutionService'
01/25/2026 21:42:15 Central European Standard Time : Information : Loading service module assembly '/home/dcap/.vscode/extensions/ms-dotnettools.csdevkit-1.90.2-linux-x64/components/CPS/platforms/linux-x64/node_modules/@microsoft/visualstudio-projectsystem-server.linux-x64/Microsoft.VisualStudio.ProjectSystem.Server.Implementation.dll' from '/home/dcap/.vscode/extensions/ms-dotnettools.csdevkit-1.90.2-linux-x64/components/CPS/platforms/linux-x64/node_modules/@microsoft/visualstudio-projectsystem-server.linux-x64'
01/25/2026 21:42:15 Central European Standard Time : Information : Starting service module 'Microsoft.VisualStudio.ProjectSystem.Query.Remoting.QueryExecutionService'. Class: Microsoft.VisualStudio.ProjectSystem.Server.QueryExecutionServiceFactory, Supported Version: 
01/25/2026 21:42:15 Central European Standard Time : Information : Started service 'Microsoft.VisualStudio.ProjectSystem.Query.Remoting.QueryExecutionService'. Pipe name: /home/dcap/.ServiceHub/e413a5bcb1/9798d07171, Supported Version: 
01/25/2026 21:42:15 Central European Standard Time : Information : hubHostClr write: Content-Length: 81

{"jsonrpc":"2.0","id":12,"result":"/home/dcap/.ServiceHub/e413a5bcb1/9798d07171"}
01/25/2026 21:42:15 Central European Standard Time : Information : A new client connected to CLR service module 'Microsoft.VisualStudio.ProjectSystem.Query.Remoting.QueryExecutionService'
01/25/2026 21:42:15 Central European Standard Time : Information : Found IServiceHubServiceFactory in cache. Creating instance from the factory.
01/25/2026 21:42:15 Central European Standard Time : Information : Creating service Microsoft.VisualStudio.ProjectSystem.Server.QueryExecutionServiceFactory from factory with FactoryVersion=Version2 and ClientRequestedVersion=0.3.
01/25/2026 21:42:15 Central European Standard Time : Information : Setting up RPC connection for service 'Microsoft.VisualStudio.ProjectSystem.Server.QueryExecutionServiceFactory' from factory
01/25/2026 21:42:15 Central European Standard Time : Information : Completed RPC connection setup for service 'Microsoft.VisualStudio.ProjectSystem.Server.QueryExecutionServiceFactory' from factory
01/25/2026 21:42:15 Central European Standard Time : Information : hubHostClr read: Content-Length: 1013

{"jsonrpc":"2.0","id":13,"method":"StartServiceAsync","params":[{"name":"Microsoft.VisualStudio.CpsProjectIconSourceService","host":"dotnet.projectSystem","hostId":"C94B8CFE-E3FD-4BAF-A941-2866DBB566FE","serviceBaseDirectory":"/home/dcap/.vscode/extensions/ms-dotnettools.csdevkit-1.90.2-linux-x64/components/CPS/platforms/linux-x64/node_modules/@microsoft/visualstudio-projectsystem-server.linux-x64","entryPoint":{"assemblyPath":"/home/dcap/.vscode/extensions/ms-dotnettools.csdevkit-1.90.2-linux-x64/components/CPS/platforms/linux-x64/node_modules/@microsoft/visualstudio-projectsystem-server.linux-x64/Microsoft.VisualStudio.ProjectSystem.Server.Implementation.dll","fullClassName":"Microsoft.VisualStudio.ProjectSystem.Server.ProjectIconSourceServiceFactory"}},{"ActivationArguments":{"__servicehub__ServiceHubRemoteServiceBrokerPipeName":"/home/dcap/.ServiceHub/e413a5bcb1/15a6be4134","__servicehub__RequestedServiceVersion":"0.1"},"ClientCredentials":{},"ClientCulture":"en-US","ClientUICulture":"en-US"}]}
01/25/2026 21:42:15 Central European Standard Time : Information : CLR host received start request for service 'Microsoft.VisualStudio.CpsProjectIconSourceService'
01/25/2026 21:42:15 Central European Standard Time : Information : Loading service module assembly '/home/dcap/.vscode/extensions/ms-dotnettools.csdevkit-1.90.2-linux-x64/components/CPS/platforms/linux-x64/node_modules/@microsoft/visualstudio-projectsystem-server.linux-x64/Microsoft.VisualStudio.ProjectSystem.Server.Implementation.dll' from '/home/dcap/.vscode/extensions/ms-dotnettools.csdevkit-1.90.2-linux-x64/components/CPS/platforms/linux-x64/node_modules/@microsoft/visualstudio-projectsystem-server.linux-x64'
01/25/2026 21:42:15 Central European Standard Time : Information : Starting service module 'Microsoft.VisualStudio.CpsProjectIconSourceService'. Class: Microsoft.VisualStudio.ProjectSystem.Server.ProjectIconSourceServiceFactory, Supported Version: 
01/25/2026 21:42:15 Central European Standard Time : Information : Started service 'Microsoft.VisualStudio.CpsProjectIconSourceService'. Pipe name: /home/dcap/.ServiceHub/e413a5bcb1/f558365f4e, Supported Version: 
01/25/2026 21:42:15 Central European Standard Time : Information : hubHostClr write: Content-Length: 81

{"jsonrpc":"2.0","id":13,"result":"/home/dcap/.ServiceHub/e413a5bcb1/f558365f4e"}
01/25/2026 21:42:15 Central European Standard Time : Information : A new client connected to CLR service module 'Microsoft.VisualStudio.CpsProjectIconSourceService'
01/25/2026 21:42:15 Central European Standard Time : Information : Found IServiceHubServiceFactory in cache. Creating instance from the factory.
01/25/2026 21:42:15 Central European Standard Time : Information : Creating service Microsoft.VisualStudio.ProjectSystem.Server.ProjectIconSourceServiceFactory from factory with FactoryVersion=Version2 and ClientRequestedVersion=0.1.
01/25/2026 21:42:15 Central European Standard Time : Information : Setting up RPC connection for service 'Microsoft.VisualStudio.ProjectSystem.Server.ProjectIconSourceServiceFactory' from factory
01/25/2026 21:42:15 Central European Standard Time : Information : Completed RPC connection setup for service 'Microsoft.VisualStudio.ProjectSystem.Server.ProjectIconSourceServiceFactory' from factory
01/25/2026 21:42:18 Central European Standard Time : Information : hubHostClr read: Content-Length: 2271

{"jsonrpc":"2.0","id":14,"method":"StartServiceAsync","params":[{"name":"Microsoft.VisualStudio.ProjectSystem.DebugTargetFrameworkService","host":"dotnet.projectSystem","hostId":"C94B8CFE-E3FD-4BAF-A941-2866DBB566FE","serviceBaseDirectory":"/home/dcap/.vscode/extensions/ms-dotnettools.csdevkit-1.90.2-linux-x64/components/dnpsv/platforms/linux-x64/node_modules/@microsoft/vscode.projectsystem.managed.linux-x64/Services","entryPoint":{"assemblyPath":"/home/dcap/.vscode/extensions/ms-dotnettools.csdevkit-1.90.2-linux-x64/components/dnpsv/platforms/linux-x64/node_modules/@microsoft/vscode.projectsystem.managed.linux-x64/Services/Microsoft.ProjectSystem.Managed.VSCode.Services.dll","fullClassName":"Microsoft.VisualStudio.ProjectSystem.Services.DebugTargetFrameworkServiceFactory"},"friendServices":["Microsoft.VisualStudio.ProjectSystem.CompositionService"]},{"ActivationArguments":{"__servicehub__ServiceHubRemoteServiceBrokerPipeName":"/home/dcap/.ServiceHub/e413a5bcb1/64b5fc5140","__servicehub__FriendServiceModuleInfo__Microsoft.VisualStudio.ProjectSystem.CompositionService":"{\"name\":\"Microsoft.VisualStudio.ProjectSystem.CompositionService\",\"host\":\"dotnet.projectSystem\",\"hostId\":\"C94B8CFE-E3FD-4BAF-A941-2866DBB566FE\",\"hostConfiguration\":null,\"serviceBaseDirectory\":\"/home/dcap/.vscode/extensions/ms-dotnettools.csdevkit-1.90.2-linux-x64/components/CPS/platforms/linux-x64/node_modules/@microsoft/visualstudio-projectsystem-server.linux-x64\",\"entryPoint\":{\"assemblyPath\":\"/home/dcap/.vscode/extensions/ms-dotnettools.csdevkit-1.90.2-linux-x64/components/CPS/platforms/linux-x64/node_modules/@microsoft/visualstudio-projectsystem-server.linux-x64/Microsoft.VisualStudio.ProjectSystem.Server.Implementation.dll\",\"fullClassName\":\"Microsoft.VisualStudio.ProjectSystem.Server.CompositionServiceFactory\",\"scriptPath\":null,\"constructorFunction\":null,\"configPath\":null,\"appBasePath\":null,\"assemblySearchPathsConfig\":null},\"hostGroupAllowed\":null,\"hostGroupId\":null,\"serviceOverride\":null,\"singleDomainLoaderOptimization\":null,\"versionRange\":null,\"enableHotReload\":null,\"friendServices\":null}","__servicehub__RequestedServiceVersion":"0.1"},"ClientCredentials":{},"ClientCulture":"en-US","ClientUICulture":"en-US"}]}
01/25/2026 21:42:18 Central European Standard Time : Information : CLR host received start request for service 'Microsoft.VisualStudio.ProjectSystem.DebugTargetFrameworkService'
01/25/2026 21:42:18 Central European Standard Time : Information : Loading service module assembly '/home/dcap/.vscode/extensions/ms-dotnettools.csdevkit-1.90.2-linux-x64/components/dnpsv/platforms/linux-x64/node_modules/@microsoft/vscode.projectsystem.managed.linux-x64/Services/Microsoft.ProjectSystem.Managed.VSCode.Services.dll' from '/home/dcap/.vscode/extensions/ms-dotnettools.csdevkit-1.90.2-linux-x64/components/dnpsv/platforms/linux-x64/node_modules/@microsoft/vscode.projectsystem.managed.linux-x64/Services'
01/25/2026 21:42:18 Central European Standard Time : Information : Starting service module 'Microsoft.VisualStudio.ProjectSystem.DebugTargetFrameworkService'. Class: Microsoft.VisualStudio.ProjectSystem.Services.DebugTargetFrameworkServiceFactory, Supported Version: 
01/25/2026 21:42:18 Central European Standard Time : Information : Started service 'Microsoft.VisualStudio.ProjectSystem.DebugTargetFrameworkService'. Pipe name: /home/dcap/.ServiceHub/e413a5bcb1/bee7ac2438, Supported Version: 
01/25/2026 21:42:18 Central European Standard Time : Information : hubHostClr write: Content-Length: 81

{"jsonrpc":"2.0","id":14,"result":"/home/dcap/.ServiceHub/e413a5bcb1/bee7ac2438"}
01/25/2026 21:42:18 Central European Standard Time : Information : A new client connected to CLR service module 'Microsoft.VisualStudio.ProjectSystem.DebugTargetFrameworkService'
01/25/2026 21:42:18 Central European Standard Time : Information : Found FactoryVersion=Version2 for service : Microsoft.VisualStudio.ProjectSystem.DebugTargetFrameworkService.
01/25/2026 21:42:18 Central European Standard Time : Information : Service 'Microsoft.VisualStudio.ProjectSystem.Services.DebugTargetFrameworkServiceFactory' implements IServiceHubServiceFactory. Creating factory instance and caching it.
01/25/2026 21:42:18 Central European Standard Time : Information : Creating service Microsoft.VisualStudio.ProjectSystem.Services.DebugTargetFrameworkServiceFactory from factory with FactoryVersion=Version2 and ClientRequestedVersion=0.1.
01/25/2026 21:42:18 Central European Standard Time : Information : Setting up RPC connection for service 'Microsoft.VisualStudio.ProjectSystem.Services.DebugTargetFrameworkServiceFactory' from factory
01/25/2026 21:42:18 Central European Standard Time : Information : Completed RPC connection setup for service 'Microsoft.VisualStudio.ProjectSystem.Services.DebugTargetFrameworkServiceFactory' from factory
01/25/2026 21:43:22 Central European Standard Time : Information : hubHostClr read: Content-Length: 1033

{"jsonrpc":"2.0","id":15,"method":"StartServiceAsync","params":[{"name":"Microsoft.VisualStudio.ProjectSystem.Query.Remoting.QueryExecutionService","host":"dotnet.projectSystem","hostId":"C94B8CFE-E3FD-4BAF-A941-2866DBB566FE","serviceBaseDirectory":"/home/dcap/.vscode/extensions/ms-dotnettools.csdevkit-1.90.2-linux-x64/components/CPS/platforms/linux-x64/node_modules/@microsoft/visualstudio-projectsystem-server.linux-x64","entryPoint":{"assemblyPath":"/home/dcap/.vscode/extensions/ms-dotnettools.csdevkit-1.90.2-linux-x64/components/CPS/platforms/linux-x64/node_modules/@microsoft/visualstudio-projectsystem-server.linux-x64/Microsoft.VisualStudio.ProjectSystem.Server.Implementation.dll","fullClassName":"Microsoft.VisualStudio.ProjectSystem.Server.QueryExecutionServiceFactory"}},{"ActivationArguments":{"__servicehub__ServiceHubRemoteServiceBrokerPipeName":"/home/dcap/.ServiceHub/e413a5bcb1/1da047b4e2","__servicehub__RequestedServiceVersion":"0.3"},"ClientCredentials":{},"ClientCulture":"en-US","ClientUICulture":"en-US"}]}
01/25/2026 21:43:22 Central European Standard Time : Information : CLR host received start request for service 'Microsoft.VisualStudio.ProjectSystem.Query.Remoting.QueryExecutionService'
01/25/2026 21:43:22 Central European Standard Time : Information : Loading service module assembly '/home/dcap/.vscode/extensions/ms-dotnettools.csdevkit-1.90.2-linux-x64/components/CPS/platforms/linux-x64/node_modules/@microsoft/visualstudio-projectsystem-server.linux-x64/Microsoft.VisualStudio.ProjectSystem.Server.Implementation.dll' from '/home/dcap/.vscode/extensions/ms-dotnettools.csdevkit-1.90.2-linux-x64/components/CPS/platforms/linux-x64/node_modules/@microsoft/visualstudio-projectsystem-server.linux-x64'
01/25/2026 21:43:22 Central European Standard Time : Information : Starting service module 'Microsoft.VisualStudio.ProjectSystem.Query.Remoting.QueryExecutionService'. Class: Microsoft.VisualStudio.ProjectSystem.Server.QueryExecutionServiceFactory, Supported Version: 
01/25/2026 21:43:22 Central European Standard Time : Information : Started service 'Microsoft.VisualStudio.ProjectSystem.Query.Remoting.QueryExecutionService'. Pipe name: /home/dcap/.ServiceHub/e413a5bcb1/9c5650f532, Supported Version: 
01/25/2026 21:43:22 Central European Standard Time : Information : hubHostClr write: Content-Length: 81

{"jsonrpc":"2.0","id":15,"result":"/home/dcap/.ServiceHub/e413a5bcb1/9c5650f532"}
01/25/2026 21:43:22 Central European Standard Time : Information : A new client connected to CLR service module 'Microsoft.VisualStudio.ProjectSystem.Query.Remoting.QueryExecutionService'
01/25/2026 21:43:22 Central European Standard Time : Information : Found IServiceHubServiceFactory in cache. Creating instance from the factory.
01/25/2026 21:43:22 Central European Standard Time : Information : Creating service Microsoft.VisualStudio.ProjectSystem.Server.QueryExecutionServiceFactory from factory with FactoryVersion=Version2 and ClientRequestedVersion=0.3.
01/25/2026 21:43:22 Central European Standard Time : Information : Setting up RPC connection for service 'Microsoft.VisualStudio.ProjectSystem.Server.QueryExecutionServiceFactory' from factory
01/25/2026 21:43:22 Central European Standard Time : Information : Completed RPC connection setup for service 'Microsoft.VisualStudio.ProjectSystem.Server.QueryExecutionServiceFactory' from factory
01/25/2026 21:43:27 Central European Standard Time : Information : hubHostClr read: Content-Length: 2271

{"jsonrpc":"2.0","id":16,"method":"StartServiceAsync","params":[{"name":"Microsoft.VisualStudio.ProjectSystem.DebugTargetFrameworkService","host":"dotnet.projectSystem","hostId":"C94B8CFE-E3FD-4BAF-A941-2866DBB566FE","serviceBaseDirectory":"/home/dcap/.vscode/extensions/ms-dotnettools.csdevkit-1.90.2-linux-x64/components/dnpsv/platforms/linux-x64/node_modules/@microsoft/vscode.projectsystem.managed.linux-x64/Services","entryPoint":{"assemblyPath":"/home/dcap/.vscode/extensions/ms-dotnettools.csdevkit-1.90.2-linux-x64/components/dnpsv/platforms/linux-x64/node_modules/@microsoft/vscode.projectsystem.managed.linux-x64/Services/Microsoft.ProjectSystem.Managed.VSCode.Services.dll","fullClassName":"Microsoft.VisualStudio.ProjectSystem.Services.DebugTargetFrameworkServiceFactory"},"friendServices":["Microsoft.VisualStudio.ProjectSystem.CompositionService"]},{"ActivationArguments":{"__servicehub__ServiceHubRemoteServiceBrokerPipeName":"/home/dcap/.ServiceHub/e413a5bcb1/efe573afc8","__servicehub__FriendServiceModuleInfo__Microsoft.VisualStudio.ProjectSystem.CompositionService":"{\"name\":\"Microsoft.VisualStudio.ProjectSystem.CompositionService\",\"host\":\"dotnet.projectSystem\",\"hostId\":\"C94B8CFE-E3FD-4BAF-A941-2866DBB566FE\",\"hostConfiguration\":null,\"serviceBaseDirectory\":\"/home/dcap/.vscode/extensions/ms-dotnettools.csdevkit-1.90.2-linux-x64/components/CPS/platforms/linux-x64/node_modules/@microsoft/visualstudio-projectsystem-server.linux-x64\",\"entryPoint\":{\"assemblyPath\":\"/home/dcap/.vscode/extensions/ms-dotnettools.csdevkit-1.90.2-linux-x64/components/CPS/platforms/linux-x64/node_modules/@microsoft/visualstudio-projectsystem-server.linux-x64/Microsoft.VisualStudio.ProjectSystem.Server.Implementation.dll\",\"fullClassName\":\"Microsoft.VisualStudio.ProjectSystem.Server.CompositionServiceFactory\",\"scriptPath\":null,\"constructorFunction\":null,\"configPath\":null,\"appBasePath\":null,\"assemblySearchPathsConfig\":null},\"hostGroupAllowed\":null,\"hostGroupId\":null,\"serviceOverride\":null,\"singleDomainLoaderOptimization\":null,\"versionRange\":null,\"enableHotReload\":null,\"friendServices\":null}","__servicehub__RequestedServiceVersion":"0.1"},"ClientCredentials":{},"ClientCulture":"en-US","ClientUICulture":"en-US"}]}
01/25/2026 21:43:27 Central European Standard Time : Information : CLR host received start request for service 'Microsoft.VisualStudio.ProjectSystem.DebugTargetFrameworkService'
01/25/2026 21:43:27 Central European Standard Time : Information : Loading service module assembly '/home/dcap/.vscode/extensions/ms-dotnettools.csdevkit-1.90.2-linux-x64/components/dnpsv/platforms/linux-x64/node_modules/@microsoft/vscode.projectsystem.managed.linux-x64/Services/Microsoft.ProjectSystem.Managed.VSCode.Services.dll' from '/home/dcap/.vscode/extensions/ms-dotnettools.csdevkit-1.90.2-linux-x64/components/dnpsv/platforms/linux-x64/node_modules/@microsoft/vscode.projectsystem.managed.linux-x64/Services'
01/25/2026 21:43:27 Central European Standard Time : Information : Starting service module 'Microsoft.VisualStudio.ProjectSystem.DebugTargetFrameworkService'. Class: Microsoft.VisualStudio.ProjectSystem.Services.DebugTargetFrameworkServiceFactory, Supported Version: 
01/25/2026 21:43:27 Central European Standard Time : Information : Started service 'Microsoft.VisualStudio.ProjectSystem.DebugTargetFrameworkService'. Pipe name: /home/dcap/.ServiceHub/e413a5bcb1/3d1b37f64c, Supported Version: 
01/25/2026 21:43:27 Central European Standard Time : Information : hubHostClr write: Content-Length: 81

{"jsonrpc":"2.0","id":16,"result":"/home/dcap/.ServiceHub/e413a5bcb1/3d1b37f64c"}
01/25/2026 21:43:27 Central European Standard Time : Information : A new client connected to CLR service module 'Microsoft.VisualStudio.ProjectSystem.DebugTargetFrameworkService'
01/25/2026 21:43:27 Central European Standard Time : Information : Found IServiceHubServiceFactory in cache. Creating instance from the factory.
01/25/2026 21:43:27 Central European Standard Time : Information : Creating service Microsoft.VisualStudio.ProjectSystem.Services.DebugTargetFrameworkServiceFactory from factory with FactoryVersion=Version2 and ClientRequestedVersion=0.1.
01/25/2026 21:43:27 Central European Standard Time : Information : Setting up RPC connection for service 'Microsoft.VisualStudio.ProjectSystem.Services.DebugTargetFrameworkServiceFactory' from factory
01/25/2026 21:43:27 Central European Standard Time : Information : Completed RPC connection setup for service 'Microsoft.VisualStudio.ProjectSystem.Services.DebugTargetFrameworkServiceFactory' from factory
