2026-01-13 20:34:24.490 [info] Extension host with pid 494649 started
2026-01-13 20:34:24.490 [info] [resolveAuthority(ssh-remote,1)][0ms] activating remote resolvers ssh-remote+100.64.0.1
2026-01-13 20:34:24.490 [info] [resolveAuthority(ssh-remote,1)][1ms] activating resolver for ssh-remote+100.64.0.1...
2026-01-13 20:34:24.498 [info] ExtensionService#_doActivateExtension ms-vscode-remote.remote-ssh, startup: false, activationEvent: 'onResolveRemoteAuthority:ssh-remote'
2026-01-13 20:34:24.557 [error] PendingMigrationError: navigator is now a global in nodejs, please see https://aka.ms/vscode-extensions/navigator for additional info on this error.
    at get (file:///opt/visual-studio-code/resources/app/out/vs/workbench/api/node/extensionHostProcess.js:404:6678)
    at Object.<anonymous> (/home/dcap/.vscode/extensions/ms-vscode-remote.remote-ssh-0.122.0/out/extension.js:2:486236)
    at 19534 (/home/dcap/.vscode/extensions/ms-vscode-remote.remote-ssh-0.122.0/out/extension.js:2:504946)
    at r (/home/dcap/.vscode/extensions/ms-vscode-remote.remote-ssh-0.122.0/out/extension.js:2:1111952)
    at 92839 (/home/dcap/.vscode/extensions/ms-vscode-remote.remote-ssh-0.122.0/out/extension.js:2:467011)
    at r (/home/dcap/.vscode/extensions/ms-vscode-remote.remote-ssh-0.122.0/out/extension.js:2:1111952)
    at 49424 (/home/dcap/.vscode/extensions/ms-vscode-remote.remote-ssh-0.122.0/out/extension.js:2:465868)
    at r (/home/dcap/.vscode/extensions/ms-vscode-remote.remote-ssh-0.122.0/out/extension.js:2:1111952)
    at 17130 (/home/dcap/.vscode/extensions/ms-vscode-remote.remote-ssh-0.122.0/out/extension.js:2:596187)
    at r (/home/dcap/.vscode/extensions/ms-vscode-remote.remote-ssh-0.122.0/out/extension.js:2:1111952)
    at 87631 (/home/dcap/.vscode/extensions/ms-vscode-remote.remote-ssh-0.122.0/out/extension.js:2:576918)
    at r (/home/dcap/.vscode/extensions/ms-vscode-remote.remote-ssh-0.122.0/out/extension.js:2:1111952)
    at 65861 (/home/dcap/.vscode/extensions/ms-vscode-remote.remote-ssh-0.122.0/out/extension.js:2:600757)
    at r (/home/dcap/.vscode/extensions/ms-vscode-remote.remote-ssh-0.122.0/out/extension.js:2:1111952)
    at 91577 (/home/dcap/.vscode/extensions/ms-vscode-remote.remote-ssh-0.122.0/out/extension.js:2:857934)
    at r (/home/dcap/.vscode/extensions/ms-vscode-remote.remote-ssh-0.122.0/out/extension.js:2:1111952)
    at 94111 (/home/dcap/.vscode/extensions/ms-vscode-remote.remote-ssh-0.122.0/out/extension.js:2:820820)
    at r (/home/dcap/.vscode/extensions/ms-vscode-remote.remote-ssh-0.122.0/out/extension.js:2:1111952)
    at 35187 (/home/dcap/.vscode/extensions/ms-vscode-remote.remote-ssh-0.122.0/out/extension.js:2:690379)
    at r (/home/dcap/.vscode/extensions/ms-vscode-remote.remote-ssh-0.122.0/out/extension.js:2:1111952)
    at 64417 (/home/dcap/.vscode/extensions/ms-vscode-remote.remote-ssh-0.122.0/out/extension.js:2:847532)
    at r (/home/dcap/.vscode/extensions/ms-vscode-remote.remote-ssh-0.122.0/out/extension.js:2:1111952)
    at 24847 (/home/dcap/.vscode/extensions/ms-vscode-remote.remote-ssh-0.122.0/out/extension.js:2:829890)
    at r (/home/dcap/.vscode/extensions/ms-vscode-remote.remote-ssh-0.122.0/out/extension.js:2:1111952)
    at 54788 (/home/dcap/.vscode/extensions/ms-vscode-remote.remote-ssh-0.122.0/out/extension.js:2:789192)
    at r (/home/dcap/.vscode/extensions/ms-vscode-remote.remote-ssh-0.122.0/out/extension.js:2:1111952)
    at 30729 (/home/dcap/.vscode/extensions/ms-vscode-remote.remote-ssh-0.122.0/out/extension.js:2:682700)
    at r (/home/dcap/.vscode/extensions/ms-vscode-remote.remote-ssh-0.122.0/out/extension.js:2:1111952)
    at 24430 (/home/dcap/.vscode/extensions/ms-vscode-remote.remote-ssh-0.122.0/out/extension.js:2:838905)
    at r (/home/dcap/.vscode/extensions/ms-vscode-remote.remote-ssh-0.122.0/out/extension.js:2:1111952)
    at 52584 (/home/dcap/.vscode/extensions/ms-vscode-remote.remote-ssh-0.122.0/out/extension.js:2:812208)
    at r (/home/dcap/.vscode/extensions/ms-vscode-remote.remote-ssh-0.122.0/out/extension.js:2:1111952)
    at 69480 (/home/dcap/.vscode/extensions/ms-vscode-remote.remote-ssh-0.122.0/out/extension.js:2:801398)
    at r (/home/dcap/.vscode/extensions/ms-vscode-remote.remote-ssh-0.122.0/out/extension.js:2:1111952)
    at 71535 (/home/dcap/.vscode/extensions/ms-vscode-remote.remote-ssh-0.122.0/out/extension.js:2:680449)
    at r (/home/dcap/.vscode/extensions/ms-vscode-remote.remote-ssh-0.122.0/out/extension.js:2:1111952)
    at /home/dcap/.vscode/extensions/ms-vscode-remote.remote-ssh-0.122.0/out/extension.js:2:1112816
    at /home/dcap/.vscode/extensions/ms-vscode-remote.remote-ssh-0.122.0/out/extension.js:2:1121149
    at Object.<anonymous> (/home/dcap/.vscode/extensions/ms-vscode-remote.remote-ssh-0.122.0/out/extension.js:2:1121255)
    at Module._compile (node:internal/modules/cjs/loader:1714:14)
    at Module._extensions..js (node:internal/modules/cjs/loader:1848:10)
    at Module.load (node:internal/modules/cjs/loader:1448:32)
    at Module._load (node:internal/modules/cjs/loader:1270:12)
    at c._load (node:electron/js2c/node_init:2:17993)
    at e._load (file:///opt/visual-studio-code/resources/app/out/vs/workbench/api/node/extensionHostProcess.js:404:6048)
    at t._load (file:///opt/visual-studio-code/resources/app/out/vs/workbench/api/node/extensionHostProcess.js:222:22598)
    at r._load (file:///opt/visual-studio-code/resources/app/out/vs/workbench/api/node/extensionHostProcess.js:214:24094)
    at TracingChannel.traceSync (node:diagnostics_channel:328:14)
    at wrapModuleLoad (node:internal/modules/cjs/loader:244:24)
    at Module.require (node:internal/modules/cjs/loader:1470:12)
    at require (node:internal/modules/helpers:147:16)
    at HX.Cb (file:///opt/visual-studio-code/resources/app/out/vs/workbench/api/node/extensionHostProcess.js:253:1253)
2026-01-13 20:34:24.671 [info] [resolveAuthority(ssh-remote,1)][184ms] invoking final resolve()...
2026-01-13 20:34:25.595 [info] [resolveAuthority(ssh-remote,1)][1108ms] setting tunnel factory...
2026-01-13 20:34:25.595 [info] [resolveAuthority(ssh-remote,1)][1108ms] returned managed authority
2026-01-13 20:34:26.336 [info] Eager extensions activated
2026-01-13 20:34:26.462 [info] ExtensionService#_doActivateExtension Catppuccin.catppuccin-vsc, startup: false, activationEvent: 'onStartupFinished'
2026-01-13 20:34:26.467 [info] ExtensionService#_doActivateExtension Catppuccin.catppuccin-vsc-icons, startup: false, activationEvent: 'onStartupFinished'
2026-01-13 20:34:26.576 [info] ExtensionService#_doActivateExtension usernamehw.errorlens, startup: false, activationEvent: 'onStartupFinished'
2026-01-13 20:34:26.583 [info] ExtensionService#_doActivateExtension vscode.github-authentication, startup: false, activationEvent: 'onAuthenticationRequest:github'
2026-01-13 20:35:05.667 [info] Extension host terminating: renderer closed the MessagePort
2026-01-13 20:35:05.670 [info] Extension host with pid 494649 exiting with code 0
2026-01-13 20:35:06.859 [info] Extension host with pid 494765 started
2026-01-13 20:35:06.859 [info] Skipping acquiring lock for /home/dcap/.config/Code/User/workspaceStorage/844ef7b6af601e4155756e929042a641.
2026-01-13 20:35:06.859 [info] $getCanonicalURI invoked for authority (ssh-remote)
2026-01-13 20:35:06.866 [info] ExtensionService#_doActivateExtension ms-vscode-remote.remote-ssh, startup: false, activationEvent: 'onResolveRemoteAuthority:ssh-remote'
2026-01-13 20:35:06.928 [error] PendingMigrationError: navigator is now a global in nodejs, please see https://aka.ms/vscode-extensions/navigator for additional info on this error.
    at get (file:///opt/visual-studio-code/resources/app/out/vs/workbench/api/node/extensionHostProcess.js:404:6678)
    at Object.<anonymous> (/home/dcap/.vscode/extensions/ms-vscode-remote.remote-ssh-0.122.0/out/extension.js:2:486236)
    at 19534 (/home/dcap/.vscode/extensions/ms-vscode-remote.remote-ssh-0.122.0/out/extension.js:2:504946)
    at r (/home/dcap/.vscode/extensions/ms-vscode-remote.remote-ssh-0.122.0/out/extension.js:2:1111952)
    at 92839 (/home/dcap/.vscode/extensions/ms-vscode-remote.remote-ssh-0.122.0/out/extension.js:2:467011)
    at r (/home/dcap/.vscode/extensions/ms-vscode-remote.remote-ssh-0.122.0/out/extension.js:2:1111952)
    at 49424 (/home/dcap/.vscode/extensions/ms-vscode-remote.remote-ssh-0.122.0/out/extension.js:2:465868)
    at r (/home/dcap/.vscode/extensions/ms-vscode-remote.remote-ssh-0.122.0/out/extension.js:2:1111952)
    at 17130 (/home/dcap/.vscode/extensions/ms-vscode-remote.remote-ssh-0.122.0/out/extension.js:2:596187)
    at r (/home/dcap/.vscode/extensions/ms-vscode-remote.remote-ssh-0.122.0/out/extension.js:2:1111952)
    at 87631 (/home/dcap/.vscode/extensions/ms-vscode-remote.remote-ssh-0.122.0/out/extension.js:2:576918)
    at r (/home/dcap/.vscode/extensions/ms-vscode-remote.remote-ssh-0.122.0/out/extension.js:2:1111952)
    at 65861 (/home/dcap/.vscode/extensions/ms-vscode-remote.remote-ssh-0.122.0/out/extension.js:2:600757)
    at r (/home/dcap/.vscode/extensions/ms-vscode-remote.remote-ssh-0.122.0/out/extension.js:2:1111952)
    at 91577 (/home/dcap/.vscode/extensions/ms-vscode-remote.remote-ssh-0.122.0/out/extension.js:2:857934)
    at r (/home/dcap/.vscode/extensions/ms-vscode-remote.remote-ssh-0.122.0/out/extension.js:2:1111952)
    at 94111 (/home/dcap/.vscode/extensions/ms-vscode-remote.remote-ssh-0.122.0/out/extension.js:2:820820)
    at r (/home/dcap/.vscode/extensions/ms-vscode-remote.remote-ssh-0.122.0/out/extension.js:2:1111952)
    at 35187 (/home/dcap/.vscode/extensions/ms-vscode-remote.remote-ssh-0.122.0/out/extension.js:2:690379)
    at r (/home/dcap/.vscode/extensions/ms-vscode-remote.remote-ssh-0.122.0/out/extension.js:2:1111952)
    at 64417 (/home/dcap/.vscode/extensions/ms-vscode-remote.remote-ssh-0.122.0/out/extension.js:2:847532)
    at r (/home/dcap/.vscode/extensions/ms-vscode-remote.remote-ssh-0.122.0/out/extension.js:2:1111952)
    at 24847 (/home/dcap/.vscode/extensions/ms-vscode-remote.remote-ssh-0.122.0/out/extension.js:2:829890)
    at r (/home/dcap/.vscode/extensions/ms-vscode-remote.remote-ssh-0.122.0/out/extension.js:2:1111952)
    at 54788 (/home/dcap/.vscode/extensions/ms-vscode-remote.remote-ssh-0.122.0/out/extension.js:2:789192)
    at r (/home/dcap/.vscode/extensions/ms-vscode-remote.remote-ssh-0.122.0/out/extension.js:2:1111952)
    at 30729 (/home/dcap/.vscode/extensions/ms-vscode-remote.remote-ssh-0.122.0/out/extension.js:2:682700)
    at r (/home/dcap/.vscode/extensions/ms-vscode-remote.remote-ssh-0.122.0/out/extension.js:2:1111952)
    at 24430 (/home/dcap/.vscode/extensions/ms-vscode-remote.remote-ssh-0.122.0/out/extension.js:2:838905)
    at r (/home/dcap/.vscode/extensions/ms-vscode-remote.remote-ssh-0.122.0/out/extension.js:2:1111952)
    at 52584 (/home/dcap/.vscode/extensions/ms-vscode-remote.remote-ssh-0.122.0/out/extension.js:2:812208)
    at r (/home/dcap/.vscode/extensions/ms-vscode-remote.remote-ssh-0.122.0/out/extension.js:2:1111952)
    at 69480 (/home/dcap/.vscode/extensions/ms-vscode-remote.remote-ssh-0.122.0/out/extension.js:2:801398)
    at r (/home/dcap/.vscode/extensions/ms-vscode-remote.remote-ssh-0.122.0/out/extension.js:2:1111952)
    at 71535 (/home/dcap/.vscode/extensions/ms-vscode-remote.remote-ssh-0.122.0/out/extension.js:2:680449)
    at r (/home/dcap/.vscode/extensions/ms-vscode-remote.remote-ssh-0.122.0/out/extension.js:2:1111952)
    at /home/dcap/.vscode/extensions/ms-vscode-remote.remote-ssh-0.122.0/out/extension.js:2:1112816
    at /home/dcap/.vscode/extensions/ms-vscode-remote.remote-ssh-0.122.0/out/extension.js:2:1121149
    at Object.<anonymous> (/home/dcap/.vscode/extensions/ms-vscode-remote.remote-ssh-0.122.0/out/extension.js:2:1121255)
    at Module._compile (node:internal/modules/cjs/loader:1714:14)
    at Module._extensions..js (node:internal/modules/cjs/loader:1848:10)
    at Module.load (node:internal/modules/cjs/loader:1448:32)
    at Module._load (node:internal/modules/cjs/loader:1270:12)
    at c._load (node:electron/js2c/node_init:2:17993)
    at e._load (file:///opt/visual-studio-code/resources/app/out/vs/workbench/api/node/extensionHostProcess.js:404:6048)
    at t._load (file:///opt/visual-studio-code/resources/app/out/vs/workbench/api/node/extensionHostProcess.js:222:22598)
    at r._load (file:///opt/visual-studio-code/resources/app/out/vs/workbench/api/node/extensionHostProcess.js:214:24094)
    at TracingChannel.traceSync (node:diagnostics_channel:328:14)
    at wrapModuleLoad (node:internal/modules/cjs/loader:244:24)
    at Module.require (node:internal/modules/cjs/loader:1470:12)
    at require (node:internal/modules/helpers:147:16)
    at HX.Cb (file:///opt/visual-studio-code/resources/app/out/vs/workbench/api/node/extensionHostProcess.js:253:1253)
2026-01-13 20:35:07.039 [info] [resolveAuthority(ssh-remote,1)][0ms] activating remote resolvers ssh-remote+100.64.0.1
2026-01-13 20:35:07.039 [info] [resolveAuthority(ssh-remote,1)][0ms] activating resolver for ssh-remote+100.64.0.1...
2026-01-13 20:35:07.039 [info] [resolveAuthority(ssh-remote,1)][0ms] invoking final resolve()...
2026-01-13 20:35:07.167 [info] [resolveAuthority(ssh-remote,1)][128ms] setting tunnel factory...
2026-01-13 20:35:07.168 [info] [resolveAuthority(ssh-remote,1)][129ms] returned managed authority
2026-01-13 20:35:07.646 [info] Eager extensions activated
2026-01-13 20:35:07.719 [info] ExtensionService#_doActivateExtension Catppuccin.catppuccin-vsc, startup: false, activationEvent: 'onStartupFinished'
2026-01-13 20:35:07.724 [info] ExtensionService#_doActivateExtension Catppuccin.catppuccin-vsc-icons, startup: false, activationEvent: 'onStartupFinished'
2026-01-13 20:35:07.830 [info] ExtensionService#_doActivateExtension usernamehw.errorlens, startup: false, activationEvent: 'onStartupFinished'
2026-01-13 20:35:07.836 [info] ExtensionService#_doActivateExtension vscode.github-authentication, startup: false, activationEvent: 'onAuthenticationRequest:github'
2026-01-13 20:35:07.861 [info] ExtensionService#_doActivateExtension ms-vscode.remote-explorer, startup: false, activationEvent: 'onCommand:remote-internal.setActiveFolders'
2026-01-13 21:48:12.109 [info] [resolveAuthority(ssh-remote,2)][0ms] activating remote resolvers ssh-remote+100.64.0.1
2026-01-13 21:48:12.109 [info] [resolveAuthority(ssh-remote,2)][0ms] activating resolver for ssh-remote+100.64.0.1...
2026-01-13 21:48:12.109 [info] [resolveAuthority(ssh-remote,2)][0ms] invoking final resolve()...
2026-01-13 21:48:13.109 [info] [resolveAuthority(ssh-remote,2)][1000ms] waiting...
2026-01-13 21:48:14.110 [info] [resolveAuthority(ssh-remote,2)][2001ms] waiting...
2026-01-13 21:48:15.111 [info] [resolveAuthority(ssh-remote,2)][3002ms] waiting...
2026-01-13 21:48:16.111 [info] [resolveAuthority(ssh-remote,2)][4002ms] waiting...
2026-01-13 21:48:17.114 [info] [resolveAuthority(ssh-remote,2)][5005ms] waiting...
2026-01-13 21:48:17.338 [info] [resolveAuthority(ssh-remote,2)][5229ms] setting tunnel factory...
2026-01-13 21:48:17.339 [info] [resolveAuthority(ssh-remote,2)][5230ms] returned managed authority
2026-01-14 06:24:03.652 [info] [resolveAuthority(ssh-remote,3)][1ms] activating remote resolvers ssh-remote+100.64.0.1
2026-01-14 06:24:03.652 [info] [resolveAuthority(ssh-remote,3)][1ms] activating resolver for ssh-remote+100.64.0.1...
2026-01-14 06:24:03.653 [info] [resolveAuthority(ssh-remote,3)][2ms] invoking final resolve()...
2026-01-14 06:24:04.654 [info] [resolveAuthority(ssh-remote,3)][1003ms] waiting...
2026-01-14 06:24:05.655 [info] [resolveAuthority(ssh-remote,3)][2004ms] waiting...
2026-01-14 06:24:06.656 [info] [resolveAuthority(ssh-remote,3)][3005ms] waiting...
2026-01-14 06:24:07.658 [info] [resolveAuthority(ssh-remote,3)][4007ms] waiting...
2026-01-14 06:24:08.658 [info] [resolveAuthority(ssh-remote,3)][5007ms] waiting...
2026-01-14 06:24:09.659 [info] [resolveAuthority(ssh-remote,3)][6008ms] waiting...
2026-01-14 06:24:10.660 [info] [resolveAuthority(ssh-remote,3)][7009ms] waiting...
2026-01-14 06:24:11.661 [info] [resolveAuthority(ssh-remote,3)][8010ms] waiting...
2026-01-14 06:24:12.662 [info] [resolveAuthority(ssh-remote,3)][9011ms] waiting...
2026-01-14 06:24:13.664 [info] [resolveAuthority(ssh-remote,3)][10013ms] waiting...
2026-01-14 06:24:14.665 [info] [resolveAuthority(ssh-remote,3)][11014ms] waiting...
2026-01-14 06:24:15.666 [info] [resolveAuthority(ssh-remote,3)][12015ms] waiting...
2026-01-14 06:24:16.098 [info] [resolveAuthority(ssh-remote,3)][12447ms] setting tunnel factory...
2026-01-14 06:24:16.099 [info] [resolveAuthority(ssh-remote,3)][12448ms] returned managed authority
2026-01-14 06:24:21.813 [info] Extension host terminating: renderer closed the MessagePort
2026-01-14 06:24:21.820 [info] Extension host with pid 494765 exiting with code 0
