2026-01-25 21:38:04.512 [info] [main] Log level: Info
2026-01-25 21:38:04.512 [info] [main] Validating found git in: "git"
2026-01-25 21:38:04.512 [info] [main] Using git "2.52.0" from "git"
2026-01-25 21:38:04.512 [info] [Model][doInitialScan] Initial repository scan started
2026-01-25 21:38:04.512 [info] > git rev-parse --show-toplevel [2ms]
2026-01-25 21:38:04.512 [info] > git rev-parse --git-dir --git-common-dir --show-superproject-working-tree [3ms]
2026-01-25 21:38:04.512 [info] [Model][openRepository] Opened repository (path): /home/dcap/git/Creel
2026-01-25 21:38:04.512 [info] [Model][openRepository] Opened repository (real path): /home/dcap/git/Creel
2026-01-25 21:38:04.512 [info] [Model][openRepository] Opened repository (kind): repository
2026-01-25 21:38:04.512 [info] [Model][doInitialScan] Initial repository scan completed - repositories (1), closed repositories (0), parent repositories (0), unsafe repositories (0)
2026-01-25 21:38:04.512 [info] > git config --get commit.template [1585ms]
2026-01-25 21:38:04.512 [info] > git for-each-ref --format=%(refname)%00%(upstream:short)%00%(objectname)%00%(upstream:track)%00%(upstream:remotename)%00%(upstream:remoteref) refs/heads/main refs/remotes/main [18ms]
2026-01-25 21:38:04.512 [warning] [Git][revParse] Unable to read file: ENOENT: no such file or directory, open '/home/dcap/git/Creel/.git/refs/remotes/origin/main'
2026-01-25 21:38:04.512 [info] > git rev-parse refs/remotes/origin/main [3ms]
2026-01-25 21:38:04.513 [info] > git status -z -uall [8ms]
2026-01-25 21:38:04.515 [info] > git for-each-ref --sort -committerdate --format %(refname)%00%(objectname)%00%(*objectname) [4ms]
2026-01-25 21:38:04.534 [info] > git for-each-ref --format=%(refname)%00%(upstream:short)%00%(objectname)%00%(upstream:track)%00%(upstream:remotename)%00%(upstream:remoteref) refs/heads/main refs/remotes/main [8ms]
2026-01-25 21:38:04.545 [info] > git config --get --local branch.main.vscode-merge-base [6ms]
2026-01-25 21:38:04.545 [warning] [Git][config] git config failed: Failed to execute git
2026-01-25 21:38:04.550 [info] > git config --get commit.template [17ms]
2026-01-25 21:38:04.567 [info] > git reflog main --grep-reflog=branch: Created from *. [17ms]
2026-01-25 21:38:04.580 [info] > git symbolic-ref --short refs/remotes/origin/HEAD [10ms]
2026-01-25 21:38:04.584 [info] > git for-each-ref --format=%(refname)%00%(upstream:short)%00%(objectname)%00%(upstream:track)%00%(upstream:remotename)%00%(upstream:remoteref) refs/heads/main refs/remotes/main [18ms]
2026-01-25 21:38:04.594 [warning] [Git][revParse] Unable to read file: ENOENT: no such file or directory, open '/home/dcap/git/Creel/.git/refs/remotes/origin/main'
2026-01-25 21:38:04.595 [info] > git for-each-ref --format=%(refname)%00%(upstream:short)%00%(objectname)%00%(upstream:track)%00%(upstream:remotename)%00%(upstream:remoteref) refs/heads/origin/main refs/remotes/origin/main [11ms]
2026-01-25 21:38:04.601 [info] > git rev-parse refs/remotes/origin/main [7ms]
2026-01-25 21:38:04.610 [info] > git status -z -uall [4ms]
2026-01-25 21:38:04.610 [info] > git config --add --local branch.main.vscode-merge-base origin/main [10ms]
2026-01-25 21:38:04.610 [info] > git for-each-ref --sort -committerdate --format %(refname)%00%(objectname)%00%(*objectname) [1ms] (cancelled)
2026-01-25 21:38:04.630 [info] > git config --get commit.template [13ms]
2026-01-25 21:38:04.638 [info] > git for-each-ref --format=%(refname)%00%(upstream:short)%00%(objectname)%00%(upstream:track)%00%(upstream:remotename)%00%(upstream:remoteref) refs/heads/main refs/remotes/main [3ms]
2026-01-25 21:38:04.642 [warning] [Git][revParse] Unable to read file: ENOENT: no such file or directory, open '/home/dcap/git/Creel/.git/refs/remotes/origin/main'
2026-01-25 21:38:04.644 [info] > git rev-parse refs/remotes/origin/main [2ms]
2026-01-25 21:38:04.689 [info] > git status -z -uall [41ms]
2026-01-25 21:38:04.689 [info] > git for-each-ref --sort -committerdate --format %(refname)%00%(objectname)%00%(*objectname) [37ms]
2026-01-25 21:38:04.705 [info] > git merge-base refs/heads/main refs/remotes/origin/main [6ms]
2026-01-25 21:38:04.713 [info] > git diff --name-status -z --diff-filter=ADMR --find-renames=50% ff6a44c69d6717d15a908c865f1c7df87ceeee89...refs/remotes/origin/main -- [3ms]
2026-01-25 21:38:04.714 [info] > git merge-base refs/heads/main refs/remotes/origin/main [10ms]
2026-01-25 21:38:04.721 [info] > git diff --name-status -z --diff-filter=ADMR --find-renames=50% ff6a44c69d6717d15a908c865f1c7df87ceeee89...refs/remotes/origin/main -- [2ms]
2026-01-25 21:38:04.912 [info] > git check-ignore -v -z --stdin [2ms]
