2026-01-04 22:37:56.216 [info] --------------------------------------------------------------------------------
2026-01-04 22:37:56.216 [info] Razor.VSCode version 10.0.0-preview.25577.1
2026-01-04 22:37:56.216 [info] --------------------------------------------------------------------------------
2026-01-04 22:37:56.216 [info] Razor's log level is currently set to 'Info'
2026-01-04 22:37:56.216 [info]  - To change Razor's log level use the gear icon on the output window
2026-01-04 22:37:56.216 [info]  - To report issues invoke the 'Report a Razor issue' command via the command palette.
2026-01-04 22:37:56.216 [info] -----------------------------------------------------------------------------------------------------------------------------
2026-01-04 22:37:56.216 [info] 
2026-01-04 22:38:01.061 [info] [Razor.LanguageClient.Cohost.RazorCohostDynamicRegistrationService] Requesting 24 Razor cohost registrations.
2026-01-04 22:38:01.086 [info] [Razor.LanguageClient.Cohost.CohostStartupService] Razor extension startup finished.
2026-01-07 22:19:17.104 [info] --------------------------------------------------------------------------------
2026-01-07 22:19:17.104 [info] Razor.VSCode version 10.0.0-preview.25577.1
2026-01-07 22:19:17.104 [info] --------------------------------------------------------------------------------
2026-01-07 22:19:17.104 [info] Razor's log level is currently set to 'Info'
2026-01-07 22:19:17.104 [info]  - To change Razor's log level use the gear icon on the output window
2026-01-07 22:19:17.104 [info]  - To report issues invoke the 'Report a Razor issue' command via the command palette.
2026-01-07 22:19:17.104 [info] -----------------------------------------------------------------------------------------------------------------------------
2026-01-07 22:19:17.104 [info] 
2026-01-07 22:19:20.048 [info] [Razor.LanguageClient.Cohost.RazorCohostDynamicRegistrationService] Requesting 24 Razor cohost registrations.
2026-01-07 22:19:20.069 [info] [Razor.LanguageClient.Cohost.CohostStartupService] Razor extension startup finished.
