2026-01-25 21:42:06.546 [info] Reading sessions from keychain...
2026-01-25 21:42:06.546 [info] Getting sessions for all scopes...
2026-01-25 21:42:06.546 [info] Got 0 sessions for ...
2026-01-25 21:42:06.546 [info] Getting sessions for all scopes...
2026-01-25 21:42:06.546 [info] Got 0 sessions for ...
2026-01-25 21:42:06.546 [info] Getting sessions for all scopes...
2026-01-25 21:42:06.546 [info] Got 0 sessions for ...
2026-01-25 21:42:06.546 [info] Getting sessions for all scopes...
2026-01-25 21:42:06.546 [info] Got 0 sessions for ...
2026-01-25 21:42:06.546 [info] Getting sessions for all scopes...
2026-01-25 21:42:06.546 [info] Got 0 sessions for ...
2026-01-25 21:42:06.546 [info] Getting sessions for all scopes...
2026-01-25 21:42:06.546 [info] Got 0 sessions for ...
2026-01-25 21:42:06.546 [info] Getting sessions for all scopes...
2026-01-25 21:42:06.546 [info] Got 0 sessions for ...
2026-01-25 21:42:06.624 [info] Getting sessions for all scopes...
2026-01-25 21:42:06.624 [info] Got 0 sessions for ...
2026-01-25 21:42:06.624 [info] Getting sessions for all scopes...
2026-01-25 21:42:06.624 [info] Got 0 sessions for ...
2026-01-25 21:42:06.624 [info] Getting sessions for all scopes...
2026-01-25 21:42:06.624 [info] Got 0 sessions for ...
2026-01-25 21:42:06.624 [info] Getting sessions for all scopes...
2026-01-25 21:42:06.624 [info] Got 0 sessions for ...
2026-01-25 21:42:06.625 [info] Getting sessions for all scopes...
2026-01-25 21:42:06.625 [info] Got 0 sessions for ...
2026-01-25 21:42:06.625 [info] Getting sessions for all scopes...
2026-01-25 21:42:06.625 [info] Got 0 sessions for ...
2026-01-25 21:42:06.635 [info] Getting sessions for all scopes...
2026-01-25 21:42:06.635 [info] Got 0 sessions for ...
2026-01-25 21:42:06.635 [info] Getting sessions for all scopes...
2026-01-25 21:42:06.635 [info] Got 0 sessions for ...
2026-01-25 21:42:08.671 [info] Getting sessions for all scopes...
2026-01-25 21:42:08.671 [info] Got 0 sessions for ...
2026-01-25 21:42:08.853 [info] Getting sessions for read:user,repo,user:email,workflow...
2026-01-25 21:42:08.853 [info] Got 0 sessions for read:user,repo,user:email,workflow...
2026-01-25 21:45:31.911 [info] Getting sessions for read:user,repo,user:email,workflow...
2026-01-25 21:45:31.911 [info] Got 0 sessions for read:user,repo,user:email,workflow...
